[2025-02-22 11:27:59,985] {taskinstance.py:1179} INFO - Dependencies all met for <TaskInstance: lead_scoring_data_pipeline.map_categorical_vars scheduled__2024-08-25T00:00:00+00:00 [queued]>
[2025-02-22 11:27:59,990] {taskinstance.py:1179} INFO - Dependencies all met for <TaskInstance: lead_scoring_data_pipeline.map_categorical_vars scheduled__2024-08-25T00:00:00+00:00 [queued]>
[2025-02-22 11:27:59,990] {taskinstance.py:1376} INFO - 
--------------------------------------------------------------------------------
[2025-02-22 11:27:59,990] {taskinstance.py:1377} INFO - Starting attempt 1 of 2
[2025-02-22 11:27:59,990] {taskinstance.py:1378} INFO - 
--------------------------------------------------------------------------------
[2025-02-22 11:28:00,007] {taskinstance.py:1397} INFO - Executing <Task(PythonOperator): map_categorical_vars> on 2024-08-25 00:00:00+00:00
[2025-02-22 11:28:00,011] {standard_task_runner.py:52} INFO - Started process 65493 to run task
[2025-02-22 11:28:00,014] {standard_task_runner.py:79} INFO - Running: ['airflow', 'tasks', 'run', 'lead_scoring_data_pipeline', 'map_categorical_vars', 'scheduled__2024-08-25T00:00:00+00:00', '--job-id', '777', '--raw', '--subdir', 'DAGS_FOLDER/lead_scoring_data_pipeline.py', '--cfg-path', '/tmp/tmptyupgkfw', '--error-file', '/tmp/tmp7da6clnk']
[2025-02-22 11:28:00,015] {standard_task_runner.py:80} INFO - Job 777: Subtask map_categorical_vars
[2025-02-22 11:28:00,065] {task_command.py:371} INFO - Running <TaskInstance: lead_scoring_data_pipeline.map_categorical_vars scheduled__2024-08-25T00:00:00+00:00 [running]> on host 3766485c0f6d
[2025-02-22 11:28:00,143] {taskinstance.py:1589} INFO - Exporting the following env vars:
AIRFLOW_CTX_DAG_OWNER=airflow
AIRFLOW_CTX_DAG_ID=lead_scoring_data_pipeline
AIRFLOW_CTX_TASK_ID=map_categorical_vars
AIRFLOW_CTX_EXECUTION_DATE=2024-08-25T00:00:00+00:00
AIRFLOW_CTX_TRY_NUMBER=1
AIRFLOW_CTX_DAG_RUN_ID=scheduled__2024-08-25T00:00:00+00:00
[2025-02-22 11:28:00,144] {logging_mixin.py:115} INFO - Using Database: /workspace/Assignment/01_data_pipeline/scripts/utils_output.db
[2025-02-22 11:28:00,144] {logging_mixin.py:115} INFO - Error in mapping categorical variables: unable to open database file
[2025-02-22 11:28:00,144] {python.py:173} INFO - Done. Returned value was: None
[2025-02-22 11:28:00,149] {taskinstance.py:1415} INFO - Marking task as SUCCESS. dag_id=lead_scoring_data_pipeline, task_id=map_categorical_vars, execution_date=20240825T000000, start_date=20250222T112759, end_date=20250222T112800
[2025-02-22 11:28:00,185] {local_task_job.py:156} INFO - Task exited with return code 0
[2025-02-22 11:28:00,206] {local_task_job.py:273} INFO - 0 downstream tasks scheduled from follow-on schedule check
