[2025-02-22 11:05:08,257] {taskinstance.py:1179} INFO - Dependencies all met for <TaskInstance: lead_scoring_data_pipeline.map_city_tier scheduled__2024-03-16T00:00:00+00:00 [queued]>
[2025-02-22 11:05:08,261] {taskinstance.py:1179} INFO - Dependencies all met for <TaskInstance: lead_scoring_data_pipeline.map_city_tier scheduled__2024-03-16T00:00:00+00:00 [queued]>
[2025-02-22 11:05:08,261] {taskinstance.py:1376} INFO - 
--------------------------------------------------------------------------------
[2025-02-22 11:05:08,261] {taskinstance.py:1377} INFO - Starting attempt 1 of 2
[2025-02-22 11:05:08,262] {taskinstance.py:1378} INFO - 
--------------------------------------------------------------------------------
[2025-02-22 11:05:08,282] {taskinstance.py:1397} INFO - Executing <Task(PythonOperator): map_city_tier> on 2024-03-16 00:00:00+00:00
[2025-02-22 11:05:08,287] {standard_task_runner.py:52} INFO - Started process 51133 to run task
[2025-02-22 11:05:08,289] {standard_task_runner.py:79} INFO - Running: ['airflow', 'tasks', 'run', 'lead_scoring_data_pipeline', 'map_city_tier', 'scheduled__2024-03-16T00:00:00+00:00', '--job-id', '117', '--raw', '--subdir', 'DAGS_FOLDER/lead_scoring_data_pipeline.py', '--cfg-path', '/tmp/tmp_ex04dge', '--error-file', '/tmp/tmplwtf_4mg']
[2025-02-22 11:05:08,290] {standard_task_runner.py:80} INFO - Job 117: Subtask map_city_tier
[2025-02-22 11:05:08,332] {task_command.py:371} INFO - Running <TaskInstance: lead_scoring_data_pipeline.map_city_tier scheduled__2024-03-16T00:00:00+00:00 [running]> on host 3766485c0f6d
[2025-02-22 11:05:08,387] {taskinstance.py:1589} INFO - Exporting the following env vars:
AIRFLOW_CTX_DAG_OWNER=airflow
AIRFLOW_CTX_DAG_ID=lead_scoring_data_pipeline
AIRFLOW_CTX_TASK_ID=map_city_tier
AIRFLOW_CTX_EXECUTION_DATE=2024-03-16T00:00:00+00:00
AIRFLOW_CTX_TRY_NUMBER=1
AIRFLOW_CTX_DAG_RUN_ID=scheduled__2024-03-16T00:00:00+00:00
[2025-02-22 11:05:08,388] {logging_mixin.py:115} INFO - Using Database: /workspace/Assignment/01_data_pipeline/scripts/utils_output.db
[2025-02-22 11:05:08,388] {logging_mixin.py:115} INFO - Error in mapping city tiers: unable to open database file
[2025-02-22 11:05:08,388] {python.py:173} INFO - Done. Returned value was: None
[2025-02-22 11:05:08,393] {taskinstance.py:1415} INFO - Marking task as SUCCESS. dag_id=lead_scoring_data_pipeline, task_id=map_city_tier, execution_date=20240316T000000, start_date=20250222T110508, end_date=20250222T110508
[2025-02-22 11:05:08,421] {local_task_job.py:156} INFO - Task exited with return code 0
[2025-02-22 11:05:08,459] {local_task_job.py:273} INFO - 1 downstream tasks scheduled from follow-on schedule check
