[2025-02-22 09:46:49,939] {processor.py:153} INFO - Started process (PID=12492) to work on /home/Assignment/airflow/dags/lead_scoring_training_pipeline.py
[2025-02-22 09:46:49,940] {processor.py:641} INFO - Processing file /home/Assignment/airflow/dags/lead_scoring_training_pipeline.py for tasks to queue
[2025-02-22 09:46:49,940] {logging_mixin.py:115} INFO - [2025-02-22 09:46:49,940] {dagbag.py:508} INFO - Filling up the DagBag from /home/Assignment/airflow/dags/lead_scoring_training_pipeline.py
[2025-02-22 09:46:49,948] {processor.py:651} INFO - DAG(s) dict_keys(['Lead_scoring_training_pipeline']) retrieved from /home/Assignment/airflow/dags/lead_scoring_training_pipeline.py
[2025-02-22 09:46:50,064] {logging_mixin.py:115} INFO - [2025-02-22 09:46:50,064] {dag.py:2420} INFO - Sync 1 DAGs
[2025-02-22 09:46:50,076] {logging_mixin.py:115} INFO - [2025-02-22 09:46:50,076] {dag.py:2968} INFO - Setting next_dagrun for Lead_scoring_training_pipeline to 2025-01-01T00:00:00+00:00, run_after=2025-02-01T00:00:00+00:00
[2025-02-22 09:46:50,097] {processor.py:161} INFO - Processing /home/Assignment/airflow/dags/lead_scoring_training_pipeline.py took 0.161 seconds
[2025-02-22 09:47:40,123] {processor.py:153} INFO - Started process (PID=12659) to work on /home/Assignment/airflow/dags/lead_scoring_training_pipeline.py
[2025-02-22 09:47:40,125] {processor.py:641} INFO - Processing file /home/Assignment/airflow/dags/lead_scoring_training_pipeline.py for tasks to queue
[2025-02-22 09:47:40,126] {logging_mixin.py:115} INFO - [2025-02-22 09:47:40,126] {dagbag.py:508} INFO - Filling up the DagBag from /home/Assignment/airflow/dags/lead_scoring_training_pipeline.py
[2025-02-22 09:47:40,135] {processor.py:651} INFO - DAG(s) dict_keys(['Lead_scoring_training_pipeline']) retrieved from /home/Assignment/airflow/dags/lead_scoring_training_pipeline.py
[2025-02-22 09:47:40,282] {logging_mixin.py:115} INFO - [2025-02-22 09:47:40,282] {dag.py:2420} INFO - Sync 1 DAGs
[2025-02-22 09:47:40,293] {logging_mixin.py:115} INFO - [2025-02-22 09:47:40,293] {dag.py:2968} INFO - Setting next_dagrun for Lead_scoring_training_pipeline to 2025-01-01T00:00:00+00:00, run_after=2025-02-01T00:00:00+00:00
[2025-02-22 09:47:40,316] {processor.py:161} INFO - Processing /home/Assignment/airflow/dags/lead_scoring_training_pipeline.py took 0.196 seconds
[2025-02-22 09:48:18,631] {processor.py:153} INFO - Started process (PID=12777) to work on /home/Assignment/airflow/dags/lead_scoring_training_pipeline.py
[2025-02-22 09:48:18,633] {processor.py:641} INFO - Processing file /home/Assignment/airflow/dags/lead_scoring_training_pipeline.py for tasks to queue
[2025-02-22 09:48:18,633] {logging_mixin.py:115} INFO - [2025-02-22 09:48:18,633] {dagbag.py:508} INFO - Filling up the DagBag from /home/Assignment/airflow/dags/lead_scoring_training_pipeline.py
[2025-02-22 09:48:18,643] {processor.py:651} INFO - DAG(s) dict_keys(['Lead_scoring_training_pipeline']) retrieved from /home/Assignment/airflow/dags/lead_scoring_training_pipeline.py
[2025-02-22 09:48:18,780] {logging_mixin.py:115} INFO - [2025-02-22 09:48:18,780] {dag.py:2420} INFO - Sync 1 DAGs
[2025-02-22 09:48:18,792] {logging_mixin.py:115} INFO - [2025-02-22 09:48:18,792] {dag.py:2968} INFO - Setting next_dagrun for Lead_scoring_training_pipeline to 2025-01-01T00:00:00+00:00, run_after=2025-02-01T00:00:00+00:00
[2025-02-22 09:48:18,811] {processor.py:161} INFO - Processing /home/Assignment/airflow/dags/lead_scoring_training_pipeline.py took 0.184 seconds
[2025-02-22 09:49:04,276] {processor.py:153} INFO - Started process (PID=12916) to work on /home/Assignment/airflow/dags/lead_scoring_training_pipeline.py
[2025-02-22 09:49:04,277] {processor.py:641} INFO - Processing file /home/Assignment/airflow/dags/lead_scoring_training_pipeline.py for tasks to queue
[2025-02-22 09:49:04,278] {logging_mixin.py:115} INFO - [2025-02-22 09:49:04,278] {dagbag.py:508} INFO - Filling up the DagBag from /home/Assignment/airflow/dags/lead_scoring_training_pipeline.py
[2025-02-22 09:49:04,287] {processor.py:651} INFO - DAG(s) dict_keys(['Lead_scoring_training_pipeline']) retrieved from /home/Assignment/airflow/dags/lead_scoring_training_pipeline.py
[2025-02-22 09:49:04,409] {logging_mixin.py:115} INFO - [2025-02-22 09:49:04,409] {dag.py:2420} INFO - Sync 1 DAGs
[2025-02-22 09:49:04,421] {logging_mixin.py:115} INFO - [2025-02-22 09:49:04,421] {dag.py:2968} INFO - Setting next_dagrun for Lead_scoring_training_pipeline to 2025-01-01T00:00:00+00:00, run_after=2025-02-01T00:00:00+00:00
[2025-02-22 09:49:04,442] {processor.py:161} INFO - Processing /home/Assignment/airflow/dags/lead_scoring_training_pipeline.py took 0.169 seconds
[2025-02-22 09:49:47,778] {processor.py:153} INFO - Started process (PID=13057) to work on /home/Assignment/airflow/dags/lead_scoring_training_pipeline.py
[2025-02-22 09:49:47,779] {processor.py:641} INFO - Processing file /home/Assignment/airflow/dags/lead_scoring_training_pipeline.py for tasks to queue
[2025-02-22 09:49:47,780] {logging_mixin.py:115} INFO - [2025-02-22 09:49:47,780] {dagbag.py:508} INFO - Filling up the DagBag from /home/Assignment/airflow/dags/lead_scoring_training_pipeline.py
[2025-02-22 09:49:47,788] {processor.py:651} INFO - DAG(s) dict_keys(['Lead_scoring_training_pipeline']) retrieved from /home/Assignment/airflow/dags/lead_scoring_training_pipeline.py
[2025-02-22 09:49:47,923] {logging_mixin.py:115} INFO - [2025-02-22 09:49:47,923] {dag.py:2420} INFO - Sync 1 DAGs
[2025-02-22 09:49:47,935] {logging_mixin.py:115} INFO - [2025-02-22 09:49:47,935] {dag.py:2968} INFO - Setting next_dagrun for Lead_scoring_training_pipeline to 2025-01-01T00:00:00+00:00, run_after=2025-02-01T00:00:00+00:00
[2025-02-22 09:49:48,037] {processor.py:161} INFO - Processing /home/Assignment/airflow/dags/lead_scoring_training_pipeline.py took 0.262 seconds
[2025-02-22 09:50:25,710] {processor.py:153} INFO - Started process (PID=13200) to work on /home/Assignment/airflow/dags/lead_scoring_training_pipeline.py
[2025-02-22 09:50:25,712] {processor.py:641} INFO - Processing file /home/Assignment/airflow/dags/lead_scoring_training_pipeline.py for tasks to queue
[2025-02-22 09:50:25,713] {logging_mixin.py:115} INFO - [2025-02-22 09:50:25,713] {dagbag.py:508} INFO - Filling up the DagBag from /home/Assignment/airflow/dags/lead_scoring_training_pipeline.py
[2025-02-22 09:50:25,721] {processor.py:651} INFO - DAG(s) dict_keys(['Lead_scoring_training_pipeline']) retrieved from /home/Assignment/airflow/dags/lead_scoring_training_pipeline.py
[2025-02-22 09:50:25,837] {logging_mixin.py:115} INFO - [2025-02-22 09:50:25,837] {dag.py:2420} INFO - Sync 1 DAGs
[2025-02-22 09:50:25,848] {logging_mixin.py:115} INFO - [2025-02-22 09:50:25,848] {dag.py:2968} INFO - Setting next_dagrun for Lead_scoring_training_pipeline to 2025-01-01T00:00:00+00:00, run_after=2025-02-01T00:00:00+00:00
[2025-02-22 09:50:25,868] {processor.py:161} INFO - Processing /home/Assignment/airflow/dags/lead_scoring_training_pipeline.py took 0.161 seconds
[2025-02-22 09:51:10,274] {processor.py:153} INFO - Started process (PID=13346) to work on /home/Assignment/airflow/dags/lead_scoring_training_pipeline.py
[2025-02-22 09:51:10,276] {processor.py:641} INFO - Processing file /home/Assignment/airflow/dags/lead_scoring_training_pipeline.py for tasks to queue
[2025-02-22 09:51:10,276] {logging_mixin.py:115} INFO - [2025-02-22 09:51:10,276] {dagbag.py:508} INFO - Filling up the DagBag from /home/Assignment/airflow/dags/lead_scoring_training_pipeline.py
[2025-02-22 09:51:10,285] {processor.py:651} INFO - DAG(s) dict_keys(['Lead_scoring_training_pipeline']) retrieved from /home/Assignment/airflow/dags/lead_scoring_training_pipeline.py
[2025-02-22 09:51:10,405] {logging_mixin.py:115} INFO - [2025-02-22 09:51:10,405] {dag.py:2420} INFO - Sync 1 DAGs
[2025-02-22 09:51:10,417] {logging_mixin.py:115} INFO - [2025-02-22 09:51:10,417] {dag.py:2968} INFO - Setting next_dagrun for Lead_scoring_training_pipeline to 2025-01-01T00:00:00+00:00, run_after=2025-02-01T00:00:00+00:00
[2025-02-22 09:51:10,436] {processor.py:161} INFO - Processing /home/Assignment/airflow/dags/lead_scoring_training_pipeline.py took 0.165 seconds
[2025-02-22 09:51:53,579] {processor.py:153} INFO - Started process (PID=13498) to work on /home/Assignment/airflow/dags/lead_scoring_training_pipeline.py
[2025-02-22 09:51:53,580] {processor.py:641} INFO - Processing file /home/Assignment/airflow/dags/lead_scoring_training_pipeline.py for tasks to queue
[2025-02-22 09:51:53,581] {logging_mixin.py:115} INFO - [2025-02-22 09:51:53,581] {dagbag.py:508} INFO - Filling up the DagBag from /home/Assignment/airflow/dags/lead_scoring_training_pipeline.py
[2025-02-22 09:51:53,590] {processor.py:651} INFO - DAG(s) dict_keys(['Lead_scoring_training_pipeline']) retrieved from /home/Assignment/airflow/dags/lead_scoring_training_pipeline.py
[2025-02-22 09:51:53,606] {logging_mixin.py:115} INFO - [2025-02-22 09:51:53,606] {dag.py:2420} INFO - Sync 1 DAGs
[2025-02-22 09:51:53,626] {logging_mixin.py:115} INFO - [2025-02-22 09:51:53,626] {dag.py:2968} INFO - Setting next_dagrun for Lead_scoring_training_pipeline to 2025-01-01T00:00:00+00:00, run_after=2025-02-01T00:00:00+00:00
[2025-02-22 09:51:53,649] {processor.py:161} INFO - Processing /home/Assignment/airflow/dags/lead_scoring_training_pipeline.py took 0.074 seconds
[2025-02-22 09:52:35,687] {processor.py:153} INFO - Started process (PID=13624) to work on /home/Assignment/airflow/dags/lead_scoring_training_pipeline.py
[2025-02-22 09:52:35,689] {processor.py:641} INFO - Processing file /home/Assignment/airflow/dags/lead_scoring_training_pipeline.py for tasks to queue
[2025-02-22 09:52:35,689] {logging_mixin.py:115} INFO - [2025-02-22 09:52:35,689] {dagbag.py:508} INFO - Filling up the DagBag from /home/Assignment/airflow/dags/lead_scoring_training_pipeline.py
[2025-02-22 09:52:35,699] {processor.py:651} INFO - DAG(s) dict_keys(['Lead_scoring_training_pipeline']) retrieved from /home/Assignment/airflow/dags/lead_scoring_training_pipeline.py
[2025-02-22 09:52:35,715] {logging_mixin.py:115} INFO - [2025-02-22 09:52:35,715] {dag.py:2420} INFO - Sync 1 DAGs
[2025-02-22 09:52:35,734] {logging_mixin.py:115} INFO - [2025-02-22 09:52:35,734] {dag.py:2968} INFO - Setting next_dagrun for Lead_scoring_training_pipeline to 2025-01-01T00:00:00+00:00, run_after=2025-02-01T00:00:00+00:00
[2025-02-22 09:52:35,755] {processor.py:161} INFO - Processing /home/Assignment/airflow/dags/lead_scoring_training_pipeline.py took 0.071 seconds
[2025-02-22 09:53:11,552] {processor.py:153} INFO - Started process (PID=13750) to work on /home/Assignment/airflow/dags/lead_scoring_training_pipeline.py
[2025-02-22 09:53:11,554] {processor.py:641} INFO - Processing file /home/Assignment/airflow/dags/lead_scoring_training_pipeline.py for tasks to queue
[2025-02-22 09:53:11,554] {logging_mixin.py:115} INFO - [2025-02-22 09:53:11,554] {dagbag.py:508} INFO - Filling up the DagBag from /home/Assignment/airflow/dags/lead_scoring_training_pipeline.py
[2025-02-22 09:53:11,563] {processor.py:651} INFO - DAG(s) dict_keys(['Lead_scoring_training_pipeline']) retrieved from /home/Assignment/airflow/dags/lead_scoring_training_pipeline.py
[2025-02-22 09:53:11,577] {logging_mixin.py:115} INFO - [2025-02-22 09:53:11,577] {dag.py:2420} INFO - Sync 1 DAGs
[2025-02-22 09:53:11,594] {logging_mixin.py:115} INFO - [2025-02-22 09:53:11,594] {dag.py:2968} INFO - Setting next_dagrun for Lead_scoring_training_pipeline to 2025-01-01T00:00:00+00:00, run_after=2025-02-01T00:00:00+00:00
[2025-02-22 09:53:11,614] {processor.py:161} INFO - Processing /home/Assignment/airflow/dags/lead_scoring_training_pipeline.py took 0.065 seconds
[2025-02-22 09:53:44,619] {processor.py:153} INFO - Started process (PID=13872) to work on /home/Assignment/airflow/dags/lead_scoring_training_pipeline.py
[2025-02-22 09:53:44,621] {processor.py:641} INFO - Processing file /home/Assignment/airflow/dags/lead_scoring_training_pipeline.py for tasks to queue
[2025-02-22 09:53:44,621] {logging_mixin.py:115} INFO - [2025-02-22 09:53:44,621] {dagbag.py:508} INFO - Filling up the DagBag from /home/Assignment/airflow/dags/lead_scoring_training_pipeline.py
[2025-02-22 09:53:44,630] {processor.py:651} INFO - DAG(s) dict_keys(['Lead_scoring_training_pipeline']) retrieved from /home/Assignment/airflow/dags/lead_scoring_training_pipeline.py
[2025-02-22 09:53:44,645] {logging_mixin.py:115} INFO - [2025-02-22 09:53:44,644] {dag.py:2420} INFO - Sync 1 DAGs
[2025-02-22 09:53:44,660] {logging_mixin.py:115} INFO - [2025-02-22 09:53:44,660] {dag.py:2968} INFO - Setting next_dagrun for Lead_scoring_training_pipeline to 2025-01-01T00:00:00+00:00, run_after=2025-02-01T00:00:00+00:00
[2025-02-22 09:53:44,682] {processor.py:161} INFO - Processing /home/Assignment/airflow/dags/lead_scoring_training_pipeline.py took 0.067 seconds
[2025-02-22 09:54:17,738] {processor.py:153} INFO - Started process (PID=13975) to work on /home/Assignment/airflow/dags/lead_scoring_training_pipeline.py
[2025-02-22 09:54:17,740] {processor.py:641} INFO - Processing file /home/Assignment/airflow/dags/lead_scoring_training_pipeline.py for tasks to queue
[2025-02-22 09:54:17,741] {logging_mixin.py:115} INFO - [2025-02-22 09:54:17,741] {dagbag.py:508} INFO - Filling up the DagBag from /home/Assignment/airflow/dags/lead_scoring_training_pipeline.py
[2025-02-22 09:54:17,750] {processor.py:651} INFO - DAG(s) dict_keys(['Lead_scoring_training_pipeline']) retrieved from /home/Assignment/airflow/dags/lead_scoring_training_pipeline.py
[2025-02-22 09:54:17,766] {logging_mixin.py:115} INFO - [2025-02-22 09:54:17,766] {dag.py:2420} INFO - Sync 1 DAGs
[2025-02-22 09:54:17,787] {logging_mixin.py:115} INFO - [2025-02-22 09:54:17,787] {dag.py:2968} INFO - Setting next_dagrun for Lead_scoring_training_pipeline to 2025-01-01T00:00:00+00:00, run_after=2025-02-01T00:00:00+00:00
[2025-02-22 09:54:17,813] {processor.py:161} INFO - Processing /home/Assignment/airflow/dags/lead_scoring_training_pipeline.py took 0.078 seconds
[2025-02-22 09:54:52,864] {processor.py:153} INFO - Started process (PID=14090) to work on /home/Assignment/airflow/dags/lead_scoring_training_pipeline.py
[2025-02-22 09:54:52,886] {processor.py:641} INFO - Processing file /home/Assignment/airflow/dags/lead_scoring_training_pipeline.py for tasks to queue
[2025-02-22 09:54:52,886] {logging_mixin.py:115} INFO - [2025-02-22 09:54:52,886] {dagbag.py:508} INFO - Filling up the DagBag from /home/Assignment/airflow/dags/lead_scoring_training_pipeline.py
[2025-02-22 09:54:52,896] {processor.py:651} INFO - DAG(s) dict_keys(['Lead_scoring_training_pipeline']) retrieved from /home/Assignment/airflow/dags/lead_scoring_training_pipeline.py
[2025-02-22 09:54:52,912] {logging_mixin.py:115} INFO - [2025-02-22 09:54:52,912] {dag.py:2420} INFO - Sync 1 DAGs
[2025-02-22 09:54:52,932] {logging_mixin.py:115} INFO - [2025-02-22 09:54:52,932] {dag.py:2968} INFO - Setting next_dagrun for Lead_scoring_training_pipeline to 2025-01-01T00:00:00+00:00, run_after=2025-02-01T00:00:00+00:00
[2025-02-22 09:54:52,955] {processor.py:161} INFO - Processing /home/Assignment/airflow/dags/lead_scoring_training_pipeline.py took 0.094 seconds
[2025-02-22 09:55:36,323] {processor.py:153} INFO - Started process (PID=14228) to work on /home/Assignment/airflow/dags/lead_scoring_training_pipeline.py
[2025-02-22 09:55:36,325] {processor.py:641} INFO - Processing file /home/Assignment/airflow/dags/lead_scoring_training_pipeline.py for tasks to queue
[2025-02-22 09:55:36,326] {logging_mixin.py:115} INFO - [2025-02-22 09:55:36,326] {dagbag.py:508} INFO - Filling up the DagBag from /home/Assignment/airflow/dags/lead_scoring_training_pipeline.py
[2025-02-22 09:55:36,335] {processor.py:651} INFO - DAG(s) dict_keys(['Lead_scoring_training_pipeline']) retrieved from /home/Assignment/airflow/dags/lead_scoring_training_pipeline.py
[2025-02-22 09:55:36,351] {logging_mixin.py:115} INFO - [2025-02-22 09:55:36,351] {dag.py:2420} INFO - Sync 1 DAGs
[2025-02-22 09:55:36,371] {logging_mixin.py:115} INFO - [2025-02-22 09:55:36,371] {dag.py:2968} INFO - Setting next_dagrun for Lead_scoring_training_pipeline to 2025-01-01T00:00:00+00:00, run_after=2025-02-01T00:00:00+00:00
[2025-02-22 09:55:36,395] {processor.py:161} INFO - Processing /home/Assignment/airflow/dags/lead_scoring_training_pipeline.py took 0.076 seconds
[2025-02-22 09:56:13,355] {processor.py:153} INFO - Started process (PID=14369) to work on /home/Assignment/airflow/dags/lead_scoring_training_pipeline.py
[2025-02-22 09:56:13,357] {processor.py:641} INFO - Processing file /home/Assignment/airflow/dags/lead_scoring_training_pipeline.py for tasks to queue
[2025-02-22 09:56:13,358] {logging_mixin.py:115} INFO - [2025-02-22 09:56:13,358] {dagbag.py:508} INFO - Filling up the DagBag from /home/Assignment/airflow/dags/lead_scoring_training_pipeline.py
[2025-02-22 09:56:13,367] {processor.py:651} INFO - DAG(s) dict_keys(['Lead_scoring_training_pipeline']) retrieved from /home/Assignment/airflow/dags/lead_scoring_training_pipeline.py
[2025-02-22 09:56:13,382] {logging_mixin.py:115} INFO - [2025-02-22 09:56:13,382] {dag.py:2420} INFO - Sync 1 DAGs
[2025-02-22 09:56:13,398] {logging_mixin.py:115} INFO - [2025-02-22 09:56:13,398] {dag.py:2968} INFO - Setting next_dagrun for Lead_scoring_training_pipeline to 2025-01-01T00:00:00+00:00, run_after=2025-02-01T00:00:00+00:00
[2025-02-22 09:56:13,419] {processor.py:161} INFO - Processing /home/Assignment/airflow/dags/lead_scoring_training_pipeline.py took 0.067 seconds
[2025-02-22 09:56:47,499] {processor.py:153} INFO - Started process (PID=14483) to work on /home/Assignment/airflow/dags/lead_scoring_training_pipeline.py
[2025-02-22 09:56:47,501] {processor.py:641} INFO - Processing file /home/Assignment/airflow/dags/lead_scoring_training_pipeline.py for tasks to queue
[2025-02-22 09:56:47,502] {logging_mixin.py:115} INFO - [2025-02-22 09:56:47,501] {dagbag.py:508} INFO - Filling up the DagBag from /home/Assignment/airflow/dags/lead_scoring_training_pipeline.py
[2025-02-22 09:56:47,510] {processor.py:651} INFO - DAG(s) dict_keys(['Lead_scoring_training_pipeline']) retrieved from /home/Assignment/airflow/dags/lead_scoring_training_pipeline.py
[2025-02-22 09:56:47,527] {logging_mixin.py:115} INFO - [2025-02-22 09:56:47,527] {dag.py:2420} INFO - Sync 1 DAGs
[2025-02-22 09:56:47,547] {logging_mixin.py:115} INFO - [2025-02-22 09:56:47,547] {dag.py:2968} INFO - Setting next_dagrun for Lead_scoring_training_pipeline to 2025-01-01T00:00:00+00:00, run_after=2025-02-01T00:00:00+00:00
[2025-02-22 09:56:47,571] {processor.py:161} INFO - Processing /home/Assignment/airflow/dags/lead_scoring_training_pipeline.py took 0.075 seconds
[2025-02-22 09:57:20,463] {processor.py:153} INFO - Started process (PID=14593) to work on /home/Assignment/airflow/dags/lead_scoring_training_pipeline.py
[2025-02-22 09:57:20,465] {processor.py:641} INFO - Processing file /home/Assignment/airflow/dags/lead_scoring_training_pipeline.py for tasks to queue
[2025-02-22 09:57:20,465] {logging_mixin.py:115} INFO - [2025-02-22 09:57:20,465] {dagbag.py:508} INFO - Filling up the DagBag from /home/Assignment/airflow/dags/lead_scoring_training_pipeline.py
[2025-02-22 09:57:20,474] {processor.py:651} INFO - DAG(s) dict_keys(['Lead_scoring_training_pipeline']) retrieved from /home/Assignment/airflow/dags/lead_scoring_training_pipeline.py
[2025-02-22 09:57:20,491] {logging_mixin.py:115} INFO - [2025-02-22 09:57:20,491] {dag.py:2420} INFO - Sync 1 DAGs
[2025-02-22 09:57:20,507] {logging_mixin.py:115} INFO - [2025-02-22 09:57:20,507] {dag.py:2968} INFO - Setting next_dagrun for Lead_scoring_training_pipeline to 2025-01-01T00:00:00+00:00, run_after=2025-02-01T00:00:00+00:00
[2025-02-22 09:57:20,529] {processor.py:161} INFO - Processing /home/Assignment/airflow/dags/lead_scoring_training_pipeline.py took 0.069 seconds
