[2025-02-22 11:36:16,566] {taskinstance.py:1179} INFO - Dependencies all met for <TaskInstance: lead_scoring_data_pipeline.map_city_tier scheduled__2024-10-28T00:00:00+00:00 [queued]>
[2025-02-22 11:36:16,570] {taskinstance.py:1179} INFO - Dependencies all met for <TaskInstance: lead_scoring_data_pipeline.map_city_tier scheduled__2024-10-28T00:00:00+00:00 [queued]>
[2025-02-22 11:36:16,571] {taskinstance.py:1376} INFO - 
--------------------------------------------------------------------------------
[2025-02-22 11:36:16,571] {taskinstance.py:1377} INFO - Starting attempt 1 of 2
[2025-02-22 11:36:16,571] {taskinstance.py:1378} INFO - 
--------------------------------------------------------------------------------
[2025-02-22 11:36:16,591] {taskinstance.py:1397} INFO - Executing <Task(PythonOperator): map_city_tier> on 2024-10-28 00:00:00+00:00
[2025-02-22 11:36:16,595] {standard_task_runner.py:52} INFO - Started process 70834 to run task
[2025-02-22 11:36:16,597] {standard_task_runner.py:79} INFO - Running: ['airflow', 'tasks', 'run', 'lead_scoring_data_pipeline', 'map_city_tier', 'scheduled__2024-10-28T00:00:00+00:00', '--job-id', '1029', '--raw', '--subdir', 'DAGS_FOLDER/lead_scoring_data_pipeline.py', '--cfg-path', '/tmp/tmpv5an9sze', '--error-file', '/tmp/tmp5yb5vc1d']
[2025-02-22 11:36:16,598] {standard_task_runner.py:80} INFO - Job 1029: Subtask map_city_tier
[2025-02-22 11:36:16,641] {task_command.py:371} INFO - Running <TaskInstance: lead_scoring_data_pipeline.map_city_tier scheduled__2024-10-28T00:00:00+00:00 [running]> on host 3766485c0f6d
[2025-02-22 11:36:16,707] {taskinstance.py:1589} INFO - Exporting the following env vars:
AIRFLOW_CTX_DAG_OWNER=airflow
AIRFLOW_CTX_DAG_ID=lead_scoring_data_pipeline
AIRFLOW_CTX_TASK_ID=map_city_tier
AIRFLOW_CTX_EXECUTION_DATE=2024-10-28T00:00:00+00:00
AIRFLOW_CTX_TRY_NUMBER=1
AIRFLOW_CTX_DAG_RUN_ID=scheduled__2024-10-28T00:00:00+00:00
[2025-02-22 11:36:16,708] {logging_mixin.py:115} INFO - Using Database: /workspace/Assignment/01_data_pipeline/scripts/utils_output.db
[2025-02-22 11:36:16,708] {logging_mixin.py:115} INFO - Error in mapping city tiers: unable to open database file
[2025-02-22 11:36:16,708] {python.py:173} INFO - Done. Returned value was: None
[2025-02-22 11:36:16,712] {taskinstance.py:1415} INFO - Marking task as SUCCESS. dag_id=lead_scoring_data_pipeline, task_id=map_city_tier, execution_date=20241028T000000, start_date=20250222T113616, end_date=20250222T113616
[2025-02-22 11:36:16,769] {local_task_job.py:156} INFO - Task exited with return code 0
[2025-02-22 11:36:16,815] {local_task_job.py:273} INFO - 1 downstream tasks scheduled from follow-on schedule check
