[2025-02-22 11:36:26,052] {taskinstance.py:1179} INFO - Dependencies all met for <TaskInstance: lead_scoring_data_pipeline.build_dbs scheduled__2024-11-01T00:00:00+00:00 [queued]>
[2025-02-22 11:36:26,057] {taskinstance.py:1179} INFO - Dependencies all met for <TaskInstance: lead_scoring_data_pipeline.build_dbs scheduled__2024-11-01T00:00:00+00:00 [queued]>
[2025-02-22 11:36:26,057] {taskinstance.py:1376} INFO - 
--------------------------------------------------------------------------------
[2025-02-22 11:36:26,057] {taskinstance.py:1377} INFO - Starting attempt 1 of 2
[2025-02-22 11:36:26,057] {taskinstance.py:1378} INFO - 
--------------------------------------------------------------------------------
[2025-02-22 11:36:26,073] {taskinstance.py:1397} INFO - Executing <Task(PythonOperator): build_dbs> on 2024-11-01 00:00:00+00:00
[2025-02-22 11:36:26,078] {standard_task_runner.py:52} INFO - Started process 70929 to run task
[2025-02-22 11:36:26,080] {standard_task_runner.py:79} INFO - Running: ['airflow', 'tasks', 'run', 'lead_scoring_data_pipeline', 'build_dbs', 'scheduled__2024-11-01T00:00:00+00:00', '--job-id', '1034', '--raw', '--subdir', 'DAGS_FOLDER/lead_scoring_data_pipeline.py', '--cfg-path', '/tmp/tmprul4qd5z', '--error-file', '/tmp/tmp_k817weu']
[2025-02-22 11:36:26,081] {standard_task_runner.py:80} INFO - Job 1034: Subtask build_dbs
[2025-02-22 11:36:26,122] {task_command.py:371} INFO - Running <TaskInstance: lead_scoring_data_pipeline.build_dbs scheduled__2024-11-01T00:00:00+00:00 [running]> on host 3766485c0f6d
[2025-02-22 11:36:26,190] {taskinstance.py:1589} INFO - Exporting the following env vars:
AIRFLOW_CTX_DAG_OWNER=airflow
AIRFLOW_CTX_DAG_ID=lead_scoring_data_pipeline
AIRFLOW_CTX_TASK_ID=build_dbs
AIRFLOW_CTX_EXECUTION_DATE=2024-11-01T00:00:00+00:00
AIRFLOW_CTX_TRY_NUMBER=1
AIRFLOW_CTX_DAG_RUN_ID=scheduled__2024-11-01T00:00:00+00:00
[2025-02-22 11:36:26,190] {logging_mixin.py:115} INFO - Initializing Database at: /workspace/Assignment/01_data_pipeline/scripts/utils_output.db
[2025-02-22 11:36:26,190] {logging_mixin.py:115} INFO - Error in database initialization: unable to open database file
[2025-02-22 11:36:26,191] {python.py:173} INFO - Done. Returned value was: None
[2025-02-22 11:36:26,195] {taskinstance.py:1415} INFO - Marking task as SUCCESS. dag_id=lead_scoring_data_pipeline, task_id=build_dbs, execution_date=20241101T000000, start_date=20250222T113626, end_date=20250222T113626
[2025-02-22 11:36:26,252] {local_task_job.py:156} INFO - Task exited with return code 0
[2025-02-22 11:36:26,301] {local_task_job.py:273} INFO - 1 downstream tasks scheduled from follow-on schedule check
