[2025-02-22 11:34:22,549] {taskinstance.py:1179} INFO - Dependencies all met for <TaskInstance: lead_scoring_data_pipeline.load_data_into_db scheduled__2024-10-15T00:00:00+00:00 [queued]>
[2025-02-22 11:34:22,553] {taskinstance.py:1179} INFO - Dependencies all met for <TaskInstance: lead_scoring_data_pipeline.load_data_into_db scheduled__2024-10-15T00:00:00+00:00 [queued]>
[2025-02-22 11:34:22,553] {taskinstance.py:1376} INFO - 
--------------------------------------------------------------------------------
[2025-02-22 11:34:22,554] {taskinstance.py:1377} INFO - Starting attempt 1 of 2
[2025-02-22 11:34:22,554] {taskinstance.py:1378} INFO - 
--------------------------------------------------------------------------------
[2025-02-22 11:34:22,571] {taskinstance.py:1397} INFO - Executing <Task(PythonOperator): load_data_into_db> on 2024-10-15 00:00:00+00:00
[2025-02-22 11:34:22,575] {standard_task_runner.py:52} INFO - Started process 69603 to run task
[2025-02-22 11:34:22,579] {standard_task_runner.py:79} INFO - Running: ['airflow', 'tasks', 'run', 'lead_scoring_data_pipeline', 'load_data_into_db', 'scheduled__2024-10-15T00:00:00+00:00', '--job-id', '971', '--raw', '--subdir', 'DAGS_FOLDER/lead_scoring_data_pipeline.py', '--cfg-path', '/tmp/tmpe4_8ynyq', '--error-file', '/tmp/tmp38mtem9j']
[2025-02-22 11:34:22,580] {standard_task_runner.py:80} INFO - Job 971: Subtask load_data_into_db
[2025-02-22 11:34:22,631] {task_command.py:371} INFO - Running <TaskInstance: lead_scoring_data_pipeline.load_data_into_db scheduled__2024-10-15T00:00:00+00:00 [running]> on host 3766485c0f6d
[2025-02-22 11:34:22,711] {taskinstance.py:1589} INFO - Exporting the following env vars:
AIRFLOW_CTX_DAG_OWNER=airflow
AIRFLOW_CTX_DAG_ID=lead_scoring_data_pipeline
AIRFLOW_CTX_TASK_ID=load_data_into_db
AIRFLOW_CTX_EXECUTION_DATE=2024-10-15T00:00:00+00:00
AIRFLOW_CTX_TRY_NUMBER=1
AIRFLOW_CTX_DAG_RUN_ID=scheduled__2024-10-15T00:00:00+00:00
[2025-02-22 11:34:22,712] {logging_mixin.py:115} INFO - Using Database: /workspace/Assignment/01_data_pipeline/scripts/utils_output.db
[2025-02-22 11:34:22,712] {logging_mixin.py:115} INFO - Error: /workspace/Assignment/01_data_pipeline/scripts/data/leadscoring.csv not found!
[2025-02-22 11:34:22,712] {python.py:173} INFO - Done. Returned value was: None
[2025-02-22 11:34:22,718] {taskinstance.py:1415} INFO - Marking task as SUCCESS. dag_id=lead_scoring_data_pipeline, task_id=load_data_into_db, execution_date=20241015T000000, start_date=20250222T113422, end_date=20250222T113422
[2025-02-22 11:34:22,749] {local_task_job.py:156} INFO - Task exited with return code 0
[2025-02-22 11:34:22,799] {local_task_job.py:273} INFO - 1 downstream tasks scheduled from follow-on schedule check
