[2025-02-16 08:00:09,061] {processor.py:153} INFO - Started process (PID=3842) to work on /opt/conda/lib/python3.8/site-packages/airflow/example_dags/plugins/workday.py
[2025-02-16 08:00:09,061] {processor.py:641} INFO - Processing file /opt/conda/lib/python3.8/site-packages/airflow/example_dags/plugins/workday.py for tasks to queue
[2025-02-16 08:00:09,062] {logging_mixin.py:115} INFO - [2025-02-16 08:00:09,062] {dagbag.py:508} INFO - Filling up the DagBag from /opt/conda/lib/python3.8/site-packages/airflow/example_dags/plugins/workday.py
[2025-02-16 08:00:09,064] {processor.py:653} WARNING - No viable dags retrieved from /opt/conda/lib/python3.8/site-packages/airflow/example_dags/plugins/workday.py
[2025-02-16 08:00:09,076] {processor.py:161} INFO - Processing /opt/conda/lib/python3.8/site-packages/airflow/example_dags/plugins/workday.py took 0.019 seconds
[2025-02-16 08:00:52,948] {processor.py:153} INFO - Started process (PID=3914) to work on /opt/conda/lib/python3.8/site-packages/airflow/example_dags/plugins/workday.py
[2025-02-16 08:00:52,950] {processor.py:641} INFO - Processing file /opt/conda/lib/python3.8/site-packages/airflow/example_dags/plugins/workday.py for tasks to queue
[2025-02-16 08:00:52,951] {logging_mixin.py:115} INFO - [2025-02-16 08:00:52,951] {dagbag.py:508} INFO - Filling up the DagBag from /opt/conda/lib/python3.8/site-packages/airflow/example_dags/plugins/workday.py
[2025-02-16 08:00:52,953] {processor.py:653} WARNING - No viable dags retrieved from /opt/conda/lib/python3.8/site-packages/airflow/example_dags/plugins/workday.py
[2025-02-16 08:00:52,963] {processor.py:161} INFO - Processing /opt/conda/lib/python3.8/site-packages/airflow/example_dags/plugins/workday.py took 0.018 seconds
[2025-02-16 08:01:29,892] {processor.py:153} INFO - Started process (PID=3952) to work on /opt/conda/lib/python3.8/site-packages/airflow/example_dags/plugins/workday.py
[2025-02-16 08:01:29,894] {processor.py:641} INFO - Processing file /opt/conda/lib/python3.8/site-packages/airflow/example_dags/plugins/workday.py for tasks to queue
[2025-02-16 08:01:29,894] {logging_mixin.py:115} INFO - [2025-02-16 08:01:29,894] {dagbag.py:508} INFO - Filling up the DagBag from /opt/conda/lib/python3.8/site-packages/airflow/example_dags/plugins/workday.py
[2025-02-16 08:01:29,896] {processor.py:653} WARNING - No viable dags retrieved from /opt/conda/lib/python3.8/site-packages/airflow/example_dags/plugins/workday.py
[2025-02-16 08:01:29,907] {processor.py:161} INFO - Processing /opt/conda/lib/python3.8/site-packages/airflow/example_dags/plugins/workday.py took 0.018 seconds
[2025-02-16 08:02:07,960] {processor.py:153} INFO - Started process (PID=3989) to work on /opt/conda/lib/python3.8/site-packages/airflow/example_dags/plugins/workday.py
[2025-02-16 08:02:07,961] {processor.py:641} INFO - Processing file /opt/conda/lib/python3.8/site-packages/airflow/example_dags/plugins/workday.py for tasks to queue
[2025-02-16 08:02:07,962] {logging_mixin.py:115} INFO - [2025-02-16 08:02:07,962] {dagbag.py:508} INFO - Filling up the DagBag from /opt/conda/lib/python3.8/site-packages/airflow/example_dags/plugins/workday.py
[2025-02-16 08:02:07,964] {processor.py:653} WARNING - No viable dags retrieved from /opt/conda/lib/python3.8/site-packages/airflow/example_dags/plugins/workday.py
[2025-02-16 08:02:07,975] {processor.py:161} INFO - Processing /opt/conda/lib/python3.8/site-packages/airflow/example_dags/plugins/workday.py took 0.018 seconds
[2025-02-16 08:02:51,101] {processor.py:153} INFO - Started process (PID=4206) to work on /opt/conda/lib/python3.8/site-packages/airflow/example_dags/plugins/workday.py
[2025-02-16 08:02:51,105] {processor.py:641} INFO - Processing file /opt/conda/lib/python3.8/site-packages/airflow/example_dags/plugins/workday.py for tasks to queue
[2025-02-16 08:02:51,106] {logging_mixin.py:115} INFO - [2025-02-16 08:02:51,105] {dagbag.py:508} INFO - Filling up the DagBag from /opt/conda/lib/python3.8/site-packages/airflow/example_dags/plugins/workday.py
[2025-02-16 08:02:51,107] {processor.py:653} WARNING - No viable dags retrieved from /opt/conda/lib/python3.8/site-packages/airflow/example_dags/plugins/workday.py
[2025-02-16 08:02:51,118] {processor.py:161} INFO - Processing /opt/conda/lib/python3.8/site-packages/airflow/example_dags/plugins/workday.py took 0.020 seconds
[2025-02-16 08:03:36,350] {processor.py:153} INFO - Started process (PID=4249) to work on /opt/conda/lib/python3.8/site-packages/airflow/example_dags/plugins/workday.py
[2025-02-16 08:03:36,351] {processor.py:641} INFO - Processing file /opt/conda/lib/python3.8/site-packages/airflow/example_dags/plugins/workday.py for tasks to queue
[2025-02-16 08:03:36,352] {logging_mixin.py:115} INFO - [2025-02-16 08:03:36,352] {dagbag.py:508} INFO - Filling up the DagBag from /opt/conda/lib/python3.8/site-packages/airflow/example_dags/plugins/workday.py
[2025-02-16 08:03:36,353] {processor.py:653} WARNING - No viable dags retrieved from /opt/conda/lib/python3.8/site-packages/airflow/example_dags/plugins/workday.py
[2025-02-16 08:03:36,364] {processor.py:161} INFO - Processing /opt/conda/lib/python3.8/site-packages/airflow/example_dags/plugins/workday.py took 0.018 seconds
[2025-02-16 08:04:12,677] {processor.py:153} INFO - Started process (PID=4288) to work on /opt/conda/lib/python3.8/site-packages/airflow/example_dags/plugins/workday.py
[2025-02-16 08:04:12,679] {processor.py:641} INFO - Processing file /opt/conda/lib/python3.8/site-packages/airflow/example_dags/plugins/workday.py for tasks to queue
[2025-02-16 08:04:12,679] {logging_mixin.py:115} INFO - [2025-02-16 08:04:12,679] {dagbag.py:508} INFO - Filling up the DagBag from /opt/conda/lib/python3.8/site-packages/airflow/example_dags/plugins/workday.py
[2025-02-16 08:04:12,681] {processor.py:653} WARNING - No viable dags retrieved from /opt/conda/lib/python3.8/site-packages/airflow/example_dags/plugins/workday.py
[2025-02-16 08:04:12,692] {processor.py:161} INFO - Processing /opt/conda/lib/python3.8/site-packages/airflow/example_dags/plugins/workday.py took 0.018 seconds
[2025-02-16 08:04:53,085] {processor.py:153} INFO - Started process (PID=4328) to work on /opt/conda/lib/python3.8/site-packages/airflow/example_dags/plugins/workday.py
[2025-02-16 08:04:53,087] {processor.py:641} INFO - Processing file /opt/conda/lib/python3.8/site-packages/airflow/example_dags/plugins/workday.py for tasks to queue
[2025-02-16 08:04:53,087] {logging_mixin.py:115} INFO - [2025-02-16 08:04:53,087] {dagbag.py:508} INFO - Filling up the DagBag from /opt/conda/lib/python3.8/site-packages/airflow/example_dags/plugins/workday.py
[2025-02-16 08:04:53,089] {processor.py:653} WARNING - No viable dags retrieved from /opt/conda/lib/python3.8/site-packages/airflow/example_dags/plugins/workday.py
[2025-02-16 08:04:53,100] {processor.py:161} INFO - Processing /opt/conda/lib/python3.8/site-packages/airflow/example_dags/plugins/workday.py took 0.017 seconds
[2025-02-16 08:05:29,497] {processor.py:153} INFO - Started process (PID=4367) to work on /opt/conda/lib/python3.8/site-packages/airflow/example_dags/plugins/workday.py
[2025-02-16 08:05:29,498] {processor.py:641} INFO - Processing file /opt/conda/lib/python3.8/site-packages/airflow/example_dags/plugins/workday.py for tasks to queue
[2025-02-16 08:05:29,499] {logging_mixin.py:115} INFO - [2025-02-16 08:05:29,499] {dagbag.py:508} INFO - Filling up the DagBag from /opt/conda/lib/python3.8/site-packages/airflow/example_dags/plugins/workday.py
[2025-02-16 08:05:29,501] {processor.py:653} WARNING - No viable dags retrieved from /opt/conda/lib/python3.8/site-packages/airflow/example_dags/plugins/workday.py
[2025-02-16 08:05:29,511] {processor.py:161} INFO - Processing /opt/conda/lib/python3.8/site-packages/airflow/example_dags/plugins/workday.py took 0.017 seconds
[2025-02-16 08:14:13,729] {processor.py:153} INFO - Started process (PID=5231) to work on /opt/conda/lib/python3.8/site-packages/airflow/example_dags/plugins/workday.py
[2025-02-16 08:14:13,731] {processor.py:641} INFO - Processing file /opt/conda/lib/python3.8/site-packages/airflow/example_dags/plugins/workday.py for tasks to queue
[2025-02-16 08:14:13,732] {logging_mixin.py:115} INFO - [2025-02-16 08:14:13,732] {dagbag.py:508} INFO - Filling up the DagBag from /opt/conda/lib/python3.8/site-packages/airflow/example_dags/plugins/workday.py
[2025-02-16 08:14:13,734] {processor.py:653} WARNING - No viable dags retrieved from /opt/conda/lib/python3.8/site-packages/airflow/example_dags/plugins/workday.py
[2025-02-16 08:14:13,743] {processor.py:161} INFO - Processing /opt/conda/lib/python3.8/site-packages/airflow/example_dags/plugins/workday.py took 0.018 seconds
[2025-02-16 08:14:52,360] {processor.py:153} INFO - Started process (PID=5313) to work on /opt/conda/lib/python3.8/site-packages/airflow/example_dags/plugins/workday.py
[2025-02-16 08:14:52,362] {processor.py:641} INFO - Processing file /opt/conda/lib/python3.8/site-packages/airflow/example_dags/plugins/workday.py for tasks to queue
[2025-02-16 08:14:52,362] {logging_mixin.py:115} INFO - [2025-02-16 08:14:52,362] {dagbag.py:508} INFO - Filling up the DagBag from /opt/conda/lib/python3.8/site-packages/airflow/example_dags/plugins/workday.py
[2025-02-16 08:14:52,364] {processor.py:653} WARNING - No viable dags retrieved from /opt/conda/lib/python3.8/site-packages/airflow/example_dags/plugins/workday.py
[2025-02-16 08:14:52,374] {processor.py:161} INFO - Processing /opt/conda/lib/python3.8/site-packages/airflow/example_dags/plugins/workday.py took 0.017 seconds
[2025-02-16 08:14:54,277] {processor.py:153} INFO - Started process (PID=5317) to work on /opt/conda/lib/python3.8/site-packages/airflow/example_dags/plugins/workday.py
[2025-02-16 08:14:54,277] {processor.py:641} INFO - Processing file /opt/conda/lib/python3.8/site-packages/airflow/example_dags/plugins/workday.py for tasks to queue
[2025-02-16 08:14:54,278] {logging_mixin.py:115} INFO - [2025-02-16 08:14:54,277] {dagbag.py:508} INFO - Filling up the DagBag from /opt/conda/lib/python3.8/site-packages/airflow/example_dags/plugins/workday.py
[2025-02-16 08:14:54,279] {processor.py:653} WARNING - No viable dags retrieved from /opt/conda/lib/python3.8/site-packages/airflow/example_dags/plugins/workday.py
[2025-02-16 08:14:54,289] {processor.py:161} INFO - Processing /opt/conda/lib/python3.8/site-packages/airflow/example_dags/plugins/workday.py took 0.015 seconds
[2025-02-16 08:15:32,232] {processor.py:153} INFO - Started process (PID=5393) to work on /opt/conda/lib/python3.8/site-packages/airflow/example_dags/plugins/workday.py
[2025-02-16 08:15:32,234] {processor.py:641} INFO - Processing file /opt/conda/lib/python3.8/site-packages/airflow/example_dags/plugins/workday.py for tasks to queue
[2025-02-16 08:15:32,234] {logging_mixin.py:115} INFO - [2025-02-16 08:15:32,234] {dagbag.py:508} INFO - Filling up the DagBag from /opt/conda/lib/python3.8/site-packages/airflow/example_dags/plugins/workday.py
[2025-02-16 08:15:32,236] {processor.py:653} WARNING - No viable dags retrieved from /opt/conda/lib/python3.8/site-packages/airflow/example_dags/plugins/workday.py
[2025-02-16 08:15:32,246] {processor.py:161} INFO - Processing /opt/conda/lib/python3.8/site-packages/airflow/example_dags/plugins/workday.py took 0.017 seconds
[2025-02-16 08:15:32,898] {processor.py:153} INFO - Started process (PID=5394) to work on /opt/conda/lib/python3.8/site-packages/airflow/example_dags/plugins/workday.py
[2025-02-16 08:15:32,898] {processor.py:641} INFO - Processing file /opt/conda/lib/python3.8/site-packages/airflow/example_dags/plugins/workday.py for tasks to queue
[2025-02-16 08:15:32,899] {logging_mixin.py:115} INFO - [2025-02-16 08:15:32,899] {dagbag.py:508} INFO - Filling up the DagBag from /opt/conda/lib/python3.8/site-packages/airflow/example_dags/plugins/workday.py
[2025-02-16 08:15:32,901] {processor.py:653} WARNING - No viable dags retrieved from /opt/conda/lib/python3.8/site-packages/airflow/example_dags/plugins/workday.py
[2025-02-16 08:15:32,911] {processor.py:161} INFO - Processing /opt/conda/lib/python3.8/site-packages/airflow/example_dags/plugins/workday.py took 0.016 seconds
[2025-02-16 08:16:09,521] {processor.py:153} INFO - Started process (PID=5467) to work on /opt/conda/lib/python3.8/site-packages/airflow/example_dags/plugins/workday.py
[2025-02-16 08:16:09,525] {processor.py:641} INFO - Processing file /opt/conda/lib/python3.8/site-packages/airflow/example_dags/plugins/workday.py for tasks to queue
[2025-02-16 08:16:09,525] {logging_mixin.py:115} INFO - [2025-02-16 08:16:09,525] {dagbag.py:508} INFO - Filling up the DagBag from /opt/conda/lib/python3.8/site-packages/airflow/example_dags/plugins/workday.py
[2025-02-16 08:16:09,527] {processor.py:653} WARNING - No viable dags retrieved from /opt/conda/lib/python3.8/site-packages/airflow/example_dags/plugins/workday.py
[2025-02-16 08:16:09,537] {processor.py:161} INFO - Processing /opt/conda/lib/python3.8/site-packages/airflow/example_dags/plugins/workday.py took 0.019 seconds
[2025-02-16 08:16:17,833] {processor.py:153} INFO - Started process (PID=5482) to work on /opt/conda/lib/python3.8/site-packages/airflow/example_dags/plugins/workday.py
[2025-02-16 08:16:17,833] {processor.py:641} INFO - Processing file /opt/conda/lib/python3.8/site-packages/airflow/example_dags/plugins/workday.py for tasks to queue
[2025-02-16 08:16:17,834] {logging_mixin.py:115} INFO - [2025-02-16 08:16:17,834] {dagbag.py:508} INFO - Filling up the DagBag from /opt/conda/lib/python3.8/site-packages/airflow/example_dags/plugins/workday.py
[2025-02-16 08:16:17,836] {processor.py:653} WARNING - No viable dags retrieved from /opt/conda/lib/python3.8/site-packages/airflow/example_dags/plugins/workday.py
[2025-02-16 08:16:17,846] {processor.py:161} INFO - Processing /opt/conda/lib/python3.8/site-packages/airflow/example_dags/plugins/workday.py took 0.016 seconds
[2025-02-16 08:24:38,145] {processor.py:153} INFO - Started process (PID=6278) to work on /opt/conda/lib/python3.8/site-packages/airflow/example_dags/plugins/workday.py
[2025-02-16 08:24:38,148] {processor.py:641} INFO - Processing file /opt/conda/lib/python3.8/site-packages/airflow/example_dags/plugins/workday.py for tasks to queue
[2025-02-16 08:24:38,148] {logging_mixin.py:115} INFO - [2025-02-16 08:24:38,148] {dagbag.py:508} INFO - Filling up the DagBag from /opt/conda/lib/python3.8/site-packages/airflow/example_dags/plugins/workday.py
[2025-02-16 08:24:38,150] {processor.py:653} WARNING - No viable dags retrieved from /opt/conda/lib/python3.8/site-packages/airflow/example_dags/plugins/workday.py
[2025-02-16 08:24:38,161] {processor.py:161} INFO - Processing /opt/conda/lib/python3.8/site-packages/airflow/example_dags/plugins/workday.py took 0.019 seconds
[2025-02-16 08:25:17,047] {processor.py:153} INFO - Started process (PID=6481) to work on /opt/conda/lib/python3.8/site-packages/airflow/example_dags/plugins/workday.py
[2025-02-16 08:25:17,049] {processor.py:641} INFO - Processing file /opt/conda/lib/python3.8/site-packages/airflow/example_dags/plugins/workday.py for tasks to queue
[2025-02-16 08:25:17,050] {logging_mixin.py:115} INFO - [2025-02-16 08:25:17,050] {dagbag.py:508} INFO - Filling up the DagBag from /opt/conda/lib/python3.8/site-packages/airflow/example_dags/plugins/workday.py
[2025-02-16 08:25:17,051] {processor.py:653} WARNING - No viable dags retrieved from /opt/conda/lib/python3.8/site-packages/airflow/example_dags/plugins/workday.py
[2025-02-16 08:25:17,061] {processor.py:161} INFO - Processing /opt/conda/lib/python3.8/site-packages/airflow/example_dags/plugins/workday.py took 0.017 seconds
[2025-02-16 08:25:59,442] {processor.py:153} INFO - Started process (PID=6533) to work on /opt/conda/lib/python3.8/site-packages/airflow/example_dags/plugins/workday.py
[2025-02-16 08:25:59,444] {processor.py:641} INFO - Processing file /opt/conda/lib/python3.8/site-packages/airflow/example_dags/plugins/workday.py for tasks to queue
[2025-02-16 08:25:59,444] {logging_mixin.py:115} INFO - [2025-02-16 08:25:59,444] {dagbag.py:508} INFO - Filling up the DagBag from /opt/conda/lib/python3.8/site-packages/airflow/example_dags/plugins/workday.py
[2025-02-16 08:25:59,446] {processor.py:653} WARNING - No viable dags retrieved from /opt/conda/lib/python3.8/site-packages/airflow/example_dags/plugins/workday.py
[2025-02-16 08:25:59,454] {processor.py:161} INFO - Processing /opt/conda/lib/python3.8/site-packages/airflow/example_dags/plugins/workday.py took 0.016 seconds
[2025-02-16 08:26:35,949] {processor.py:153} INFO - Started process (PID=6583) to work on /opt/conda/lib/python3.8/site-packages/airflow/example_dags/plugins/workday.py
[2025-02-16 08:26:35,956] {processor.py:641} INFO - Processing file /opt/conda/lib/python3.8/site-packages/airflow/example_dags/plugins/workday.py for tasks to queue
[2025-02-16 08:26:35,956] {logging_mixin.py:115} INFO - [2025-02-16 08:26:35,956] {dagbag.py:508} INFO - Filling up the DagBag from /opt/conda/lib/python3.8/site-packages/airflow/example_dags/plugins/workday.py
[2025-02-16 08:26:35,958] {processor.py:653} WARNING - No viable dags retrieved from /opt/conda/lib/python3.8/site-packages/airflow/example_dags/plugins/workday.py
[2025-02-16 08:26:35,969] {processor.py:161} INFO - Processing /opt/conda/lib/python3.8/site-packages/airflow/example_dags/plugins/workday.py took 0.022 seconds
[2025-02-16 08:27:13,220] {processor.py:153} INFO - Started process (PID=6629) to work on /opt/conda/lib/python3.8/site-packages/airflow/example_dags/plugins/workday.py
[2025-02-16 08:27:13,222] {processor.py:641} INFO - Processing file /opt/conda/lib/python3.8/site-packages/airflow/example_dags/plugins/workday.py for tasks to queue
[2025-02-16 08:27:13,222] {logging_mixin.py:115} INFO - [2025-02-16 08:27:13,222] {dagbag.py:508} INFO - Filling up the DagBag from /opt/conda/lib/python3.8/site-packages/airflow/example_dags/plugins/workday.py
[2025-02-16 08:27:13,224] {processor.py:653} WARNING - No viable dags retrieved from /opt/conda/lib/python3.8/site-packages/airflow/example_dags/plugins/workday.py
[2025-02-16 08:27:13,235] {processor.py:161} INFO - Processing /opt/conda/lib/python3.8/site-packages/airflow/example_dags/plugins/workday.py took 0.018 seconds
[2025-02-16 08:30:28,384] {processor.py:153} INFO - Started process (PID=6855) to work on /opt/conda/lib/python3.8/site-packages/airflow/example_dags/plugins/workday.py
[2025-02-16 08:30:28,387] {processor.py:641} INFO - Processing file /opt/conda/lib/python3.8/site-packages/airflow/example_dags/plugins/workday.py for tasks to queue
[2025-02-16 08:30:28,387] {logging_mixin.py:115} INFO - [2025-02-16 08:30:28,387] {dagbag.py:508} INFO - Filling up the DagBag from /opt/conda/lib/python3.8/site-packages/airflow/example_dags/plugins/workday.py
[2025-02-16 08:30:28,389] {processor.py:653} WARNING - No viable dags retrieved from /opt/conda/lib/python3.8/site-packages/airflow/example_dags/plugins/workday.py
[2025-02-16 08:30:28,399] {processor.py:161} INFO - Processing /opt/conda/lib/python3.8/site-packages/airflow/example_dags/plugins/workday.py took 0.018 seconds
[2025-02-16 08:31:04,862] {processor.py:153} INFO - Started process (PID=6900) to work on /opt/conda/lib/python3.8/site-packages/airflow/example_dags/plugins/workday.py
[2025-02-16 08:31:04,863] {processor.py:641} INFO - Processing file /opt/conda/lib/python3.8/site-packages/airflow/example_dags/plugins/workday.py for tasks to queue
[2025-02-16 08:31:04,864] {logging_mixin.py:115} INFO - [2025-02-16 08:31:04,864] {dagbag.py:508} INFO - Filling up the DagBag from /opt/conda/lib/python3.8/site-packages/airflow/example_dags/plugins/workday.py
[2025-02-16 08:31:04,865] {processor.py:653} WARNING - No viable dags retrieved from /opt/conda/lib/python3.8/site-packages/airflow/example_dags/plugins/workday.py
[2025-02-16 08:31:04,876] {processor.py:161} INFO - Processing /opt/conda/lib/python3.8/site-packages/airflow/example_dags/plugins/workday.py took 0.017 seconds
[2025-02-16 08:31:43,442] {processor.py:153} INFO - Started process (PID=7111) to work on /opt/conda/lib/python3.8/site-packages/airflow/example_dags/plugins/workday.py
[2025-02-16 08:31:43,443] {processor.py:641} INFO - Processing file /opt/conda/lib/python3.8/site-packages/airflow/example_dags/plugins/workday.py for tasks to queue
[2025-02-16 08:31:43,444] {logging_mixin.py:115} INFO - [2025-02-16 08:31:43,444] {dagbag.py:508} INFO - Filling up the DagBag from /opt/conda/lib/python3.8/site-packages/airflow/example_dags/plugins/workday.py
[2025-02-16 08:31:43,445] {processor.py:653} WARNING - No viable dags retrieved from /opt/conda/lib/python3.8/site-packages/airflow/example_dags/plugins/workday.py
[2025-02-16 08:31:43,456] {processor.py:161} INFO - Processing /opt/conda/lib/python3.8/site-packages/airflow/example_dags/plugins/workday.py took 0.017 seconds
[2025-02-16 08:32:27,744] {processor.py:153} INFO - Started process (PID=7171) to work on /opt/conda/lib/python3.8/site-packages/airflow/example_dags/plugins/workday.py
[2025-02-16 08:32:27,746] {processor.py:641} INFO - Processing file /opt/conda/lib/python3.8/site-packages/airflow/example_dags/plugins/workday.py for tasks to queue
[2025-02-16 08:32:27,746] {logging_mixin.py:115} INFO - [2025-02-16 08:32:27,746] {dagbag.py:508} INFO - Filling up the DagBag from /opt/conda/lib/python3.8/site-packages/airflow/example_dags/plugins/workday.py
[2025-02-16 08:32:27,748] {processor.py:653} WARNING - No viable dags retrieved from /opt/conda/lib/python3.8/site-packages/airflow/example_dags/plugins/workday.py
[2025-02-16 08:32:27,759] {processor.py:161} INFO - Processing /opt/conda/lib/python3.8/site-packages/airflow/example_dags/plugins/workday.py took 0.018 seconds
[2025-02-16 08:33:08,018] {processor.py:153} INFO - Started process (PID=7219) to work on /opt/conda/lib/python3.8/site-packages/airflow/example_dags/plugins/workday.py
[2025-02-16 08:33:08,019] {processor.py:641} INFO - Processing file /opt/conda/lib/python3.8/site-packages/airflow/example_dags/plugins/workday.py for tasks to queue
[2025-02-16 08:33:08,020] {logging_mixin.py:115} INFO - [2025-02-16 08:33:08,020] {dagbag.py:508} INFO - Filling up the DagBag from /opt/conda/lib/python3.8/site-packages/airflow/example_dags/plugins/workday.py
[2025-02-16 08:33:08,022] {processor.py:653} WARNING - No viable dags retrieved from /opt/conda/lib/python3.8/site-packages/airflow/example_dags/plugins/workday.py
[2025-02-16 08:33:08,032] {processor.py:161} INFO - Processing /opt/conda/lib/python3.8/site-packages/airflow/example_dags/plugins/workday.py took 0.018 seconds
[2025-02-16 08:33:47,060] {processor.py:153} INFO - Started process (PID=7266) to work on /opt/conda/lib/python3.8/site-packages/airflow/example_dags/plugins/workday.py
[2025-02-16 08:33:47,061] {processor.py:641} INFO - Processing file /opt/conda/lib/python3.8/site-packages/airflow/example_dags/plugins/workday.py for tasks to queue
[2025-02-16 08:33:47,062] {logging_mixin.py:115} INFO - [2025-02-16 08:33:47,062] {dagbag.py:508} INFO - Filling up the DagBag from /opt/conda/lib/python3.8/site-packages/airflow/example_dags/plugins/workday.py
[2025-02-16 08:33:47,063] {processor.py:653} WARNING - No viable dags retrieved from /opt/conda/lib/python3.8/site-packages/airflow/example_dags/plugins/workday.py
[2025-02-16 08:33:47,074] {processor.py:161} INFO - Processing /opt/conda/lib/python3.8/site-packages/airflow/example_dags/plugins/workday.py took 0.017 seconds
[2025-02-16 08:36:18,321] {processor.py:153} INFO - Started process (PID=7413) to work on /opt/conda/lib/python3.8/site-packages/airflow/example_dags/plugins/workday.py
[2025-02-16 08:36:18,324] {processor.py:641} INFO - Processing file /opt/conda/lib/python3.8/site-packages/airflow/example_dags/plugins/workday.py for tasks to queue
[2025-02-16 08:36:18,324] {logging_mixin.py:115} INFO - [2025-02-16 08:36:18,324] {dagbag.py:508} INFO - Filling up the DagBag from /opt/conda/lib/python3.8/site-packages/airflow/example_dags/plugins/workday.py
[2025-02-16 08:36:18,326] {processor.py:653} WARNING - No viable dags retrieved from /opt/conda/lib/python3.8/site-packages/airflow/example_dags/plugins/workday.py
[2025-02-16 08:36:18,337] {processor.py:161} INFO - Processing /opt/conda/lib/python3.8/site-packages/airflow/example_dags/plugins/workday.py took 0.019 seconds
[2025-02-16 08:36:30,568] {processor.py:153} INFO - Started process (PID=7462) to work on /opt/conda/lib/python3.8/site-packages/airflow/example_dags/plugins/workday.py
[2025-02-16 08:36:30,568] {processor.py:641} INFO - Processing file /opt/conda/lib/python3.8/site-packages/airflow/example_dags/plugins/workday.py for tasks to queue
[2025-02-16 08:36:30,569] {logging_mixin.py:115} INFO - [2025-02-16 08:36:30,569] {dagbag.py:508} INFO - Filling up the DagBag from /opt/conda/lib/python3.8/site-packages/airflow/example_dags/plugins/workday.py
[2025-02-16 08:36:30,570] {processor.py:653} WARNING - No viable dags retrieved from /opt/conda/lib/python3.8/site-packages/airflow/example_dags/plugins/workday.py
[2025-02-16 08:36:30,614] {processor.py:161} INFO - Processing /opt/conda/lib/python3.8/site-packages/airflow/example_dags/plugins/workday.py took 0.049 seconds
[2025-02-16 08:37:00,170] {processor.py:153} INFO - Started process (PID=7800) to work on /opt/conda/lib/python3.8/site-packages/airflow/example_dags/plugins/workday.py
[2025-02-16 08:37:00,171] {processor.py:641} INFO - Processing file /opt/conda/lib/python3.8/site-packages/airflow/example_dags/plugins/workday.py for tasks to queue
[2025-02-16 08:37:00,172] {logging_mixin.py:115} INFO - [2025-02-16 08:37:00,172] {dagbag.py:508} INFO - Filling up the DagBag from /opt/conda/lib/python3.8/site-packages/airflow/example_dags/plugins/workday.py
[2025-02-16 08:37:00,174] {processor.py:653} WARNING - No viable dags retrieved from /opt/conda/lib/python3.8/site-packages/airflow/example_dags/plugins/workday.py
[2025-02-16 08:37:00,519] {processor.py:161} INFO - Processing /opt/conda/lib/python3.8/site-packages/airflow/example_dags/plugins/workday.py took 0.352 seconds
[2025-02-16 08:37:10,784] {processor.py:153} INFO - Started process (PID=7845) to work on /opt/conda/lib/python3.8/site-packages/airflow/example_dags/plugins/workday.py
[2025-02-16 08:37:10,785] {processor.py:641} INFO - Processing file /opt/conda/lib/python3.8/site-packages/airflow/example_dags/plugins/workday.py for tasks to queue
[2025-02-16 08:37:10,785] {logging_mixin.py:115} INFO - [2025-02-16 08:37:10,785] {dagbag.py:508} INFO - Filling up the DagBag from /opt/conda/lib/python3.8/site-packages/airflow/example_dags/plugins/workday.py
[2025-02-16 08:37:10,787] {processor.py:653} WARNING - No viable dags retrieved from /opt/conda/lib/python3.8/site-packages/airflow/example_dags/plugins/workday.py
[2025-02-16 08:37:10,798] {processor.py:161} INFO - Processing /opt/conda/lib/python3.8/site-packages/airflow/example_dags/plugins/workday.py took 0.016 seconds
[2025-02-16 08:37:16,205] {processor.py:153} INFO - Started process (PID=7875) to work on /opt/conda/lib/python3.8/site-packages/airflow/example_dags/plugins/workday.py
[2025-02-16 08:37:16,206] {processor.py:641} INFO - Processing file /opt/conda/lib/python3.8/site-packages/airflow/example_dags/plugins/workday.py for tasks to queue
[2025-02-16 08:37:16,206] {logging_mixin.py:115} INFO - [2025-02-16 08:37:16,206] {dagbag.py:508} INFO - Filling up the DagBag from /opt/conda/lib/python3.8/site-packages/airflow/example_dags/plugins/workday.py
[2025-02-16 08:37:16,208] {processor.py:653} WARNING - No viable dags retrieved from /opt/conda/lib/python3.8/site-packages/airflow/example_dags/plugins/workday.py
[2025-02-16 08:37:16,218] {processor.py:161} INFO - Processing /opt/conda/lib/python3.8/site-packages/airflow/example_dags/plugins/workday.py took 0.015 seconds
[2025-02-16 08:37:43,514] {processor.py:153} INFO - Started process (PID=8153) to work on /opt/conda/lib/python3.8/site-packages/airflow/example_dags/plugins/workday.py
[2025-02-16 08:37:43,515] {processor.py:641} INFO - Processing file /opt/conda/lib/python3.8/site-packages/airflow/example_dags/plugins/workday.py for tasks to queue
[2025-02-16 08:37:43,516] {logging_mixin.py:115} INFO - [2025-02-16 08:37:43,516] {dagbag.py:508} INFO - Filling up the DagBag from /opt/conda/lib/python3.8/site-packages/airflow/example_dags/plugins/workday.py
[2025-02-16 08:37:43,517] {processor.py:653} WARNING - No viable dags retrieved from /opt/conda/lib/python3.8/site-packages/airflow/example_dags/plugins/workday.py
[2025-02-16 08:37:43,526] {processor.py:161} INFO - Processing /opt/conda/lib/python3.8/site-packages/airflow/example_dags/plugins/workday.py took 0.015 seconds
[2025-02-16 08:37:53,634] {processor.py:153} INFO - Started process (PID=8224) to work on /opt/conda/lib/python3.8/site-packages/airflow/example_dags/plugins/workday.py
[2025-02-16 08:37:53,634] {processor.py:641} INFO - Processing file /opt/conda/lib/python3.8/site-packages/airflow/example_dags/plugins/workday.py for tasks to queue
[2025-02-16 08:37:53,635] {logging_mixin.py:115} INFO - [2025-02-16 08:37:53,635] {dagbag.py:508} INFO - Filling up the DagBag from /opt/conda/lib/python3.8/site-packages/airflow/example_dags/plugins/workday.py
[2025-02-16 08:37:53,637] {processor.py:653} WARNING - No viable dags retrieved from /opt/conda/lib/python3.8/site-packages/airflow/example_dags/plugins/workday.py
[2025-02-16 08:37:53,646] {processor.py:161} INFO - Processing /opt/conda/lib/python3.8/site-packages/airflow/example_dags/plugins/workday.py took 0.016 seconds
[2025-02-16 08:37:55,863] {processor.py:153} INFO - Started process (PID=8234) to work on /opt/conda/lib/python3.8/site-packages/airflow/example_dags/plugins/workday.py
[2025-02-16 08:37:55,863] {processor.py:641} INFO - Processing file /opt/conda/lib/python3.8/site-packages/airflow/example_dags/plugins/workday.py for tasks to queue
[2025-02-16 08:37:55,864] {logging_mixin.py:115} INFO - [2025-02-16 08:37:55,864] {dagbag.py:508} INFO - Filling up the DagBag from /opt/conda/lib/python3.8/site-packages/airflow/example_dags/plugins/workday.py
[2025-02-16 08:37:55,866] {processor.py:653} WARNING - No viable dags retrieved from /opt/conda/lib/python3.8/site-packages/airflow/example_dags/plugins/workday.py
[2025-02-16 08:37:55,875] {processor.py:161} INFO - Processing /opt/conda/lib/python3.8/site-packages/airflow/example_dags/plugins/workday.py took 0.015 seconds
[2025-02-16 08:38:22,737] {processor.py:153} INFO - Started process (PID=8354) to work on /opt/conda/lib/python3.8/site-packages/airflow/example_dags/plugins/workday.py
[2025-02-16 08:38:22,739] {processor.py:641} INFO - Processing file /opt/conda/lib/python3.8/site-packages/airflow/example_dags/plugins/workday.py for tasks to queue
[2025-02-16 08:38:22,739] {logging_mixin.py:115} INFO - [2025-02-16 08:38:22,739] {dagbag.py:508} INFO - Filling up the DagBag from /opt/conda/lib/python3.8/site-packages/airflow/example_dags/plugins/workday.py
[2025-02-16 08:38:22,741] {processor.py:653} WARNING - No viable dags retrieved from /opt/conda/lib/python3.8/site-packages/airflow/example_dags/plugins/workday.py
[2025-02-16 08:38:22,752] {processor.py:161} INFO - Processing /opt/conda/lib/python3.8/site-packages/airflow/example_dags/plugins/workday.py took 0.018 seconds
[2025-02-16 08:38:36,205] {processor.py:153} INFO - Started process (PID=8447) to work on /opt/conda/lib/python3.8/site-packages/airflow/example_dags/plugins/workday.py
[2025-02-16 08:38:36,206] {processor.py:641} INFO - Processing file /opt/conda/lib/python3.8/site-packages/airflow/example_dags/plugins/workday.py for tasks to queue
[2025-02-16 08:38:36,206] {logging_mixin.py:115} INFO - [2025-02-16 08:38:36,206] {dagbag.py:508} INFO - Filling up the DagBag from /opt/conda/lib/python3.8/site-packages/airflow/example_dags/plugins/workday.py
[2025-02-16 08:38:36,208] {processor.py:653} WARNING - No viable dags retrieved from /opt/conda/lib/python3.8/site-packages/airflow/example_dags/plugins/workday.py
[2025-02-16 08:38:36,219] {processor.py:161} INFO - Processing /opt/conda/lib/python3.8/site-packages/airflow/example_dags/plugins/workday.py took 0.016 seconds
[2025-02-16 08:38:40,785] {processor.py:153} INFO - Started process (PID=8464) to work on /opt/conda/lib/python3.8/site-packages/airflow/example_dags/plugins/workday.py
[2025-02-16 08:38:40,786] {processor.py:641} INFO - Processing file /opt/conda/lib/python3.8/site-packages/airflow/example_dags/plugins/workday.py for tasks to queue
[2025-02-16 08:38:40,786] {logging_mixin.py:115} INFO - [2025-02-16 08:38:40,786] {dagbag.py:508} INFO - Filling up the DagBag from /opt/conda/lib/python3.8/site-packages/airflow/example_dags/plugins/workday.py
[2025-02-16 08:38:40,788] {processor.py:653} WARNING - No viable dags retrieved from /opt/conda/lib/python3.8/site-packages/airflow/example_dags/plugins/workday.py
[2025-02-16 08:38:40,798] {processor.py:161} INFO - Processing /opt/conda/lib/python3.8/site-packages/airflow/example_dags/plugins/workday.py took 0.015 seconds
[2025-02-16 08:40:30,993] {processor.py:153} INFO - Started process (PID=8861) to work on /opt/conda/lib/python3.8/site-packages/airflow/example_dags/plugins/workday.py
[2025-02-16 08:40:30,995] {processor.py:641} INFO - Processing file /opt/conda/lib/python3.8/site-packages/airflow/example_dags/plugins/workday.py for tasks to queue
[2025-02-16 08:40:30,996] {logging_mixin.py:115} INFO - [2025-02-16 08:40:30,996] {dagbag.py:508} INFO - Filling up the DagBag from /opt/conda/lib/python3.8/site-packages/airflow/example_dags/plugins/workday.py
[2025-02-16 08:40:30,998] {processor.py:653} WARNING - No viable dags retrieved from /opt/conda/lib/python3.8/site-packages/airflow/example_dags/plugins/workday.py
[2025-02-16 08:40:31,009] {processor.py:161} INFO - Processing /opt/conda/lib/python3.8/site-packages/airflow/example_dags/plugins/workday.py took 0.019 seconds
[2025-02-16 08:41:09,237] {processor.py:153} INFO - Started process (PID=8915) to work on /opt/conda/lib/python3.8/site-packages/airflow/example_dags/plugins/workday.py
[2025-02-16 08:41:09,238] {processor.py:641} INFO - Processing file /opt/conda/lib/python3.8/site-packages/airflow/example_dags/plugins/workday.py for tasks to queue
[2025-02-16 08:41:09,239] {logging_mixin.py:115} INFO - [2025-02-16 08:41:09,239] {dagbag.py:508} INFO - Filling up the DagBag from /opt/conda/lib/python3.8/site-packages/airflow/example_dags/plugins/workday.py
[2025-02-16 08:41:09,241] {processor.py:653} WARNING - No viable dags retrieved from /opt/conda/lib/python3.8/site-packages/airflow/example_dags/plugins/workday.py
[2025-02-16 08:41:09,252] {processor.py:161} INFO - Processing /opt/conda/lib/python3.8/site-packages/airflow/example_dags/plugins/workday.py took 0.018 seconds
[2025-02-16 08:41:55,185] {processor.py:153} INFO - Started process (PID=9162) to work on /opt/conda/lib/python3.8/site-packages/airflow/example_dags/plugins/workday.py
[2025-02-16 08:41:55,187] {processor.py:641} INFO - Processing file /opt/conda/lib/python3.8/site-packages/airflow/example_dags/plugins/workday.py for tasks to queue
[2025-02-16 08:41:55,188] {logging_mixin.py:115} INFO - [2025-02-16 08:41:55,187] {dagbag.py:508} INFO - Filling up the DagBag from /opt/conda/lib/python3.8/site-packages/airflow/example_dags/plugins/workday.py
[2025-02-16 08:41:55,189] {processor.py:653} WARNING - No viable dags retrieved from /opt/conda/lib/python3.8/site-packages/airflow/example_dags/plugins/workday.py
[2025-02-16 08:41:55,200] {processor.py:161} INFO - Processing /opt/conda/lib/python3.8/site-packages/airflow/example_dags/plugins/workday.py took 0.019 seconds
[2025-02-16 08:42:32,340] {processor.py:153} INFO - Started process (PID=9216) to work on /opt/conda/lib/python3.8/site-packages/airflow/example_dags/plugins/workday.py
[2025-02-16 08:42:32,342] {processor.py:641} INFO - Processing file /opt/conda/lib/python3.8/site-packages/airflow/example_dags/plugins/workday.py for tasks to queue
[2025-02-16 08:42:32,342] {logging_mixin.py:115} INFO - [2025-02-16 08:42:32,342] {dagbag.py:508} INFO - Filling up the DagBag from /opt/conda/lib/python3.8/site-packages/airflow/example_dags/plugins/workday.py
[2025-02-16 08:42:32,344] {processor.py:653} WARNING - No viable dags retrieved from /opt/conda/lib/python3.8/site-packages/airflow/example_dags/plugins/workday.py
[2025-02-16 08:42:32,355] {processor.py:161} INFO - Processing /opt/conda/lib/python3.8/site-packages/airflow/example_dags/plugins/workday.py took 0.018 seconds
[2025-02-16 08:43:17,725] {processor.py:153} INFO - Started process (PID=9275) to work on /opt/conda/lib/python3.8/site-packages/airflow/example_dags/plugins/workday.py
[2025-02-16 08:43:17,727] {processor.py:641} INFO - Processing file /opt/conda/lib/python3.8/site-packages/airflow/example_dags/plugins/workday.py for tasks to queue
[2025-02-16 08:43:17,727] {logging_mixin.py:115} INFO - [2025-02-16 08:43:17,727] {dagbag.py:508} INFO - Filling up the DagBag from /opt/conda/lib/python3.8/site-packages/airflow/example_dags/plugins/workday.py
[2025-02-16 08:43:17,729] {processor.py:653} WARNING - No viable dags retrieved from /opt/conda/lib/python3.8/site-packages/airflow/example_dags/plugins/workday.py
[2025-02-16 08:43:17,740] {processor.py:161} INFO - Processing /opt/conda/lib/python3.8/site-packages/airflow/example_dags/plugins/workday.py took 0.018 seconds
[2025-02-16 08:44:03,940] {processor.py:153} INFO - Started process (PID=9337) to work on /opt/conda/lib/python3.8/site-packages/airflow/example_dags/plugins/workday.py
[2025-02-16 08:44:03,942] {processor.py:641} INFO - Processing file /opt/conda/lib/python3.8/site-packages/airflow/example_dags/plugins/workday.py for tasks to queue
[2025-02-16 08:44:03,942] {logging_mixin.py:115} INFO - [2025-02-16 08:44:03,942] {dagbag.py:508} INFO - Filling up the DagBag from /opt/conda/lib/python3.8/site-packages/airflow/example_dags/plugins/workday.py
[2025-02-16 08:44:03,944] {processor.py:653} WARNING - No viable dags retrieved from /opt/conda/lib/python3.8/site-packages/airflow/example_dags/plugins/workday.py
[2025-02-16 08:44:03,955] {processor.py:161} INFO - Processing /opt/conda/lib/python3.8/site-packages/airflow/example_dags/plugins/workday.py took 0.018 seconds
[2025-02-16 08:44:49,231] {processor.py:153} INFO - Started process (PID=9397) to work on /opt/conda/lib/python3.8/site-packages/airflow/example_dags/plugins/workday.py
[2025-02-16 08:44:49,232] {processor.py:641} INFO - Processing file /opt/conda/lib/python3.8/site-packages/airflow/example_dags/plugins/workday.py for tasks to queue
[2025-02-16 08:44:49,233] {logging_mixin.py:115} INFO - [2025-02-16 08:44:49,233] {dagbag.py:508} INFO - Filling up the DagBag from /opt/conda/lib/python3.8/site-packages/airflow/example_dags/plugins/workday.py
[2025-02-16 08:44:49,235] {processor.py:653} WARNING - No viable dags retrieved from /opt/conda/lib/python3.8/site-packages/airflow/example_dags/plugins/workday.py
[2025-02-16 08:44:49,244] {processor.py:161} INFO - Processing /opt/conda/lib/python3.8/site-packages/airflow/example_dags/plugins/workday.py took 0.016 seconds
[2025-02-16 08:45:34,763] {processor.py:153} INFO - Started process (PID=9473) to work on /opt/conda/lib/python3.8/site-packages/airflow/example_dags/plugins/workday.py
[2025-02-16 08:45:34,764] {processor.py:641} INFO - Processing file /opt/conda/lib/python3.8/site-packages/airflow/example_dags/plugins/workday.py for tasks to queue
[2025-02-16 08:45:34,765] {logging_mixin.py:115} INFO - [2025-02-16 08:45:34,765] {dagbag.py:508} INFO - Filling up the DagBag from /opt/conda/lib/python3.8/site-packages/airflow/example_dags/plugins/workday.py
[2025-02-16 08:45:34,767] {processor.py:653} WARNING - No viable dags retrieved from /opt/conda/lib/python3.8/site-packages/airflow/example_dags/plugins/workday.py
[2025-02-16 08:45:34,780] {processor.py:161} INFO - Processing /opt/conda/lib/python3.8/site-packages/airflow/example_dags/plugins/workday.py took 0.021 seconds
[2025-02-16 08:46:14,841] {processor.py:153} INFO - Started process (PID=9528) to work on /opt/conda/lib/python3.8/site-packages/airflow/example_dags/plugins/workday.py
[2025-02-16 08:46:14,842] {processor.py:641} INFO - Processing file /opt/conda/lib/python3.8/site-packages/airflow/example_dags/plugins/workday.py for tasks to queue
[2025-02-16 08:46:14,843] {logging_mixin.py:115} INFO - [2025-02-16 08:46:14,843] {dagbag.py:508} INFO - Filling up the DagBag from /opt/conda/lib/python3.8/site-packages/airflow/example_dags/plugins/workday.py
[2025-02-16 08:46:14,845] {processor.py:653} WARNING - No viable dags retrieved from /opt/conda/lib/python3.8/site-packages/airflow/example_dags/plugins/workday.py
[2025-02-16 08:46:14,856] {processor.py:161} INFO - Processing /opt/conda/lib/python3.8/site-packages/airflow/example_dags/plugins/workday.py took 0.019 seconds
[2025-02-16 08:46:53,552] {processor.py:153} INFO - Started process (PID=9582) to work on /opt/conda/lib/python3.8/site-packages/airflow/example_dags/plugins/workday.py
[2025-02-16 08:46:53,554] {processor.py:641} INFO - Processing file /opt/conda/lib/python3.8/site-packages/airflow/example_dags/plugins/workday.py for tasks to queue
[2025-02-16 08:46:53,554] {logging_mixin.py:115} INFO - [2025-02-16 08:46:53,554] {dagbag.py:508} INFO - Filling up the DagBag from /opt/conda/lib/python3.8/site-packages/airflow/example_dags/plugins/workday.py
[2025-02-16 08:46:53,556] {processor.py:653} WARNING - No viable dags retrieved from /opt/conda/lib/python3.8/site-packages/airflow/example_dags/plugins/workday.py
[2025-02-16 08:46:53,567] {processor.py:161} INFO - Processing /opt/conda/lib/python3.8/site-packages/airflow/example_dags/plugins/workday.py took 0.018 seconds
[2025-02-16 08:47:37,301] {processor.py:153} INFO - Started process (PID=9641) to work on /opt/conda/lib/python3.8/site-packages/airflow/example_dags/plugins/workday.py
[2025-02-16 08:47:37,302] {processor.py:641} INFO - Processing file /opt/conda/lib/python3.8/site-packages/airflow/example_dags/plugins/workday.py for tasks to queue
[2025-02-16 08:47:37,303] {logging_mixin.py:115} INFO - [2025-02-16 08:47:37,303] {dagbag.py:508} INFO - Filling up the DagBag from /opt/conda/lib/python3.8/site-packages/airflow/example_dags/plugins/workday.py
[2025-02-16 08:47:37,305] {processor.py:653} WARNING - No viable dags retrieved from /opt/conda/lib/python3.8/site-packages/airflow/example_dags/plugins/workday.py
[2025-02-16 08:47:37,315] {processor.py:161} INFO - Processing /opt/conda/lib/python3.8/site-packages/airflow/example_dags/plugins/workday.py took 0.017 seconds
[2025-02-16 08:48:21,589] {processor.py:153} INFO - Started process (PID=9702) to work on /opt/conda/lib/python3.8/site-packages/airflow/example_dags/plugins/workday.py
[2025-02-16 08:48:21,590] {processor.py:641} INFO - Processing file /opt/conda/lib/python3.8/site-packages/airflow/example_dags/plugins/workday.py for tasks to queue
[2025-02-16 08:48:21,591] {logging_mixin.py:115} INFO - [2025-02-16 08:48:21,591] {dagbag.py:508} INFO - Filling up the DagBag from /opt/conda/lib/python3.8/site-packages/airflow/example_dags/plugins/workday.py
[2025-02-16 08:48:21,593] {processor.py:653} WARNING - No viable dags retrieved from /opt/conda/lib/python3.8/site-packages/airflow/example_dags/plugins/workday.py
[2025-02-16 08:48:21,605] {processor.py:161} INFO - Processing /opt/conda/lib/python3.8/site-packages/airflow/example_dags/plugins/workday.py took 0.019 seconds
[2025-02-16 08:49:00,601] {processor.py:153} INFO - Started process (PID=9769) to work on /opt/conda/lib/python3.8/site-packages/airflow/example_dags/plugins/workday.py
[2025-02-16 08:49:00,603] {processor.py:641} INFO - Processing file /opt/conda/lib/python3.8/site-packages/airflow/example_dags/plugins/workday.py for tasks to queue
[2025-02-16 08:49:00,604] {logging_mixin.py:115} INFO - [2025-02-16 08:49:00,604] {dagbag.py:508} INFO - Filling up the DagBag from /opt/conda/lib/python3.8/site-packages/airflow/example_dags/plugins/workday.py
[2025-02-16 08:49:00,606] {processor.py:653} WARNING - No viable dags retrieved from /opt/conda/lib/python3.8/site-packages/airflow/example_dags/plugins/workday.py
[2025-02-16 08:49:00,616] {processor.py:161} INFO - Processing /opt/conda/lib/python3.8/site-packages/airflow/example_dags/plugins/workday.py took 0.018 seconds
[2025-02-16 08:49:40,793] {processor.py:153} INFO - Started process (PID=9824) to work on /opt/conda/lib/python3.8/site-packages/airflow/example_dags/plugins/workday.py
[2025-02-16 08:49:40,794] {processor.py:641} INFO - Processing file /opt/conda/lib/python3.8/site-packages/airflow/example_dags/plugins/workday.py for tasks to queue
[2025-02-16 08:49:40,795] {logging_mixin.py:115} INFO - [2025-02-16 08:49:40,795] {dagbag.py:508} INFO - Filling up the DagBag from /opt/conda/lib/python3.8/site-packages/airflow/example_dags/plugins/workday.py
[2025-02-16 08:49:40,797] {processor.py:653} WARNING - No viable dags retrieved from /opt/conda/lib/python3.8/site-packages/airflow/example_dags/plugins/workday.py
[2025-02-16 08:49:40,808] {processor.py:161} INFO - Processing /opt/conda/lib/python3.8/site-packages/airflow/example_dags/plugins/workday.py took 0.019 seconds
[2025-02-16 08:50:27,309] {processor.py:153} INFO - Started process (PID=9894) to work on /opt/conda/lib/python3.8/site-packages/airflow/example_dags/plugins/workday.py
[2025-02-16 08:50:27,310] {processor.py:641} INFO - Processing file /opt/conda/lib/python3.8/site-packages/airflow/example_dags/plugins/workday.py for tasks to queue
[2025-02-16 08:50:27,311] {logging_mixin.py:115} INFO - [2025-02-16 08:50:27,310] {dagbag.py:508} INFO - Filling up the DagBag from /opt/conda/lib/python3.8/site-packages/airflow/example_dags/plugins/workday.py
[2025-02-16 08:50:27,312] {processor.py:653} WARNING - No viable dags retrieved from /opt/conda/lib/python3.8/site-packages/airflow/example_dags/plugins/workday.py
[2025-02-16 08:50:27,323] {processor.py:161} INFO - Processing /opt/conda/lib/python3.8/site-packages/airflow/example_dags/plugins/workday.py took 0.018 seconds
[2025-02-16 08:51:08,944] {processor.py:153} INFO - Started process (PID=9953) to work on /opt/conda/lib/python3.8/site-packages/airflow/example_dags/plugins/workday.py
[2025-02-16 08:51:08,946] {processor.py:641} INFO - Processing file /opt/conda/lib/python3.8/site-packages/airflow/example_dags/plugins/workday.py for tasks to queue
[2025-02-16 08:51:08,947] {logging_mixin.py:115} INFO - [2025-02-16 08:51:08,946] {dagbag.py:508} INFO - Filling up the DagBag from /opt/conda/lib/python3.8/site-packages/airflow/example_dags/plugins/workday.py
[2025-02-16 08:51:08,948] {processor.py:653} WARNING - No viable dags retrieved from /opt/conda/lib/python3.8/site-packages/airflow/example_dags/plugins/workday.py
[2025-02-16 08:51:08,959] {processor.py:161} INFO - Processing /opt/conda/lib/python3.8/site-packages/airflow/example_dags/plugins/workday.py took 0.018 seconds
[2025-02-16 08:51:52,346] {processor.py:153} INFO - Started process (PID=10010) to work on /opt/conda/lib/python3.8/site-packages/airflow/example_dags/plugins/workday.py
[2025-02-16 08:51:52,347] {processor.py:641} INFO - Processing file /opt/conda/lib/python3.8/site-packages/airflow/example_dags/plugins/workday.py for tasks to queue
[2025-02-16 08:51:52,348] {logging_mixin.py:115} INFO - [2025-02-16 08:51:52,348] {dagbag.py:508} INFO - Filling up the DagBag from /opt/conda/lib/python3.8/site-packages/airflow/example_dags/plugins/workday.py
[2025-02-16 08:51:52,350] {processor.py:653} WARNING - No viable dags retrieved from /opt/conda/lib/python3.8/site-packages/airflow/example_dags/plugins/workday.py
[2025-02-16 08:51:52,360] {processor.py:161} INFO - Processing /opt/conda/lib/python3.8/site-packages/airflow/example_dags/plugins/workday.py took 0.018 seconds
[2025-02-16 08:52:37,736] {processor.py:153} INFO - Started process (PID=10078) to work on /opt/conda/lib/python3.8/site-packages/airflow/example_dags/plugins/workday.py
[2025-02-16 08:52:37,738] {processor.py:641} INFO - Processing file /opt/conda/lib/python3.8/site-packages/airflow/example_dags/plugins/workday.py for tasks to queue
[2025-02-16 08:52:37,738] {logging_mixin.py:115} INFO - [2025-02-16 08:52:37,738] {dagbag.py:508} INFO - Filling up the DagBag from /opt/conda/lib/python3.8/site-packages/airflow/example_dags/plugins/workday.py
[2025-02-16 08:52:37,740] {processor.py:653} WARNING - No viable dags retrieved from /opt/conda/lib/python3.8/site-packages/airflow/example_dags/plugins/workday.py
[2025-02-16 08:52:37,751] {processor.py:161} INFO - Processing /opt/conda/lib/python3.8/site-packages/airflow/example_dags/plugins/workday.py took 0.018 seconds
[2025-02-16 08:53:24,873] {processor.py:153} INFO - Started process (PID=10164) to work on /opt/conda/lib/python3.8/site-packages/airflow/example_dags/plugins/workday.py
[2025-02-16 08:53:24,875] {processor.py:641} INFO - Processing file /opt/conda/lib/python3.8/site-packages/airflow/example_dags/plugins/workday.py for tasks to queue
[2025-02-16 08:53:24,876] {logging_mixin.py:115} INFO - [2025-02-16 08:53:24,875] {dagbag.py:508} INFO - Filling up the DagBag from /opt/conda/lib/python3.8/site-packages/airflow/example_dags/plugins/workday.py
[2025-02-16 08:53:24,877] {processor.py:653} WARNING - No viable dags retrieved from /opt/conda/lib/python3.8/site-packages/airflow/example_dags/plugins/workday.py
[2025-02-16 08:53:24,887] {processor.py:161} INFO - Processing /opt/conda/lib/python3.8/site-packages/airflow/example_dags/plugins/workday.py took 0.017 seconds
[2025-02-16 08:54:04,309] {processor.py:153} INFO - Started process (PID=10223) to work on /opt/conda/lib/python3.8/site-packages/airflow/example_dags/plugins/workday.py
[2025-02-16 08:54:04,311] {processor.py:641} INFO - Processing file /opt/conda/lib/python3.8/site-packages/airflow/example_dags/plugins/workday.py for tasks to queue
[2025-02-16 08:54:04,311] {logging_mixin.py:115} INFO - [2025-02-16 08:54:04,311] {dagbag.py:508} INFO - Filling up the DagBag from /opt/conda/lib/python3.8/site-packages/airflow/example_dags/plugins/workday.py
[2025-02-16 08:54:04,313] {processor.py:653} WARNING - No viable dags retrieved from /opt/conda/lib/python3.8/site-packages/airflow/example_dags/plugins/workday.py
[2025-02-16 08:54:04,324] {processor.py:161} INFO - Processing /opt/conda/lib/python3.8/site-packages/airflow/example_dags/plugins/workday.py took 0.018 seconds
[2025-02-16 08:57:02,461] {processor.py:153} INFO - Started process (PID=10322) to work on /opt/conda/lib/python3.8/site-packages/airflow/example_dags/plugins/workday.py
[2025-02-16 08:57:02,463] {processor.py:641} INFO - Processing file /opt/conda/lib/python3.8/site-packages/airflow/example_dags/plugins/workday.py for tasks to queue
[2025-02-16 08:57:02,464] {logging_mixin.py:115} INFO - [2025-02-16 08:57:02,464] {dagbag.py:508} INFO - Filling up the DagBag from /opt/conda/lib/python3.8/site-packages/airflow/example_dags/plugins/workday.py
[2025-02-16 08:57:02,466] {processor.py:653} WARNING - No viable dags retrieved from /opt/conda/lib/python3.8/site-packages/airflow/example_dags/plugins/workday.py
[2025-02-16 08:57:02,476] {processor.py:161} INFO - Processing /opt/conda/lib/python3.8/site-packages/airflow/example_dags/plugins/workday.py took 0.018 seconds
[2025-02-16 08:57:40,560] {processor.py:153} INFO - Started process (PID=10376) to work on /opt/conda/lib/python3.8/site-packages/airflow/example_dags/plugins/workday.py
[2025-02-16 08:57:40,562] {processor.py:641} INFO - Processing file /opt/conda/lib/python3.8/site-packages/airflow/example_dags/plugins/workday.py for tasks to queue
[2025-02-16 08:57:40,562] {logging_mixin.py:115} INFO - [2025-02-16 08:57:40,562] {dagbag.py:508} INFO - Filling up the DagBag from /opt/conda/lib/python3.8/site-packages/airflow/example_dags/plugins/workday.py
[2025-02-16 08:57:40,564] {processor.py:653} WARNING - No viable dags retrieved from /opt/conda/lib/python3.8/site-packages/airflow/example_dags/plugins/workday.py
[2025-02-16 08:57:40,575] {processor.py:161} INFO - Processing /opt/conda/lib/python3.8/site-packages/airflow/example_dags/plugins/workday.py took 0.017 seconds
[2025-02-16 08:58:26,926] {processor.py:153} INFO - Started process (PID=10455) to work on /opt/conda/lib/python3.8/site-packages/airflow/example_dags/plugins/workday.py
[2025-02-16 08:58:26,927] {processor.py:641} INFO - Processing file /opt/conda/lib/python3.8/site-packages/airflow/example_dags/plugins/workday.py for tasks to queue
[2025-02-16 08:58:26,928] {logging_mixin.py:115} INFO - [2025-02-16 08:58:26,928] {dagbag.py:508} INFO - Filling up the DagBag from /opt/conda/lib/python3.8/site-packages/airflow/example_dags/plugins/workday.py
[2025-02-16 08:58:26,929] {processor.py:653} WARNING - No viable dags retrieved from /opt/conda/lib/python3.8/site-packages/airflow/example_dags/plugins/workday.py
[2025-02-16 08:58:26,940] {processor.py:161} INFO - Processing /opt/conda/lib/python3.8/site-packages/airflow/example_dags/plugins/workday.py took 0.017 seconds
[2025-02-16 08:59:06,377] {processor.py:153} INFO - Started process (PID=10510) to work on /opt/conda/lib/python3.8/site-packages/airflow/example_dags/plugins/workday.py
[2025-02-16 08:59:06,378] {processor.py:641} INFO - Processing file /opt/conda/lib/python3.8/site-packages/airflow/example_dags/plugins/workday.py for tasks to queue
[2025-02-16 08:59:06,379] {logging_mixin.py:115} INFO - [2025-02-16 08:59:06,379] {dagbag.py:508} INFO - Filling up the DagBag from /opt/conda/lib/python3.8/site-packages/airflow/example_dags/plugins/workday.py
[2025-02-16 08:59:06,381] {processor.py:653} WARNING - No viable dags retrieved from /opt/conda/lib/python3.8/site-packages/airflow/example_dags/plugins/workday.py
[2025-02-16 08:59:06,391] {processor.py:161} INFO - Processing /opt/conda/lib/python3.8/site-packages/airflow/example_dags/plugins/workday.py took 0.017 seconds
[2025-02-16 08:59:48,040] {processor.py:153} INFO - Started process (PID=10743) to work on /opt/conda/lib/python3.8/site-packages/airflow/example_dags/plugins/workday.py
[2025-02-16 08:59:48,041] {processor.py:641} INFO - Processing file /opt/conda/lib/python3.8/site-packages/airflow/example_dags/plugins/workday.py for tasks to queue
[2025-02-16 08:59:48,042] {logging_mixin.py:115} INFO - [2025-02-16 08:59:48,042] {dagbag.py:508} INFO - Filling up the DagBag from /opt/conda/lib/python3.8/site-packages/airflow/example_dags/plugins/workday.py
[2025-02-16 08:59:48,044] {processor.py:653} WARNING - No viable dags retrieved from /opt/conda/lib/python3.8/site-packages/airflow/example_dags/plugins/workday.py
[2025-02-16 08:59:48,054] {processor.py:161} INFO - Processing /opt/conda/lib/python3.8/site-packages/airflow/example_dags/plugins/workday.py took 0.017 seconds
[2025-02-16 09:00:32,321] {processor.py:153} INFO - Started process (PID=10805) to work on /opt/conda/lib/python3.8/site-packages/airflow/example_dags/plugins/workday.py
[2025-02-16 09:00:32,322] {processor.py:641} INFO - Processing file /opt/conda/lib/python3.8/site-packages/airflow/example_dags/plugins/workday.py for tasks to queue
[2025-02-16 09:00:32,323] {logging_mixin.py:115} INFO - [2025-02-16 09:00:32,323] {dagbag.py:508} INFO - Filling up the DagBag from /opt/conda/lib/python3.8/site-packages/airflow/example_dags/plugins/workday.py
[2025-02-16 09:00:32,325] {processor.py:653} WARNING - No viable dags retrieved from /opt/conda/lib/python3.8/site-packages/airflow/example_dags/plugins/workday.py
[2025-02-16 09:00:32,335] {processor.py:161} INFO - Processing /opt/conda/lib/python3.8/site-packages/airflow/example_dags/plugins/workday.py took 0.018 seconds
[2025-02-16 09:01:11,684] {processor.py:153} INFO - Started process (PID=10861) to work on /opt/conda/lib/python3.8/site-packages/airflow/example_dags/plugins/workday.py
[2025-02-16 09:01:11,687] {processor.py:641} INFO - Processing file /opt/conda/lib/python3.8/site-packages/airflow/example_dags/plugins/workday.py for tasks to queue
[2025-02-16 09:01:11,688] {logging_mixin.py:115} INFO - [2025-02-16 09:01:11,688] {dagbag.py:508} INFO - Filling up the DagBag from /opt/conda/lib/python3.8/site-packages/airflow/example_dags/plugins/workday.py
[2025-02-16 09:01:11,689] {processor.py:653} WARNING - No viable dags retrieved from /opt/conda/lib/python3.8/site-packages/airflow/example_dags/plugins/workday.py
[2025-02-16 09:01:11,700] {processor.py:161} INFO - Processing /opt/conda/lib/python3.8/site-packages/airflow/example_dags/plugins/workday.py took 0.018 seconds
[2025-02-16 09:01:54,533] {processor.py:153} INFO - Started process (PID=10948) to work on /opt/conda/lib/python3.8/site-packages/airflow/example_dags/plugins/workday.py
[2025-02-16 09:01:54,535] {processor.py:641} INFO - Processing file /opt/conda/lib/python3.8/site-packages/airflow/example_dags/plugins/workday.py for tasks to queue
[2025-02-16 09:01:54,535] {logging_mixin.py:115} INFO - [2025-02-16 09:01:54,535] {dagbag.py:508} INFO - Filling up the DagBag from /opt/conda/lib/python3.8/site-packages/airflow/example_dags/plugins/workday.py
[2025-02-16 09:01:54,537] {processor.py:653} WARNING - No viable dags retrieved from /opt/conda/lib/python3.8/site-packages/airflow/example_dags/plugins/workday.py
[2025-02-16 09:01:54,548] {processor.py:161} INFO - Processing /opt/conda/lib/python3.8/site-packages/airflow/example_dags/plugins/workday.py took 0.017 seconds
[2025-02-16 09:02:40,581] {processor.py:153} INFO - Started process (PID=11018) to work on /opt/conda/lib/python3.8/site-packages/airflow/example_dags/plugins/workday.py
[2025-02-16 09:02:40,583] {processor.py:641} INFO - Processing file /opt/conda/lib/python3.8/site-packages/airflow/example_dags/plugins/workday.py for tasks to queue
[2025-02-16 09:02:40,584] {logging_mixin.py:115} INFO - [2025-02-16 09:02:40,584] {dagbag.py:508} INFO - Filling up the DagBag from /opt/conda/lib/python3.8/site-packages/airflow/example_dags/plugins/workday.py
[2025-02-16 09:02:40,586] {processor.py:653} WARNING - No viable dags retrieved from /opt/conda/lib/python3.8/site-packages/airflow/example_dags/plugins/workday.py
[2025-02-16 09:02:40,597] {processor.py:161} INFO - Processing /opt/conda/lib/python3.8/site-packages/airflow/example_dags/plugins/workday.py took 0.018 seconds
[2025-02-16 09:03:27,024] {processor.py:153} INFO - Started process (PID=11083) to work on /opt/conda/lib/python3.8/site-packages/airflow/example_dags/plugins/workday.py
[2025-02-16 09:03:27,026] {processor.py:641} INFO - Processing file /opt/conda/lib/python3.8/site-packages/airflow/example_dags/plugins/workday.py for tasks to queue
[2025-02-16 09:03:27,026] {logging_mixin.py:115} INFO - [2025-02-16 09:03:27,026] {dagbag.py:508} INFO - Filling up the DagBag from /opt/conda/lib/python3.8/site-packages/airflow/example_dags/plugins/workday.py
[2025-02-16 09:03:27,028] {processor.py:653} WARNING - No viable dags retrieved from /opt/conda/lib/python3.8/site-packages/airflow/example_dags/plugins/workday.py
[2025-02-16 09:03:27,039] {processor.py:161} INFO - Processing /opt/conda/lib/python3.8/site-packages/airflow/example_dags/plugins/workday.py took 0.018 seconds
[2025-02-16 09:04:14,888] {processor.py:153} INFO - Started process (PID=11154) to work on /opt/conda/lib/python3.8/site-packages/airflow/example_dags/plugins/workday.py
[2025-02-16 09:04:14,889] {processor.py:641} INFO - Processing file /opt/conda/lib/python3.8/site-packages/airflow/example_dags/plugins/workday.py for tasks to queue
[2025-02-16 09:04:14,890] {logging_mixin.py:115} INFO - [2025-02-16 09:04:14,890] {dagbag.py:508} INFO - Filling up the DagBag from /opt/conda/lib/python3.8/site-packages/airflow/example_dags/plugins/workday.py
[2025-02-16 09:04:14,892] {processor.py:653} WARNING - No viable dags retrieved from /opt/conda/lib/python3.8/site-packages/airflow/example_dags/plugins/workday.py
[2025-02-16 09:04:14,903] {processor.py:161} INFO - Processing /opt/conda/lib/python3.8/site-packages/airflow/example_dags/plugins/workday.py took 0.019 seconds
[2025-02-16 09:04:55,901] {processor.py:153} INFO - Started process (PID=11217) to work on /opt/conda/lib/python3.8/site-packages/airflow/example_dags/plugins/workday.py
[2025-02-16 09:04:55,903] {processor.py:641} INFO - Processing file /opt/conda/lib/python3.8/site-packages/airflow/example_dags/plugins/workday.py for tasks to queue
[2025-02-16 09:04:55,904] {logging_mixin.py:115} INFO - [2025-02-16 09:04:55,904] {dagbag.py:508} INFO - Filling up the DagBag from /opt/conda/lib/python3.8/site-packages/airflow/example_dags/plugins/workday.py
[2025-02-16 09:04:55,906] {processor.py:653} WARNING - No viable dags retrieved from /opt/conda/lib/python3.8/site-packages/airflow/example_dags/plugins/workday.py
[2025-02-16 09:04:55,916] {processor.py:161} INFO - Processing /opt/conda/lib/python3.8/site-packages/airflow/example_dags/plugins/workday.py took 0.018 seconds
[2025-02-16 09:05:39,196] {processor.py:153} INFO - Started process (PID=11293) to work on /opt/conda/lib/python3.8/site-packages/airflow/example_dags/plugins/workday.py
[2025-02-16 09:05:39,198] {processor.py:641} INFO - Processing file /opt/conda/lib/python3.8/site-packages/airflow/example_dags/plugins/workday.py for tasks to queue
[2025-02-16 09:05:39,198] {logging_mixin.py:115} INFO - [2025-02-16 09:05:39,198] {dagbag.py:508} INFO - Filling up the DagBag from /opt/conda/lib/python3.8/site-packages/airflow/example_dags/plugins/workday.py
[2025-02-16 09:05:39,200] {processor.py:653} WARNING - No viable dags retrieved from /opt/conda/lib/python3.8/site-packages/airflow/example_dags/plugins/workday.py
[2025-02-16 09:05:39,211] {processor.py:161} INFO - Processing /opt/conda/lib/python3.8/site-packages/airflow/example_dags/plugins/workday.py took 0.018 seconds
[2025-02-16 09:06:17,821] {processor.py:153} INFO - Started process (PID=11347) to work on /opt/conda/lib/python3.8/site-packages/airflow/example_dags/plugins/workday.py
[2025-02-16 09:06:17,823] {processor.py:641} INFO - Processing file /opt/conda/lib/python3.8/site-packages/airflow/example_dags/plugins/workday.py for tasks to queue
[2025-02-16 09:06:17,823] {logging_mixin.py:115} INFO - [2025-02-16 09:06:17,823] {dagbag.py:508} INFO - Filling up the DagBag from /opt/conda/lib/python3.8/site-packages/airflow/example_dags/plugins/workday.py
[2025-02-16 09:06:17,825] {processor.py:653} WARNING - No viable dags retrieved from /opt/conda/lib/python3.8/site-packages/airflow/example_dags/plugins/workday.py
[2025-02-16 09:06:17,836] {processor.py:161} INFO - Processing /opt/conda/lib/python3.8/site-packages/airflow/example_dags/plugins/workday.py took 0.018 seconds
[2025-02-16 09:07:05,546] {processor.py:153} INFO - Started process (PID=11428) to work on /opt/conda/lib/python3.8/site-packages/airflow/example_dags/plugins/workday.py
[2025-02-16 09:07:05,548] {processor.py:641} INFO - Processing file /opt/conda/lib/python3.8/site-packages/airflow/example_dags/plugins/workday.py for tasks to queue
[2025-02-16 09:07:05,548] {logging_mixin.py:115} INFO - [2025-02-16 09:07:05,548] {dagbag.py:508} INFO - Filling up the DagBag from /opt/conda/lib/python3.8/site-packages/airflow/example_dags/plugins/workday.py
[2025-02-16 09:07:05,550] {processor.py:653} WARNING - No viable dags retrieved from /opt/conda/lib/python3.8/site-packages/airflow/example_dags/plugins/workday.py
[2025-02-16 09:07:05,560] {processor.py:161} INFO - Processing /opt/conda/lib/python3.8/site-packages/airflow/example_dags/plugins/workday.py took 0.017 seconds
[2025-02-16 09:07:51,189] {processor.py:153} INFO - Started process (PID=11520) to work on /opt/conda/lib/python3.8/site-packages/airflow/example_dags/plugins/workday.py
[2025-02-16 09:07:51,191] {processor.py:641} INFO - Processing file /opt/conda/lib/python3.8/site-packages/airflow/example_dags/plugins/workday.py for tasks to queue
[2025-02-16 09:07:51,192] {logging_mixin.py:115} INFO - [2025-02-16 09:07:51,192] {dagbag.py:508} INFO - Filling up the DagBag from /opt/conda/lib/python3.8/site-packages/airflow/example_dags/plugins/workday.py
[2025-02-16 09:07:51,193] {processor.py:653} WARNING - No viable dags retrieved from /opt/conda/lib/python3.8/site-packages/airflow/example_dags/plugins/workday.py
[2025-02-16 09:07:51,203] {processor.py:161} INFO - Processing /opt/conda/lib/python3.8/site-packages/airflow/example_dags/plugins/workday.py took 0.017 seconds
[2025-02-16 09:08:32,712] {processor.py:153} INFO - Started process (PID=11591) to work on /opt/conda/lib/python3.8/site-packages/airflow/example_dags/plugins/workday.py
[2025-02-16 09:08:32,714] {processor.py:641} INFO - Processing file /opt/conda/lib/python3.8/site-packages/airflow/example_dags/plugins/workday.py for tasks to queue
[2025-02-16 09:08:32,714] {logging_mixin.py:115} INFO - [2025-02-16 09:08:32,714] {dagbag.py:508} INFO - Filling up the DagBag from /opt/conda/lib/python3.8/site-packages/airflow/example_dags/plugins/workday.py
[2025-02-16 09:08:32,716] {processor.py:653} WARNING - No viable dags retrieved from /opt/conda/lib/python3.8/site-packages/airflow/example_dags/plugins/workday.py
[2025-02-16 09:08:32,726] {processor.py:161} INFO - Processing /opt/conda/lib/python3.8/site-packages/airflow/example_dags/plugins/workday.py took 0.017 seconds
[2025-02-16 09:09:16,269] {processor.py:153} INFO - Started process (PID=11675) to work on /opt/conda/lib/python3.8/site-packages/airflow/example_dags/plugins/workday.py
[2025-02-16 09:09:16,271] {processor.py:641} INFO - Processing file /opt/conda/lib/python3.8/site-packages/airflow/example_dags/plugins/workday.py for tasks to queue
[2025-02-16 09:09:16,272] {logging_mixin.py:115} INFO - [2025-02-16 09:09:16,271] {dagbag.py:508} INFO - Filling up the DagBag from /opt/conda/lib/python3.8/site-packages/airflow/example_dags/plugins/workday.py
[2025-02-16 09:09:16,273] {processor.py:653} WARNING - No viable dags retrieved from /opt/conda/lib/python3.8/site-packages/airflow/example_dags/plugins/workday.py
[2025-02-16 09:09:16,284] {processor.py:161} INFO - Processing /opt/conda/lib/python3.8/site-packages/airflow/example_dags/plugins/workday.py took 0.018 seconds
[2025-02-16 09:09:56,941] {processor.py:153} INFO - Started process (PID=11747) to work on /opt/conda/lib/python3.8/site-packages/airflow/example_dags/plugins/workday.py
[2025-02-16 09:09:56,943] {processor.py:641} INFO - Processing file /opt/conda/lib/python3.8/site-packages/airflow/example_dags/plugins/workday.py for tasks to queue
[2025-02-16 09:09:56,944] {logging_mixin.py:115} INFO - [2025-02-16 09:09:56,943] {dagbag.py:508} INFO - Filling up the DagBag from /opt/conda/lib/python3.8/site-packages/airflow/example_dags/plugins/workday.py
[2025-02-16 09:09:56,945] {processor.py:653} WARNING - No viable dags retrieved from /opt/conda/lib/python3.8/site-packages/airflow/example_dags/plugins/workday.py
[2025-02-16 09:09:56,956] {processor.py:161} INFO - Processing /opt/conda/lib/python3.8/site-packages/airflow/example_dags/plugins/workday.py took 0.017 seconds
[2025-02-16 09:10:36,664] {processor.py:153} INFO - Started process (PID=11810) to work on /opt/conda/lib/python3.8/site-packages/airflow/example_dags/plugins/workday.py
[2025-02-16 09:10:36,665] {processor.py:641} INFO - Processing file /opt/conda/lib/python3.8/site-packages/airflow/example_dags/plugins/workday.py for tasks to queue
[2025-02-16 09:10:36,666] {logging_mixin.py:115} INFO - [2025-02-16 09:10:36,666] {dagbag.py:508} INFO - Filling up the DagBag from /opt/conda/lib/python3.8/site-packages/airflow/example_dags/plugins/workday.py
[2025-02-16 09:10:36,668] {processor.py:653} WARNING - No viable dags retrieved from /opt/conda/lib/python3.8/site-packages/airflow/example_dags/plugins/workday.py
[2025-02-16 09:10:36,678] {processor.py:161} INFO - Processing /opt/conda/lib/python3.8/site-packages/airflow/example_dags/plugins/workday.py took 0.017 seconds
[2025-02-16 09:11:15,376] {processor.py:153} INFO - Started process (PID=11873) to work on /opt/conda/lib/python3.8/site-packages/airflow/example_dags/plugins/workday.py
[2025-02-16 09:11:15,378] {processor.py:641} INFO - Processing file /opt/conda/lib/python3.8/site-packages/airflow/example_dags/plugins/workday.py for tasks to queue
[2025-02-16 09:11:15,378] {logging_mixin.py:115} INFO - [2025-02-16 09:11:15,378] {dagbag.py:508} INFO - Filling up the DagBag from /opt/conda/lib/python3.8/site-packages/airflow/example_dags/plugins/workday.py
[2025-02-16 09:11:15,380] {processor.py:653} WARNING - No viable dags retrieved from /opt/conda/lib/python3.8/site-packages/airflow/example_dags/plugins/workday.py
[2025-02-16 09:11:15,390] {processor.py:161} INFO - Processing /opt/conda/lib/python3.8/site-packages/airflow/example_dags/plugins/workday.py took 0.018 seconds
[2025-02-16 09:11:55,692] {processor.py:153} INFO - Started process (PID=11936) to work on /opt/conda/lib/python3.8/site-packages/airflow/example_dags/plugins/workday.py
[2025-02-16 09:11:55,694] {processor.py:641} INFO - Processing file /opt/conda/lib/python3.8/site-packages/airflow/example_dags/plugins/workday.py for tasks to queue
[2025-02-16 09:11:55,694] {logging_mixin.py:115} INFO - [2025-02-16 09:11:55,694] {dagbag.py:508} INFO - Filling up the DagBag from /opt/conda/lib/python3.8/site-packages/airflow/example_dags/plugins/workday.py
[2025-02-16 09:11:55,696] {processor.py:653} WARNING - No viable dags retrieved from /opt/conda/lib/python3.8/site-packages/airflow/example_dags/plugins/workday.py
[2025-02-16 09:11:55,706] {processor.py:161} INFO - Processing /opt/conda/lib/python3.8/site-packages/airflow/example_dags/plugins/workday.py took 0.017 seconds
[2025-02-16 09:12:39,604] {processor.py:153} INFO - Started process (PID=12010) to work on /opt/conda/lib/python3.8/site-packages/airflow/example_dags/plugins/workday.py
[2025-02-16 09:12:39,606] {processor.py:641} INFO - Processing file /opt/conda/lib/python3.8/site-packages/airflow/example_dags/plugins/workday.py for tasks to queue
[2025-02-16 09:12:39,607] {logging_mixin.py:115} INFO - [2025-02-16 09:12:39,607] {dagbag.py:508} INFO - Filling up the DagBag from /opt/conda/lib/python3.8/site-packages/airflow/example_dags/plugins/workday.py
[2025-02-16 09:12:39,609] {processor.py:653} WARNING - No viable dags retrieved from /opt/conda/lib/python3.8/site-packages/airflow/example_dags/plugins/workday.py
[2025-02-16 09:12:39,619] {processor.py:161} INFO - Processing /opt/conda/lib/python3.8/site-packages/airflow/example_dags/plugins/workday.py took 0.018 seconds
[2025-02-16 09:13:21,388] {processor.py:153} INFO - Started process (PID=12248) to work on /opt/conda/lib/python3.8/site-packages/airflow/example_dags/plugins/workday.py
[2025-02-16 09:13:21,392] {processor.py:641} INFO - Processing file /opt/conda/lib/python3.8/site-packages/airflow/example_dags/plugins/workday.py for tasks to queue
[2025-02-16 09:13:21,393] {logging_mixin.py:115} INFO - [2025-02-16 09:13:21,393] {dagbag.py:508} INFO - Filling up the DagBag from /opt/conda/lib/python3.8/site-packages/airflow/example_dags/plugins/workday.py
[2025-02-16 09:13:21,395] {processor.py:653} WARNING - No viable dags retrieved from /opt/conda/lib/python3.8/site-packages/airflow/example_dags/plugins/workday.py
[2025-02-16 09:13:21,408] {processor.py:161} INFO - Processing /opt/conda/lib/python3.8/site-packages/airflow/example_dags/plugins/workday.py took 0.023 seconds
[2025-02-16 09:14:04,386] {processor.py:153} INFO - Started process (PID=12335) to work on /opt/conda/lib/python3.8/site-packages/airflow/example_dags/plugins/workday.py
[2025-02-16 09:14:04,388] {processor.py:641} INFO - Processing file /opt/conda/lib/python3.8/site-packages/airflow/example_dags/plugins/workday.py for tasks to queue
[2025-02-16 09:14:04,389] {logging_mixin.py:115} INFO - [2025-02-16 09:14:04,389] {dagbag.py:508} INFO - Filling up the DagBag from /opt/conda/lib/python3.8/site-packages/airflow/example_dags/plugins/workday.py
[2025-02-16 09:14:04,391] {processor.py:653} WARNING - No viable dags retrieved from /opt/conda/lib/python3.8/site-packages/airflow/example_dags/plugins/workday.py
[2025-02-16 09:14:04,404] {processor.py:161} INFO - Processing /opt/conda/lib/python3.8/site-packages/airflow/example_dags/plugins/workday.py took 0.022 seconds
[2025-02-16 09:14:53,500] {processor.py:153} INFO - Started process (PID=12433) to work on /opt/conda/lib/python3.8/site-packages/airflow/example_dags/plugins/workday.py
[2025-02-16 09:14:53,502] {processor.py:641} INFO - Processing file /opt/conda/lib/python3.8/site-packages/airflow/example_dags/plugins/workday.py for tasks to queue
[2025-02-16 09:14:53,502] {logging_mixin.py:115} INFO - [2025-02-16 09:14:53,502] {dagbag.py:508} INFO - Filling up the DagBag from /opt/conda/lib/python3.8/site-packages/airflow/example_dags/plugins/workday.py
[2025-02-16 09:14:53,504] {processor.py:653} WARNING - No viable dags retrieved from /opt/conda/lib/python3.8/site-packages/airflow/example_dags/plugins/workday.py
[2025-02-16 09:14:53,515] {processor.py:161} INFO - Processing /opt/conda/lib/python3.8/site-packages/airflow/example_dags/plugins/workday.py took 0.018 seconds
[2025-02-16 09:15:32,937] {processor.py:153} INFO - Started process (PID=12496) to work on /opt/conda/lib/python3.8/site-packages/airflow/example_dags/plugins/workday.py
[2025-02-16 09:15:32,939] {processor.py:641} INFO - Processing file /opt/conda/lib/python3.8/site-packages/airflow/example_dags/plugins/workday.py for tasks to queue
[2025-02-16 09:15:32,940] {logging_mixin.py:115} INFO - [2025-02-16 09:15:32,940] {dagbag.py:508} INFO - Filling up the DagBag from /opt/conda/lib/python3.8/site-packages/airflow/example_dags/plugins/workday.py
[2025-02-16 09:15:32,941] {processor.py:653} WARNING - No viable dags retrieved from /opt/conda/lib/python3.8/site-packages/airflow/example_dags/plugins/workday.py
[2025-02-16 09:15:32,952] {processor.py:161} INFO - Processing /opt/conda/lib/python3.8/site-packages/airflow/example_dags/plugins/workday.py took 0.018 seconds
[2025-02-16 09:16:13,586] {processor.py:153} INFO - Started process (PID=12560) to work on /opt/conda/lib/python3.8/site-packages/airflow/example_dags/plugins/workday.py
[2025-02-16 09:16:13,587] {processor.py:641} INFO - Processing file /opt/conda/lib/python3.8/site-packages/airflow/example_dags/plugins/workday.py for tasks to queue
[2025-02-16 09:16:13,588] {logging_mixin.py:115} INFO - [2025-02-16 09:16:13,588] {dagbag.py:508} INFO - Filling up the DagBag from /opt/conda/lib/python3.8/site-packages/airflow/example_dags/plugins/workday.py
[2025-02-16 09:16:13,590] {processor.py:653} WARNING - No viable dags retrieved from /opt/conda/lib/python3.8/site-packages/airflow/example_dags/plugins/workday.py
[2025-02-16 09:16:13,603] {processor.py:161} INFO - Processing /opt/conda/lib/python3.8/site-packages/airflow/example_dags/plugins/workday.py took 0.020 seconds
[2025-02-16 09:16:59,073] {processor.py:153} INFO - Started process (PID=12638) to work on /opt/conda/lib/python3.8/site-packages/airflow/example_dags/plugins/workday.py
[2025-02-16 09:16:59,075] {processor.py:641} INFO - Processing file /opt/conda/lib/python3.8/site-packages/airflow/example_dags/plugins/workday.py for tasks to queue
[2025-02-16 09:16:59,075] {logging_mixin.py:115} INFO - [2025-02-16 09:16:59,075] {dagbag.py:508} INFO - Filling up the DagBag from /opt/conda/lib/python3.8/site-packages/airflow/example_dags/plugins/workday.py
[2025-02-16 09:16:59,077] {processor.py:653} WARNING - No viable dags retrieved from /opt/conda/lib/python3.8/site-packages/airflow/example_dags/plugins/workday.py
[2025-02-16 09:16:59,087] {processor.py:161} INFO - Processing /opt/conda/lib/python3.8/site-packages/airflow/example_dags/plugins/workday.py took 0.017 seconds
[2025-02-16 09:17:46,289] {processor.py:153} INFO - Started process (PID=12718) to work on /opt/conda/lib/python3.8/site-packages/airflow/example_dags/plugins/workday.py
[2025-02-16 09:17:46,291] {processor.py:641} INFO - Processing file /opt/conda/lib/python3.8/site-packages/airflow/example_dags/plugins/workday.py for tasks to queue
[2025-02-16 09:17:46,291] {logging_mixin.py:115} INFO - [2025-02-16 09:17:46,291] {dagbag.py:508} INFO - Filling up the DagBag from /opt/conda/lib/python3.8/site-packages/airflow/example_dags/plugins/workday.py
[2025-02-16 09:17:46,293] {processor.py:653} WARNING - No viable dags retrieved from /opt/conda/lib/python3.8/site-packages/airflow/example_dags/plugins/workday.py
[2025-02-16 09:17:46,303] {processor.py:161} INFO - Processing /opt/conda/lib/python3.8/site-packages/airflow/example_dags/plugins/workday.py took 0.016 seconds
[2025-02-16 09:18:30,481] {processor.py:153} INFO - Started process (PID=12807) to work on /opt/conda/lib/python3.8/site-packages/airflow/example_dags/plugins/workday.py
[2025-02-16 09:18:30,483] {processor.py:641} INFO - Processing file /opt/conda/lib/python3.8/site-packages/airflow/example_dags/plugins/workday.py for tasks to queue
[2025-02-16 09:18:30,484] {logging_mixin.py:115} INFO - [2025-02-16 09:18:30,484] {dagbag.py:508} INFO - Filling up the DagBag from /opt/conda/lib/python3.8/site-packages/airflow/example_dags/plugins/workday.py
[2025-02-16 09:18:30,485] {processor.py:653} WARNING - No viable dags retrieved from /opt/conda/lib/python3.8/site-packages/airflow/example_dags/plugins/workday.py
[2025-02-16 09:18:30,496] {processor.py:161} INFO - Processing /opt/conda/lib/python3.8/site-packages/airflow/example_dags/plugins/workday.py took 0.018 seconds
[2025-02-16 09:19:13,217] {processor.py:153} INFO - Started process (PID=12890) to work on /opt/conda/lib/python3.8/site-packages/airflow/example_dags/plugins/workday.py
[2025-02-16 09:19:13,219] {processor.py:641} INFO - Processing file /opt/conda/lib/python3.8/site-packages/airflow/example_dags/plugins/workday.py for tasks to queue
[2025-02-16 09:19:13,219] {logging_mixin.py:115} INFO - [2025-02-16 09:19:13,219] {dagbag.py:508} INFO - Filling up the DagBag from /opt/conda/lib/python3.8/site-packages/airflow/example_dags/plugins/workday.py
[2025-02-16 09:19:13,221] {processor.py:653} WARNING - No viable dags retrieved from /opt/conda/lib/python3.8/site-packages/airflow/example_dags/plugins/workday.py
[2025-02-16 09:19:13,233] {processor.py:161} INFO - Processing /opt/conda/lib/python3.8/site-packages/airflow/example_dags/plugins/workday.py took 0.020 seconds
[2025-02-16 09:19:58,417] {processor.py:153} INFO - Started process (PID=12965) to work on /opt/conda/lib/python3.8/site-packages/airflow/example_dags/plugins/workday.py
[2025-02-16 09:19:58,419] {processor.py:641} INFO - Processing file /opt/conda/lib/python3.8/site-packages/airflow/example_dags/plugins/workday.py for tasks to queue
[2025-02-16 09:19:58,419] {logging_mixin.py:115} INFO - [2025-02-16 09:19:58,419] {dagbag.py:508} INFO - Filling up the DagBag from /opt/conda/lib/python3.8/site-packages/airflow/example_dags/plugins/workday.py
[2025-02-16 09:19:58,421] {processor.py:653} WARNING - No viable dags retrieved from /opt/conda/lib/python3.8/site-packages/airflow/example_dags/plugins/workday.py
[2025-02-16 09:19:58,431] {processor.py:161} INFO - Processing /opt/conda/lib/python3.8/site-packages/airflow/example_dags/plugins/workday.py took 0.017 seconds
[2025-02-16 09:20:46,208] {processor.py:153} INFO - Started process (PID=13042) to work on /opt/conda/lib/python3.8/site-packages/airflow/example_dags/plugins/workday.py
[2025-02-16 09:20:46,210] {processor.py:641} INFO - Processing file /opt/conda/lib/python3.8/site-packages/airflow/example_dags/plugins/workday.py for tasks to queue
[2025-02-16 09:20:46,210] {logging_mixin.py:115} INFO - [2025-02-16 09:20:46,210] {dagbag.py:508} INFO - Filling up the DagBag from /opt/conda/lib/python3.8/site-packages/airflow/example_dags/plugins/workday.py
[2025-02-16 09:20:46,212] {processor.py:653} WARNING - No viable dags retrieved from /opt/conda/lib/python3.8/site-packages/airflow/example_dags/plugins/workday.py
[2025-02-16 09:20:46,223] {processor.py:161} INFO - Processing /opt/conda/lib/python3.8/site-packages/airflow/example_dags/plugins/workday.py took 0.017 seconds
[2025-02-16 09:21:28,564] {processor.py:153} INFO - Started process (PID=13118) to work on /opt/conda/lib/python3.8/site-packages/airflow/example_dags/plugins/workday.py
[2025-02-16 09:21:28,566] {processor.py:641} INFO - Processing file /opt/conda/lib/python3.8/site-packages/airflow/example_dags/plugins/workday.py for tasks to queue
[2025-02-16 09:21:28,567] {logging_mixin.py:115} INFO - [2025-02-16 09:21:28,567] {dagbag.py:508} INFO - Filling up the DagBag from /opt/conda/lib/python3.8/site-packages/airflow/example_dags/plugins/workday.py
[2025-02-16 09:21:28,569] {processor.py:653} WARNING - No viable dags retrieved from /opt/conda/lib/python3.8/site-packages/airflow/example_dags/plugins/workday.py
[2025-02-16 09:21:28,579] {processor.py:161} INFO - Processing /opt/conda/lib/python3.8/site-packages/airflow/example_dags/plugins/workday.py took 0.018 seconds
[2025-02-16 09:23:37,441] {processor.py:153} INFO - Started process (PID=13382) to work on /opt/conda/lib/python3.8/site-packages/airflow/example_dags/plugins/workday.py
[2025-02-16 09:23:37,445] {processor.py:641} INFO - Processing file /opt/conda/lib/python3.8/site-packages/airflow/example_dags/plugins/workday.py for tasks to queue
[2025-02-16 09:23:37,445] {logging_mixin.py:115} INFO - [2025-02-16 09:23:37,445] {dagbag.py:508} INFO - Filling up the DagBag from /opt/conda/lib/python3.8/site-packages/airflow/example_dags/plugins/workday.py
[2025-02-16 09:23:37,448] {processor.py:653} WARNING - No viable dags retrieved from /opt/conda/lib/python3.8/site-packages/airflow/example_dags/plugins/workday.py
[2025-02-16 09:23:37,459] {processor.py:161} INFO - Processing /opt/conda/lib/python3.8/site-packages/airflow/example_dags/plugins/workday.py took 0.021 seconds
[2025-02-16 09:23:59,184] {processor.py:153} INFO - Started process (PID=13448) to work on /opt/conda/lib/python3.8/site-packages/airflow/example_dags/plugins/workday.py
[2025-02-16 09:23:59,185] {processor.py:641} INFO - Processing file /opt/conda/lib/python3.8/site-packages/airflow/example_dags/plugins/workday.py for tasks to queue
[2025-02-16 09:23:59,185] {logging_mixin.py:115} INFO - [2025-02-16 09:23:59,185] {dagbag.py:508} INFO - Filling up the DagBag from /opt/conda/lib/python3.8/site-packages/airflow/example_dags/plugins/workday.py
[2025-02-16 09:23:59,187] {processor.py:653} WARNING - No viable dags retrieved from /opt/conda/lib/python3.8/site-packages/airflow/example_dags/plugins/workday.py
[2025-02-16 09:23:59,198] {processor.py:161} INFO - Processing /opt/conda/lib/python3.8/site-packages/airflow/example_dags/plugins/workday.py took 0.016 seconds
[2025-02-16 09:24:19,426] {processor.py:153} INFO - Started process (PID=13542) to work on /opt/conda/lib/python3.8/site-packages/airflow/example_dags/plugins/workday.py
[2025-02-16 09:24:19,427] {processor.py:641} INFO - Processing file /opt/conda/lib/python3.8/site-packages/airflow/example_dags/plugins/workday.py for tasks to queue
[2025-02-16 09:24:19,428] {logging_mixin.py:115} INFO - [2025-02-16 09:24:19,428] {dagbag.py:508} INFO - Filling up the DagBag from /opt/conda/lib/python3.8/site-packages/airflow/example_dags/plugins/workday.py
[2025-02-16 09:24:19,430] {processor.py:653} WARNING - No viable dags retrieved from /opt/conda/lib/python3.8/site-packages/airflow/example_dags/plugins/workday.py
[2025-02-16 09:24:19,441] {processor.py:161} INFO - Processing /opt/conda/lib/python3.8/site-packages/airflow/example_dags/plugins/workday.py took 0.018 seconds
[2025-02-16 09:24:43,548] {processor.py:153} INFO - Started process (PID=13658) to work on /opt/conda/lib/python3.8/site-packages/airflow/example_dags/plugins/workday.py
[2025-02-16 09:24:43,549] {processor.py:641} INFO - Processing file /opt/conda/lib/python3.8/site-packages/airflow/example_dags/plugins/workday.py for tasks to queue
[2025-02-16 09:24:43,549] {logging_mixin.py:115} INFO - [2025-02-16 09:24:43,549] {dagbag.py:508} INFO - Filling up the DagBag from /opt/conda/lib/python3.8/site-packages/airflow/example_dags/plugins/workday.py
[2025-02-16 09:24:43,551] {processor.py:653} WARNING - No viable dags retrieved from /opt/conda/lib/python3.8/site-packages/airflow/example_dags/plugins/workday.py
[2025-02-16 09:24:43,561] {processor.py:161} INFO - Processing /opt/conda/lib/python3.8/site-packages/airflow/example_dags/plugins/workday.py took 0.016 seconds
[2025-02-16 09:24:57,113] {processor.py:153} INFO - Started process (PID=13731) to work on /opt/conda/lib/python3.8/site-packages/airflow/example_dags/plugins/workday.py
[2025-02-16 09:24:57,114] {processor.py:641} INFO - Processing file /opt/conda/lib/python3.8/site-packages/airflow/example_dags/plugins/workday.py for tasks to queue
[2025-02-16 09:24:57,115] {logging_mixin.py:115} INFO - [2025-02-16 09:24:57,115] {dagbag.py:508} INFO - Filling up the DagBag from /opt/conda/lib/python3.8/site-packages/airflow/example_dags/plugins/workday.py
[2025-02-16 09:24:57,117] {processor.py:653} WARNING - No viable dags retrieved from /opt/conda/lib/python3.8/site-packages/airflow/example_dags/plugins/workday.py
[2025-02-16 09:24:57,127] {processor.py:161} INFO - Processing /opt/conda/lib/python3.8/site-packages/airflow/example_dags/plugins/workday.py took 0.017 seconds
[2025-02-16 09:25:04,006] {processor.py:153} INFO - Started process (PID=13772) to work on /opt/conda/lib/python3.8/site-packages/airflow/example_dags/plugins/workday.py
[2025-02-16 09:25:04,007] {processor.py:641} INFO - Processing file /opt/conda/lib/python3.8/site-packages/airflow/example_dags/plugins/workday.py for tasks to queue
[2025-02-16 09:25:04,007] {logging_mixin.py:115} INFO - [2025-02-16 09:25:04,007] {dagbag.py:508} INFO - Filling up the DagBag from /opt/conda/lib/python3.8/site-packages/airflow/example_dags/plugins/workday.py
[2025-02-16 09:25:04,009] {processor.py:653} WARNING - No viable dags retrieved from /opt/conda/lib/python3.8/site-packages/airflow/example_dags/plugins/workday.py
[2025-02-16 09:25:04,020] {processor.py:161} INFO - Processing /opt/conda/lib/python3.8/site-packages/airflow/example_dags/plugins/workday.py took 0.017 seconds
