[2025-02-22 11:15:03,926] {taskinstance.py:1179} INFO - Dependencies all met for <TaskInstance: lead_scoring_data_pipeline.map_city_tier scheduled__2024-05-24T00:00:00+00:00 [queued]>
[2025-02-22 11:15:03,930] {taskinstance.py:1179} INFO - Dependencies all met for <TaskInstance: lead_scoring_data_pipeline.map_city_tier scheduled__2024-05-24T00:00:00+00:00 [queued]>
[2025-02-22 11:15:03,930] {taskinstance.py:1376} INFO - 
--------------------------------------------------------------------------------
[2025-02-22 11:15:03,930] {taskinstance.py:1377} INFO - Starting attempt 1 of 2
[2025-02-22 11:15:03,930] {taskinstance.py:1378} INFO - 
--------------------------------------------------------------------------------
[2025-02-22 11:15:03,952] {taskinstance.py:1397} INFO - Executing <Task(PythonOperator): map_city_tier> on 2024-05-24 00:00:00+00:00
[2025-02-22 11:15:03,956] {standard_task_runner.py:52} INFO - Started process 57383 to run task
[2025-02-22 11:15:03,958] {standard_task_runner.py:79} INFO - Running: ['airflow', 'tasks', 'run', 'lead_scoring_data_pipeline', 'map_city_tier', 'scheduled__2024-05-24T00:00:00+00:00', '--job-id', '400', '--raw', '--subdir', 'DAGS_FOLDER/lead_scoring_data_pipeline.py', '--cfg-path', '/tmp/tmp_ig98h01', '--error-file', '/tmp/tmpx_j69jk_']
[2025-02-22 11:15:03,960] {standard_task_runner.py:80} INFO - Job 400: Subtask map_city_tier
[2025-02-22 11:15:04,001] {task_command.py:371} INFO - Running <TaskInstance: lead_scoring_data_pipeline.map_city_tier scheduled__2024-05-24T00:00:00+00:00 [running]> on host 3766485c0f6d
[2025-02-22 11:15:04,072] {taskinstance.py:1589} INFO - Exporting the following env vars:
AIRFLOW_CTX_DAG_OWNER=airflow
AIRFLOW_CTX_DAG_ID=lead_scoring_data_pipeline
AIRFLOW_CTX_TASK_ID=map_city_tier
AIRFLOW_CTX_EXECUTION_DATE=2024-05-24T00:00:00+00:00
AIRFLOW_CTX_TRY_NUMBER=1
AIRFLOW_CTX_DAG_RUN_ID=scheduled__2024-05-24T00:00:00+00:00
[2025-02-22 11:15:04,073] {logging_mixin.py:115} INFO - Using Database: /workspace/Assignment/01_data_pipeline/scripts/utils_output.db
[2025-02-22 11:15:04,073] {logging_mixin.py:115} INFO - Error in mapping city tiers: unable to open database file
[2025-02-22 11:15:04,073] {python.py:173} INFO - Done. Returned value was: None
[2025-02-22 11:15:04,077] {taskinstance.py:1415} INFO - Marking task as SUCCESS. dag_id=lead_scoring_data_pipeline, task_id=map_city_tier, execution_date=20240524T000000, start_date=20250222T111503, end_date=20250222T111504
[2025-02-22 11:15:04,130] {local_task_job.py:156} INFO - Task exited with return code 0
[2025-02-22 11:15:04,178] {local_task_job.py:273} INFO - 1 downstream tasks scheduled from follow-on schedule check
