[2025-02-22 11:37:35,906] {taskinstance.py:1179} INFO - Dependencies all met for <TaskInstance: lead_scoring_data_pipeline.map_city_tier scheduled__2024-11-07T00:00:00+00:00 [queued]>
[2025-02-22 11:37:35,911] {taskinstance.py:1179} INFO - Dependencies all met for <TaskInstance: lead_scoring_data_pipeline.map_city_tier scheduled__2024-11-07T00:00:00+00:00 [queued]>
[2025-02-22 11:37:35,911] {taskinstance.py:1376} INFO - 
--------------------------------------------------------------------------------
[2025-02-22 11:37:35,911] {taskinstance.py:1377} INFO - Starting attempt 1 of 2
[2025-02-22 11:37:35,911] {taskinstance.py:1378} INFO - 
--------------------------------------------------------------------------------
[2025-02-22 11:37:35,928] {taskinstance.py:1397} INFO - Executing <Task(PythonOperator): map_city_tier> on 2024-11-07 00:00:00+00:00
[2025-02-22 11:37:35,932] {standard_task_runner.py:52} INFO - Started process 71682 to run task
[2025-02-22 11:37:35,935] {standard_task_runner.py:79} INFO - Running: ['airflow', 'tasks', 'run', 'lead_scoring_data_pipeline', 'map_city_tier', 'scheduled__2024-11-07T00:00:00+00:00', '--job-id', '1069', '--raw', '--subdir', 'DAGS_FOLDER/lead_scoring_data_pipeline.py', '--cfg-path', '/tmp/tmpk5ugmd8p', '--error-file', '/tmp/tmpa7pofcu6']
[2025-02-22 11:37:35,936] {standard_task_runner.py:80} INFO - Job 1069: Subtask map_city_tier
[2025-02-22 11:37:35,975] {task_command.py:371} INFO - Running <TaskInstance: lead_scoring_data_pipeline.map_city_tier scheduled__2024-11-07T00:00:00+00:00 [running]> on host 3766485c0f6d
[2025-02-22 11:37:36,039] {taskinstance.py:1589} INFO - Exporting the following env vars:
AIRFLOW_CTX_DAG_OWNER=airflow
AIRFLOW_CTX_DAG_ID=lead_scoring_data_pipeline
AIRFLOW_CTX_TASK_ID=map_city_tier
AIRFLOW_CTX_EXECUTION_DATE=2024-11-07T00:00:00+00:00
AIRFLOW_CTX_TRY_NUMBER=1
AIRFLOW_CTX_DAG_RUN_ID=scheduled__2024-11-07T00:00:00+00:00
[2025-02-22 11:37:36,039] {logging_mixin.py:115} INFO - Using Database: /workspace/Assignment/01_data_pipeline/scripts/utils_output.db
[2025-02-22 11:37:36,039] {logging_mixin.py:115} INFO - Error in mapping city tiers: unable to open database file
[2025-02-22 11:37:36,039] {python.py:173} INFO - Done. Returned value was: None
[2025-02-22 11:37:36,044] {taskinstance.py:1415} INFO - Marking task as SUCCESS. dag_id=lead_scoring_data_pipeline, task_id=map_city_tier, execution_date=20241107T000000, start_date=20250222T113735, end_date=20250222T113736
[2025-02-22 11:37:36,066] {local_task_job.py:156} INFO - Task exited with return code 0
[2025-02-22 11:37:36,101] {local_task_job.py:273} INFO - 1 downstream tasks scheduled from follow-on schedule check
