[2025-02-22 11:43:19,774] {taskinstance.py:1179} INFO - Dependencies all met for <TaskInstance: lead_scoring_data_pipeline.map_categorical_vars scheduled__2024-12-13T00:00:00+00:00 [queued]>
[2025-02-22 11:43:19,779] {taskinstance.py:1179} INFO - Dependencies all met for <TaskInstance: lead_scoring_data_pipeline.map_categorical_vars scheduled__2024-12-13T00:00:00+00:00 [queued]>
[2025-02-22 11:43:19,779] {taskinstance.py:1376} INFO - 
--------------------------------------------------------------------------------
[2025-02-22 11:43:19,779] {taskinstance.py:1377} INFO - Starting attempt 1 of 2
[2025-02-22 11:43:19,779] {taskinstance.py:1378} INFO - 
--------------------------------------------------------------------------------
[2025-02-22 11:43:19,845] {taskinstance.py:1397} INFO - Executing <Task(PythonOperator): map_categorical_vars> on 2024-12-13 00:00:00+00:00
[2025-02-22 11:43:19,850] {standard_task_runner.py:52} INFO - Started process 74847 to run task
[2025-02-22 11:43:19,852] {standard_task_runner.py:79} INFO - Running: ['airflow', 'tasks', 'run', 'lead_scoring_data_pipeline', 'map_categorical_vars', 'scheduled__2024-12-13T00:00:00+00:00', '--job-id', '1216', '--raw', '--subdir', 'DAGS_FOLDER/lead_scoring_data_pipeline.py', '--cfg-path', '/tmp/tmpxiq_y34u', '--error-file', '/tmp/tmpcu7th78v']
[2025-02-22 11:43:19,853] {standard_task_runner.py:80} INFO - Job 1216: Subtask map_categorical_vars
[2025-02-22 11:43:19,904] {task_command.py:371} INFO - Running <TaskInstance: lead_scoring_data_pipeline.map_categorical_vars scheduled__2024-12-13T00:00:00+00:00 [running]> on host 3766485c0f6d
[2025-02-22 11:43:20,035] {taskinstance.py:1589} INFO - Exporting the following env vars:
AIRFLOW_CTX_DAG_OWNER=airflow
AIRFLOW_CTX_DAG_ID=lead_scoring_data_pipeline
AIRFLOW_CTX_TASK_ID=map_categorical_vars
AIRFLOW_CTX_EXECUTION_DATE=2024-12-13T00:00:00+00:00
AIRFLOW_CTX_TRY_NUMBER=1
AIRFLOW_CTX_DAG_RUN_ID=scheduled__2024-12-13T00:00:00+00:00
[2025-02-22 11:43:20,036] {logging_mixin.py:115} INFO - Using Database: /workspace/Assignment/01_data_pipeline/scripts/utils_output.db
[2025-02-22 11:43:20,036] {logging_mixin.py:115} INFO - Error in mapping categorical variables: unable to open database file
[2025-02-22 11:43:20,036] {python.py:173} INFO - Done. Returned value was: None
[2025-02-22 11:43:20,044] {taskinstance.py:1415} INFO - Marking task as SUCCESS. dag_id=lead_scoring_data_pipeline, task_id=map_categorical_vars, execution_date=20241213T000000, start_date=20250222T114319, end_date=20250222T114320
[2025-02-22 11:43:20,105] {local_task_job.py:156} INFO - Task exited with return code 0
[2025-02-22 11:43:20,146] {local_task_job.py:273} INFO - 0 downstream tasks scheduled from follow-on schedule check
