[2025-02-22 09:47:20,831] {processor.py:153} INFO - Started process (PID=12586) to work on /opt/conda/lib/python3.8/site-packages/airflow/example_dags/example_short_circuit_operator.py
[2025-02-22 09:47:20,831] {processor.py:641} INFO - Processing file /opt/conda/lib/python3.8/site-packages/airflow/example_dags/example_short_circuit_operator.py for tasks to queue
[2025-02-22 09:47:20,832] {logging_mixin.py:115} INFO - [2025-02-22 09:47:20,832] {dagbag.py:508} INFO - Filling up the DagBag from /opt/conda/lib/python3.8/site-packages/airflow/example_dags/example_short_circuit_operator.py
[2025-02-22 09:47:20,943] {processor.py:651} INFO - DAG(s) dict_keys(['example_short_circuit_operator']) retrieved from /opt/conda/lib/python3.8/site-packages/airflow/example_dags/example_short_circuit_operator.py
[2025-02-22 09:47:20,953] {logging_mixin.py:115} INFO - [2025-02-22 09:47:20,953] {dag.py:2420} INFO - Sync 1 DAGs
[2025-02-22 09:47:20,965] {logging_mixin.py:115} INFO - [2025-02-22 09:47:20,965] {dag.py:2968} INFO - Setting next_dagrun for example_short_circuit_operator to 2025-02-21T09:47:20.965402+00:00, run_after=2025-02-22T09:47:20.965402+00:00
[2025-02-22 09:47:20,985] {processor.py:161} INFO - Processing /opt/conda/lib/python3.8/site-packages/airflow/example_dags/example_short_circuit_operator.py took 0.157 seconds
[2025-02-22 09:48:09,332] {processor.py:153} INFO - Started process (PID=12728) to work on /opt/conda/lib/python3.8/site-packages/airflow/example_dags/example_short_circuit_operator.py
[2025-02-22 09:48:09,333] {processor.py:641} INFO - Processing file /opt/conda/lib/python3.8/site-packages/airflow/example_dags/example_short_circuit_operator.py for tasks to queue
[2025-02-22 09:48:09,334] {logging_mixin.py:115} INFO - [2025-02-22 09:48:09,334] {dagbag.py:508} INFO - Filling up the DagBag from /opt/conda/lib/python3.8/site-packages/airflow/example_dags/example_short_circuit_operator.py
[2025-02-22 09:48:09,453] {processor.py:651} INFO - DAG(s) dict_keys(['example_short_circuit_operator']) retrieved from /opt/conda/lib/python3.8/site-packages/airflow/example_dags/example_short_circuit_operator.py
[2025-02-22 09:48:09,463] {logging_mixin.py:115} INFO - [2025-02-22 09:48:09,463] {dag.py:2420} INFO - Sync 1 DAGs
[2025-02-22 09:48:09,474] {logging_mixin.py:115} INFO - [2025-02-22 09:48:09,474] {dag.py:2968} INFO - Setting next_dagrun for example_short_circuit_operator to 2025-02-21T09:48:09.473980+00:00, run_after=2025-02-22T09:48:09.473980+00:00
[2025-02-22 09:48:09,493] {processor.py:161} INFO - Processing /opt/conda/lib/python3.8/site-packages/airflow/example_dags/example_short_circuit_operator.py took 0.165 seconds
[2025-02-22 09:49:00,648] {processor.py:153} INFO - Started process (PID=12908) to work on /opt/conda/lib/python3.8/site-packages/airflow/example_dags/example_short_circuit_operator.py
[2025-02-22 09:49:00,650] {processor.py:641} INFO - Processing file /opt/conda/lib/python3.8/site-packages/airflow/example_dags/example_short_circuit_operator.py for tasks to queue
[2025-02-22 09:49:00,651] {logging_mixin.py:115} INFO - [2025-02-22 09:49:00,651] {dagbag.py:508} INFO - Filling up the DagBag from /opt/conda/lib/python3.8/site-packages/airflow/example_dags/example_short_circuit_operator.py
[2025-02-22 09:49:00,775] {processor.py:651} INFO - DAG(s) dict_keys(['example_short_circuit_operator']) retrieved from /opt/conda/lib/python3.8/site-packages/airflow/example_dags/example_short_circuit_operator.py
[2025-02-22 09:49:00,785] {logging_mixin.py:115} INFO - [2025-02-22 09:49:00,785] {dag.py:2420} INFO - Sync 1 DAGs
[2025-02-22 09:49:00,796] {logging_mixin.py:115} INFO - [2025-02-22 09:49:00,796] {dag.py:2968} INFO - Setting next_dagrun for example_short_circuit_operator to 2025-02-21T09:49:00.795959+00:00, run_after=2025-02-22T09:49:00.795959+00:00
[2025-02-22 09:49:00,816] {processor.py:161} INFO - Processing /opt/conda/lib/python3.8/site-packages/airflow/example_dags/example_short_circuit_operator.py took 0.172 seconds
[2025-02-22 09:49:45,444] {processor.py:153} INFO - Started process (PID=13040) to work on /opt/conda/lib/python3.8/site-packages/airflow/example_dags/example_short_circuit_operator.py
[2025-02-22 09:49:45,446] {processor.py:641} INFO - Processing file /opt/conda/lib/python3.8/site-packages/airflow/example_dags/example_short_circuit_operator.py for tasks to queue
[2025-02-22 09:49:45,447] {logging_mixin.py:115} INFO - [2025-02-22 09:49:45,447] {dagbag.py:508} INFO - Filling up the DagBag from /opt/conda/lib/python3.8/site-packages/airflow/example_dags/example_short_circuit_operator.py
[2025-02-22 09:49:45,570] {processor.py:651} INFO - DAG(s) dict_keys(['example_short_circuit_operator']) retrieved from /opt/conda/lib/python3.8/site-packages/airflow/example_dags/example_short_circuit_operator.py
[2025-02-22 09:49:45,580] {logging_mixin.py:115} INFO - [2025-02-22 09:49:45,580] {dag.py:2420} INFO - Sync 1 DAGs
[2025-02-22 09:49:45,591] {logging_mixin.py:115} INFO - [2025-02-22 09:49:45,591] {dag.py:2968} INFO - Setting next_dagrun for example_short_circuit_operator to 2025-02-21T09:49:45.591223+00:00, run_after=2025-02-22T09:49:45.591223+00:00
[2025-02-22 09:49:45,611] {processor.py:161} INFO - Processing /opt/conda/lib/python3.8/site-packages/airflow/example_dags/example_short_circuit_operator.py took 0.170 seconds
[2025-02-22 09:50:39,451] {processor.py:153} INFO - Started process (PID=13241) to work on /opt/conda/lib/python3.8/site-packages/airflow/example_dags/example_short_circuit_operator.py
[2025-02-22 09:50:39,458] {processor.py:641} INFO - Processing file /opt/conda/lib/python3.8/site-packages/airflow/example_dags/example_short_circuit_operator.py for tasks to queue
[2025-02-22 09:50:39,458] {logging_mixin.py:115} INFO - [2025-02-22 09:50:39,458] {dagbag.py:508} INFO - Filling up the DagBag from /opt/conda/lib/python3.8/site-packages/airflow/example_dags/example_short_circuit_operator.py
[2025-02-22 09:50:39,591] {processor.py:651} INFO - DAG(s) dict_keys(['example_short_circuit_operator']) retrieved from /opt/conda/lib/python3.8/site-packages/airflow/example_dags/example_short_circuit_operator.py
[2025-02-22 09:50:39,601] {logging_mixin.py:115} INFO - [2025-02-22 09:50:39,601] {dag.py:2420} INFO - Sync 1 DAGs
[2025-02-22 09:50:39,612] {logging_mixin.py:115} INFO - [2025-02-22 09:50:39,612] {dag.py:2968} INFO - Setting next_dagrun for example_short_circuit_operator to 2025-02-21T09:50:39.612041+00:00, run_after=2025-02-22T09:50:39.612041+00:00
[2025-02-22 09:50:39,631] {processor.py:161} INFO - Processing /opt/conda/lib/python3.8/site-packages/airflow/example_dags/example_short_circuit_operator.py took 0.183 seconds
[2025-02-22 09:51:24,227] {processor.py:153} INFO - Started process (PID=13379) to work on /opt/conda/lib/python3.8/site-packages/airflow/example_dags/example_short_circuit_operator.py
[2025-02-22 09:51:24,228] {processor.py:641} INFO - Processing file /opt/conda/lib/python3.8/site-packages/airflow/example_dags/example_short_circuit_operator.py for tasks to queue
[2025-02-22 09:51:24,229] {logging_mixin.py:115} INFO - [2025-02-22 09:51:24,229] {dagbag.py:508} INFO - Filling up the DagBag from /opt/conda/lib/python3.8/site-packages/airflow/example_dags/example_short_circuit_operator.py
[2025-02-22 09:51:24,370] {processor.py:651} INFO - DAG(s) dict_keys(['example_short_circuit_operator']) retrieved from /opt/conda/lib/python3.8/site-packages/airflow/example_dags/example_short_circuit_operator.py
[2025-02-22 09:51:24,384] {logging_mixin.py:115} INFO - [2025-02-22 09:51:24,383] {dag.py:2420} INFO - Sync 1 DAGs
[2025-02-22 09:51:24,399] {logging_mixin.py:115} INFO - [2025-02-22 09:51:24,399] {dag.py:2968} INFO - Setting next_dagrun for example_short_circuit_operator to 2025-02-21T09:51:24.398971+00:00, run_after=2025-02-22T09:51:24.398971+00:00
[2025-02-22 09:51:24,422] {processor.py:161} INFO - Processing /opt/conda/lib/python3.8/site-packages/airflow/example_dags/example_short_circuit_operator.py took 0.198 seconds
[2025-02-22 09:52:11,491] {processor.py:153} INFO - Started process (PID=13562) to work on /opt/conda/lib/python3.8/site-packages/airflow/example_dags/example_short_circuit_operator.py
[2025-02-22 09:52:11,492] {processor.py:641} INFO - Processing file /opt/conda/lib/python3.8/site-packages/airflow/example_dags/example_short_circuit_operator.py for tasks to queue
[2025-02-22 09:52:11,493] {logging_mixin.py:115} INFO - [2025-02-22 09:52:11,493] {dagbag.py:508} INFO - Filling up the DagBag from /opt/conda/lib/python3.8/site-packages/airflow/example_dags/example_short_circuit_operator.py
[2025-02-22 09:52:11,502] {processor.py:651} INFO - DAG(s) dict_keys(['example_short_circuit_operator']) retrieved from /opt/conda/lib/python3.8/site-packages/airflow/example_dags/example_short_circuit_operator.py
[2025-02-22 09:52:11,518] {logging_mixin.py:115} INFO - [2025-02-22 09:52:11,518] {dag.py:2420} INFO - Sync 1 DAGs
[2025-02-22 09:52:11,533] {logging_mixin.py:115} INFO - [2025-02-22 09:52:11,532] {dag.py:2968} INFO - Setting next_dagrun for example_short_circuit_operator to 2025-02-21T09:52:11.532700+00:00, run_after=2025-02-22T09:52:11.532700+00:00
[2025-02-22 09:52:11,554] {processor.py:161} INFO - Processing /opt/conda/lib/python3.8/site-packages/airflow/example_dags/example_short_circuit_operator.py took 0.066 seconds
[2025-02-22 09:52:53,526] {processor.py:153} INFO - Started process (PID=13698) to work on /opt/conda/lib/python3.8/site-packages/airflow/example_dags/example_short_circuit_operator.py
[2025-02-22 09:52:53,528] {processor.py:641} INFO - Processing file /opt/conda/lib/python3.8/site-packages/airflow/example_dags/example_short_circuit_operator.py for tasks to queue
[2025-02-22 09:52:53,529] {logging_mixin.py:115} INFO - [2025-02-22 09:52:53,529] {dagbag.py:508} INFO - Filling up the DagBag from /opt/conda/lib/python3.8/site-packages/airflow/example_dags/example_short_circuit_operator.py
[2025-02-22 09:52:53,538] {processor.py:651} INFO - DAG(s) dict_keys(['example_short_circuit_operator']) retrieved from /opt/conda/lib/python3.8/site-packages/airflow/example_dags/example_short_circuit_operator.py
[2025-02-22 09:52:53,555] {logging_mixin.py:115} INFO - [2025-02-22 09:52:53,555] {dag.py:2420} INFO - Sync 1 DAGs
[2025-02-22 09:52:53,569] {logging_mixin.py:115} INFO - [2025-02-22 09:52:53,569] {dag.py:2968} INFO - Setting next_dagrun for example_short_circuit_operator to 2025-02-21T09:52:53.569631+00:00, run_after=2025-02-22T09:52:53.569631+00:00
[2025-02-22 09:52:53,590] {processor.py:161} INFO - Processing /opt/conda/lib/python3.8/site-packages/airflow/example_dags/example_short_circuit_operator.py took 0.067 seconds
[2025-02-22 09:53:39,435] {processor.py:153} INFO - Started process (PID=13853) to work on /opt/conda/lib/python3.8/site-packages/airflow/example_dags/example_short_circuit_operator.py
[2025-02-22 09:53:39,438] {processor.py:641} INFO - Processing file /opt/conda/lib/python3.8/site-packages/airflow/example_dags/example_short_circuit_operator.py for tasks to queue
[2025-02-22 09:53:39,438] {logging_mixin.py:115} INFO - [2025-02-22 09:53:39,438] {dagbag.py:508} INFO - Filling up the DagBag from /opt/conda/lib/python3.8/site-packages/airflow/example_dags/example_short_circuit_operator.py
[2025-02-22 09:53:39,447] {processor.py:651} INFO - DAG(s) dict_keys(['example_short_circuit_operator']) retrieved from /opt/conda/lib/python3.8/site-packages/airflow/example_dags/example_short_circuit_operator.py
[2025-02-22 09:53:39,464] {logging_mixin.py:115} INFO - [2025-02-22 09:53:39,463] {dag.py:2420} INFO - Sync 1 DAGs
[2025-02-22 09:53:39,478] {logging_mixin.py:115} INFO - [2025-02-22 09:53:39,478] {dag.py:2968} INFO - Setting next_dagrun for example_short_circuit_operator to 2025-02-21T09:53:39.478049+00:00, run_after=2025-02-22T09:53:39.478049+00:00
[2025-02-22 09:53:39,499] {processor.py:161} INFO - Processing /opt/conda/lib/python3.8/site-packages/airflow/example_dags/example_short_circuit_operator.py took 0.066 seconds
[2025-02-22 09:54:23,280] {processor.py:153} INFO - Started process (PID=13994) to work on /opt/conda/lib/python3.8/site-packages/airflow/example_dags/example_short_circuit_operator.py
[2025-02-22 09:54:23,282] {processor.py:641} INFO - Processing file /opt/conda/lib/python3.8/site-packages/airflow/example_dags/example_short_circuit_operator.py for tasks to queue
[2025-02-22 09:54:23,283] {logging_mixin.py:115} INFO - [2025-02-22 09:54:23,283] {dagbag.py:508} INFO - Filling up the DagBag from /opt/conda/lib/python3.8/site-packages/airflow/example_dags/example_short_circuit_operator.py
[2025-02-22 09:54:23,292] {processor.py:651} INFO - DAG(s) dict_keys(['example_short_circuit_operator']) retrieved from /opt/conda/lib/python3.8/site-packages/airflow/example_dags/example_short_circuit_operator.py
[2025-02-22 09:54:23,311] {logging_mixin.py:115} INFO - [2025-02-22 09:54:23,311] {dag.py:2420} INFO - Sync 1 DAGs
[2025-02-22 09:54:23,329] {logging_mixin.py:115} INFO - [2025-02-22 09:54:23,329] {dag.py:2968} INFO - Setting next_dagrun for example_short_circuit_operator to 2025-02-21T09:54:23.329530+00:00, run_after=2025-02-22T09:54:23.329530+00:00
[2025-02-22 09:54:23,355] {processor.py:161} INFO - Processing /opt/conda/lib/python3.8/site-packages/airflow/example_dags/example_short_circuit_operator.py took 0.078 seconds
[2025-02-22 09:55:15,345] {processor.py:153} INFO - Started process (PID=14163) to work on /opt/conda/lib/python3.8/site-packages/airflow/example_dags/example_short_circuit_operator.py
[2025-02-22 09:55:15,347] {processor.py:641} INFO - Processing file /opt/conda/lib/python3.8/site-packages/airflow/example_dags/example_short_circuit_operator.py for tasks to queue
[2025-02-22 09:55:15,347] {logging_mixin.py:115} INFO - [2025-02-22 09:55:15,347] {dagbag.py:508} INFO - Filling up the DagBag from /opt/conda/lib/python3.8/site-packages/airflow/example_dags/example_short_circuit_operator.py
[2025-02-22 09:55:15,356] {processor.py:651} INFO - DAG(s) dict_keys(['example_short_circuit_operator']) retrieved from /opt/conda/lib/python3.8/site-packages/airflow/example_dags/example_short_circuit_operator.py
[2025-02-22 09:55:15,371] {logging_mixin.py:115} INFO - [2025-02-22 09:55:15,371] {dag.py:2420} INFO - Sync 1 DAGs
[2025-02-22 09:55:15,384] {logging_mixin.py:115} INFO - [2025-02-22 09:55:15,384] {dag.py:2968} INFO - Setting next_dagrun for example_short_circuit_operator to 2025-02-21T09:55:15.384391+00:00, run_after=2025-02-22T09:55:15.384391+00:00
[2025-02-22 09:55:15,405] {processor.py:161} INFO - Processing /opt/conda/lib/python3.8/site-packages/airflow/example_dags/example_short_circuit_operator.py took 0.063 seconds
[2025-02-22 09:55:57,026] {processor.py:153} INFO - Started process (PID=14330) to work on /opt/conda/lib/python3.8/site-packages/airflow/example_dags/example_short_circuit_operator.py
[2025-02-22 09:55:57,028] {processor.py:641} INFO - Processing file /opt/conda/lib/python3.8/site-packages/airflow/example_dags/example_short_circuit_operator.py for tasks to queue
[2025-02-22 09:55:57,028] {logging_mixin.py:115} INFO - [2025-02-22 09:55:57,028] {dagbag.py:508} INFO - Filling up the DagBag from /opt/conda/lib/python3.8/site-packages/airflow/example_dags/example_short_circuit_operator.py
[2025-02-22 09:55:57,038] {processor.py:651} INFO - DAG(s) dict_keys(['example_short_circuit_operator']) retrieved from /opt/conda/lib/python3.8/site-packages/airflow/example_dags/example_short_circuit_operator.py
[2025-02-22 09:55:57,054] {logging_mixin.py:115} INFO - [2025-02-22 09:55:57,054] {dag.py:2420} INFO - Sync 1 DAGs
[2025-02-22 09:55:57,069] {logging_mixin.py:115} INFO - [2025-02-22 09:55:57,069] {dag.py:2968} INFO - Setting next_dagrun for example_short_circuit_operator to 2025-02-21T09:55:57.069040+00:00, run_after=2025-02-22T09:55:57.069040+00:00
[2025-02-22 09:55:57,091] {processor.py:161} INFO - Processing /opt/conda/lib/python3.8/site-packages/airflow/example_dags/example_short_circuit_operator.py took 0.068 seconds
[2025-02-22 09:56:43,566] {processor.py:153} INFO - Started process (PID=14475) to work on /opt/conda/lib/python3.8/site-packages/airflow/example_dags/example_short_circuit_operator.py
[2025-02-22 09:56:43,568] {processor.py:641} INFO - Processing file /opt/conda/lib/python3.8/site-packages/airflow/example_dags/example_short_circuit_operator.py for tasks to queue
[2025-02-22 09:56:43,568] {logging_mixin.py:115} INFO - [2025-02-22 09:56:43,568] {dagbag.py:508} INFO - Filling up the DagBag from /opt/conda/lib/python3.8/site-packages/airflow/example_dags/example_short_circuit_operator.py
[2025-02-22 09:56:43,578] {processor.py:651} INFO - DAG(s) dict_keys(['example_short_circuit_operator']) retrieved from /opt/conda/lib/python3.8/site-packages/airflow/example_dags/example_short_circuit_operator.py
[2025-02-22 09:56:43,597] {logging_mixin.py:115} INFO - [2025-02-22 09:56:43,597] {dag.py:2420} INFO - Sync 1 DAGs
[2025-02-22 09:56:43,614] {logging_mixin.py:115} INFO - [2025-02-22 09:56:43,614] {dag.py:2968} INFO - Setting next_dagrun for example_short_circuit_operator to 2025-02-21T09:56:43.614112+00:00, run_after=2025-02-22T09:56:43.614112+00:00
[2025-02-22 09:56:43,636] {processor.py:161} INFO - Processing /opt/conda/lib/python3.8/site-packages/airflow/example_dags/example_short_circuit_operator.py took 0.074 seconds
[2025-02-22 09:57:28,091] {processor.py:153} INFO - Started process (PID=14616) to work on /opt/conda/lib/python3.8/site-packages/airflow/example_dags/example_short_circuit_operator.py
[2025-02-22 09:57:28,093] {processor.py:641} INFO - Processing file /opt/conda/lib/python3.8/site-packages/airflow/example_dags/example_short_circuit_operator.py for tasks to queue
[2025-02-22 09:57:28,094] {logging_mixin.py:115} INFO - [2025-02-22 09:57:28,094] {dagbag.py:508} INFO - Filling up the DagBag from /opt/conda/lib/python3.8/site-packages/airflow/example_dags/example_short_circuit_operator.py
[2025-02-22 09:57:28,103] {processor.py:651} INFO - DAG(s) dict_keys(['example_short_circuit_operator']) retrieved from /opt/conda/lib/python3.8/site-packages/airflow/example_dags/example_short_circuit_operator.py
[2025-02-22 09:57:28,120] {logging_mixin.py:115} INFO - [2025-02-22 09:57:28,120] {dag.py:2420} INFO - Sync 1 DAGs
[2025-02-22 09:57:28,138] {logging_mixin.py:115} INFO - [2025-02-22 09:57:28,138] {dag.py:2968} INFO - Setting next_dagrun for example_short_circuit_operator to 2025-02-21T09:57:28.137715+00:00, run_after=2025-02-22T09:57:28.137715+00:00
[2025-02-22 09:57:28,161] {processor.py:161} INFO - Processing /opt/conda/lib/python3.8/site-packages/airflow/example_dags/example_short_circuit_operator.py took 0.073 seconds
