[2025-02-22 09:47:06,679] {processor.py:153} INFO - Started process (PID=12545) to work on /opt/conda/lib/python3.8/site-packages/airflow/example_dags/example_local_kubernetes_executor.py
[2025-02-22 09:47:06,680] {processor.py:641} INFO - Processing file /opt/conda/lib/python3.8/site-packages/airflow/example_dags/example_local_kubernetes_executor.py for tasks to queue
[2025-02-22 09:47:06,680] {logging_mixin.py:115} INFO - [2025-02-22 09:47:06,680] {dagbag.py:508} INFO - Filling up the DagBag from /opt/conda/lib/python3.8/site-packages/airflow/example_dags/example_local_kubernetes_executor.py
[2025-02-22 09:47:06,802] {logging_mixin.py:115} INFO - [2025-02-22 09:47:06,802] {example_local_kubernetes_executor.py:37} WARNING - Could not import DAGs in example_local_kubernetes_executor.py
Traceback (most recent call last):
  File "/opt/conda/lib/python3.8/site-packages/airflow/example_dags/example_local_kubernetes_executor.py", line 35, in <module>
    from kubernetes.client import models as k8s
ModuleNotFoundError: No module named 'kubernetes'
[2025-02-22 09:47:06,803] {logging_mixin.py:115} INFO - [2025-02-22 09:47:06,803] {example_local_kubernetes_executor.py:38} WARNING - Install Kubernetes dependencies with: pip install apache-airflow[cncf.kubernetes]
[2025-02-22 09:47:06,803] {processor.py:653} WARNING - No viable dags retrieved from /opt/conda/lib/python3.8/site-packages/airflow/example_dags/example_local_kubernetes_executor.py
[2025-02-22 09:47:06,808] {processor.py:161} INFO - Processing /opt/conda/lib/python3.8/site-packages/airflow/example_dags/example_local_kubernetes_executor.py took 0.132 seconds
[2025-02-22 09:47:55,207] {processor.py:153} INFO - Started process (PID=12696) to work on /opt/conda/lib/python3.8/site-packages/airflow/example_dags/example_local_kubernetes_executor.py
[2025-02-22 09:47:55,209] {processor.py:641} INFO - Processing file /opt/conda/lib/python3.8/site-packages/airflow/example_dags/example_local_kubernetes_executor.py for tasks to queue
[2025-02-22 09:47:55,210] {logging_mixin.py:115} INFO - [2025-02-22 09:47:55,210] {dagbag.py:508} INFO - Filling up the DagBag from /opt/conda/lib/python3.8/site-packages/airflow/example_dags/example_local_kubernetes_executor.py
[2025-02-22 09:47:55,335] {logging_mixin.py:115} INFO - [2025-02-22 09:47:55,335] {example_local_kubernetes_executor.py:37} WARNING - Could not import DAGs in example_local_kubernetes_executor.py
Traceback (most recent call last):
  File "/opt/conda/lib/python3.8/site-packages/airflow/example_dags/example_local_kubernetes_executor.py", line 35, in <module>
    from kubernetes.client import models as k8s
ModuleNotFoundError: No module named 'kubernetes'
[2025-02-22 09:47:55,335] {logging_mixin.py:115} INFO - [2025-02-22 09:47:55,335] {example_local_kubernetes_executor.py:38} WARNING - Install Kubernetes dependencies with: pip install apache-airflow[cncf.kubernetes]
[2025-02-22 09:47:55,336] {processor.py:653} WARNING - No viable dags retrieved from /opt/conda/lib/python3.8/site-packages/airflow/example_dags/example_local_kubernetes_executor.py
[2025-02-22 09:47:55,341] {processor.py:161} INFO - Processing /opt/conda/lib/python3.8/site-packages/airflow/example_dags/example_local_kubernetes_executor.py took 0.137 seconds
[2025-02-22 09:48:43,175] {processor.py:153} INFO - Started process (PID=12837) to work on /opt/conda/lib/python3.8/site-packages/airflow/example_dags/example_local_kubernetes_executor.py
[2025-02-22 09:48:43,176] {processor.py:641} INFO - Processing file /opt/conda/lib/python3.8/site-packages/airflow/example_dags/example_local_kubernetes_executor.py for tasks to queue
[2025-02-22 09:48:43,177] {logging_mixin.py:115} INFO - [2025-02-22 09:48:43,177] {dagbag.py:508} INFO - Filling up the DagBag from /opt/conda/lib/python3.8/site-packages/airflow/example_dags/example_local_kubernetes_executor.py
[2025-02-22 09:48:43,300] {logging_mixin.py:115} INFO - [2025-02-22 09:48:43,299] {example_local_kubernetes_executor.py:37} WARNING - Could not import DAGs in example_local_kubernetes_executor.py
Traceback (most recent call last):
  File "/opt/conda/lib/python3.8/site-packages/airflow/example_dags/example_local_kubernetes_executor.py", line 35, in <module>
    from kubernetes.client import models as k8s
ModuleNotFoundError: No module named 'kubernetes'
[2025-02-22 09:48:43,300] {logging_mixin.py:115} INFO - [2025-02-22 09:48:43,300] {example_local_kubernetes_executor.py:38} WARNING - Install Kubernetes dependencies with: pip install apache-airflow[cncf.kubernetes]
[2025-02-22 09:48:43,300] {processor.py:653} WARNING - No viable dags retrieved from /opt/conda/lib/python3.8/site-packages/airflow/example_dags/example_local_kubernetes_executor.py
[2025-02-22 09:48:43,305] {processor.py:161} INFO - Processing /opt/conda/lib/python3.8/site-packages/airflow/example_dags/example_local_kubernetes_executor.py took 0.134 seconds
[2025-02-22 09:49:27,163] {processor.py:153} INFO - Started process (PID=12977) to work on /opt/conda/lib/python3.8/site-packages/airflow/example_dags/example_local_kubernetes_executor.py
[2025-02-22 09:49:27,165] {processor.py:641} INFO - Processing file /opt/conda/lib/python3.8/site-packages/airflow/example_dags/example_local_kubernetes_executor.py for tasks to queue
[2025-02-22 09:49:27,165] {logging_mixin.py:115} INFO - [2025-02-22 09:49:27,165] {dagbag.py:508} INFO - Filling up the DagBag from /opt/conda/lib/python3.8/site-packages/airflow/example_dags/example_local_kubernetes_executor.py
[2025-02-22 09:49:27,294] {logging_mixin.py:115} INFO - [2025-02-22 09:49:27,294] {example_local_kubernetes_executor.py:37} WARNING - Could not import DAGs in example_local_kubernetes_executor.py
Traceback (most recent call last):
  File "/opt/conda/lib/python3.8/site-packages/airflow/example_dags/example_local_kubernetes_executor.py", line 35, in <module>
    from kubernetes.client import models as k8s
ModuleNotFoundError: No module named 'kubernetes'
[2025-02-22 09:49:27,294] {logging_mixin.py:115} INFO - [2025-02-22 09:49:27,294] {example_local_kubernetes_executor.py:38} WARNING - Install Kubernetes dependencies with: pip install apache-airflow[cncf.kubernetes]
[2025-02-22 09:49:27,294] {processor.py:653} WARNING - No viable dags retrieved from /opt/conda/lib/python3.8/site-packages/airflow/example_dags/example_local_kubernetes_executor.py
[2025-02-22 09:49:27,299] {processor.py:161} INFO - Processing /opt/conda/lib/python3.8/site-packages/airflow/example_dags/example_local_kubernetes_executor.py took 0.139 seconds
[2025-02-22 09:50:19,206] {processor.py:153} INFO - Started process (PID=13174) to work on /opt/conda/lib/python3.8/site-packages/airflow/example_dags/example_local_kubernetes_executor.py
[2025-02-22 09:50:19,209] {processor.py:641} INFO - Processing file /opt/conda/lib/python3.8/site-packages/airflow/example_dags/example_local_kubernetes_executor.py for tasks to queue
[2025-02-22 09:50:19,209] {logging_mixin.py:115} INFO - [2025-02-22 09:50:19,209] {dagbag.py:508} INFO - Filling up the DagBag from /opt/conda/lib/python3.8/site-packages/airflow/example_dags/example_local_kubernetes_executor.py
[2025-02-22 09:50:19,326] {logging_mixin.py:115} INFO - [2025-02-22 09:50:19,326] {example_local_kubernetes_executor.py:37} WARNING - Could not import DAGs in example_local_kubernetes_executor.py
Traceback (most recent call last):
  File "/opt/conda/lib/python3.8/site-packages/airflow/example_dags/example_local_kubernetes_executor.py", line 35, in <module>
    from kubernetes.client import models as k8s
ModuleNotFoundError: No module named 'kubernetes'
[2025-02-22 09:50:19,326] {logging_mixin.py:115} INFO - [2025-02-22 09:50:19,326] {example_local_kubernetes_executor.py:38} WARNING - Install Kubernetes dependencies with: pip install apache-airflow[cncf.kubernetes]
[2025-02-22 09:50:19,326] {processor.py:653} WARNING - No viable dags retrieved from /opt/conda/lib/python3.8/site-packages/airflow/example_dags/example_local_kubernetes_executor.py
[2025-02-22 09:50:19,331] {processor.py:161} INFO - Processing /opt/conda/lib/python3.8/site-packages/airflow/example_dags/example_local_kubernetes_executor.py took 0.128 seconds
[2025-02-22 09:51:04,310] {processor.py:153} INFO - Started process (PID=13334) to work on /opt/conda/lib/python3.8/site-packages/airflow/example_dags/example_local_kubernetes_executor.py
[2025-02-22 09:51:04,312] {processor.py:641} INFO - Processing file /opt/conda/lib/python3.8/site-packages/airflow/example_dags/example_local_kubernetes_executor.py for tasks to queue
[2025-02-22 09:51:04,312] {logging_mixin.py:115} INFO - [2025-02-22 09:51:04,312] {dagbag.py:508} INFO - Filling up the DagBag from /opt/conda/lib/python3.8/site-packages/airflow/example_dags/example_local_kubernetes_executor.py
[2025-02-22 09:51:04,455] {logging_mixin.py:115} INFO - [2025-02-22 09:51:04,454] {example_local_kubernetes_executor.py:37} WARNING - Could not import DAGs in example_local_kubernetes_executor.py
Traceback (most recent call last):
  File "/opt/conda/lib/python3.8/site-packages/airflow/example_dags/example_local_kubernetes_executor.py", line 35, in <module>
    from kubernetes.client import models as k8s
ModuleNotFoundError: No module named 'kubernetes'
[2025-02-22 09:51:04,455] {logging_mixin.py:115} INFO - [2025-02-22 09:51:04,455] {example_local_kubernetes_executor.py:38} WARNING - Install Kubernetes dependencies with: pip install apache-airflow[cncf.kubernetes]
[2025-02-22 09:51:04,455] {processor.py:653} WARNING - No viable dags retrieved from /opt/conda/lib/python3.8/site-packages/airflow/example_dags/example_local_kubernetes_executor.py
[2025-02-22 09:51:04,460] {processor.py:161} INFO - Processing /opt/conda/lib/python3.8/site-packages/airflow/example_dags/example_local_kubernetes_executor.py took 0.154 seconds
[2025-02-22 09:51:49,200] {processor.py:153} INFO - Started process (PID=13478) to work on /opt/conda/lib/python3.8/site-packages/airflow/example_dags/example_local_kubernetes_executor.py
[2025-02-22 09:51:49,202] {processor.py:641} INFO - Processing file /opt/conda/lib/python3.8/site-packages/airflow/example_dags/example_local_kubernetes_executor.py for tasks to queue
[2025-02-22 09:51:49,203] {logging_mixin.py:115} INFO - [2025-02-22 09:51:49,202] {dagbag.py:508} INFO - Filling up the DagBag from /opt/conda/lib/python3.8/site-packages/airflow/example_dags/example_local_kubernetes_executor.py
[2025-02-22 09:51:49,219] {logging_mixin.py:115} INFO - [2025-02-22 09:51:49,218] {example_local_kubernetes_executor.py:37} WARNING - Could not import DAGs in example_local_kubernetes_executor.py
Traceback (most recent call last):
  File "/opt/conda/lib/python3.8/site-packages/airflow/example_dags/example_local_kubernetes_executor.py", line 35, in <module>
    from kubernetes.client import models as k8s
ModuleNotFoundError: No module named 'kubernetes'
[2025-02-22 09:51:49,219] {logging_mixin.py:115} INFO - [2025-02-22 09:51:49,219] {example_local_kubernetes_executor.py:38} WARNING - Install Kubernetes dependencies with: pip install apache-airflow[cncf.kubernetes]
[2025-02-22 09:51:49,219] {processor.py:653} WARNING - No viable dags retrieved from /opt/conda/lib/python3.8/site-packages/airflow/example_dags/example_local_kubernetes_executor.py
[2025-02-22 09:51:49,230] {processor.py:161} INFO - Processing /opt/conda/lib/python3.8/site-packages/airflow/example_dags/example_local_kubernetes_executor.py took 0.033 seconds
[2025-02-22 09:52:30,227] {processor.py:153} INFO - Started process (PID=13613) to work on /opt/conda/lib/python3.8/site-packages/airflow/example_dags/example_local_kubernetes_executor.py
[2025-02-22 09:52:30,229] {processor.py:641} INFO - Processing file /opt/conda/lib/python3.8/site-packages/airflow/example_dags/example_local_kubernetes_executor.py for tasks to queue
[2025-02-22 09:52:30,229] {logging_mixin.py:115} INFO - [2025-02-22 09:52:30,229] {dagbag.py:508} INFO - Filling up the DagBag from /opt/conda/lib/python3.8/site-packages/airflow/example_dags/example_local_kubernetes_executor.py
[2025-02-22 09:52:30,246] {logging_mixin.py:115} INFO - [2025-02-22 09:52:30,245] {example_local_kubernetes_executor.py:37} WARNING - Could not import DAGs in example_local_kubernetes_executor.py
Traceback (most recent call last):
  File "/opt/conda/lib/python3.8/site-packages/airflow/example_dags/example_local_kubernetes_executor.py", line 35, in <module>
    from kubernetes.client import models as k8s
ModuleNotFoundError: No module named 'kubernetes'
[2025-02-22 09:52:30,246] {logging_mixin.py:115} INFO - [2025-02-22 09:52:30,246] {example_local_kubernetes_executor.py:38} WARNING - Install Kubernetes dependencies with: pip install apache-airflow[cncf.kubernetes]
[2025-02-22 09:52:30,246] {processor.py:653} WARNING - No viable dags retrieved from /opt/conda/lib/python3.8/site-packages/airflow/example_dags/example_local_kubernetes_executor.py
[2025-02-22 09:52:30,257] {processor.py:161} INFO - Processing /opt/conda/lib/python3.8/site-packages/airflow/example_dags/example_local_kubernetes_executor.py took 0.033 seconds
[2025-02-22 09:53:16,748] {processor.py:153} INFO - Started process (PID=13759) to work on /opt/conda/lib/python3.8/site-packages/airflow/example_dags/example_local_kubernetes_executor.py
[2025-02-22 09:53:16,750] {processor.py:641} INFO - Processing file /opt/conda/lib/python3.8/site-packages/airflow/example_dags/example_local_kubernetes_executor.py for tasks to queue
[2025-02-22 09:53:16,751] {logging_mixin.py:115} INFO - [2025-02-22 09:53:16,750] {dagbag.py:508} INFO - Filling up the DagBag from /opt/conda/lib/python3.8/site-packages/airflow/example_dags/example_local_kubernetes_executor.py
[2025-02-22 09:53:16,767] {logging_mixin.py:115} INFO - [2025-02-22 09:53:16,767] {example_local_kubernetes_executor.py:37} WARNING - Could not import DAGs in example_local_kubernetes_executor.py
Traceback (most recent call last):
  File "/opt/conda/lib/python3.8/site-packages/airflow/example_dags/example_local_kubernetes_executor.py", line 35, in <module>
    from kubernetes.client import models as k8s
ModuleNotFoundError: No module named 'kubernetes'
[2025-02-22 09:53:16,767] {logging_mixin.py:115} INFO - [2025-02-22 09:53:16,767] {example_local_kubernetes_executor.py:38} WARNING - Install Kubernetes dependencies with: pip install apache-airflow[cncf.kubernetes]
[2025-02-22 09:53:16,768] {processor.py:653} WARNING - No viable dags retrieved from /opt/conda/lib/python3.8/site-packages/airflow/example_dags/example_local_kubernetes_executor.py
[2025-02-22 09:53:16,779] {processor.py:161} INFO - Processing /opt/conda/lib/python3.8/site-packages/airflow/example_dags/example_local_kubernetes_executor.py took 0.034 seconds
[2025-02-22 09:53:59,188] {processor.py:153} INFO - Started process (PID=13923) to work on /opt/conda/lib/python3.8/site-packages/airflow/example_dags/example_local_kubernetes_executor.py
[2025-02-22 09:53:59,191] {processor.py:641} INFO - Processing file /opt/conda/lib/python3.8/site-packages/airflow/example_dags/example_local_kubernetes_executor.py for tasks to queue
[2025-02-22 09:53:59,191] {logging_mixin.py:115} INFO - [2025-02-22 09:53:59,191] {dagbag.py:508} INFO - Filling up the DagBag from /opt/conda/lib/python3.8/site-packages/airflow/example_dags/example_local_kubernetes_executor.py
[2025-02-22 09:53:59,208] {logging_mixin.py:115} INFO - [2025-02-22 09:53:59,207] {example_local_kubernetes_executor.py:37} WARNING - Could not import DAGs in example_local_kubernetes_executor.py
Traceback (most recent call last):
  File "/opt/conda/lib/python3.8/site-packages/airflow/example_dags/example_local_kubernetes_executor.py", line 35, in <module>
    from kubernetes.client import models as k8s
ModuleNotFoundError: No module named 'kubernetes'
[2025-02-22 09:53:59,208] {logging_mixin.py:115} INFO - [2025-02-22 09:53:59,208] {example_local_kubernetes_executor.py:38} WARNING - Install Kubernetes dependencies with: pip install apache-airflow[cncf.kubernetes]
[2025-02-22 09:53:59,208] {processor.py:653} WARNING - No viable dags retrieved from /opt/conda/lib/python3.8/site-packages/airflow/example_dags/example_local_kubernetes_executor.py
[2025-02-22 09:53:59,219] {processor.py:161} INFO - Processing /opt/conda/lib/python3.8/site-packages/airflow/example_dags/example_local_kubernetes_executor.py took 0.034 seconds
[2025-02-22 09:54:37,279] {processor.py:153} INFO - Started process (PID=14045) to work on /opt/conda/lib/python3.8/site-packages/airflow/example_dags/example_local_kubernetes_executor.py
[2025-02-22 09:54:37,281] {processor.py:641} INFO - Processing file /opt/conda/lib/python3.8/site-packages/airflow/example_dags/example_local_kubernetes_executor.py for tasks to queue
[2025-02-22 09:54:37,282] {logging_mixin.py:115} INFO - [2025-02-22 09:54:37,282] {dagbag.py:508} INFO - Filling up the DagBag from /opt/conda/lib/python3.8/site-packages/airflow/example_dags/example_local_kubernetes_executor.py
[2025-02-22 09:54:37,297] {logging_mixin.py:115} INFO - [2025-02-22 09:54:37,296] {example_local_kubernetes_executor.py:37} WARNING - Could not import DAGs in example_local_kubernetes_executor.py
Traceback (most recent call last):
  File "/opt/conda/lib/python3.8/site-packages/airflow/example_dags/example_local_kubernetes_executor.py", line 35, in <module>
    from kubernetes.client import models as k8s
ModuleNotFoundError: No module named 'kubernetes'
[2025-02-22 09:54:37,297] {logging_mixin.py:115} INFO - [2025-02-22 09:54:37,297] {example_local_kubernetes_executor.py:38} WARNING - Install Kubernetes dependencies with: pip install apache-airflow[cncf.kubernetes]
[2025-02-22 09:54:37,297] {processor.py:653} WARNING - No viable dags retrieved from /opt/conda/lib/python3.8/site-packages/airflow/example_dags/example_local_kubernetes_executor.py
[2025-02-22 09:54:37,306] {processor.py:161} INFO - Processing /opt/conda/lib/python3.8/site-packages/airflow/example_dags/example_local_kubernetes_executor.py took 0.030 seconds
[2025-02-22 09:55:25,831] {processor.py:153} INFO - Started process (PID=14206) to work on /opt/conda/lib/python3.8/site-packages/airflow/example_dags/example_local_kubernetes_executor.py
[2025-02-22 09:55:25,859] {processor.py:641} INFO - Processing file /opt/conda/lib/python3.8/site-packages/airflow/example_dags/example_local_kubernetes_executor.py for tasks to queue
[2025-02-22 09:55:25,859] {logging_mixin.py:115} INFO - [2025-02-22 09:55:25,859] {dagbag.py:508} INFO - Filling up the DagBag from /opt/conda/lib/python3.8/site-packages/airflow/example_dags/example_local_kubernetes_executor.py
[2025-02-22 09:55:25,875] {logging_mixin.py:115} INFO - [2025-02-22 09:55:25,875] {example_local_kubernetes_executor.py:37} WARNING - Could not import DAGs in example_local_kubernetes_executor.py
Traceback (most recent call last):
  File "/opt/conda/lib/python3.8/site-packages/airflow/example_dags/example_local_kubernetes_executor.py", line 35, in <module>
    from kubernetes.client import models as k8s
ModuleNotFoundError: No module named 'kubernetes'
[2025-02-22 09:55:25,875] {logging_mixin.py:115} INFO - [2025-02-22 09:55:25,875] {example_local_kubernetes_executor.py:38} WARNING - Install Kubernetes dependencies with: pip install apache-airflow[cncf.kubernetes]
[2025-02-22 09:55:25,875] {processor.py:653} WARNING - No viable dags retrieved from /opt/conda/lib/python3.8/site-packages/airflow/example_dags/example_local_kubernetes_executor.py
[2025-02-22 09:55:25,886] {processor.py:161} INFO - Processing /opt/conda/lib/python3.8/site-packages/airflow/example_dags/example_local_kubernetes_executor.py took 0.058 seconds
[2025-02-22 09:56:06,460] {processor.py:153} INFO - Started process (PID=14355) to work on /opt/conda/lib/python3.8/site-packages/airflow/example_dags/example_local_kubernetes_executor.py
[2025-02-22 09:56:06,462] {processor.py:641} INFO - Processing file /opt/conda/lib/python3.8/site-packages/airflow/example_dags/example_local_kubernetes_executor.py for tasks to queue
[2025-02-22 09:56:06,462] {logging_mixin.py:115} INFO - [2025-02-22 09:56:06,462] {dagbag.py:508} INFO - Filling up the DagBag from /opt/conda/lib/python3.8/site-packages/airflow/example_dags/example_local_kubernetes_executor.py
[2025-02-22 09:56:06,479] {logging_mixin.py:115} INFO - [2025-02-22 09:56:06,478] {example_local_kubernetes_executor.py:37} WARNING - Could not import DAGs in example_local_kubernetes_executor.py
Traceback (most recent call last):
  File "/opt/conda/lib/python3.8/site-packages/airflow/example_dags/example_local_kubernetes_executor.py", line 35, in <module>
    from kubernetes.client import models as k8s
ModuleNotFoundError: No module named 'kubernetes'
[2025-02-22 09:56:06,479] {logging_mixin.py:115} INFO - [2025-02-22 09:56:06,479] {example_local_kubernetes_executor.py:38} WARNING - Install Kubernetes dependencies with: pip install apache-airflow[cncf.kubernetes]
[2025-02-22 09:56:06,479] {processor.py:653} WARNING - No viable dags retrieved from /opt/conda/lib/python3.8/site-packages/airflow/example_dags/example_local_kubernetes_executor.py
[2025-02-22 09:56:06,490] {processor.py:161} INFO - Processing /opt/conda/lib/python3.8/site-packages/airflow/example_dags/example_local_kubernetes_executor.py took 0.033 seconds
[2025-02-22 09:56:41,234] {processor.py:153} INFO - Started process (PID=14471) to work on /opt/conda/lib/python3.8/site-packages/airflow/example_dags/example_local_kubernetes_executor.py
[2025-02-22 09:56:41,236] {processor.py:641} INFO - Processing file /opt/conda/lib/python3.8/site-packages/airflow/example_dags/example_local_kubernetes_executor.py for tasks to queue
[2025-02-22 09:56:41,237] {logging_mixin.py:115} INFO - [2025-02-22 09:56:41,237] {dagbag.py:508} INFO - Filling up the DagBag from /opt/conda/lib/python3.8/site-packages/airflow/example_dags/example_local_kubernetes_executor.py
[2025-02-22 09:56:41,252] {logging_mixin.py:115} INFO - [2025-02-22 09:56:41,252] {example_local_kubernetes_executor.py:37} WARNING - Could not import DAGs in example_local_kubernetes_executor.py
Traceback (most recent call last):
  File "/opt/conda/lib/python3.8/site-packages/airflow/example_dags/example_local_kubernetes_executor.py", line 35, in <module>
    from kubernetes.client import models as k8s
ModuleNotFoundError: No module named 'kubernetes'
[2025-02-22 09:56:41,252] {logging_mixin.py:115} INFO - [2025-02-22 09:56:41,252] {example_local_kubernetes_executor.py:38} WARNING - Install Kubernetes dependencies with: pip install apache-airflow[cncf.kubernetes]
[2025-02-22 09:56:41,253] {processor.py:653} WARNING - No viable dags retrieved from /opt/conda/lib/python3.8/site-packages/airflow/example_dags/example_local_kubernetes_executor.py
[2025-02-22 09:56:41,262] {processor.py:161} INFO - Processing /opt/conda/lib/python3.8/site-packages/airflow/example_dags/example_local_kubernetes_executor.py took 0.031 seconds
[2025-02-22 09:57:25,622] {processor.py:153} INFO - Started process (PID=14604) to work on /opt/conda/lib/python3.8/site-packages/airflow/example_dags/example_local_kubernetes_executor.py
[2025-02-22 09:57:25,624] {processor.py:641} INFO - Processing file /opt/conda/lib/python3.8/site-packages/airflow/example_dags/example_local_kubernetes_executor.py for tasks to queue
[2025-02-22 09:57:25,625] {logging_mixin.py:115} INFO - [2025-02-22 09:57:25,625] {dagbag.py:508} INFO - Filling up the DagBag from /opt/conda/lib/python3.8/site-packages/airflow/example_dags/example_local_kubernetes_executor.py
[2025-02-22 09:57:25,639] {logging_mixin.py:115} INFO - [2025-02-22 09:57:25,639] {example_local_kubernetes_executor.py:37} WARNING - Could not import DAGs in example_local_kubernetes_executor.py
Traceback (most recent call last):
  File "/opt/conda/lib/python3.8/site-packages/airflow/example_dags/example_local_kubernetes_executor.py", line 35, in <module>
    from kubernetes.client import models as k8s
ModuleNotFoundError: No module named 'kubernetes'
[2025-02-22 09:57:25,639] {logging_mixin.py:115} INFO - [2025-02-22 09:57:25,639] {example_local_kubernetes_executor.py:38} WARNING - Install Kubernetes dependencies with: pip install apache-airflow[cncf.kubernetes]
[2025-02-22 09:57:25,639] {processor.py:653} WARNING - No viable dags retrieved from /opt/conda/lib/python3.8/site-packages/airflow/example_dags/example_local_kubernetes_executor.py
[2025-02-22 09:57:25,648] {processor.py:161} INFO - Processing /opt/conda/lib/python3.8/site-packages/airflow/example_dags/example_local_kubernetes_executor.py took 0.029 seconds
