[2025-02-22 09:46:58,782] {processor.py:153} INFO - Started process (PID=12531) to work on /opt/conda/lib/python3.8/site-packages/airflow/example_dags/example_time_delta_sensor_async.py
[2025-02-22 09:46:58,783] {processor.py:641} INFO - Processing file /opt/conda/lib/python3.8/site-packages/airflow/example_dags/example_time_delta_sensor_async.py for tasks to queue
[2025-02-22 09:46:58,783] {logging_mixin.py:115} INFO - [2025-02-22 09:46:58,783] {dagbag.py:508} INFO - Filling up the DagBag from /opt/conda/lib/python3.8/site-packages/airflow/example_dags/example_time_delta_sensor_async.py
[2025-02-22 09:46:58,788] {processor.py:651} INFO - DAG(s) dict_keys(['example_time_delta_sensor_async']) retrieved from /opt/conda/lib/python3.8/site-packages/airflow/example_dags/example_time_delta_sensor_async.py
[2025-02-22 09:46:58,921] {logging_mixin.py:115} INFO - [2025-02-22 09:46:58,921] {dag.py:2420} INFO - Sync 1 DAGs
[2025-02-22 09:46:58,932] {logging_mixin.py:115} INFO - [2025-02-22 09:46:58,932] {dag.py:2968} INFO - Setting next_dagrun for example_time_delta_sensor_async to None, run_after=None
[2025-02-22 09:46:59,053] {processor.py:161} INFO - Processing /opt/conda/lib/python3.8/site-packages/airflow/example_dags/example_time_delta_sensor_async.py took 0.274 seconds
[2025-02-22 09:47:48,143] {processor.py:153} INFO - Started process (PID=12675) to work on /opt/conda/lib/python3.8/site-packages/airflow/example_dags/example_time_delta_sensor_async.py
[2025-02-22 09:47:48,145] {processor.py:641} INFO - Processing file /opt/conda/lib/python3.8/site-packages/airflow/example_dags/example_time_delta_sensor_async.py for tasks to queue
[2025-02-22 09:47:48,146] {logging_mixin.py:115} INFO - [2025-02-22 09:47:48,146] {dagbag.py:508} INFO - Filling up the DagBag from /opt/conda/lib/python3.8/site-packages/airflow/example_dags/example_time_delta_sensor_async.py
[2025-02-22 09:47:48,151] {processor.py:651} INFO - DAG(s) dict_keys(['example_time_delta_sensor_async']) retrieved from /opt/conda/lib/python3.8/site-packages/airflow/example_dags/example_time_delta_sensor_async.py
[2025-02-22 09:47:48,289] {logging_mixin.py:115} INFO - [2025-02-22 09:47:48,288] {dag.py:2420} INFO - Sync 1 DAGs
[2025-02-22 09:47:48,299] {logging_mixin.py:115} INFO - [2025-02-22 09:47:48,299] {dag.py:2968} INFO - Setting next_dagrun for example_time_delta_sensor_async to None, run_after=None
[2025-02-22 09:47:48,320] {processor.py:161} INFO - Processing /opt/conda/lib/python3.8/site-packages/airflow/example_dags/example_time_delta_sensor_async.py took 0.179 seconds
[2025-02-22 09:48:36,496] {processor.py:153} INFO - Started process (PID=12817) to work on /opt/conda/lib/python3.8/site-packages/airflow/example_dags/example_time_delta_sensor_async.py
[2025-02-22 09:48:36,497] {processor.py:641} INFO - Processing file /opt/conda/lib/python3.8/site-packages/airflow/example_dags/example_time_delta_sensor_async.py for tasks to queue
[2025-02-22 09:48:36,498] {logging_mixin.py:115} INFO - [2025-02-22 09:48:36,498] {dagbag.py:508} INFO - Filling up the DagBag from /opt/conda/lib/python3.8/site-packages/airflow/example_dags/example_time_delta_sensor_async.py
[2025-02-22 09:48:36,503] {processor.py:651} INFO - DAG(s) dict_keys(['example_time_delta_sensor_async']) retrieved from /opt/conda/lib/python3.8/site-packages/airflow/example_dags/example_time_delta_sensor_async.py
[2025-02-22 09:48:36,632] {logging_mixin.py:115} INFO - [2025-02-22 09:48:36,632] {dag.py:2420} INFO - Sync 1 DAGs
[2025-02-22 09:48:36,643] {logging_mixin.py:115} INFO - [2025-02-22 09:48:36,643] {dag.py:2968} INFO - Setting next_dagrun for example_time_delta_sensor_async to None, run_after=None
[2025-02-22 09:48:36,662] {processor.py:161} INFO - Processing /opt/conda/lib/python3.8/site-packages/airflow/example_dags/example_time_delta_sensor_async.py took 0.169 seconds
[2025-02-22 09:49:19,880] {processor.py:153} INFO - Started process (PID=12964) to work on /opt/conda/lib/python3.8/site-packages/airflow/example_dags/example_time_delta_sensor_async.py
[2025-02-22 09:49:19,882] {processor.py:641} INFO - Processing file /opt/conda/lib/python3.8/site-packages/airflow/example_dags/example_time_delta_sensor_async.py for tasks to queue
[2025-02-22 09:49:19,883] {logging_mixin.py:115} INFO - [2025-02-22 09:49:19,883] {dagbag.py:508} INFO - Filling up the DagBag from /opt/conda/lib/python3.8/site-packages/airflow/example_dags/example_time_delta_sensor_async.py
[2025-02-22 09:49:19,888] {processor.py:651} INFO - DAG(s) dict_keys(['example_time_delta_sensor_async']) retrieved from /opt/conda/lib/python3.8/site-packages/airflow/example_dags/example_time_delta_sensor_async.py
[2025-02-22 09:49:20,016] {logging_mixin.py:115} INFO - [2025-02-22 09:49:20,016] {dag.py:2420} INFO - Sync 1 DAGs
[2025-02-22 09:49:20,027] {logging_mixin.py:115} INFO - [2025-02-22 09:49:20,027] {dag.py:2968} INFO - Setting next_dagrun for example_time_delta_sensor_async to None, run_after=None
[2025-02-22 09:49:20,047] {processor.py:161} INFO - Processing /opt/conda/lib/python3.8/site-packages/airflow/example_dags/example_time_delta_sensor_async.py took 0.170 seconds
[2025-02-22 09:50:13,915] {processor.py:153} INFO - Started process (PID=13162) to work on /opt/conda/lib/python3.8/site-packages/airflow/example_dags/example_time_delta_sensor_async.py
[2025-02-22 09:50:13,917] {processor.py:641} INFO - Processing file /opt/conda/lib/python3.8/site-packages/airflow/example_dags/example_time_delta_sensor_async.py for tasks to queue
[2025-02-22 09:50:13,918] {logging_mixin.py:115} INFO - [2025-02-22 09:50:13,917] {dagbag.py:508} INFO - Filling up the DagBag from /opt/conda/lib/python3.8/site-packages/airflow/example_dags/example_time_delta_sensor_async.py
[2025-02-22 09:50:13,923] {processor.py:651} INFO - DAG(s) dict_keys(['example_time_delta_sensor_async']) retrieved from /opt/conda/lib/python3.8/site-packages/airflow/example_dags/example_time_delta_sensor_async.py
[2025-02-22 09:50:14,055] {logging_mixin.py:115} INFO - [2025-02-22 09:50:14,055] {dag.py:2420} INFO - Sync 1 DAGs
[2025-02-22 09:50:14,065] {logging_mixin.py:115} INFO - [2025-02-22 09:50:14,065] {dag.py:2968} INFO - Setting next_dagrun for example_time_delta_sensor_async to None, run_after=None
[2025-02-22 09:50:14,086] {processor.py:161} INFO - Processing /opt/conda/lib/python3.8/site-packages/airflow/example_dags/example_time_delta_sensor_async.py took 0.174 seconds
[2025-02-22 09:50:57,778] {processor.py:153} INFO - Started process (PID=13306) to work on /opt/conda/lib/python3.8/site-packages/airflow/example_dags/example_time_delta_sensor_async.py
[2025-02-22 09:50:57,780] {processor.py:641} INFO - Processing file /opt/conda/lib/python3.8/site-packages/airflow/example_dags/example_time_delta_sensor_async.py for tasks to queue
[2025-02-22 09:50:57,780] {logging_mixin.py:115} INFO - [2025-02-22 09:50:57,780] {dagbag.py:508} INFO - Filling up the DagBag from /opt/conda/lib/python3.8/site-packages/airflow/example_dags/example_time_delta_sensor_async.py
[2025-02-22 09:50:57,786] {processor.py:651} INFO - DAG(s) dict_keys(['example_time_delta_sensor_async']) retrieved from /opt/conda/lib/python3.8/site-packages/airflow/example_dags/example_time_delta_sensor_async.py
[2025-02-22 09:50:57,915] {logging_mixin.py:115} INFO - [2025-02-22 09:50:57,915] {dag.py:2420} INFO - Sync 1 DAGs
[2025-02-22 09:50:57,925] {logging_mixin.py:115} INFO - [2025-02-22 09:50:57,925] {dag.py:2968} INFO - Setting next_dagrun for example_time_delta_sensor_async to None, run_after=None
[2025-02-22 09:50:57,944] {processor.py:161} INFO - Processing /opt/conda/lib/python3.8/site-packages/airflow/example_dags/example_time_delta_sensor_async.py took 0.169 seconds
[2025-02-22 09:51:42,355] {processor.py:153} INFO - Started process (PID=13454) to work on /opt/conda/lib/python3.8/site-packages/airflow/example_dags/example_time_delta_sensor_async.py
[2025-02-22 09:51:42,357] {processor.py:641} INFO - Processing file /opt/conda/lib/python3.8/site-packages/airflow/example_dags/example_time_delta_sensor_async.py for tasks to queue
[2025-02-22 09:51:42,357] {logging_mixin.py:115} INFO - [2025-02-22 09:51:42,357] {dagbag.py:508} INFO - Filling up the DagBag from /opt/conda/lib/python3.8/site-packages/airflow/example_dags/example_time_delta_sensor_async.py
[2025-02-22 09:51:42,363] {processor.py:651} INFO - DAG(s) dict_keys(['example_time_delta_sensor_async']) retrieved from /opt/conda/lib/python3.8/site-packages/airflow/example_dags/example_time_delta_sensor_async.py
[2025-02-22 09:51:42,510] {logging_mixin.py:115} INFO - [2025-02-22 09:51:42,510] {dag.py:2420} INFO - Sync 1 DAGs
[2025-02-22 09:51:42,520] {logging_mixin.py:115} INFO - [2025-02-22 09:51:42,520] {dag.py:2968} INFO - Setting next_dagrun for example_time_delta_sensor_async to None, run_after=None
[2025-02-22 09:51:42,541] {processor.py:161} INFO - Processing /opt/conda/lib/python3.8/site-packages/airflow/example_dags/example_time_delta_sensor_async.py took 0.189 seconds
[2025-02-22 09:52:22,831] {processor.py:153} INFO - Started process (PID=13592) to work on /opt/conda/lib/python3.8/site-packages/airflow/example_dags/example_time_delta_sensor_async.py
[2025-02-22 09:52:22,833] {processor.py:641} INFO - Processing file /opt/conda/lib/python3.8/site-packages/airflow/example_dags/example_time_delta_sensor_async.py for tasks to queue
[2025-02-22 09:52:22,833] {logging_mixin.py:115} INFO - [2025-02-22 09:52:22,833] {dagbag.py:508} INFO - Filling up the DagBag from /opt/conda/lib/python3.8/site-packages/airflow/example_dags/example_time_delta_sensor_async.py
[2025-02-22 09:52:22,839] {processor.py:651} INFO - DAG(s) dict_keys(['example_time_delta_sensor_async']) retrieved from /opt/conda/lib/python3.8/site-packages/airflow/example_dags/example_time_delta_sensor_async.py
[2025-02-22 09:52:22,868] {logging_mixin.py:115} INFO - [2025-02-22 09:52:22,868] {dag.py:2420} INFO - Sync 1 DAGs
[2025-02-22 09:52:22,882] {logging_mixin.py:115} INFO - [2025-02-22 09:52:22,882] {dag.py:2968} INFO - Setting next_dagrun for example_time_delta_sensor_async to None, run_after=None
[2025-02-22 09:52:22,903] {processor.py:161} INFO - Processing /opt/conda/lib/python3.8/site-packages/airflow/example_dags/example_time_delta_sensor_async.py took 0.076 seconds
[2025-02-22 09:53:02,224] {processor.py:153} INFO - Started process (PID=13723) to work on /opt/conda/lib/python3.8/site-packages/airflow/example_dags/example_time_delta_sensor_async.py
[2025-02-22 09:53:02,226] {processor.py:641} INFO - Processing file /opt/conda/lib/python3.8/site-packages/airflow/example_dags/example_time_delta_sensor_async.py for tasks to queue
[2025-02-22 09:53:02,227] {logging_mixin.py:115} INFO - [2025-02-22 09:53:02,227] {dagbag.py:508} INFO - Filling up the DagBag from /opt/conda/lib/python3.8/site-packages/airflow/example_dags/example_time_delta_sensor_async.py
[2025-02-22 09:53:02,233] {processor.py:651} INFO - DAG(s) dict_keys(['example_time_delta_sensor_async']) retrieved from /opt/conda/lib/python3.8/site-packages/airflow/example_dags/example_time_delta_sensor_async.py
[2025-02-22 09:53:02,268] {logging_mixin.py:115} INFO - [2025-02-22 09:53:02,268] {dag.py:2420} INFO - Sync 1 DAGs
[2025-02-22 09:53:02,283] {logging_mixin.py:115} INFO - [2025-02-22 09:53:02,283] {dag.py:2968} INFO - Setting next_dagrun for example_time_delta_sensor_async to None, run_after=None
[2025-02-22 09:53:02,305] {processor.py:161} INFO - Processing /opt/conda/lib/python3.8/site-packages/airflow/example_dags/example_time_delta_sensor_async.py took 0.084 seconds
[2025-02-22 09:53:36,596] {processor.py:153} INFO - Started process (PID=13847) to work on /opt/conda/lib/python3.8/site-packages/airflow/example_dags/example_time_delta_sensor_async.py
[2025-02-22 09:53:36,598] {processor.py:641} INFO - Processing file /opt/conda/lib/python3.8/site-packages/airflow/example_dags/example_time_delta_sensor_async.py for tasks to queue
[2025-02-22 09:53:36,598] {logging_mixin.py:115} INFO - [2025-02-22 09:53:36,598] {dagbag.py:508} INFO - Filling up the DagBag from /opt/conda/lib/python3.8/site-packages/airflow/example_dags/example_time_delta_sensor_async.py
[2025-02-22 09:53:36,604] {processor.py:651} INFO - DAG(s) dict_keys(['example_time_delta_sensor_async']) retrieved from /opt/conda/lib/python3.8/site-packages/airflow/example_dags/example_time_delta_sensor_async.py
[2025-02-22 09:53:36,639] {logging_mixin.py:115} INFO - [2025-02-22 09:53:36,639] {dag.py:2420} INFO - Sync 1 DAGs
[2025-02-22 09:53:36,657] {logging_mixin.py:115} INFO - [2025-02-22 09:53:36,657] {dag.py:2968} INFO - Setting next_dagrun for example_time_delta_sensor_async to None, run_after=None
[2025-02-22 09:53:36,678] {processor.py:161} INFO - Processing /opt/conda/lib/python3.8/site-packages/airflow/example_dags/example_time_delta_sensor_async.py took 0.086 seconds
[2025-02-22 09:54:21,219] {processor.py:153} INFO - Started process (PID=13981) to work on /opt/conda/lib/python3.8/site-packages/airflow/example_dags/example_time_delta_sensor_async.py
[2025-02-22 09:54:21,221] {processor.py:641} INFO - Processing file /opt/conda/lib/python3.8/site-packages/airflow/example_dags/example_time_delta_sensor_async.py for tasks to queue
[2025-02-22 09:54:21,222] {logging_mixin.py:115} INFO - [2025-02-22 09:54:21,222] {dagbag.py:508} INFO - Filling up the DagBag from /opt/conda/lib/python3.8/site-packages/airflow/example_dags/example_time_delta_sensor_async.py
[2025-02-22 09:54:21,228] {processor.py:651} INFO - DAG(s) dict_keys(['example_time_delta_sensor_async']) retrieved from /opt/conda/lib/python3.8/site-packages/airflow/example_dags/example_time_delta_sensor_async.py
[2025-02-22 09:54:21,261] {logging_mixin.py:115} INFO - [2025-02-22 09:54:21,261] {dag.py:2420} INFO - Sync 1 DAGs
[2025-02-22 09:54:21,275] {logging_mixin.py:115} INFO - [2025-02-22 09:54:21,275] {dag.py:2968} INFO - Setting next_dagrun for example_time_delta_sensor_async to None, run_after=None
[2025-02-22 09:54:21,296] {processor.py:161} INFO - Processing /opt/conda/lib/python3.8/site-packages/airflow/example_dags/example_time_delta_sensor_async.py took 0.081 seconds
[2025-02-22 09:54:55,916] {processor.py:153} INFO - Started process (PID=14096) to work on /opt/conda/lib/python3.8/site-packages/airflow/example_dags/example_time_delta_sensor_async.py
[2025-02-22 09:54:55,918] {processor.py:641} INFO - Processing file /opt/conda/lib/python3.8/site-packages/airflow/example_dags/example_time_delta_sensor_async.py for tasks to queue
[2025-02-22 09:54:55,918] {logging_mixin.py:115} INFO - [2025-02-22 09:54:55,918] {dagbag.py:508} INFO - Filling up the DagBag from /opt/conda/lib/python3.8/site-packages/airflow/example_dags/example_time_delta_sensor_async.py
[2025-02-22 09:54:55,923] {processor.py:651} INFO - DAG(s) dict_keys(['example_time_delta_sensor_async']) retrieved from /opt/conda/lib/python3.8/site-packages/airflow/example_dags/example_time_delta_sensor_async.py
[2025-02-22 09:54:55,952] {logging_mixin.py:115} INFO - [2025-02-22 09:54:55,952] {dag.py:2420} INFO - Sync 1 DAGs
[2025-02-22 09:54:55,966] {logging_mixin.py:115} INFO - [2025-02-22 09:54:55,965] {dag.py:2968} INFO - Setting next_dagrun for example_time_delta_sensor_async to None, run_after=None
[2025-02-22 09:54:55,987] {processor.py:161} INFO - Processing /opt/conda/lib/python3.8/site-packages/airflow/example_dags/example_time_delta_sensor_async.py took 0.075 seconds
[2025-02-22 09:55:38,992] {processor.py:153} INFO - Started process (PID=14246) to work on /opt/conda/lib/python3.8/site-packages/airflow/example_dags/example_time_delta_sensor_async.py
[2025-02-22 09:55:39,011] {processor.py:641} INFO - Processing file /opt/conda/lib/python3.8/site-packages/airflow/example_dags/example_time_delta_sensor_async.py for tasks to queue
[2025-02-22 09:55:39,011] {logging_mixin.py:115} INFO - [2025-02-22 09:55:39,011] {dagbag.py:508} INFO - Filling up the DagBag from /opt/conda/lib/python3.8/site-packages/airflow/example_dags/example_time_delta_sensor_async.py
[2025-02-22 09:55:39,016] {processor.py:651} INFO - DAG(s) dict_keys(['example_time_delta_sensor_async']) retrieved from /opt/conda/lib/python3.8/site-packages/airflow/example_dags/example_time_delta_sensor_async.py
[2025-02-22 09:55:39,046] {logging_mixin.py:115} INFO - [2025-02-22 09:55:39,046] {dag.py:2420} INFO - Sync 1 DAGs
[2025-02-22 09:55:39,060] {logging_mixin.py:115} INFO - [2025-02-22 09:55:39,060] {dag.py:2968} INFO - Setting next_dagrun for example_time_delta_sensor_async to None, run_after=None
[2025-02-22 09:55:39,175] {processor.py:161} INFO - Processing /opt/conda/lib/python3.8/site-packages/airflow/example_dags/example_time_delta_sensor_async.py took 0.186 seconds
[2025-02-22 09:56:16,854] {processor.py:153} INFO - Started process (PID=14375) to work on /opt/conda/lib/python3.8/site-packages/airflow/example_dags/example_time_delta_sensor_async.py
[2025-02-22 09:56:16,856] {processor.py:641} INFO - Processing file /opt/conda/lib/python3.8/site-packages/airflow/example_dags/example_time_delta_sensor_async.py for tasks to queue
[2025-02-22 09:56:16,857] {logging_mixin.py:115} INFO - [2025-02-22 09:56:16,857] {dagbag.py:508} INFO - Filling up the DagBag from /opt/conda/lib/python3.8/site-packages/airflow/example_dags/example_time_delta_sensor_async.py
[2025-02-22 09:56:16,863] {processor.py:651} INFO - DAG(s) dict_keys(['example_time_delta_sensor_async']) retrieved from /opt/conda/lib/python3.8/site-packages/airflow/example_dags/example_time_delta_sensor_async.py
[2025-02-22 09:56:16,898] {logging_mixin.py:115} INFO - [2025-02-22 09:56:16,898] {dag.py:2420} INFO - Sync 1 DAGs
[2025-02-22 09:56:16,916] {logging_mixin.py:115} INFO - [2025-02-22 09:56:16,916] {dag.py:2968} INFO - Setting next_dagrun for example_time_delta_sensor_async to None, run_after=None
[2025-02-22 09:56:16,943] {processor.py:161} INFO - Processing /opt/conda/lib/python3.8/site-packages/airflow/example_dags/example_time_delta_sensor_async.py took 0.092 seconds
[2025-02-22 09:56:50,298] {processor.py:153} INFO - Started process (PID=14489) to work on /opt/conda/lib/python3.8/site-packages/airflow/example_dags/example_time_delta_sensor_async.py
[2025-02-22 09:56:50,301] {processor.py:641} INFO - Processing file /opt/conda/lib/python3.8/site-packages/airflow/example_dags/example_time_delta_sensor_async.py for tasks to queue
[2025-02-22 09:56:50,301] {logging_mixin.py:115} INFO - [2025-02-22 09:56:50,301] {dagbag.py:508} INFO - Filling up the DagBag from /opt/conda/lib/python3.8/site-packages/airflow/example_dags/example_time_delta_sensor_async.py
[2025-02-22 09:56:50,307] {processor.py:651} INFO - DAG(s) dict_keys(['example_time_delta_sensor_async']) retrieved from /opt/conda/lib/python3.8/site-packages/airflow/example_dags/example_time_delta_sensor_async.py
[2025-02-22 09:56:50,342] {logging_mixin.py:115} INFO - [2025-02-22 09:56:50,341] {dag.py:2420} INFO - Sync 1 DAGs
[2025-02-22 09:56:50,360] {logging_mixin.py:115} INFO - [2025-02-22 09:56:50,360] {dag.py:2968} INFO - Setting next_dagrun for example_time_delta_sensor_async to None, run_after=None
[2025-02-22 09:56:50,384] {processor.py:161} INFO - Processing /opt/conda/lib/python3.8/site-packages/airflow/example_dags/example_time_delta_sensor_async.py took 0.089 seconds
[2025-02-22 09:57:24,275] {processor.py:153} INFO - Started process (PID=14600) to work on /opt/conda/lib/python3.8/site-packages/airflow/example_dags/example_time_delta_sensor_async.py
[2025-02-22 09:57:24,277] {processor.py:641} INFO - Processing file /opt/conda/lib/python3.8/site-packages/airflow/example_dags/example_time_delta_sensor_async.py for tasks to queue
[2025-02-22 09:57:24,278] {logging_mixin.py:115} INFO - [2025-02-22 09:57:24,278] {dagbag.py:508} INFO - Filling up the DagBag from /opt/conda/lib/python3.8/site-packages/airflow/example_dags/example_time_delta_sensor_async.py
[2025-02-22 09:57:24,283] {processor.py:651} INFO - DAG(s) dict_keys(['example_time_delta_sensor_async']) retrieved from /opt/conda/lib/python3.8/site-packages/airflow/example_dags/example_time_delta_sensor_async.py
[2025-02-22 09:57:24,318] {logging_mixin.py:115} INFO - [2025-02-22 09:57:24,318] {dag.py:2420} INFO - Sync 1 DAGs
[2025-02-22 09:57:24,335] {logging_mixin.py:115} INFO - [2025-02-22 09:57:24,335] {dag.py:2968} INFO - Setting next_dagrun for example_time_delta_sensor_async to None, run_after=None
[2025-02-22 09:57:24,356] {processor.py:161} INFO - Processing /opt/conda/lib/python3.8/site-packages/airflow/example_dags/example_time_delta_sensor_async.py took 0.084 seconds
