[2025-02-22 09:46:52,474] {processor.py:153} INFO - Started process (PID=12496) to work on /opt/conda/lib/python3.8/site-packages/airflow/example_dags/example_trigger_controller_dag.py
[2025-02-22 09:46:52,475] {processor.py:641} INFO - Processing file /opt/conda/lib/python3.8/site-packages/airflow/example_dags/example_trigger_controller_dag.py for tasks to queue
[2025-02-22 09:46:52,475] {logging_mixin.py:115} INFO - [2025-02-22 09:46:52,475] {dagbag.py:508} INFO - Filling up the DagBag from /opt/conda/lib/python3.8/site-packages/airflow/example_dags/example_trigger_controller_dag.py
[2025-02-22 09:46:52,479] {processor.py:651} INFO - DAG(s) dict_keys(['example_trigger_controller_dag']) retrieved from /opt/conda/lib/python3.8/site-packages/airflow/example_dags/example_trigger_controller_dag.py
[2025-02-22 09:46:52,622] {logging_mixin.py:115} INFO - [2025-02-22 09:46:52,622] {dag.py:2420} INFO - Sync 1 DAGs
[2025-02-22 09:46:52,633] {logging_mixin.py:115} INFO - [2025-02-22 09:46:52,633] {dag.py:2968} INFO - Setting next_dagrun for example_trigger_controller_dag to 2021-01-01T00:00:00+00:00, run_after=2021-01-01T00:00:00+00:00
[2025-02-22 09:46:52,654] {processor.py:161} INFO - Processing /opt/conda/lib/python3.8/site-packages/airflow/example_dags/example_trigger_controller_dag.py took 0.183 seconds
[2025-02-22 09:47:42,654] {processor.py:153} INFO - Started process (PID=12663) to work on /opt/conda/lib/python3.8/site-packages/airflow/example_dags/example_trigger_controller_dag.py
[2025-02-22 09:47:42,656] {processor.py:641} INFO - Processing file /opt/conda/lib/python3.8/site-packages/airflow/example_dags/example_trigger_controller_dag.py for tasks to queue
[2025-02-22 09:47:42,656] {logging_mixin.py:115} INFO - [2025-02-22 09:47:42,656] {dagbag.py:508} INFO - Filling up the DagBag from /opt/conda/lib/python3.8/site-packages/airflow/example_dags/example_trigger_controller_dag.py
[2025-02-22 09:47:42,660] {processor.py:651} INFO - DAG(s) dict_keys(['example_trigger_controller_dag']) retrieved from /opt/conda/lib/python3.8/site-packages/airflow/example_dags/example_trigger_controller_dag.py
[2025-02-22 09:47:42,798] {logging_mixin.py:115} INFO - [2025-02-22 09:47:42,798] {dag.py:2420} INFO - Sync 1 DAGs
[2025-02-22 09:47:42,809] {logging_mixin.py:115} INFO - [2025-02-22 09:47:42,809] {dag.py:2968} INFO - Setting next_dagrun for example_trigger_controller_dag to 2021-01-01T00:00:00+00:00, run_after=2021-01-01T00:00:00+00:00
[2025-02-22 09:47:43,085] {processor.py:161} INFO - Processing /opt/conda/lib/python3.8/site-packages/airflow/example_dags/example_trigger_controller_dag.py took 0.434 seconds
[2025-02-22 09:48:21,162] {processor.py:153} INFO - Started process (PID=12781) to work on /opt/conda/lib/python3.8/site-packages/airflow/example_dags/example_trigger_controller_dag.py
[2025-02-22 09:48:21,164] {processor.py:641} INFO - Processing file /opt/conda/lib/python3.8/site-packages/airflow/example_dags/example_trigger_controller_dag.py for tasks to queue
[2025-02-22 09:48:21,164] {logging_mixin.py:115} INFO - [2025-02-22 09:48:21,164] {dagbag.py:508} INFO - Filling up the DagBag from /opt/conda/lib/python3.8/site-packages/airflow/example_dags/example_trigger_controller_dag.py
[2025-02-22 09:48:21,168] {processor.py:651} INFO - DAG(s) dict_keys(['example_trigger_controller_dag']) retrieved from /opt/conda/lib/python3.8/site-packages/airflow/example_dags/example_trigger_controller_dag.py
[2025-02-22 09:48:21,293] {logging_mixin.py:115} INFO - [2025-02-22 09:48:21,293] {dag.py:2420} INFO - Sync 1 DAGs
[2025-02-22 09:48:21,303] {logging_mixin.py:115} INFO - [2025-02-22 09:48:21,303] {dag.py:2968} INFO - Setting next_dagrun for example_trigger_controller_dag to 2021-01-01T00:00:00+00:00, run_after=2021-01-01T00:00:00+00:00
[2025-02-22 09:48:21,323] {processor.py:161} INFO - Processing /opt/conda/lib/python3.8/site-packages/airflow/example_dags/example_trigger_controller_dag.py took 0.164 seconds
[2025-02-22 09:49:05,942] {processor.py:153} INFO - Started process (PID=12920) to work on /opt/conda/lib/python3.8/site-packages/airflow/example_dags/example_trigger_controller_dag.py
[2025-02-22 09:49:05,944] {processor.py:641} INFO - Processing file /opt/conda/lib/python3.8/site-packages/airflow/example_dags/example_trigger_controller_dag.py for tasks to queue
[2025-02-22 09:49:05,944] {logging_mixin.py:115} INFO - [2025-02-22 09:49:05,944] {dagbag.py:508} INFO - Filling up the DagBag from /opt/conda/lib/python3.8/site-packages/airflow/example_dags/example_trigger_controller_dag.py
[2025-02-22 09:49:05,948] {processor.py:651} INFO - DAG(s) dict_keys(['example_trigger_controller_dag']) retrieved from /opt/conda/lib/python3.8/site-packages/airflow/example_dags/example_trigger_controller_dag.py
[2025-02-22 09:49:06,072] {logging_mixin.py:115} INFO - [2025-02-22 09:49:06,072] {dag.py:2420} INFO - Sync 1 DAGs
[2025-02-22 09:49:06,082] {logging_mixin.py:115} INFO - [2025-02-22 09:49:06,082] {dag.py:2968} INFO - Setting next_dagrun for example_trigger_controller_dag to 2021-01-01T00:00:00+00:00, run_after=2021-01-01T00:00:00+00:00
[2025-02-22 09:49:06,107] {processor.py:161} INFO - Processing /opt/conda/lib/python3.8/site-packages/airflow/example_dags/example_trigger_controller_dag.py took 0.168 seconds
[2025-02-22 09:49:50,389] {processor.py:153} INFO - Started process (PID=13069) to work on /opt/conda/lib/python3.8/site-packages/airflow/example_dags/example_trigger_controller_dag.py
[2025-02-22 09:49:50,391] {processor.py:641} INFO - Processing file /opt/conda/lib/python3.8/site-packages/airflow/example_dags/example_trigger_controller_dag.py for tasks to queue
[2025-02-22 09:49:50,391] {logging_mixin.py:115} INFO - [2025-02-22 09:49:50,391] {dagbag.py:508} INFO - Filling up the DagBag from /opt/conda/lib/python3.8/site-packages/airflow/example_dags/example_trigger_controller_dag.py
[2025-02-22 09:49:50,394] {processor.py:651} INFO - DAG(s) dict_keys(['example_trigger_controller_dag']) retrieved from /opt/conda/lib/python3.8/site-packages/airflow/example_dags/example_trigger_controller_dag.py
[2025-02-22 09:49:50,512] {logging_mixin.py:115} INFO - [2025-02-22 09:49:50,512] {dag.py:2420} INFO - Sync 1 DAGs
[2025-02-22 09:49:50,523] {logging_mixin.py:115} INFO - [2025-02-22 09:49:50,523] {dag.py:2968} INFO - Setting next_dagrun for example_trigger_controller_dag to 2021-01-01T00:00:00+00:00, run_after=2021-01-01T00:00:00+00:00
[2025-02-22 09:49:50,542] {processor.py:161} INFO - Processing /opt/conda/lib/python3.8/site-packages/airflow/example_dags/example_trigger_controller_dag.py took 0.156 seconds
[2025-02-22 09:50:28,239] {processor.py:153} INFO - Started process (PID=13212) to work on /opt/conda/lib/python3.8/site-packages/airflow/example_dags/example_trigger_controller_dag.py
[2025-02-22 09:50:28,240] {processor.py:641} INFO - Processing file /opt/conda/lib/python3.8/site-packages/airflow/example_dags/example_trigger_controller_dag.py for tasks to queue
[2025-02-22 09:50:28,241] {logging_mixin.py:115} INFO - [2025-02-22 09:50:28,241] {dagbag.py:508} INFO - Filling up the DagBag from /opt/conda/lib/python3.8/site-packages/airflow/example_dags/example_trigger_controller_dag.py
[2025-02-22 09:50:28,244] {processor.py:651} INFO - DAG(s) dict_keys(['example_trigger_controller_dag']) retrieved from /opt/conda/lib/python3.8/site-packages/airflow/example_dags/example_trigger_controller_dag.py
[2025-02-22 09:50:28,376] {logging_mixin.py:115} INFO - [2025-02-22 09:50:28,376] {dag.py:2420} INFO - Sync 1 DAGs
[2025-02-22 09:50:28,387] {logging_mixin.py:115} INFO - [2025-02-22 09:50:28,387] {dag.py:2968} INFO - Setting next_dagrun for example_trigger_controller_dag to 2021-01-01T00:00:00+00:00, run_after=2021-01-01T00:00:00+00:00
[2025-02-22 09:50:28,408] {processor.py:161} INFO - Processing /opt/conda/lib/python3.8/site-packages/airflow/example_dags/example_trigger_controller_dag.py took 0.172 seconds
[2025-02-22 09:51:12,342] {processor.py:153} INFO - Started process (PID=13350) to work on /opt/conda/lib/python3.8/site-packages/airflow/example_dags/example_trigger_controller_dag.py
[2025-02-22 09:51:12,343] {processor.py:641} INFO - Processing file /opt/conda/lib/python3.8/site-packages/airflow/example_dags/example_trigger_controller_dag.py for tasks to queue
[2025-02-22 09:51:12,344] {logging_mixin.py:115} INFO - [2025-02-22 09:51:12,344] {dagbag.py:508} INFO - Filling up the DagBag from /opt/conda/lib/python3.8/site-packages/airflow/example_dags/example_trigger_controller_dag.py
[2025-02-22 09:51:12,347] {processor.py:651} INFO - DAG(s) dict_keys(['example_trigger_controller_dag']) retrieved from /opt/conda/lib/python3.8/site-packages/airflow/example_dags/example_trigger_controller_dag.py
[2025-02-22 09:51:12,465] {logging_mixin.py:115} INFO - [2025-02-22 09:51:12,465] {dag.py:2420} INFO - Sync 1 DAGs
[2025-02-22 09:51:12,476] {logging_mixin.py:115} INFO - [2025-02-22 09:51:12,476] {dag.py:2968} INFO - Setting next_dagrun for example_trigger_controller_dag to 2021-01-01T00:00:00+00:00, run_after=2021-01-01T00:00:00+00:00
[2025-02-22 09:51:12,495] {processor.py:161} INFO - Processing /opt/conda/lib/python3.8/site-packages/airflow/example_dags/example_trigger_controller_dag.py took 0.156 seconds
[2025-02-22 09:51:56,124] {processor.py:153} INFO - Started process (PID=13503) to work on /opt/conda/lib/python3.8/site-packages/airflow/example_dags/example_trigger_controller_dag.py
[2025-02-22 09:51:56,126] {processor.py:641} INFO - Processing file /opt/conda/lib/python3.8/site-packages/airflow/example_dags/example_trigger_controller_dag.py for tasks to queue
[2025-02-22 09:51:56,126] {logging_mixin.py:115} INFO - [2025-02-22 09:51:56,126] {dagbag.py:508} INFO - Filling up the DagBag from /opt/conda/lib/python3.8/site-packages/airflow/example_dags/example_trigger_controller_dag.py
[2025-02-22 09:51:56,129] {processor.py:651} INFO - DAG(s) dict_keys(['example_trigger_controller_dag']) retrieved from /opt/conda/lib/python3.8/site-packages/airflow/example_dags/example_trigger_controller_dag.py
[2025-02-22 09:51:56,147] {logging_mixin.py:115} INFO - [2025-02-22 09:51:56,146] {dag.py:2420} INFO - Sync 1 DAGs
[2025-02-22 09:51:56,165] {logging_mixin.py:115} INFO - [2025-02-22 09:51:56,165] {dag.py:2968} INFO - Setting next_dagrun for example_trigger_controller_dag to 2021-01-01T00:00:00+00:00, run_after=2021-01-01T00:00:00+00:00
[2025-02-22 09:51:56,189] {processor.py:161} INFO - Processing /opt/conda/lib/python3.8/site-packages/airflow/example_dags/example_trigger_controller_dag.py took 0.069 seconds
[2025-02-22 09:52:38,050] {processor.py:153} INFO - Started process (PID=13637) to work on /opt/conda/lib/python3.8/site-packages/airflow/example_dags/example_trigger_controller_dag.py
[2025-02-22 09:52:38,052] {processor.py:641} INFO - Processing file /opt/conda/lib/python3.8/site-packages/airflow/example_dags/example_trigger_controller_dag.py for tasks to queue
[2025-02-22 09:52:38,053] {logging_mixin.py:115} INFO - [2025-02-22 09:52:38,053] {dagbag.py:508} INFO - Filling up the DagBag from /opt/conda/lib/python3.8/site-packages/airflow/example_dags/example_trigger_controller_dag.py
[2025-02-22 09:52:38,056] {processor.py:651} INFO - DAG(s) dict_keys(['example_trigger_controller_dag']) retrieved from /opt/conda/lib/python3.8/site-packages/airflow/example_dags/example_trigger_controller_dag.py
[2025-02-22 09:52:38,074] {logging_mixin.py:115} INFO - [2025-02-22 09:52:38,074] {dag.py:2420} INFO - Sync 1 DAGs
[2025-02-22 09:52:38,093] {logging_mixin.py:115} INFO - [2025-02-22 09:52:38,092] {dag.py:2968} INFO - Setting next_dagrun for example_trigger_controller_dag to 2021-01-01T00:00:00+00:00, run_after=2021-01-01T00:00:00+00:00
[2025-02-22 09:52:38,117] {processor.py:161} INFO - Processing /opt/conda/lib/python3.8/site-packages/airflow/example_dags/example_trigger_controller_dag.py took 0.070 seconds
[2025-02-22 09:53:13,222] {processor.py:153} INFO - Started process (PID=13753) to work on /opt/conda/lib/python3.8/site-packages/airflow/example_dags/example_trigger_controller_dag.py
[2025-02-22 09:53:13,228] {processor.py:641} INFO - Processing file /opt/conda/lib/python3.8/site-packages/airflow/example_dags/example_trigger_controller_dag.py for tasks to queue
[2025-02-22 09:53:13,228] {logging_mixin.py:115} INFO - [2025-02-22 09:53:13,228] {dagbag.py:508} INFO - Filling up the DagBag from /opt/conda/lib/python3.8/site-packages/airflow/example_dags/example_trigger_controller_dag.py
[2025-02-22 09:53:13,232] {processor.py:651} INFO - DAG(s) dict_keys(['example_trigger_controller_dag']) retrieved from /opt/conda/lib/python3.8/site-packages/airflow/example_dags/example_trigger_controller_dag.py
[2025-02-22 09:53:13,249] {logging_mixin.py:115} INFO - [2025-02-22 09:53:13,249] {dag.py:2420} INFO - Sync 1 DAGs
[2025-02-22 09:53:13,268] {logging_mixin.py:115} INFO - [2025-02-22 09:53:13,268] {dag.py:2968} INFO - Setting next_dagrun for example_trigger_controller_dag to 2021-01-01T00:00:00+00:00, run_after=2021-01-01T00:00:00+00:00
[2025-02-22 09:53:13,293] {processor.py:161} INFO - Processing /opt/conda/lib/python3.8/site-packages/airflow/example_dags/example_trigger_controller_dag.py took 0.074 seconds
[2025-02-22 09:53:46,995] {processor.py:153} INFO - Started process (PID=13876) to work on /opt/conda/lib/python3.8/site-packages/airflow/example_dags/example_trigger_controller_dag.py
[2025-02-22 09:53:46,997] {processor.py:641} INFO - Processing file /opt/conda/lib/python3.8/site-packages/airflow/example_dags/example_trigger_controller_dag.py for tasks to queue
[2025-02-22 09:53:46,998] {logging_mixin.py:115} INFO - [2025-02-22 09:53:46,998] {dagbag.py:508} INFO - Filling up the DagBag from /opt/conda/lib/python3.8/site-packages/airflow/example_dags/example_trigger_controller_dag.py
[2025-02-22 09:53:47,001] {processor.py:651} INFO - DAG(s) dict_keys(['example_trigger_controller_dag']) retrieved from /opt/conda/lib/python3.8/site-packages/airflow/example_dags/example_trigger_controller_dag.py
[2025-02-22 09:53:47,019] {logging_mixin.py:115} INFO - [2025-02-22 09:53:47,019] {dag.py:2420} INFO - Sync 1 DAGs
[2025-02-22 09:53:47,035] {logging_mixin.py:115} INFO - [2025-02-22 09:53:47,035] {dag.py:2968} INFO - Setting next_dagrun for example_trigger_controller_dag to 2021-01-01T00:00:00+00:00, run_after=2021-01-01T00:00:00+00:00
[2025-02-22 09:53:47,056] {processor.py:161} INFO - Processing /opt/conda/lib/python3.8/site-packages/airflow/example_dags/example_trigger_controller_dag.py took 0.064 seconds
[2025-02-22 09:54:20,050] {processor.py:153} INFO - Started process (PID=13979) to work on /opt/conda/lib/python3.8/site-packages/airflow/example_dags/example_trigger_controller_dag.py
[2025-02-22 09:54:20,053] {processor.py:641} INFO - Processing file /opt/conda/lib/python3.8/site-packages/airflow/example_dags/example_trigger_controller_dag.py for tasks to queue
[2025-02-22 09:54:20,053] {logging_mixin.py:115} INFO - [2025-02-22 09:54:20,053] {dagbag.py:508} INFO - Filling up the DagBag from /opt/conda/lib/python3.8/site-packages/airflow/example_dags/example_trigger_controller_dag.py
[2025-02-22 09:54:20,056] {processor.py:651} INFO - DAG(s) dict_keys(['example_trigger_controller_dag']) retrieved from /opt/conda/lib/python3.8/site-packages/airflow/example_dags/example_trigger_controller_dag.py
[2025-02-22 09:54:20,074] {logging_mixin.py:115} INFO - [2025-02-22 09:54:20,074] {dag.py:2420} INFO - Sync 1 DAGs
[2025-02-22 09:54:20,092] {logging_mixin.py:115} INFO - [2025-02-22 09:54:20,091] {dag.py:2968} INFO - Setting next_dagrun for example_trigger_controller_dag to 2021-01-01T00:00:00+00:00, run_after=2021-01-01T00:00:00+00:00
[2025-02-22 09:54:20,114] {processor.py:161} INFO - Processing /opt/conda/lib/python3.8/site-packages/airflow/example_dags/example_trigger_controller_dag.py took 0.067 seconds
[2025-02-22 09:54:54,643] {processor.py:153} INFO - Started process (PID=14094) to work on /opt/conda/lib/python3.8/site-packages/airflow/example_dags/example_trigger_controller_dag.py
[2025-02-22 09:54:54,644] {processor.py:641} INFO - Processing file /opt/conda/lib/python3.8/site-packages/airflow/example_dags/example_trigger_controller_dag.py for tasks to queue
[2025-02-22 09:54:54,645] {logging_mixin.py:115} INFO - [2025-02-22 09:54:54,645] {dagbag.py:508} INFO - Filling up the DagBag from /opt/conda/lib/python3.8/site-packages/airflow/example_dags/example_trigger_controller_dag.py
[2025-02-22 09:54:54,648] {processor.py:651} INFO - DAG(s) dict_keys(['example_trigger_controller_dag']) retrieved from /opt/conda/lib/python3.8/site-packages/airflow/example_dags/example_trigger_controller_dag.py
[2025-02-22 09:54:54,664] {logging_mixin.py:115} INFO - [2025-02-22 09:54:54,664] {dag.py:2420} INFO - Sync 1 DAGs
[2025-02-22 09:54:54,679] {logging_mixin.py:115} INFO - [2025-02-22 09:54:54,679] {dag.py:2968} INFO - Setting next_dagrun for example_trigger_controller_dag to 2021-01-01T00:00:00+00:00, run_after=2021-01-01T00:00:00+00:00
[2025-02-22 09:54:54,775] {processor.py:161} INFO - Processing /opt/conda/lib/python3.8/site-packages/airflow/example_dags/example_trigger_controller_dag.py took 0.136 seconds
[2025-02-22 09:55:37,825] {processor.py:153} INFO - Started process (PID=14234) to work on /opt/conda/lib/python3.8/site-packages/airflow/example_dags/example_trigger_controller_dag.py
[2025-02-22 09:55:37,827] {processor.py:641} INFO - Processing file /opt/conda/lib/python3.8/site-packages/airflow/example_dags/example_trigger_controller_dag.py for tasks to queue
[2025-02-22 09:55:37,827] {logging_mixin.py:115} INFO - [2025-02-22 09:55:37,827] {dagbag.py:508} INFO - Filling up the DagBag from /opt/conda/lib/python3.8/site-packages/airflow/example_dags/example_trigger_controller_dag.py
[2025-02-22 09:55:37,830] {processor.py:651} INFO - DAG(s) dict_keys(['example_trigger_controller_dag']) retrieved from /opt/conda/lib/python3.8/site-packages/airflow/example_dags/example_trigger_controller_dag.py
[2025-02-22 09:55:37,846] {logging_mixin.py:115} INFO - [2025-02-22 09:55:37,846] {dag.py:2420} INFO - Sync 1 DAGs
[2025-02-22 09:55:37,863] {logging_mixin.py:115} INFO - [2025-02-22 09:55:37,863] {dag.py:2968} INFO - Setting next_dagrun for example_trigger_controller_dag to 2021-01-01T00:00:00+00:00, run_after=2021-01-01T00:00:00+00:00
[2025-02-22 09:55:37,886] {processor.py:161} INFO - Processing /opt/conda/lib/python3.8/site-packages/airflow/example_dags/example_trigger_controller_dag.py took 0.064 seconds
[2025-02-22 09:56:15,687] {processor.py:153} INFO - Started process (PID=14373) to work on /opt/conda/lib/python3.8/site-packages/airflow/example_dags/example_trigger_controller_dag.py
[2025-02-22 09:56:15,689] {processor.py:641} INFO - Processing file /opt/conda/lib/python3.8/site-packages/airflow/example_dags/example_trigger_controller_dag.py for tasks to queue
[2025-02-22 09:56:15,690] {logging_mixin.py:115} INFO - [2025-02-22 09:56:15,690] {dagbag.py:508} INFO - Filling up the DagBag from /opt/conda/lib/python3.8/site-packages/airflow/example_dags/example_trigger_controller_dag.py
[2025-02-22 09:56:15,693] {processor.py:651} INFO - DAG(s) dict_keys(['example_trigger_controller_dag']) retrieved from /opt/conda/lib/python3.8/site-packages/airflow/example_dags/example_trigger_controller_dag.py
[2025-02-22 09:56:15,709] {logging_mixin.py:115} INFO - [2025-02-22 09:56:15,709] {dag.py:2420} INFO - Sync 1 DAGs
[2025-02-22 09:56:15,724] {logging_mixin.py:115} INFO - [2025-02-22 09:56:15,724] {dag.py:2968} INFO - Setting next_dagrun for example_trigger_controller_dag to 2021-01-01T00:00:00+00:00, run_after=2021-01-01T00:00:00+00:00
[2025-02-22 09:56:15,750] {processor.py:161} INFO - Processing /opt/conda/lib/python3.8/site-packages/airflow/example_dags/example_trigger_controller_dag.py took 0.067 seconds
[2025-02-22 09:56:49,100] {processor.py:153} INFO - Started process (PID=14487) to work on /opt/conda/lib/python3.8/site-packages/airflow/example_dags/example_trigger_controller_dag.py
[2025-02-22 09:56:49,102] {processor.py:641} INFO - Processing file /opt/conda/lib/python3.8/site-packages/airflow/example_dags/example_trigger_controller_dag.py for tasks to queue
[2025-02-22 09:56:49,103] {logging_mixin.py:115} INFO - [2025-02-22 09:56:49,103] {dagbag.py:508} INFO - Filling up the DagBag from /opt/conda/lib/python3.8/site-packages/airflow/example_dags/example_trigger_controller_dag.py
[2025-02-22 09:56:49,106] {processor.py:651} INFO - DAG(s) dict_keys(['example_trigger_controller_dag']) retrieved from /opt/conda/lib/python3.8/site-packages/airflow/example_dags/example_trigger_controller_dag.py
[2025-02-22 09:56:49,122] {logging_mixin.py:115} INFO - [2025-02-22 09:56:49,122] {dag.py:2420} INFO - Sync 1 DAGs
[2025-02-22 09:56:49,136] {logging_mixin.py:115} INFO - [2025-02-22 09:56:49,136] {dag.py:2968} INFO - Setting next_dagrun for example_trigger_controller_dag to 2021-01-01T00:00:00+00:00, run_after=2021-01-01T00:00:00+00:00
[2025-02-22 09:56:49,158] {processor.py:161} INFO - Processing /opt/conda/lib/python3.8/site-packages/airflow/example_dags/example_trigger_controller_dag.py took 0.061 seconds
[2025-02-22 09:57:22,791] {processor.py:153} INFO - Started process (PID=14597) to work on /opt/conda/lib/python3.8/site-packages/airflow/example_dags/example_trigger_controller_dag.py
[2025-02-22 09:57:22,793] {processor.py:641} INFO - Processing file /opt/conda/lib/python3.8/site-packages/airflow/example_dags/example_trigger_controller_dag.py for tasks to queue
[2025-02-22 09:57:22,793] {logging_mixin.py:115} INFO - [2025-02-22 09:57:22,793] {dagbag.py:508} INFO - Filling up the DagBag from /opt/conda/lib/python3.8/site-packages/airflow/example_dags/example_trigger_controller_dag.py
[2025-02-22 09:57:22,796] {processor.py:651} INFO - DAG(s) dict_keys(['example_trigger_controller_dag']) retrieved from /opt/conda/lib/python3.8/site-packages/airflow/example_dags/example_trigger_controller_dag.py
[2025-02-22 09:57:22,814] {logging_mixin.py:115} INFO - [2025-02-22 09:57:22,814] {dag.py:2420} INFO - Sync 1 DAGs
[2025-02-22 09:57:22,833] {logging_mixin.py:115} INFO - [2025-02-22 09:57:22,832] {dag.py:2968} INFO - Setting next_dagrun for example_trigger_controller_dag to 2021-01-01T00:00:00+00:00, run_after=2021-01-01T00:00:00+00:00
[2025-02-22 09:57:22,857] {processor.py:161} INFO - Processing /opt/conda/lib/python3.8/site-packages/airflow/example_dags/example_trigger_controller_dag.py took 0.070 seconds
