[2025-02-22 09:47:25,884] {processor.py:153} INFO - Started process (PID=12595) to work on /opt/conda/lib/python3.8/site-packages/airflow/example_dags/example_external_task_marker_dag.py
[2025-02-22 09:47:25,884] {processor.py:641} INFO - Processing file /opt/conda/lib/python3.8/site-packages/airflow/example_dags/example_external_task_marker_dag.py for tasks to queue
[2025-02-22 09:47:25,885] {logging_mixin.py:115} INFO - [2025-02-22 09:47:25,885] {dagbag.py:508} INFO - Filling up the DagBag from /opt/conda/lib/python3.8/site-packages/airflow/example_dags/example_external_task_marker_dag.py
[2025-02-22 09:47:25,889] {processor.py:651} INFO - DAG(s) dict_keys(['example_external_task_marker_parent', 'example_external_task_marker_child']) retrieved from /opt/conda/lib/python3.8/site-packages/airflow/example_dags/example_external_task_marker_dag.py
[2025-02-22 09:47:26,030] {logging_mixin.py:115} INFO - [2025-02-22 09:47:26,030] {dag.py:2420} INFO - Sync 2 DAGs
[2025-02-22 09:47:26,041] {logging_mixin.py:115} INFO - [2025-02-22 09:47:26,041] {dag.py:2968} INFO - Setting next_dagrun for example_external_task_marker_child to None, run_after=None
[2025-02-22 09:47:26,041] {logging_mixin.py:115} INFO - [2025-02-22 09:47:26,041] {dag.py:2968} INFO - Setting next_dagrun for example_external_task_marker_parent to None, run_after=None
[2025-02-22 09:47:26,061] {processor.py:161} INFO - Processing /opt/conda/lib/python3.8/site-packages/airflow/example_dags/example_external_task_marker_dag.py took 0.180 seconds
[2025-02-22 09:48:23,683] {processor.py:153} INFO - Started process (PID=12786) to work on /opt/conda/lib/python3.8/site-packages/airflow/example_dags/example_external_task_marker_dag.py
[2025-02-22 09:48:23,685] {processor.py:641} INFO - Processing file /opt/conda/lib/python3.8/site-packages/airflow/example_dags/example_external_task_marker_dag.py for tasks to queue
[2025-02-22 09:48:23,686] {logging_mixin.py:115} INFO - [2025-02-22 09:48:23,686] {dagbag.py:508} INFO - Filling up the DagBag from /opt/conda/lib/python3.8/site-packages/airflow/example_dags/example_external_task_marker_dag.py
[2025-02-22 09:48:23,690] {processor.py:651} INFO - DAG(s) dict_keys(['example_external_task_marker_parent', 'example_external_task_marker_child']) retrieved from /opt/conda/lib/python3.8/site-packages/airflow/example_dags/example_external_task_marker_dag.py
[2025-02-22 09:48:23,844] {logging_mixin.py:115} INFO - [2025-02-22 09:48:23,843] {dag.py:2420} INFO - Sync 2 DAGs
[2025-02-22 09:48:23,855] {logging_mixin.py:115} INFO - [2025-02-22 09:48:23,855] {dag.py:2968} INFO - Setting next_dagrun for example_external_task_marker_child to None, run_after=None
[2025-02-22 09:48:23,855] {logging_mixin.py:115} INFO - [2025-02-22 09:48:23,855] {dag.py:2968} INFO - Setting next_dagrun for example_external_task_marker_parent to None, run_after=None
[2025-02-22 09:48:23,874] {processor.py:161} INFO - Processing /opt/conda/lib/python3.8/site-packages/airflow/example_dags/example_external_task_marker_dag.py took 0.194 seconds
[2025-02-22 09:49:09,939] {processor.py:153} INFO - Started process (PID=12937) to work on /opt/conda/lib/python3.8/site-packages/airflow/example_dags/example_external_task_marker_dag.py
[2025-02-22 09:49:09,942] {processor.py:641} INFO - Processing file /opt/conda/lib/python3.8/site-packages/airflow/example_dags/example_external_task_marker_dag.py for tasks to queue
[2025-02-22 09:49:09,943] {logging_mixin.py:115} INFO - [2025-02-22 09:49:09,943] {dagbag.py:508} INFO - Filling up the DagBag from /opt/conda/lib/python3.8/site-packages/airflow/example_dags/example_external_task_marker_dag.py
[2025-02-22 09:49:09,947] {processor.py:651} INFO - DAG(s) dict_keys(['example_external_task_marker_parent', 'example_external_task_marker_child']) retrieved from /opt/conda/lib/python3.8/site-packages/airflow/example_dags/example_external_task_marker_dag.py
[2025-02-22 09:49:10,077] {logging_mixin.py:115} INFO - [2025-02-22 09:49:10,076] {dag.py:2420} INFO - Sync 2 DAGs
[2025-02-22 09:49:10,087] {logging_mixin.py:115} INFO - [2025-02-22 09:49:10,087] {dag.py:2968} INFO - Setting next_dagrun for example_external_task_marker_child to None, run_after=None
[2025-02-22 09:49:10,087] {logging_mixin.py:115} INFO - [2025-02-22 09:49:10,087] {dag.py:2968} INFO - Setting next_dagrun for example_external_task_marker_parent to None, run_after=None
[2025-02-22 09:49:10,107] {processor.py:161} INFO - Processing /opt/conda/lib/python3.8/site-packages/airflow/example_dags/example_external_task_marker_dag.py took 0.171 seconds
[2025-02-22 09:49:58,124] {processor.py:153} INFO - Started process (PID=13103) to work on /opt/conda/lib/python3.8/site-packages/airflow/example_dags/example_external_task_marker_dag.py
[2025-02-22 09:49:58,126] {processor.py:641} INFO - Processing file /opt/conda/lib/python3.8/site-packages/airflow/example_dags/example_external_task_marker_dag.py for tasks to queue
[2025-02-22 09:49:58,126] {logging_mixin.py:115} INFO - [2025-02-22 09:49:58,126] {dagbag.py:508} INFO - Filling up the DagBag from /opt/conda/lib/python3.8/site-packages/airflow/example_dags/example_external_task_marker_dag.py
[2025-02-22 09:49:58,131] {processor.py:651} INFO - DAG(s) dict_keys(['example_external_task_marker_parent', 'example_external_task_marker_child']) retrieved from /opt/conda/lib/python3.8/site-packages/airflow/example_dags/example_external_task_marker_dag.py
[2025-02-22 09:49:58,281] {logging_mixin.py:115} INFO - [2025-02-22 09:49:58,281] {dag.py:2420} INFO - Sync 2 DAGs
[2025-02-22 09:49:58,291] {logging_mixin.py:115} INFO - [2025-02-22 09:49:58,291] {dag.py:2968} INFO - Setting next_dagrun for example_external_task_marker_child to None, run_after=None
[2025-02-22 09:49:58,292] {logging_mixin.py:115} INFO - [2025-02-22 09:49:58,292] {dag.py:2968} INFO - Setting next_dagrun for example_external_task_marker_parent to None, run_after=None
[2025-02-22 09:49:58,312] {processor.py:161} INFO - Processing /opt/conda/lib/python3.8/site-packages/airflow/example_dags/example_external_task_marker_dag.py took 0.191 seconds
[2025-02-22 09:50:48,247] {processor.py:153} INFO - Started process (PID=13280) to work on /opt/conda/lib/python3.8/site-packages/airflow/example_dags/example_external_task_marker_dag.py
[2025-02-22 09:50:48,249] {processor.py:641} INFO - Processing file /opt/conda/lib/python3.8/site-packages/airflow/example_dags/example_external_task_marker_dag.py for tasks to queue
[2025-02-22 09:50:48,250] {logging_mixin.py:115} INFO - [2025-02-22 09:50:48,250] {dagbag.py:508} INFO - Filling up the DagBag from /opt/conda/lib/python3.8/site-packages/airflow/example_dags/example_external_task_marker_dag.py
[2025-02-22 09:50:48,254] {processor.py:651} INFO - DAG(s) dict_keys(['example_external_task_marker_parent', 'example_external_task_marker_child']) retrieved from /opt/conda/lib/python3.8/site-packages/airflow/example_dags/example_external_task_marker_dag.py
[2025-02-22 09:50:48,422] {logging_mixin.py:115} INFO - [2025-02-22 09:50:48,422] {dag.py:2420} INFO - Sync 2 DAGs
[2025-02-22 09:50:48,437] {logging_mixin.py:115} INFO - [2025-02-22 09:50:48,437] {dag.py:2968} INFO - Setting next_dagrun for example_external_task_marker_child to None, run_after=None
[2025-02-22 09:50:48,437] {logging_mixin.py:115} INFO - [2025-02-22 09:50:48,437] {dag.py:2968} INFO - Setting next_dagrun for example_external_task_marker_parent to None, run_after=None
[2025-02-22 09:50:48,459] {processor.py:161} INFO - Processing /opt/conda/lib/python3.8/site-packages/airflow/example_dags/example_external_task_marker_dag.py took 0.215 seconds
[2025-02-22 09:51:33,451] {processor.py:153} INFO - Started process (PID=13428) to work on /opt/conda/lib/python3.8/site-packages/airflow/example_dags/example_external_task_marker_dag.py
[2025-02-22 09:51:33,453] {processor.py:641} INFO - Processing file /opt/conda/lib/python3.8/site-packages/airflow/example_dags/example_external_task_marker_dag.py for tasks to queue
[2025-02-22 09:51:33,453] {logging_mixin.py:115} INFO - [2025-02-22 09:51:33,453] {dagbag.py:508} INFO - Filling up the DagBag from /opt/conda/lib/python3.8/site-packages/airflow/example_dags/example_external_task_marker_dag.py
[2025-02-22 09:51:33,458] {processor.py:651} INFO - DAG(s) dict_keys(['example_external_task_marker_parent', 'example_external_task_marker_child']) retrieved from /opt/conda/lib/python3.8/site-packages/airflow/example_dags/example_external_task_marker_dag.py
[2025-02-22 09:51:33,606] {logging_mixin.py:115} INFO - [2025-02-22 09:51:33,606] {dag.py:2420} INFO - Sync 2 DAGs
[2025-02-22 09:51:33,617] {logging_mixin.py:115} INFO - [2025-02-22 09:51:33,617] {dag.py:2968} INFO - Setting next_dagrun for example_external_task_marker_child to None, run_after=None
[2025-02-22 09:51:33,617] {logging_mixin.py:115} INFO - [2025-02-22 09:51:33,617] {dag.py:2968} INFO - Setting next_dagrun for example_external_task_marker_parent to None, run_after=None
[2025-02-22 09:51:33,637] {processor.py:161} INFO - Processing /opt/conda/lib/python3.8/site-packages/airflow/example_dags/example_external_task_marker_dag.py took 0.189 seconds
[2025-02-22 09:52:15,904] {processor.py:153} INFO - Started process (PID=13578) to work on /opt/conda/lib/python3.8/site-packages/airflow/example_dags/example_external_task_marker_dag.py
[2025-02-22 09:52:15,906] {processor.py:641} INFO - Processing file /opt/conda/lib/python3.8/site-packages/airflow/example_dags/example_external_task_marker_dag.py for tasks to queue
[2025-02-22 09:52:15,907] {logging_mixin.py:115} INFO - [2025-02-22 09:52:15,906] {dagbag.py:508} INFO - Filling up the DagBag from /opt/conda/lib/python3.8/site-packages/airflow/example_dags/example_external_task_marker_dag.py
[2025-02-22 09:52:15,911] {processor.py:651} INFO - DAG(s) dict_keys(['example_external_task_marker_parent', 'example_external_task_marker_child']) retrieved from /opt/conda/lib/python3.8/site-packages/airflow/example_dags/example_external_task_marker_dag.py
[2025-02-22 09:52:15,950] {logging_mixin.py:115} INFO - [2025-02-22 09:52:15,949] {dag.py:2420} INFO - Sync 2 DAGs
[2025-02-22 09:52:15,968] {logging_mixin.py:115} INFO - [2025-02-22 09:52:15,968] {dag.py:2968} INFO - Setting next_dagrun for example_external_task_marker_child to None, run_after=None
[2025-02-22 09:52:15,968] {logging_mixin.py:115} INFO - [2025-02-22 09:52:15,968] {dag.py:2968} INFO - Setting next_dagrun for example_external_task_marker_parent to None, run_after=None
[2025-02-22 09:52:16,233] {processor.py:161} INFO - Processing /opt/conda/lib/python3.8/site-packages/airflow/example_dags/example_external_task_marker_dag.py took 0.332 seconds
[2025-02-22 09:52:57,524] {processor.py:153} INFO - Started process (PID=13706) to work on /opt/conda/lib/python3.8/site-packages/airflow/example_dags/example_external_task_marker_dag.py
[2025-02-22 09:52:57,526] {processor.py:641} INFO - Processing file /opt/conda/lib/python3.8/site-packages/airflow/example_dags/example_external_task_marker_dag.py for tasks to queue
[2025-02-22 09:52:57,527] {logging_mixin.py:115} INFO - [2025-02-22 09:52:57,527] {dagbag.py:508} INFO - Filling up the DagBag from /opt/conda/lib/python3.8/site-packages/airflow/example_dags/example_external_task_marker_dag.py
[2025-02-22 09:52:57,532] {processor.py:651} INFO - DAG(s) dict_keys(['example_external_task_marker_parent', 'example_external_task_marker_child']) retrieved from /opt/conda/lib/python3.8/site-packages/airflow/example_dags/example_external_task_marker_dag.py
[2025-02-22 09:52:57,571] {logging_mixin.py:115} INFO - [2025-02-22 09:52:57,570] {dag.py:2420} INFO - Sync 2 DAGs
[2025-02-22 09:52:57,590] {logging_mixin.py:115} INFO - [2025-02-22 09:52:57,589] {dag.py:2968} INFO - Setting next_dagrun for example_external_task_marker_child to None, run_after=None
[2025-02-22 09:52:57,590] {logging_mixin.py:115} INFO - [2025-02-22 09:52:57,590] {dag.py:2968} INFO - Setting next_dagrun for example_external_task_marker_parent to None, run_after=None
[2025-02-22 09:52:57,612] {processor.py:161} INFO - Processing /opt/conda/lib/python3.8/site-packages/airflow/example_dags/example_external_task_marker_dag.py took 0.092 seconds
[2025-02-22 09:53:43,239] {processor.py:153} INFO - Started process (PID=13869) to work on /opt/conda/lib/python3.8/site-packages/airflow/example_dags/example_external_task_marker_dag.py
[2025-02-22 09:53:43,241] {processor.py:641} INFO - Processing file /opt/conda/lib/python3.8/site-packages/airflow/example_dags/example_external_task_marker_dag.py for tasks to queue
[2025-02-22 09:53:43,241] {logging_mixin.py:115} INFO - [2025-02-22 09:53:43,241] {dagbag.py:508} INFO - Filling up the DagBag from /opt/conda/lib/python3.8/site-packages/airflow/example_dags/example_external_task_marker_dag.py
[2025-02-22 09:53:43,246] {processor.py:651} INFO - DAG(s) dict_keys(['example_external_task_marker_parent', 'example_external_task_marker_child']) retrieved from /opt/conda/lib/python3.8/site-packages/airflow/example_dags/example_external_task_marker_dag.py
[2025-02-22 09:53:43,277] {logging_mixin.py:115} INFO - [2025-02-22 09:53:43,277] {dag.py:2420} INFO - Sync 2 DAGs
[2025-02-22 09:53:43,291] {logging_mixin.py:115} INFO - [2025-02-22 09:53:43,291] {dag.py:2968} INFO - Setting next_dagrun for example_external_task_marker_child to None, run_after=None
[2025-02-22 09:53:43,291] {logging_mixin.py:115} INFO - [2025-02-22 09:53:43,291] {dag.py:2968} INFO - Setting next_dagrun for example_external_task_marker_parent to None, run_after=None
[2025-02-22 09:53:43,311] {processor.py:161} INFO - Processing /opt/conda/lib/python3.8/site-packages/airflow/example_dags/example_external_task_marker_dag.py took 0.076 seconds
[2025-02-22 09:54:26,998] {processor.py:153} INFO - Started process (PID=14002) to work on /opt/conda/lib/python3.8/site-packages/airflow/example_dags/example_external_task_marker_dag.py
[2025-02-22 09:54:27,000] {processor.py:641} INFO - Processing file /opt/conda/lib/python3.8/site-packages/airflow/example_dags/example_external_task_marker_dag.py for tasks to queue
[2025-02-22 09:54:27,001] {logging_mixin.py:115} INFO - [2025-02-22 09:54:27,001] {dagbag.py:508} INFO - Filling up the DagBag from /opt/conda/lib/python3.8/site-packages/airflow/example_dags/example_external_task_marker_dag.py
[2025-02-22 09:54:27,005] {processor.py:651} INFO - DAG(s) dict_keys(['example_external_task_marker_parent', 'example_external_task_marker_child']) retrieved from /opt/conda/lib/python3.8/site-packages/airflow/example_dags/example_external_task_marker_dag.py
[2025-02-22 09:54:27,044] {logging_mixin.py:115} INFO - [2025-02-22 09:54:27,044] {dag.py:2420} INFO - Sync 2 DAGs
[2025-02-22 09:54:27,063] {logging_mixin.py:115} INFO - [2025-02-22 09:54:27,063] {dag.py:2968} INFO - Setting next_dagrun for example_external_task_marker_child to None, run_after=None
[2025-02-22 09:54:27,063] {logging_mixin.py:115} INFO - [2025-02-22 09:54:27,063] {dag.py:2968} INFO - Setting next_dagrun for example_external_task_marker_parent to None, run_after=None
[2025-02-22 09:54:27,087] {processor.py:161} INFO - Processing /opt/conda/lib/python3.8/site-packages/airflow/example_dags/example_external_task_marker_dag.py took 0.092 seconds
[2025-02-22 09:55:19,347] {processor.py:153} INFO - Started process (PID=14185) to work on /opt/conda/lib/python3.8/site-packages/airflow/example_dags/example_external_task_marker_dag.py
[2025-02-22 09:55:19,437] {processor.py:641} INFO - Processing file /opt/conda/lib/python3.8/site-packages/airflow/example_dags/example_external_task_marker_dag.py for tasks to queue
[2025-02-22 09:55:19,438] {logging_mixin.py:115} INFO - [2025-02-22 09:55:19,438] {dagbag.py:508} INFO - Filling up the DagBag from /opt/conda/lib/python3.8/site-packages/airflow/example_dags/example_external_task_marker_dag.py
[2025-02-22 09:55:19,442] {processor.py:651} INFO - DAG(s) dict_keys(['example_external_task_marker_parent', 'example_external_task_marker_child']) retrieved from /opt/conda/lib/python3.8/site-packages/airflow/example_dags/example_external_task_marker_dag.py
[2025-02-22 09:55:19,479] {logging_mixin.py:115} INFO - [2025-02-22 09:55:19,479] {dag.py:2420} INFO - Sync 2 DAGs
[2025-02-22 09:55:19,496] {logging_mixin.py:115} INFO - [2025-02-22 09:55:19,496] {dag.py:2968} INFO - Setting next_dagrun for example_external_task_marker_child to None, run_after=None
[2025-02-22 09:55:19,496] {logging_mixin.py:115} INFO - [2025-02-22 09:55:19,496] {dag.py:2968} INFO - Setting next_dagrun for example_external_task_marker_parent to None, run_after=None
[2025-02-22 09:55:19,517] {processor.py:161} INFO - Processing /opt/conda/lib/python3.8/site-packages/airflow/example_dags/example_external_task_marker_dag.py took 0.173 seconds
[2025-02-22 09:56:11,871] {processor.py:153} INFO - Started process (PID=14366) to work on /opt/conda/lib/python3.8/site-packages/airflow/example_dags/example_external_task_marker_dag.py
[2025-02-22 09:56:11,873] {processor.py:641} INFO - Processing file /opt/conda/lib/python3.8/site-packages/airflow/example_dags/example_external_task_marker_dag.py for tasks to queue
[2025-02-22 09:56:11,873] {logging_mixin.py:115} INFO - [2025-02-22 09:56:11,873] {dagbag.py:508} INFO - Filling up the DagBag from /opt/conda/lib/python3.8/site-packages/airflow/example_dags/example_external_task_marker_dag.py
[2025-02-22 09:56:11,877] {processor.py:651} INFO - DAG(s) dict_keys(['example_external_task_marker_parent', 'example_external_task_marker_child']) retrieved from /opt/conda/lib/python3.8/site-packages/airflow/example_dags/example_external_task_marker_dag.py
[2025-02-22 09:56:11,915] {logging_mixin.py:115} INFO - [2025-02-22 09:56:11,915] {dag.py:2420} INFO - Sync 2 DAGs
[2025-02-22 09:56:11,934] {logging_mixin.py:115} INFO - [2025-02-22 09:56:11,934] {dag.py:2968} INFO - Setting next_dagrun for example_external_task_marker_child to None, run_after=None
[2025-02-22 09:56:11,934] {logging_mixin.py:115} INFO - [2025-02-22 09:56:11,934] {dag.py:2968} INFO - Setting next_dagrun for example_external_task_marker_parent to None, run_after=None
[2025-02-22 09:56:11,958] {processor.py:161} INFO - Processing /opt/conda/lib/python3.8/site-packages/airflow/example_dags/example_external_task_marker_dag.py took 0.091 seconds
[2025-02-22 09:56:55,603] {processor.py:153} INFO - Started process (PID=14506) to work on /opt/conda/lib/python3.8/site-packages/airflow/example_dags/example_external_task_marker_dag.py
[2025-02-22 09:56:55,605] {processor.py:641} INFO - Processing file /opt/conda/lib/python3.8/site-packages/airflow/example_dags/example_external_task_marker_dag.py for tasks to queue
[2025-02-22 09:56:55,606] {logging_mixin.py:115} INFO - [2025-02-22 09:56:55,606] {dagbag.py:508} INFO - Filling up the DagBag from /opt/conda/lib/python3.8/site-packages/airflow/example_dags/example_external_task_marker_dag.py
[2025-02-22 09:56:55,610] {processor.py:651} INFO - DAG(s) dict_keys(['example_external_task_marker_parent', 'example_external_task_marker_child']) retrieved from /opt/conda/lib/python3.8/site-packages/airflow/example_dags/example_external_task_marker_dag.py
[2025-02-22 09:56:55,649] {logging_mixin.py:115} INFO - [2025-02-22 09:56:55,649] {dag.py:2420} INFO - Sync 2 DAGs
[2025-02-22 09:56:55,668] {logging_mixin.py:115} INFO - [2025-02-22 09:56:55,668] {dag.py:2968} INFO - Setting next_dagrun for example_external_task_marker_child to None, run_after=None
[2025-02-22 09:56:55,668] {logging_mixin.py:115} INFO - [2025-02-22 09:56:55,668] {dag.py:2968} INFO - Setting next_dagrun for example_external_task_marker_parent to None, run_after=None
[2025-02-22 09:56:55,692] {processor.py:161} INFO - Processing /opt/conda/lib/python3.8/site-packages/airflow/example_dags/example_external_task_marker_dag.py took 0.093 seconds
