[2025-02-22 09:47:01,680] {processor.py:153} INFO - Started process (PID=12536) to work on /opt/conda/lib/python3.8/site-packages/airflow/example_dags/example_branch_operator_decorator.py
[2025-02-22 09:47:01,681] {processor.py:641} INFO - Processing file /opt/conda/lib/python3.8/site-packages/airflow/example_dags/example_branch_operator_decorator.py for tasks to queue
[2025-02-22 09:47:01,682] {logging_mixin.py:115} INFO - [2025-02-22 09:47:01,681] {dagbag.py:508} INFO - Filling up the DagBag from /opt/conda/lib/python3.8/site-packages/airflow/example_dags/example_branch_operator_decorator.py
[2025-02-22 09:47:01,810] {processor.py:651} INFO - DAG(s) dict_keys(['example_branch_python_operator_decorator']) retrieved from /opt/conda/lib/python3.8/site-packages/airflow/example_dags/example_branch_operator_decorator.py
[2025-02-22 09:47:01,819] {logging_mixin.py:115} INFO - [2025-02-22 09:47:01,819] {dag.py:2420} INFO - Sync 1 DAGs
[2025-02-22 09:47:01,830] {logging_mixin.py:115} INFO - [2025-02-22 09:47:01,830] {dag.py:2968} INFO - Setting next_dagrun for example_branch_python_operator_decorator to 2025-02-21T00:00:00+00:00, run_after=2025-02-22T00:00:00+00:00
[2025-02-22 09:47:01,990] {processor.py:161} INFO - Processing /opt/conda/lib/python3.8/site-packages/airflow/example_dags/example_branch_operator_decorator.py took 0.313 seconds
[2025-02-22 09:47:50,678] {processor.py:153} INFO - Started process (PID=12687) to work on /opt/conda/lib/python3.8/site-packages/airflow/example_dags/example_branch_operator_decorator.py
[2025-02-22 09:47:50,680] {processor.py:641} INFO - Processing file /opt/conda/lib/python3.8/site-packages/airflow/example_dags/example_branch_operator_decorator.py for tasks to queue
[2025-02-22 09:47:50,680] {logging_mixin.py:115} INFO - [2025-02-22 09:47:50,680] {dagbag.py:508} INFO - Filling up the DagBag from /opt/conda/lib/python3.8/site-packages/airflow/example_dags/example_branch_operator_decorator.py
[2025-02-22 09:47:50,835] {processor.py:651} INFO - DAG(s) dict_keys(['example_branch_python_operator_decorator']) retrieved from /opt/conda/lib/python3.8/site-packages/airflow/example_dags/example_branch_operator_decorator.py
[2025-02-22 09:47:50,847] {logging_mixin.py:115} INFO - [2025-02-22 09:47:50,847] {dag.py:2420} INFO - Sync 1 DAGs
[2025-02-22 09:47:50,864] {logging_mixin.py:115} INFO - [2025-02-22 09:47:50,864] {dag.py:2968} INFO - Setting next_dagrun for example_branch_python_operator_decorator to 2025-02-21T00:00:00+00:00, run_after=2025-02-22T00:00:00+00:00
[2025-02-22 09:47:50,887] {processor.py:161} INFO - Processing /opt/conda/lib/python3.8/site-packages/airflow/example_dags/example_branch_operator_decorator.py took 0.213 seconds
[2025-02-22 09:48:38,083] {processor.py:153} INFO - Started process (PID=12821) to work on /opt/conda/lib/python3.8/site-packages/airflow/example_dags/example_branch_operator_decorator.py
[2025-02-22 09:48:38,085] {processor.py:641} INFO - Processing file /opt/conda/lib/python3.8/site-packages/airflow/example_dags/example_branch_operator_decorator.py for tasks to queue
[2025-02-22 09:48:38,085] {logging_mixin.py:115} INFO - [2025-02-22 09:48:38,085] {dagbag.py:508} INFO - Filling up the DagBag from /opt/conda/lib/python3.8/site-packages/airflow/example_dags/example_branch_operator_decorator.py
[2025-02-22 09:48:38,211] {processor.py:651} INFO - DAG(s) dict_keys(['example_branch_python_operator_decorator']) retrieved from /opt/conda/lib/python3.8/site-packages/airflow/example_dags/example_branch_operator_decorator.py
[2025-02-22 09:48:38,220] {logging_mixin.py:115} INFO - [2025-02-22 09:48:38,220] {dag.py:2420} INFO - Sync 1 DAGs
[2025-02-22 09:48:38,231] {logging_mixin.py:115} INFO - [2025-02-22 09:48:38,231] {dag.py:2968} INFO - Setting next_dagrun for example_branch_python_operator_decorator to 2025-02-21T00:00:00+00:00, run_after=2025-02-22T00:00:00+00:00
[2025-02-22 09:48:38,252] {processor.py:161} INFO - Processing /opt/conda/lib/python3.8/site-packages/airflow/example_dags/example_branch_operator_decorator.py took 0.173 seconds
[2025-02-22 09:49:22,086] {processor.py:153} INFO - Started process (PID=12968) to work on /opt/conda/lib/python3.8/site-packages/airflow/example_dags/example_branch_operator_decorator.py
[2025-02-22 09:49:22,088] {processor.py:641} INFO - Processing file /opt/conda/lib/python3.8/site-packages/airflow/example_dags/example_branch_operator_decorator.py for tasks to queue
[2025-02-22 09:49:22,089] {logging_mixin.py:115} INFO - [2025-02-22 09:49:22,089] {dagbag.py:508} INFO - Filling up the DagBag from /opt/conda/lib/python3.8/site-packages/airflow/example_dags/example_branch_operator_decorator.py
[2025-02-22 09:49:22,232] {processor.py:651} INFO - DAG(s) dict_keys(['example_branch_python_operator_decorator']) retrieved from /opt/conda/lib/python3.8/site-packages/airflow/example_dags/example_branch_operator_decorator.py
[2025-02-22 09:49:22,242] {logging_mixin.py:115} INFO - [2025-02-22 09:49:22,242] {dag.py:2420} INFO - Sync 1 DAGs
[2025-02-22 09:49:22,254] {logging_mixin.py:115} INFO - [2025-02-22 09:49:22,253] {dag.py:2968} INFO - Setting next_dagrun for example_branch_python_operator_decorator to 2025-02-21T00:00:00+00:00, run_after=2025-02-22T00:00:00+00:00
[2025-02-22 09:49:22,274] {processor.py:161} INFO - Processing /opt/conda/lib/python3.8/site-packages/airflow/example_dags/example_branch_operator_decorator.py took 0.191 seconds
[2025-02-22 09:50:16,475] {processor.py:153} INFO - Started process (PID=13167) to work on /opt/conda/lib/python3.8/site-packages/airflow/example_dags/example_branch_operator_decorator.py
[2025-02-22 09:50:16,478] {processor.py:641} INFO - Processing file /opt/conda/lib/python3.8/site-packages/airflow/example_dags/example_branch_operator_decorator.py for tasks to queue
[2025-02-22 09:50:16,479] {logging_mixin.py:115} INFO - [2025-02-22 09:50:16,479] {dagbag.py:508} INFO - Filling up the DagBag from /opt/conda/lib/python3.8/site-packages/airflow/example_dags/example_branch_operator_decorator.py
[2025-02-22 09:50:16,623] {processor.py:651} INFO - DAG(s) dict_keys(['example_branch_python_operator_decorator']) retrieved from /opt/conda/lib/python3.8/site-packages/airflow/example_dags/example_branch_operator_decorator.py
[2025-02-22 09:50:16,632] {logging_mixin.py:115} INFO - [2025-02-22 09:50:16,632] {dag.py:2420} INFO - Sync 1 DAGs
[2025-02-22 09:50:16,645] {logging_mixin.py:115} INFO - [2025-02-22 09:50:16,645] {dag.py:2968} INFO - Setting next_dagrun for example_branch_python_operator_decorator to 2025-02-21T00:00:00+00:00, run_after=2025-02-22T00:00:00+00:00
[2025-02-22 09:50:16,666] {processor.py:161} INFO - Processing /opt/conda/lib/python3.8/site-packages/airflow/example_dags/example_branch_operator_decorator.py took 0.194 seconds
[2025-02-22 09:51:00,000] {processor.py:153} INFO - Started process (PID=13311) to work on /opt/conda/lib/python3.8/site-packages/airflow/example_dags/example_branch_operator_decorator.py
[2025-02-22 09:51:00,001] {processor.py:641} INFO - Processing file /opt/conda/lib/python3.8/site-packages/airflow/example_dags/example_branch_operator_decorator.py for tasks to queue
[2025-02-22 09:51:00,002] {logging_mixin.py:115} INFO - [2025-02-22 09:51:00,002] {dagbag.py:508} INFO - Filling up the DagBag from /opt/conda/lib/python3.8/site-packages/airflow/example_dags/example_branch_operator_decorator.py
[2025-02-22 09:51:00,126] {processor.py:651} INFO - DAG(s) dict_keys(['example_branch_python_operator_decorator']) retrieved from /opt/conda/lib/python3.8/site-packages/airflow/example_dags/example_branch_operator_decorator.py
[2025-02-22 09:51:00,135] {logging_mixin.py:115} INFO - [2025-02-22 09:51:00,135] {dag.py:2420} INFO - Sync 1 DAGs
[2025-02-22 09:51:00,147] {logging_mixin.py:115} INFO - [2025-02-22 09:51:00,147] {dag.py:2968} INFO - Setting next_dagrun for example_branch_python_operator_decorator to 2025-02-21T00:00:00+00:00, run_after=2025-02-22T00:00:00+00:00
[2025-02-22 09:51:00,166] {processor.py:161} INFO - Processing /opt/conda/lib/python3.8/site-packages/airflow/example_dags/example_branch_operator_decorator.py took 0.170 seconds
[2025-02-22 09:51:44,447] {processor.py:153} INFO - Started process (PID=13458) to work on /opt/conda/lib/python3.8/site-packages/airflow/example_dags/example_branch_operator_decorator.py
[2025-02-22 09:51:44,449] {processor.py:641} INFO - Processing file /opt/conda/lib/python3.8/site-packages/airflow/example_dags/example_branch_operator_decorator.py for tasks to queue
[2025-02-22 09:51:44,449] {logging_mixin.py:115} INFO - [2025-02-22 09:51:44,449] {dagbag.py:508} INFO - Filling up the DagBag from /opt/conda/lib/python3.8/site-packages/airflow/example_dags/example_branch_operator_decorator.py
[2025-02-22 09:51:44,468] {processor.py:651} INFO - DAG(s) dict_keys(['example_branch_python_operator_decorator']) retrieved from /opt/conda/lib/python3.8/site-packages/airflow/example_dags/example_branch_operator_decorator.py
[2025-02-22 09:51:44,483] {logging_mixin.py:115} INFO - [2025-02-22 09:51:44,483] {dag.py:2420} INFO - Sync 1 DAGs
[2025-02-22 09:51:44,502] {logging_mixin.py:115} INFO - [2025-02-22 09:51:44,502] {dag.py:2968} INFO - Setting next_dagrun for example_branch_python_operator_decorator to 2025-02-21T00:00:00+00:00, run_after=2025-02-22T00:00:00+00:00
[2025-02-22 09:51:44,526] {processor.py:161} INFO - Processing /opt/conda/lib/python3.8/site-packages/airflow/example_dags/example_branch_operator_decorator.py took 0.082 seconds
[2025-02-22 09:52:25,464] {processor.py:153} INFO - Started process (PID=13597) to work on /opt/conda/lib/python3.8/site-packages/airflow/example_dags/example_branch_operator_decorator.py
[2025-02-22 09:52:25,466] {processor.py:641} INFO - Processing file /opt/conda/lib/python3.8/site-packages/airflow/example_dags/example_branch_operator_decorator.py for tasks to queue
[2025-02-22 09:52:25,466] {logging_mixin.py:115} INFO - [2025-02-22 09:52:25,466] {dagbag.py:508} INFO - Filling up the DagBag from /opt/conda/lib/python3.8/site-packages/airflow/example_dags/example_branch_operator_decorator.py
[2025-02-22 09:52:25,488] {processor.py:651} INFO - DAG(s) dict_keys(['example_branch_python_operator_decorator']) retrieved from /opt/conda/lib/python3.8/site-packages/airflow/example_dags/example_branch_operator_decorator.py
[2025-02-22 09:52:25,506] {logging_mixin.py:115} INFO - [2025-02-22 09:52:25,506] {dag.py:2420} INFO - Sync 1 DAGs
[2025-02-22 09:52:25,526] {logging_mixin.py:115} INFO - [2025-02-22 09:52:25,526] {dag.py:2968} INFO - Setting next_dagrun for example_branch_python_operator_decorator to 2025-02-21T00:00:00+00:00, run_after=2025-02-22T00:00:00+00:00
[2025-02-22 09:52:25,548] {processor.py:161} INFO - Processing /opt/conda/lib/python3.8/site-packages/airflow/example_dags/example_branch_operator_decorator.py took 0.088 seconds
[2025-02-22 09:53:03,823] {processor.py:153} INFO - Started process (PID=13726) to work on /opt/conda/lib/python3.8/site-packages/airflow/example_dags/example_branch_operator_decorator.py
[2025-02-22 09:53:03,825] {processor.py:641} INFO - Processing file /opt/conda/lib/python3.8/site-packages/airflow/example_dags/example_branch_operator_decorator.py for tasks to queue
[2025-02-22 09:53:03,825] {logging_mixin.py:115} INFO - [2025-02-22 09:53:03,825] {dagbag.py:508} INFO - Filling up the DagBag from /opt/conda/lib/python3.8/site-packages/airflow/example_dags/example_branch_operator_decorator.py
[2025-02-22 09:53:03,846] {processor.py:651} INFO - DAG(s) dict_keys(['example_branch_python_operator_decorator']) retrieved from /opt/conda/lib/python3.8/site-packages/airflow/example_dags/example_branch_operator_decorator.py
[2025-02-22 09:53:03,859] {logging_mixin.py:115} INFO - [2025-02-22 09:53:03,859] {dag.py:2420} INFO - Sync 1 DAGs
[2025-02-22 09:53:03,874] {logging_mixin.py:115} INFO - [2025-02-22 09:53:03,874] {dag.py:2968} INFO - Setting next_dagrun for example_branch_python_operator_decorator to 2025-02-21T00:00:00+00:00, run_after=2025-02-22T00:00:00+00:00
[2025-02-22 09:53:03,896] {processor.py:161} INFO - Processing /opt/conda/lib/python3.8/site-packages/airflow/example_dags/example_branch_operator_decorator.py took 0.076 seconds
[2025-02-22 09:53:38,927] {processor.py:153} INFO - Started process (PID=13852) to work on /opt/conda/lib/python3.8/site-packages/airflow/example_dags/example_branch_operator_decorator.py
[2025-02-22 09:53:38,929] {processor.py:641} INFO - Processing file /opt/conda/lib/python3.8/site-packages/airflow/example_dags/example_branch_operator_decorator.py for tasks to queue
[2025-02-22 09:53:38,930] {logging_mixin.py:115} INFO - [2025-02-22 09:53:38,930] {dagbag.py:508} INFO - Filling up the DagBag from /opt/conda/lib/python3.8/site-packages/airflow/example_dags/example_branch_operator_decorator.py
[2025-02-22 09:53:38,948] {processor.py:651} INFO - DAG(s) dict_keys(['example_branch_python_operator_decorator']) retrieved from /opt/conda/lib/python3.8/site-packages/airflow/example_dags/example_branch_operator_decorator.py
[2025-02-22 09:53:38,963] {logging_mixin.py:115} INFO - [2025-02-22 09:53:38,963] {dag.py:2420} INFO - Sync 1 DAGs
[2025-02-22 09:53:38,978] {logging_mixin.py:115} INFO - [2025-02-22 09:53:38,978] {dag.py:2968} INFO - Setting next_dagrun for example_branch_python_operator_decorator to 2025-02-21T00:00:00+00:00, run_after=2025-02-22T00:00:00+00:00
[2025-02-22 09:53:39,003] {processor.py:161} INFO - Processing /opt/conda/lib/python3.8/site-packages/airflow/example_dags/example_branch_operator_decorator.py took 0.079 seconds
[2025-02-22 09:54:22,110] {processor.py:153} INFO - Started process (PID=13992) to work on /opt/conda/lib/python3.8/site-packages/airflow/example_dags/example_branch_operator_decorator.py
[2025-02-22 09:54:22,114] {processor.py:641} INFO - Processing file /opt/conda/lib/python3.8/site-packages/airflow/example_dags/example_branch_operator_decorator.py for tasks to queue
[2025-02-22 09:54:22,115] {logging_mixin.py:115} INFO - [2025-02-22 09:54:22,115] {dagbag.py:508} INFO - Filling up the DagBag from /opt/conda/lib/python3.8/site-packages/airflow/example_dags/example_branch_operator_decorator.py
[2025-02-22 09:54:22,134] {processor.py:651} INFO - DAG(s) dict_keys(['example_branch_python_operator_decorator']) retrieved from /opt/conda/lib/python3.8/site-packages/airflow/example_dags/example_branch_operator_decorator.py
[2025-02-22 09:54:22,149] {logging_mixin.py:115} INFO - [2025-02-22 09:54:22,149] {dag.py:2420} INFO - Sync 1 DAGs
[2025-02-22 09:54:22,164] {logging_mixin.py:115} INFO - [2025-02-22 09:54:22,164] {dag.py:2968} INFO - Setting next_dagrun for example_branch_python_operator_decorator to 2025-02-21T00:00:00+00:00, run_after=2025-02-22T00:00:00+00:00
[2025-02-22 09:54:22,186] {processor.py:161} INFO - Processing /opt/conda/lib/python3.8/site-packages/airflow/example_dags/example_branch_operator_decorator.py took 0.079 seconds
[2025-02-22 09:54:58,064] {processor.py:153} INFO - Started process (PID=14101) to work on /opt/conda/lib/python3.8/site-packages/airflow/example_dags/example_branch_operator_decorator.py
[2025-02-22 09:54:58,066] {processor.py:641} INFO - Processing file /opt/conda/lib/python3.8/site-packages/airflow/example_dags/example_branch_operator_decorator.py for tasks to queue
[2025-02-22 09:54:58,066] {logging_mixin.py:115} INFO - [2025-02-22 09:54:58,066] {dagbag.py:508} INFO - Filling up the DagBag from /opt/conda/lib/python3.8/site-packages/airflow/example_dags/example_branch_operator_decorator.py
[2025-02-22 09:54:58,085] {processor.py:651} INFO - DAG(s) dict_keys(['example_branch_python_operator_decorator']) retrieved from /opt/conda/lib/python3.8/site-packages/airflow/example_dags/example_branch_operator_decorator.py
[2025-02-22 09:54:58,099] {logging_mixin.py:115} INFO - [2025-02-22 09:54:58,099] {dag.py:2420} INFO - Sync 1 DAGs
[2025-02-22 09:54:58,114] {logging_mixin.py:115} INFO - [2025-02-22 09:54:58,114] {dag.py:2968} INFO - Setting next_dagrun for example_branch_python_operator_decorator to 2025-02-21T00:00:00+00:00, run_after=2025-02-22T00:00:00+00:00
[2025-02-22 09:54:58,135] {processor.py:161} INFO - Processing /opt/conda/lib/python3.8/site-packages/airflow/example_dags/example_branch_operator_decorator.py took 0.075 seconds
[2025-02-22 09:55:41,441] {processor.py:153} INFO - Started process (PID=14264) to work on /opt/conda/lib/python3.8/site-packages/airflow/example_dags/example_branch_operator_decorator.py
[2025-02-22 09:55:41,443] {processor.py:641} INFO - Processing file /opt/conda/lib/python3.8/site-packages/airflow/example_dags/example_branch_operator_decorator.py for tasks to queue
[2025-02-22 09:55:41,444] {logging_mixin.py:115} INFO - [2025-02-22 09:55:41,443] {dagbag.py:508} INFO - Filling up the DagBag from /opt/conda/lib/python3.8/site-packages/airflow/example_dags/example_branch_operator_decorator.py
[2025-02-22 09:55:41,459] {processor.py:651} INFO - DAG(s) dict_keys(['example_branch_python_operator_decorator']) retrieved from /opt/conda/lib/python3.8/site-packages/airflow/example_dags/example_branch_operator_decorator.py
[2025-02-22 09:55:41,472] {logging_mixin.py:115} INFO - [2025-02-22 09:55:41,471] {dag.py:2420} INFO - Sync 1 DAGs
[2025-02-22 09:55:41,486] {logging_mixin.py:115} INFO - [2025-02-22 09:55:41,486] {dag.py:2968} INFO - Setting next_dagrun for example_branch_python_operator_decorator to 2025-02-21T00:00:00+00:00, run_after=2025-02-22T00:00:00+00:00
[2025-02-22 09:55:41,507] {processor.py:161} INFO - Processing /opt/conda/lib/python3.8/site-packages/airflow/example_dags/example_branch_operator_decorator.py took 0.068 seconds
[2025-02-22 09:56:18,651] {processor.py:153} INFO - Started process (PID=14387) to work on /opt/conda/lib/python3.8/site-packages/airflow/example_dags/example_branch_operator_decorator.py
[2025-02-22 09:56:18,653] {processor.py:641} INFO - Processing file /opt/conda/lib/python3.8/site-packages/airflow/example_dags/example_branch_operator_decorator.py for tasks to queue
[2025-02-22 09:56:18,654] {logging_mixin.py:115} INFO - [2025-02-22 09:56:18,654] {dagbag.py:508} INFO - Filling up the DagBag from /opt/conda/lib/python3.8/site-packages/airflow/example_dags/example_branch_operator_decorator.py
[2025-02-22 09:56:18,675] {processor.py:651} INFO - DAG(s) dict_keys(['example_branch_python_operator_decorator']) retrieved from /opt/conda/lib/python3.8/site-packages/airflow/example_dags/example_branch_operator_decorator.py
[2025-02-22 09:56:18,693] {logging_mixin.py:115} INFO - [2025-02-22 09:56:18,692] {dag.py:2420} INFO - Sync 1 DAGs
[2025-02-22 09:56:18,712] {logging_mixin.py:115} INFO - [2025-02-22 09:56:18,712] {dag.py:2968} INFO - Setting next_dagrun for example_branch_python_operator_decorator to 2025-02-21T00:00:00+00:00, run_after=2025-02-22T00:00:00+00:00
[2025-02-22 09:56:18,737] {processor.py:161} INFO - Processing /opt/conda/lib/python3.8/site-packages/airflow/example_dags/example_branch_operator_decorator.py took 0.090 seconds
[2025-02-22 09:57:03,318] {processor.py:153} INFO - Started process (PID=14543) to work on /opt/conda/lib/python3.8/site-packages/airflow/example_dags/example_branch_operator_decorator.py
[2025-02-22 09:57:03,320] {processor.py:641} INFO - Processing file /opt/conda/lib/python3.8/site-packages/airflow/example_dags/example_branch_operator_decorator.py for tasks to queue
[2025-02-22 09:57:03,321] {logging_mixin.py:115} INFO - [2025-02-22 09:57:03,321] {dagbag.py:508} INFO - Filling up the DagBag from /opt/conda/lib/python3.8/site-packages/airflow/example_dags/example_branch_operator_decorator.py
[2025-02-22 09:57:03,341] {processor.py:651} INFO - DAG(s) dict_keys(['example_branch_python_operator_decorator']) retrieved from /opt/conda/lib/python3.8/site-packages/airflow/example_dags/example_branch_operator_decorator.py
[2025-02-22 09:57:03,358] {logging_mixin.py:115} INFO - [2025-02-22 09:57:03,358] {dag.py:2420} INFO - Sync 1 DAGs
[2025-02-22 09:57:03,377] {logging_mixin.py:115} INFO - [2025-02-22 09:57:03,377] {dag.py:2968} INFO - Setting next_dagrun for example_branch_python_operator_decorator to 2025-02-21T00:00:00+00:00, run_after=2025-02-22T00:00:00+00:00
[2025-02-22 09:57:03,401] {processor.py:161} INFO - Processing /opt/conda/lib/python3.8/site-packages/airflow/example_dags/example_branch_operator_decorator.py took 0.086 seconds
