[2025-02-22 09:47:15,628] {processor.py:153} INFO - Started process (PID=12568) to work on /opt/conda/lib/python3.8/site-packages/airflow/example_dags/example_branch_labels.py
[2025-02-22 09:47:15,628] {processor.py:641} INFO - Processing file /opt/conda/lib/python3.8/site-packages/airflow/example_dags/example_branch_labels.py for tasks to queue
[2025-02-22 09:47:15,629] {logging_mixin.py:115} INFO - [2025-02-22 09:47:15,629] {dagbag.py:508} INFO - Filling up the DagBag from /opt/conda/lib/python3.8/site-packages/airflow/example_dags/example_branch_labels.py
[2025-02-22 09:47:15,636] {processor.py:651} INFO - DAG(s) dict_keys(['example_branch_labels']) retrieved from /opt/conda/lib/python3.8/site-packages/airflow/example_dags/example_branch_labels.py
[2025-02-22 09:47:15,783] {logging_mixin.py:115} INFO - [2025-02-22 09:47:15,783] {dag.py:2420} INFO - Sync 1 DAGs
[2025-02-22 09:47:15,800] {logging_mixin.py:115} INFO - [2025-02-22 09:47:15,800] {dag.py:2968} INFO - Setting next_dagrun for example_branch_labels to 2025-02-21T00:00:00+00:00, run_after=2025-02-22T00:00:00+00:00
[2025-02-22 09:47:15,821] {processor.py:161} INFO - Processing /opt/conda/lib/python3.8/site-packages/airflow/example_dags/example_branch_labels.py took 0.197 seconds
[2025-02-22 09:48:04,231] {processor.py:153} INFO - Started process (PID=12719) to work on /opt/conda/lib/python3.8/site-packages/airflow/example_dags/example_branch_labels.py
[2025-02-22 09:48:04,233] {processor.py:641} INFO - Processing file /opt/conda/lib/python3.8/site-packages/airflow/example_dags/example_branch_labels.py for tasks to queue
[2025-02-22 09:48:04,233] {logging_mixin.py:115} INFO - [2025-02-22 09:48:04,233] {dagbag.py:508} INFO - Filling up the DagBag from /opt/conda/lib/python3.8/site-packages/airflow/example_dags/example_branch_labels.py
[2025-02-22 09:48:04,240] {processor.py:651} INFO - DAG(s) dict_keys(['example_branch_labels']) retrieved from /opt/conda/lib/python3.8/site-packages/airflow/example_dags/example_branch_labels.py
[2025-02-22 09:48:04,356] {logging_mixin.py:115} INFO - [2025-02-22 09:48:04,356] {dag.py:2420} INFO - Sync 1 DAGs
[2025-02-22 09:48:04,368] {logging_mixin.py:115} INFO - [2025-02-22 09:48:04,368] {dag.py:2968} INFO - Setting next_dagrun for example_branch_labels to 2025-02-21T00:00:00+00:00, run_after=2025-02-22T00:00:00+00:00
[2025-02-22 09:48:04,387] {processor.py:161} INFO - Processing /opt/conda/lib/python3.8/site-packages/airflow/example_dags/example_branch_labels.py took 0.159 seconds
[2025-02-22 09:48:55,460] {processor.py:153} INFO - Started process (PID=12892) to work on /opt/conda/lib/python3.8/site-packages/airflow/example_dags/example_branch_labels.py
[2025-02-22 09:48:55,462] {processor.py:641} INFO - Processing file /opt/conda/lib/python3.8/site-packages/airflow/example_dags/example_branch_labels.py for tasks to queue
[2025-02-22 09:48:55,462] {logging_mixin.py:115} INFO - [2025-02-22 09:48:55,462] {dagbag.py:508} INFO - Filling up the DagBag from /opt/conda/lib/python3.8/site-packages/airflow/example_dags/example_branch_labels.py
[2025-02-22 09:48:55,469] {processor.py:651} INFO - DAG(s) dict_keys(['example_branch_labels']) retrieved from /opt/conda/lib/python3.8/site-packages/airflow/example_dags/example_branch_labels.py
[2025-02-22 09:48:55,602] {logging_mixin.py:115} INFO - [2025-02-22 09:48:55,602] {dag.py:2420} INFO - Sync 1 DAGs
[2025-02-22 09:48:55,614] {logging_mixin.py:115} INFO - [2025-02-22 09:48:55,614] {dag.py:2968} INFO - Setting next_dagrun for example_branch_labels to 2025-02-21T00:00:00+00:00, run_after=2025-02-22T00:00:00+00:00
[2025-02-22 09:48:55,681] {processor.py:161} INFO - Processing /opt/conda/lib/python3.8/site-packages/airflow/example_dags/example_branch_labels.py took 0.225 seconds
[2025-02-22 09:49:40,240] {processor.py:153} INFO - Started process (PID=13031) to work on /opt/conda/lib/python3.8/site-packages/airflow/example_dags/example_branch_labels.py
[2025-02-22 09:49:40,242] {processor.py:641} INFO - Processing file /opt/conda/lib/python3.8/site-packages/airflow/example_dags/example_branch_labels.py for tasks to queue
[2025-02-22 09:49:40,242] {logging_mixin.py:115} INFO - [2025-02-22 09:49:40,242] {dagbag.py:508} INFO - Filling up the DagBag from /opt/conda/lib/python3.8/site-packages/airflow/example_dags/example_branch_labels.py
[2025-02-22 09:49:40,249] {processor.py:651} INFO - DAG(s) dict_keys(['example_branch_labels']) retrieved from /opt/conda/lib/python3.8/site-packages/airflow/example_dags/example_branch_labels.py
[2025-02-22 09:49:40,374] {logging_mixin.py:115} INFO - [2025-02-22 09:49:40,374] {dag.py:2420} INFO - Sync 1 DAGs
[2025-02-22 09:49:40,386] {logging_mixin.py:115} INFO - [2025-02-22 09:49:40,386] {dag.py:2968} INFO - Setting next_dagrun for example_branch_labels to 2025-02-21T00:00:00+00:00, run_after=2025-02-22T00:00:00+00:00
[2025-02-22 09:49:40,405] {processor.py:161} INFO - Processing /opt/conda/lib/python3.8/site-packages/airflow/example_dags/example_branch_labels.py took 0.168 seconds
[2025-02-22 09:50:34,995] {processor.py:153} INFO - Started process (PID=13232) to work on /opt/conda/lib/python3.8/site-packages/airflow/example_dags/example_branch_labels.py
[2025-02-22 09:50:34,997] {processor.py:641} INFO - Processing file /opt/conda/lib/python3.8/site-packages/airflow/example_dags/example_branch_labels.py for tasks to queue
[2025-02-22 09:50:34,997] {logging_mixin.py:115} INFO - [2025-02-22 09:50:34,997] {dagbag.py:508} INFO - Filling up the DagBag from /opt/conda/lib/python3.8/site-packages/airflow/example_dags/example_branch_labels.py
[2025-02-22 09:50:35,004] {processor.py:651} INFO - DAG(s) dict_keys(['example_branch_labels']) retrieved from /opt/conda/lib/python3.8/site-packages/airflow/example_dags/example_branch_labels.py
[2025-02-22 09:50:35,135] {logging_mixin.py:115} INFO - [2025-02-22 09:50:35,134] {dag.py:2420} INFO - Sync 1 DAGs
[2025-02-22 09:50:35,147] {logging_mixin.py:115} INFO - [2025-02-22 09:50:35,147] {dag.py:2968} INFO - Setting next_dagrun for example_branch_labels to 2025-02-21T00:00:00+00:00, run_after=2025-02-22T00:00:00+00:00
[2025-02-22 09:50:35,164] {processor.py:161} INFO - Processing /opt/conda/lib/python3.8/site-packages/airflow/example_dags/example_branch_labels.py took 0.173 seconds
[2025-02-22 09:51:19,579] {processor.py:153} INFO - Started process (PID=13362) to work on /opt/conda/lib/python3.8/site-packages/airflow/example_dags/example_branch_labels.py
[2025-02-22 09:51:19,580] {processor.py:641} INFO - Processing file /opt/conda/lib/python3.8/site-packages/airflow/example_dags/example_branch_labels.py for tasks to queue
[2025-02-22 09:51:19,581] {logging_mixin.py:115} INFO - [2025-02-22 09:51:19,581] {dagbag.py:508} INFO - Filling up the DagBag from /opt/conda/lib/python3.8/site-packages/airflow/example_dags/example_branch_labels.py
[2025-02-22 09:51:19,587] {processor.py:651} INFO - DAG(s) dict_keys(['example_branch_labels']) retrieved from /opt/conda/lib/python3.8/site-packages/airflow/example_dags/example_branch_labels.py
[2025-02-22 09:51:19,710] {logging_mixin.py:115} INFO - [2025-02-22 09:51:19,710] {dag.py:2420} INFO - Sync 1 DAGs
[2025-02-22 09:51:19,722] {logging_mixin.py:115} INFO - [2025-02-22 09:51:19,722] {dag.py:2968} INFO - Setting next_dagrun for example_branch_labels to 2025-02-21T00:00:00+00:00, run_after=2025-02-22T00:00:00+00:00
[2025-02-22 09:51:19,742] {processor.py:161} INFO - Processing /opt/conda/lib/python3.8/site-packages/airflow/example_dags/example_branch_labels.py took 0.167 seconds
[2025-02-22 09:52:03,756] {processor.py:153} INFO - Started process (PID=13524) to work on /opt/conda/lib/python3.8/site-packages/airflow/example_dags/example_branch_labels.py
[2025-02-22 09:52:03,758] {processor.py:641} INFO - Processing file /opt/conda/lib/python3.8/site-packages/airflow/example_dags/example_branch_labels.py for tasks to queue
[2025-02-22 09:52:03,758] {logging_mixin.py:115} INFO - [2025-02-22 09:52:03,758] {dagbag.py:508} INFO - Filling up the DagBag from /opt/conda/lib/python3.8/site-packages/airflow/example_dags/example_branch_labels.py
[2025-02-22 09:52:03,765] {processor.py:651} INFO - DAG(s) dict_keys(['example_branch_labels']) retrieved from /opt/conda/lib/python3.8/site-packages/airflow/example_dags/example_branch_labels.py
[2025-02-22 09:52:03,783] {logging_mixin.py:115} INFO - [2025-02-22 09:52:03,783] {dag.py:2420} INFO - Sync 1 DAGs
[2025-02-22 09:52:03,803] {logging_mixin.py:115} INFO - [2025-02-22 09:52:03,803] {dag.py:2968} INFO - Setting next_dagrun for example_branch_labels to 2025-02-21T00:00:00+00:00, run_after=2025-02-22T00:00:00+00:00
[2025-02-22 09:52:03,827] {processor.py:161} INFO - Processing /opt/conda/lib/python3.8/site-packages/airflow/example_dags/example_branch_labels.py took 0.074 seconds
[2025-02-22 09:52:45,766] {processor.py:153} INFO - Started process (PID=13653) to work on /opt/conda/lib/python3.8/site-packages/airflow/example_dags/example_branch_labels.py
[2025-02-22 09:52:45,768] {processor.py:641} INFO - Processing file /opt/conda/lib/python3.8/site-packages/airflow/example_dags/example_branch_labels.py for tasks to queue
[2025-02-22 09:52:45,768] {logging_mixin.py:115} INFO - [2025-02-22 09:52:45,768] {dagbag.py:508} INFO - Filling up the DagBag from /opt/conda/lib/python3.8/site-packages/airflow/example_dags/example_branch_labels.py
[2025-02-22 09:52:45,775] {processor.py:651} INFO - DAG(s) dict_keys(['example_branch_labels']) retrieved from /opt/conda/lib/python3.8/site-packages/airflow/example_dags/example_branch_labels.py
[2025-02-22 09:52:45,792] {logging_mixin.py:115} INFO - [2025-02-22 09:52:45,792] {dag.py:2420} INFO - Sync 1 DAGs
[2025-02-22 09:52:45,813] {logging_mixin.py:115} INFO - [2025-02-22 09:52:45,812] {dag.py:2968} INFO - Setting next_dagrun for example_branch_labels to 2025-02-21T00:00:00+00:00, run_after=2025-02-22T00:00:00+00:00
[2025-02-22 09:52:45,836] {processor.py:161} INFO - Processing /opt/conda/lib/python3.8/site-packages/airflow/example_dags/example_branch_labels.py took 0.073 seconds
[2025-02-22 09:53:30,298] {processor.py:153} INFO - Started process (PID=13826) to work on /opt/conda/lib/python3.8/site-packages/airflow/example_dags/example_branch_labels.py
[2025-02-22 09:53:30,300] {processor.py:641} INFO - Processing file /opt/conda/lib/python3.8/site-packages/airflow/example_dags/example_branch_labels.py for tasks to queue
[2025-02-22 09:53:30,301] {logging_mixin.py:115} INFO - [2025-02-22 09:53:30,301] {dagbag.py:508} INFO - Filling up the DagBag from /opt/conda/lib/python3.8/site-packages/airflow/example_dags/example_branch_labels.py
[2025-02-22 09:53:30,308] {processor.py:651} INFO - DAG(s) dict_keys(['example_branch_labels']) retrieved from /opt/conda/lib/python3.8/site-packages/airflow/example_dags/example_branch_labels.py
[2025-02-22 09:53:30,326] {logging_mixin.py:115} INFO - [2025-02-22 09:53:30,326] {dag.py:2420} INFO - Sync 1 DAGs
[2025-02-22 09:53:30,347] {logging_mixin.py:115} INFO - [2025-02-22 09:53:30,347] {dag.py:2968} INFO - Setting next_dagrun for example_branch_labels to 2025-02-21T00:00:00+00:00, run_after=2025-02-22T00:00:00+00:00
[2025-02-22 09:53:30,368] {processor.py:161} INFO - Processing /opt/conda/lib/python3.8/site-packages/airflow/example_dags/example_branch_labels.py took 0.073 seconds
[2025-02-22 09:54:13,752] {processor.py:153} INFO - Started process (PID=13967) to work on /opt/conda/lib/python3.8/site-packages/airflow/example_dags/example_branch_labels.py
[2025-02-22 09:54:13,754] {processor.py:641} INFO - Processing file /opt/conda/lib/python3.8/site-packages/airflow/example_dags/example_branch_labels.py for tasks to queue
[2025-02-22 09:54:13,755] {logging_mixin.py:115} INFO - [2025-02-22 09:54:13,755] {dagbag.py:508} INFO - Filling up the DagBag from /opt/conda/lib/python3.8/site-packages/airflow/example_dags/example_branch_labels.py
[2025-02-22 09:54:13,761] {processor.py:651} INFO - DAG(s) dict_keys(['example_branch_labels']) retrieved from /opt/conda/lib/python3.8/site-packages/airflow/example_dags/example_branch_labels.py
[2025-02-22 09:54:13,777] {logging_mixin.py:115} INFO - [2025-02-22 09:54:13,777] {dag.py:2420} INFO - Sync 1 DAGs
[2025-02-22 09:54:13,793] {logging_mixin.py:115} INFO - [2025-02-22 09:54:13,793] {dag.py:2968} INFO - Setting next_dagrun for example_branch_labels to 2025-02-21T00:00:00+00:00, run_after=2025-02-22T00:00:00+00:00
[2025-02-22 09:54:13,814] {processor.py:161} INFO - Processing /opt/conda/lib/python3.8/site-packages/airflow/example_dags/example_branch_labels.py took 0.065 seconds
[2025-02-22 09:55:00,878] {processor.py:153} INFO - Started process (PID=14105) to work on /opt/conda/lib/python3.8/site-packages/airflow/example_dags/example_branch_labels.py
[2025-02-22 09:55:01,220] {processor.py:641} INFO - Processing file /opt/conda/lib/python3.8/site-packages/airflow/example_dags/example_branch_labels.py for tasks to queue
[2025-02-22 09:55:01,221] {logging_mixin.py:115} INFO - [2025-02-22 09:55:01,220] {dagbag.py:508} INFO - Filling up the DagBag from /opt/conda/lib/python3.8/site-packages/airflow/example_dags/example_branch_labels.py
[2025-02-22 09:55:01,228] {processor.py:651} INFO - DAG(s) dict_keys(['example_branch_labels']) retrieved from /opt/conda/lib/python3.8/site-packages/airflow/example_dags/example_branch_labels.py
[2025-02-22 09:55:01,247] {logging_mixin.py:115} INFO - [2025-02-22 09:55:01,247] {dag.py:2420} INFO - Sync 1 DAGs
[2025-02-22 09:55:01,268] {logging_mixin.py:115} INFO - [2025-02-22 09:55:01,268] {dag.py:2968} INFO - Setting next_dagrun for example_branch_labels to 2025-02-21T00:00:00+00:00, run_after=2025-02-22T00:00:00+00:00
[2025-02-22 09:55:01,325] {processor.py:161} INFO - Processing /opt/conda/lib/python3.8/site-packages/airflow/example_dags/example_branch_labels.py took 0.451 seconds
[2025-02-22 09:55:43,746] {processor.py:153} INFO - Started process (PID=14273) to work on /opt/conda/lib/python3.8/site-packages/airflow/example_dags/example_branch_labels.py
[2025-02-22 09:55:43,748] {processor.py:641} INFO - Processing file /opt/conda/lib/python3.8/site-packages/airflow/example_dags/example_branch_labels.py for tasks to queue
[2025-02-22 09:55:43,749] {logging_mixin.py:115} INFO - [2025-02-22 09:55:43,749] {dagbag.py:508} INFO - Filling up the DagBag from /opt/conda/lib/python3.8/site-packages/airflow/example_dags/example_branch_labels.py
[2025-02-22 09:55:43,755] {processor.py:651} INFO - DAG(s) dict_keys(['example_branch_labels']) retrieved from /opt/conda/lib/python3.8/site-packages/airflow/example_dags/example_branch_labels.py
[2025-02-22 09:55:43,771] {logging_mixin.py:115} INFO - [2025-02-22 09:55:43,771] {dag.py:2420} INFO - Sync 1 DAGs
[2025-02-22 09:55:43,787] {logging_mixin.py:115} INFO - [2025-02-22 09:55:43,787] {dag.py:2968} INFO - Setting next_dagrun for example_branch_labels to 2025-02-21T00:00:00+00:00, run_after=2025-02-22T00:00:00+00:00
[2025-02-22 09:55:43,807] {processor.py:161} INFO - Processing /opt/conda/lib/python3.8/site-packages/airflow/example_dags/example_branch_labels.py took 0.064 seconds
[2025-02-22 09:56:32,099] {processor.py:153} INFO - Started process (PID=14444) to work on /opt/conda/lib/python3.8/site-packages/airflow/example_dags/example_branch_labels.py
[2025-02-22 09:56:32,103] {processor.py:641} INFO - Processing file /opt/conda/lib/python3.8/site-packages/airflow/example_dags/example_branch_labels.py for tasks to queue
[2025-02-22 09:56:32,104] {logging_mixin.py:115} INFO - [2025-02-22 09:56:32,104] {dagbag.py:508} INFO - Filling up the DagBag from /opt/conda/lib/python3.8/site-packages/airflow/example_dags/example_branch_labels.py
[2025-02-22 09:56:32,111] {processor.py:651} INFO - DAG(s) dict_keys(['example_branch_labels']) retrieved from /opt/conda/lib/python3.8/site-packages/airflow/example_dags/example_branch_labels.py
[2025-02-22 09:56:32,128] {logging_mixin.py:115} INFO - [2025-02-22 09:56:32,128] {dag.py:2420} INFO - Sync 1 DAGs
[2025-02-22 09:56:32,149] {logging_mixin.py:115} INFO - [2025-02-22 09:56:32,149] {dag.py:2968} INFO - Setting next_dagrun for example_branch_labels to 2025-02-21T00:00:00+00:00, run_after=2025-02-22T00:00:00+00:00
[2025-02-22 09:56:32,174] {processor.py:161} INFO - Processing /opt/conda/lib/python3.8/site-packages/airflow/example_dags/example_branch_labels.py took 0.078 seconds
[2025-02-22 09:57:15,262] {processor.py:153} INFO - Started process (PID=14582) to work on /opt/conda/lib/python3.8/site-packages/airflow/example_dags/example_branch_labels.py
[2025-02-22 09:57:15,264] {processor.py:641} INFO - Processing file /opt/conda/lib/python3.8/site-packages/airflow/example_dags/example_branch_labels.py for tasks to queue
[2025-02-22 09:57:15,264] {logging_mixin.py:115} INFO - [2025-02-22 09:57:15,264] {dagbag.py:508} INFO - Filling up the DagBag from /opt/conda/lib/python3.8/site-packages/airflow/example_dags/example_branch_labels.py
[2025-02-22 09:57:15,271] {processor.py:651} INFO - DAG(s) dict_keys(['example_branch_labels']) retrieved from /opt/conda/lib/python3.8/site-packages/airflow/example_dags/example_branch_labels.py
[2025-02-22 09:57:15,286] {logging_mixin.py:115} INFO - [2025-02-22 09:57:15,286] {dag.py:2420} INFO - Sync 1 DAGs
[2025-02-22 09:57:15,302] {logging_mixin.py:115} INFO - [2025-02-22 09:57:15,302] {dag.py:2968} INFO - Setting next_dagrun for example_branch_labels to 2025-02-21T00:00:00+00:00, run_after=2025-02-22T00:00:00+00:00
[2025-02-22 09:57:15,324] {processor.py:161} INFO - Processing /opt/conda/lib/python3.8/site-packages/airflow/example_dags/example_branch_labels.py took 0.066 seconds
