[2025-02-22 09:46:56,519] {processor.py:153} INFO - Started process (PID=12519) to work on /opt/conda/lib/python3.8/site-packages/airflow/example_dags/example_branch_datetime_operator.py
[2025-02-22 09:46:56,520] {processor.py:641} INFO - Processing file /opt/conda/lib/python3.8/site-packages/airflow/example_dags/example_branch_datetime_operator.py for tasks to queue
[2025-02-22 09:46:56,520] {logging_mixin.py:115} INFO - [2025-02-22 09:46:56,520] {dagbag.py:508} INFO - Filling up the DagBag from /opt/conda/lib/python3.8/site-packages/airflow/example_dags/example_branch_datetime_operator.py
[2025-02-22 09:46:56,530] {processor.py:651} INFO - DAG(s) dict_keys(['example_branch_datetime_operator', 'example_branch_datetime_operator_2']) retrieved from /opt/conda/lib/python3.8/site-packages/airflow/example_dags/example_branch_datetime_operator.py
[2025-02-22 09:46:56,665] {logging_mixin.py:115} INFO - [2025-02-22 09:46:56,665] {dag.py:2420} INFO - Sync 2 DAGs
[2025-02-22 09:46:56,678] {logging_mixin.py:115} INFO - [2025-02-22 09:46:56,678] {dag.py:2968} INFO - Setting next_dagrun for example_branch_datetime_operator to 2025-02-21T00:00:00+00:00, run_after=2025-02-22T00:00:00+00:00
[2025-02-22 09:46:56,679] {logging_mixin.py:115} INFO - [2025-02-22 09:46:56,679] {dag.py:2968} INFO - Setting next_dagrun for example_branch_datetime_operator_2 to 2025-02-21T00:00:00+00:00, run_after=2025-02-22T00:00:00+00:00
[2025-02-22 09:46:56,701] {processor.py:161} INFO - Processing /opt/conda/lib/python3.8/site-packages/airflow/example_dags/example_branch_datetime_operator.py took 0.185 seconds
[2025-02-22 09:47:45,386] {processor.py:153} INFO - Started process (PID=12669) to work on /opt/conda/lib/python3.8/site-packages/airflow/example_dags/example_branch_datetime_operator.py
[2025-02-22 09:47:45,388] {processor.py:641} INFO - Processing file /opt/conda/lib/python3.8/site-packages/airflow/example_dags/example_branch_datetime_operator.py for tasks to queue
[2025-02-22 09:47:45,389] {logging_mixin.py:115} INFO - [2025-02-22 09:47:45,388] {dagbag.py:508} INFO - Filling up the DagBag from /opt/conda/lib/python3.8/site-packages/airflow/example_dags/example_branch_datetime_operator.py
[2025-02-22 09:47:45,398] {processor.py:651} INFO - DAG(s) dict_keys(['example_branch_datetime_operator', 'example_branch_datetime_operator_2']) retrieved from /opt/conda/lib/python3.8/site-packages/airflow/example_dags/example_branch_datetime_operator.py
[2025-02-22 09:47:45,532] {logging_mixin.py:115} INFO - [2025-02-22 09:47:45,532] {dag.py:2420} INFO - Sync 2 DAGs
[2025-02-22 09:47:45,544] {logging_mixin.py:115} INFO - [2025-02-22 09:47:45,544] {dag.py:2968} INFO - Setting next_dagrun for example_branch_datetime_operator to 2025-02-21T00:00:00+00:00, run_after=2025-02-22T00:00:00+00:00
[2025-02-22 09:47:45,545] {logging_mixin.py:115} INFO - [2025-02-22 09:47:45,545] {dag.py:2968} INFO - Setting next_dagrun for example_branch_datetime_operator_2 to 2025-02-21T00:00:00+00:00, run_after=2025-02-22T00:00:00+00:00
[2025-02-22 09:47:45,565] {processor.py:161} INFO - Processing /opt/conda/lib/python3.8/site-packages/airflow/example_dags/example_branch_datetime_operator.py took 0.182 seconds
[2025-02-22 09:48:34,084] {processor.py:153} INFO - Started process (PID=12813) to work on /opt/conda/lib/python3.8/site-packages/airflow/example_dags/example_branch_datetime_operator.py
[2025-02-22 09:48:34,085] {processor.py:641} INFO - Processing file /opt/conda/lib/python3.8/site-packages/airflow/example_dags/example_branch_datetime_operator.py for tasks to queue
[2025-02-22 09:48:34,086] {logging_mixin.py:115} INFO - [2025-02-22 09:48:34,086] {dagbag.py:508} INFO - Filling up the DagBag from /opt/conda/lib/python3.8/site-packages/airflow/example_dags/example_branch_datetime_operator.py
[2025-02-22 09:48:34,094] {processor.py:651} INFO - DAG(s) dict_keys(['example_branch_datetime_operator', 'example_branch_datetime_operator_2']) retrieved from /opt/conda/lib/python3.8/site-packages/airflow/example_dags/example_branch_datetime_operator.py
[2025-02-22 09:48:34,212] {logging_mixin.py:115} INFO - [2025-02-22 09:48:34,212] {dag.py:2420} INFO - Sync 2 DAGs
[2025-02-22 09:48:34,224] {logging_mixin.py:115} INFO - [2025-02-22 09:48:34,224] {dag.py:2968} INFO - Setting next_dagrun for example_branch_datetime_operator to 2025-02-21T00:00:00+00:00, run_after=2025-02-22T00:00:00+00:00
[2025-02-22 09:48:34,225] {logging_mixin.py:115} INFO - [2025-02-22 09:48:34,225] {dag.py:2968} INFO - Setting next_dagrun for example_branch_datetime_operator_2 to 2025-02-21T00:00:00+00:00, run_after=2025-02-22T00:00:00+00:00
[2025-02-22 09:48:34,244] {processor.py:161} INFO - Processing /opt/conda/lib/python3.8/site-packages/airflow/example_dags/example_branch_datetime_operator.py took 0.164 seconds
[2025-02-22 09:49:17,372] {processor.py:153} INFO - Started process (PID=12951) to work on /opt/conda/lib/python3.8/site-packages/airflow/example_dags/example_branch_datetime_operator.py
[2025-02-22 09:49:17,374] {processor.py:641} INFO - Processing file /opt/conda/lib/python3.8/site-packages/airflow/example_dags/example_branch_datetime_operator.py for tasks to queue
[2025-02-22 09:49:17,374] {logging_mixin.py:115} INFO - [2025-02-22 09:49:17,374] {dagbag.py:508} INFO - Filling up the DagBag from /opt/conda/lib/python3.8/site-packages/airflow/example_dags/example_branch_datetime_operator.py
[2025-02-22 09:49:17,383] {processor.py:651} INFO - DAG(s) dict_keys(['example_branch_datetime_operator', 'example_branch_datetime_operator_2']) retrieved from /opt/conda/lib/python3.8/site-packages/airflow/example_dags/example_branch_datetime_operator.py
[2025-02-22 09:49:17,518] {logging_mixin.py:115} INFO - [2025-02-22 09:49:17,518] {dag.py:2420} INFO - Sync 2 DAGs
[2025-02-22 09:49:17,530] {logging_mixin.py:115} INFO - [2025-02-22 09:49:17,530] {dag.py:2968} INFO - Setting next_dagrun for example_branch_datetime_operator to 2025-02-21T00:00:00+00:00, run_after=2025-02-22T00:00:00+00:00
[2025-02-22 09:49:17,531] {logging_mixin.py:115} INFO - [2025-02-22 09:49:17,531] {dag.py:2968} INFO - Setting next_dagrun for example_branch_datetime_operator_2 to 2025-02-21T00:00:00+00:00, run_after=2025-02-22T00:00:00+00:00
[2025-02-22 09:49:17,551] {processor.py:161} INFO - Processing /opt/conda/lib/python3.8/site-packages/airflow/example_dags/example_branch_datetime_operator.py took 0.182 seconds
[2025-02-22 09:49:54,620] {processor.py:153} INFO - Started process (PID=13096) to work on /opt/conda/lib/python3.8/site-packages/airflow/example_dags/example_branch_datetime_operator.py
[2025-02-22 09:49:54,626] {processor.py:641} INFO - Processing file /opt/conda/lib/python3.8/site-packages/airflow/example_dags/example_branch_datetime_operator.py for tasks to queue
[2025-02-22 09:49:54,627] {logging_mixin.py:115} INFO - [2025-02-22 09:49:54,627] {dagbag.py:508} INFO - Filling up the DagBag from /opt/conda/lib/python3.8/site-packages/airflow/example_dags/example_branch_datetime_operator.py
[2025-02-22 09:49:54,636] {processor.py:651} INFO - DAG(s) dict_keys(['example_branch_datetime_operator', 'example_branch_datetime_operator_2']) retrieved from /opt/conda/lib/python3.8/site-packages/airflow/example_dags/example_branch_datetime_operator.py
[2025-02-22 09:49:54,787] {logging_mixin.py:115} INFO - [2025-02-22 09:49:54,787] {dag.py:2420} INFO - Sync 2 DAGs
[2025-02-22 09:49:54,804] {logging_mixin.py:115} INFO - [2025-02-22 09:49:54,804] {dag.py:2968} INFO - Setting next_dagrun for example_branch_datetime_operator to 2025-02-21T00:00:00+00:00, run_after=2025-02-22T00:00:00+00:00
[2025-02-22 09:49:54,806] {logging_mixin.py:115} INFO - [2025-02-22 09:49:54,805] {dag.py:2968} INFO - Setting next_dagrun for example_branch_datetime_operator_2 to 2025-02-21T00:00:00+00:00, run_after=2025-02-22T00:00:00+00:00
[2025-02-22 09:49:54,828] {processor.py:161} INFO - Processing /opt/conda/lib/python3.8/site-packages/airflow/example_dags/example_branch_datetime_operator.py took 0.211 seconds
[2025-02-22 09:50:30,995] {processor.py:153} INFO - Started process (PID=13225) to work on /opt/conda/lib/python3.8/site-packages/airflow/example_dags/example_branch_datetime_operator.py
[2025-02-22 09:50:30,997] {processor.py:641} INFO - Processing file /opt/conda/lib/python3.8/site-packages/airflow/example_dags/example_branch_datetime_operator.py for tasks to queue
[2025-02-22 09:50:30,997] {logging_mixin.py:115} INFO - [2025-02-22 09:50:30,997] {dagbag.py:508} INFO - Filling up the DagBag from /opt/conda/lib/python3.8/site-packages/airflow/example_dags/example_branch_datetime_operator.py
[2025-02-22 09:50:31,006] {processor.py:651} INFO - DAG(s) dict_keys(['example_branch_datetime_operator', 'example_branch_datetime_operator_2']) retrieved from /opt/conda/lib/python3.8/site-packages/airflow/example_dags/example_branch_datetime_operator.py
[2025-02-22 09:50:31,136] {logging_mixin.py:115} INFO - [2025-02-22 09:50:31,136] {dag.py:2420} INFO - Sync 2 DAGs
[2025-02-22 09:50:31,149] {logging_mixin.py:115} INFO - [2025-02-22 09:50:31,149] {dag.py:2968} INFO - Setting next_dagrun for example_branch_datetime_operator to 2025-02-21T00:00:00+00:00, run_after=2025-02-22T00:00:00+00:00
[2025-02-22 09:50:31,150] {logging_mixin.py:115} INFO - [2025-02-22 09:50:31,150] {dag.py:2968} INFO - Setting next_dagrun for example_branch_datetime_operator_2 to 2025-02-21T00:00:00+00:00, run_after=2025-02-22T00:00:00+00:00
[2025-02-22 09:50:31,611] {processor.py:161} INFO - Processing /opt/conda/lib/python3.8/site-packages/airflow/example_dags/example_branch_datetime_operator.py took 0.620 seconds
[2025-02-22 09:51:16,172] {processor.py:153} INFO - Started process (PID=13356) to work on /opt/conda/lib/python3.8/site-packages/airflow/example_dags/example_branch_datetime_operator.py
[2025-02-22 09:51:16,174] {processor.py:641} INFO - Processing file /opt/conda/lib/python3.8/site-packages/airflow/example_dags/example_branch_datetime_operator.py for tasks to queue
[2025-02-22 09:51:16,174] {logging_mixin.py:115} INFO - [2025-02-22 09:51:16,174] {dagbag.py:508} INFO - Filling up the DagBag from /opt/conda/lib/python3.8/site-packages/airflow/example_dags/example_branch_datetime_operator.py
[2025-02-22 09:51:16,183] {processor.py:651} INFO - DAG(s) dict_keys(['example_branch_datetime_operator', 'example_branch_datetime_operator_2']) retrieved from /opt/conda/lib/python3.8/site-packages/airflow/example_dags/example_branch_datetime_operator.py
[2025-02-22 09:51:16,321] {logging_mixin.py:115} INFO - [2025-02-22 09:51:16,321] {dag.py:2420} INFO - Sync 2 DAGs
[2025-02-22 09:51:16,334] {logging_mixin.py:115} INFO - [2025-02-22 09:51:16,334] {dag.py:2968} INFO - Setting next_dagrun for example_branch_datetime_operator to 2025-02-21T00:00:00+00:00, run_after=2025-02-22T00:00:00+00:00
[2025-02-22 09:51:16,335] {logging_mixin.py:115} INFO - [2025-02-22 09:51:16,335] {dag.py:2968} INFO - Setting next_dagrun for example_branch_datetime_operator_2 to 2025-02-21T00:00:00+00:00, run_after=2025-02-22T00:00:00+00:00
[2025-02-22 09:51:16,353] {processor.py:161} INFO - Processing /opt/conda/lib/python3.8/site-packages/airflow/example_dags/example_branch_datetime_operator.py took 0.185 seconds
[2025-02-22 09:52:00,023] {processor.py:153} INFO - Started process (PID=13510) to work on /opt/conda/lib/python3.8/site-packages/airflow/example_dags/example_branch_datetime_operator.py
[2025-02-22 09:52:00,025] {processor.py:641} INFO - Processing file /opt/conda/lib/python3.8/site-packages/airflow/example_dags/example_branch_datetime_operator.py for tasks to queue
[2025-02-22 09:52:00,025] {logging_mixin.py:115} INFO - [2025-02-22 09:52:00,025] {dagbag.py:508} INFO - Filling up the DagBag from /opt/conda/lib/python3.8/site-packages/airflow/example_dags/example_branch_datetime_operator.py
[2025-02-22 09:52:00,034] {processor.py:651} INFO - DAG(s) dict_keys(['example_branch_datetime_operator', 'example_branch_datetime_operator_2']) retrieved from /opt/conda/lib/python3.8/site-packages/airflow/example_dags/example_branch_datetime_operator.py
[2025-02-22 09:52:00,053] {logging_mixin.py:115} INFO - [2025-02-22 09:52:00,053] {dag.py:2420} INFO - Sync 2 DAGs
[2025-02-22 09:52:00,073] {logging_mixin.py:115} INFO - [2025-02-22 09:52:00,072] {dag.py:2968} INFO - Setting next_dagrun for example_branch_datetime_operator to 2025-02-21T00:00:00+00:00, run_after=2025-02-22T00:00:00+00:00
[2025-02-22 09:52:00,075] {logging_mixin.py:115} INFO - [2025-02-22 09:52:00,074] {dag.py:2968} INFO - Setting next_dagrun for example_branch_datetime_operator_2 to 2025-02-21T00:00:00+00:00, run_after=2025-02-22T00:00:00+00:00
[2025-02-22 09:52:00,095] {processor.py:161} INFO - Processing /opt/conda/lib/python3.8/site-packages/airflow/example_dags/example_branch_datetime_operator.py took 0.076 seconds
[2025-02-22 09:52:41,627] {processor.py:153} INFO - Started process (PID=13643) to work on /opt/conda/lib/python3.8/site-packages/airflow/example_dags/example_branch_datetime_operator.py
[2025-02-22 09:52:41,629] {processor.py:641} INFO - Processing file /opt/conda/lib/python3.8/site-packages/airflow/example_dags/example_branch_datetime_operator.py for tasks to queue
[2025-02-22 09:52:41,630] {logging_mixin.py:115} INFO - [2025-02-22 09:52:41,629] {dagbag.py:508} INFO - Filling up the DagBag from /opt/conda/lib/python3.8/site-packages/airflow/example_dags/example_branch_datetime_operator.py
[2025-02-22 09:52:41,639] {processor.py:651} INFO - DAG(s) dict_keys(['example_branch_datetime_operator', 'example_branch_datetime_operator_2']) retrieved from /opt/conda/lib/python3.8/site-packages/airflow/example_dags/example_branch_datetime_operator.py
[2025-02-22 09:52:41,659] {logging_mixin.py:115} INFO - [2025-02-22 09:52:41,659] {dag.py:2420} INFO - Sync 2 DAGs
[2025-02-22 09:52:41,677] {logging_mixin.py:115} INFO - [2025-02-22 09:52:41,677] {dag.py:2968} INFO - Setting next_dagrun for example_branch_datetime_operator to 2025-02-21T00:00:00+00:00, run_after=2025-02-22T00:00:00+00:00
[2025-02-22 09:52:41,678] {logging_mixin.py:115} INFO - [2025-02-22 09:52:41,678] {dag.py:2968} INFO - Setting next_dagrun for example_branch_datetime_operator_2 to 2025-02-21T00:00:00+00:00, run_after=2025-02-22T00:00:00+00:00
[2025-02-22 09:52:41,700] {processor.py:161} INFO - Processing /opt/conda/lib/python3.8/site-packages/airflow/example_dags/example_branch_datetime_operator.py took 0.076 seconds
[2025-02-22 09:53:26,571] {processor.py:153} INFO - Started process (PID=13816) to work on /opt/conda/lib/python3.8/site-packages/airflow/example_dags/example_branch_datetime_operator.py
[2025-02-22 09:53:26,573] {processor.py:641} INFO - Processing file /opt/conda/lib/python3.8/site-packages/airflow/example_dags/example_branch_datetime_operator.py for tasks to queue
[2025-02-22 09:53:26,574] {logging_mixin.py:115} INFO - [2025-02-22 09:53:26,573] {dagbag.py:508} INFO - Filling up the DagBag from /opt/conda/lib/python3.8/site-packages/airflow/example_dags/example_branch_datetime_operator.py
[2025-02-22 09:53:26,583] {processor.py:651} INFO - DAG(s) dict_keys(['example_branch_datetime_operator', 'example_branch_datetime_operator_2']) retrieved from /opt/conda/lib/python3.8/site-packages/airflow/example_dags/example_branch_datetime_operator.py
[2025-02-22 09:53:26,600] {logging_mixin.py:115} INFO - [2025-02-22 09:53:26,600] {dag.py:2420} INFO - Sync 2 DAGs
[2025-02-22 09:53:26,615] {logging_mixin.py:115} INFO - [2025-02-22 09:53:26,615] {dag.py:2968} INFO - Setting next_dagrun for example_branch_datetime_operator to 2025-02-21T00:00:00+00:00, run_after=2025-02-22T00:00:00+00:00
[2025-02-22 09:53:26,617] {logging_mixin.py:115} INFO - [2025-02-22 09:53:26,617] {dag.py:2968} INFO - Setting next_dagrun for example_branch_datetime_operator_2 to 2025-02-21T00:00:00+00:00, run_after=2025-02-22T00:00:00+00:00
[2025-02-22 09:53:26,637] {processor.py:161} INFO - Processing /opt/conda/lib/python3.8/site-packages/airflow/example_dags/example_branch_datetime_operator.py took 0.070 seconds
[2025-02-22 09:54:08,108] {processor.py:153} INFO - Started process (PID=13957) to work on /opt/conda/lib/python3.8/site-packages/airflow/example_dags/example_branch_datetime_operator.py
[2025-02-22 09:54:08,109] {processor.py:641} INFO - Processing file /opt/conda/lib/python3.8/site-packages/airflow/example_dags/example_branch_datetime_operator.py for tasks to queue
[2025-02-22 09:54:08,110] {logging_mixin.py:115} INFO - [2025-02-22 09:54:08,110] {dagbag.py:508} INFO - Filling up the DagBag from /opt/conda/lib/python3.8/site-packages/airflow/example_dags/example_branch_datetime_operator.py
[2025-02-22 09:54:08,119] {processor.py:651} INFO - DAG(s) dict_keys(['example_branch_datetime_operator', 'example_branch_datetime_operator_2']) retrieved from /opt/conda/lib/python3.8/site-packages/airflow/example_dags/example_branch_datetime_operator.py
[2025-02-22 09:54:08,134] {logging_mixin.py:115} INFO - [2025-02-22 09:54:08,134] {dag.py:2420} INFO - Sync 2 DAGs
[2025-02-22 09:54:08,149] {logging_mixin.py:115} INFO - [2025-02-22 09:54:08,149] {dag.py:2968} INFO - Setting next_dagrun for example_branch_datetime_operator to 2025-02-21T00:00:00+00:00, run_after=2025-02-22T00:00:00+00:00
[2025-02-22 09:54:08,150] {logging_mixin.py:115} INFO - [2025-02-22 09:54:08,150] {dag.py:2968} INFO - Setting next_dagrun for example_branch_datetime_operator_2 to 2025-02-21T00:00:00+00:00, run_after=2025-02-22T00:00:00+00:00
[2025-02-22 09:54:08,171] {processor.py:161} INFO - Processing /opt/conda/lib/python3.8/site-packages/airflow/example_dags/example_branch_datetime_operator.py took 0.067 seconds
[2025-02-22 09:54:43,667] {processor.py:153} INFO - Started process (PID=14072) to work on /opt/conda/lib/python3.8/site-packages/airflow/example_dags/example_branch_datetime_operator.py
[2025-02-22 09:54:43,669] {processor.py:641} INFO - Processing file /opt/conda/lib/python3.8/site-packages/airflow/example_dags/example_branch_datetime_operator.py for tasks to queue
[2025-02-22 09:54:43,670] {logging_mixin.py:115} INFO - [2025-02-22 09:54:43,670] {dagbag.py:508} INFO - Filling up the DagBag from /opt/conda/lib/python3.8/site-packages/airflow/example_dags/example_branch_datetime_operator.py
[2025-02-22 09:54:43,680] {processor.py:651} INFO - DAG(s) dict_keys(['example_branch_datetime_operator', 'example_branch_datetime_operator_2']) retrieved from /opt/conda/lib/python3.8/site-packages/airflow/example_dags/example_branch_datetime_operator.py
[2025-02-22 09:54:43,699] {logging_mixin.py:115} INFO - [2025-02-22 09:54:43,699] {dag.py:2420} INFO - Sync 2 DAGs
[2025-02-22 09:54:43,720] {logging_mixin.py:115} INFO - [2025-02-22 09:54:43,719] {dag.py:2968} INFO - Setting next_dagrun for example_branch_datetime_operator to 2025-02-21T00:00:00+00:00, run_after=2025-02-22T00:00:00+00:00
[2025-02-22 09:54:43,722] {logging_mixin.py:115} INFO - [2025-02-22 09:54:43,721] {dag.py:2968} INFO - Setting next_dagrun for example_branch_datetime_operator_2 to 2025-02-21T00:00:00+00:00, run_after=2025-02-22T00:00:00+00:00
[2025-02-22 09:54:43,746] {processor.py:161} INFO - Processing /opt/conda/lib/python3.8/site-packages/airflow/example_dags/example_branch_datetime_operator.py took 0.082 seconds
[2025-02-22 09:55:23,831] {processor.py:153} INFO - Started process (PID=14203) to work on /opt/conda/lib/python3.8/site-packages/airflow/example_dags/example_branch_datetime_operator.py
[2025-02-22 09:55:23,833] {processor.py:641} INFO - Processing file /opt/conda/lib/python3.8/site-packages/airflow/example_dags/example_branch_datetime_operator.py for tasks to queue
[2025-02-22 09:55:23,833] {logging_mixin.py:115} INFO - [2025-02-22 09:55:23,833] {dagbag.py:508} INFO - Filling up the DagBag from /opt/conda/lib/python3.8/site-packages/airflow/example_dags/example_branch_datetime_operator.py
[2025-02-22 09:55:23,843] {processor.py:651} INFO - DAG(s) dict_keys(['example_branch_datetime_operator', 'example_branch_datetime_operator_2']) retrieved from /opt/conda/lib/python3.8/site-packages/airflow/example_dags/example_branch_datetime_operator.py
[2025-02-22 09:55:23,860] {logging_mixin.py:115} INFO - [2025-02-22 09:55:23,859] {dag.py:2420} INFO - Sync 2 DAGs
[2025-02-22 09:55:23,875] {logging_mixin.py:115} INFO - [2025-02-22 09:55:23,875] {dag.py:2968} INFO - Setting next_dagrun for example_branch_datetime_operator to 2025-02-21T00:00:00+00:00, run_after=2025-02-22T00:00:00+00:00
[2025-02-22 09:55:23,877] {logging_mixin.py:115} INFO - [2025-02-22 09:55:23,876] {dag.py:2968} INFO - Setting next_dagrun for example_branch_datetime_operator_2 to 2025-02-21T00:00:00+00:00, run_after=2025-02-22T00:00:00+00:00
[2025-02-22 09:55:23,898] {processor.py:161} INFO - Processing /opt/conda/lib/python3.8/site-packages/airflow/example_dags/example_branch_datetime_operator.py took 0.071 seconds
[2025-02-22 09:56:04,130] {processor.py:153} INFO - Started process (PID=14351) to work on /opt/conda/lib/python3.8/site-packages/airflow/example_dags/example_branch_datetime_operator.py
[2025-02-22 09:56:04,132] {processor.py:641} INFO - Processing file /opt/conda/lib/python3.8/site-packages/airflow/example_dags/example_branch_datetime_operator.py for tasks to queue
[2025-02-22 09:56:04,133] {logging_mixin.py:115} INFO - [2025-02-22 09:56:04,133] {dagbag.py:508} INFO - Filling up the DagBag from /opt/conda/lib/python3.8/site-packages/airflow/example_dags/example_branch_datetime_operator.py
[2025-02-22 09:56:04,142] {processor.py:651} INFO - DAG(s) dict_keys(['example_branch_datetime_operator', 'example_branch_datetime_operator_2']) retrieved from /opt/conda/lib/python3.8/site-packages/airflow/example_dags/example_branch_datetime_operator.py
[2025-02-22 09:56:04,162] {logging_mixin.py:115} INFO - [2025-02-22 09:56:04,161] {dag.py:2420} INFO - Sync 2 DAGs
[2025-02-22 09:56:04,180] {logging_mixin.py:115} INFO - [2025-02-22 09:56:04,180] {dag.py:2968} INFO - Setting next_dagrun for example_branch_datetime_operator to 2025-02-21T00:00:00+00:00, run_after=2025-02-22T00:00:00+00:00
[2025-02-22 09:56:04,181] {logging_mixin.py:115} INFO - [2025-02-22 09:56:04,181] {dag.py:2968} INFO - Setting next_dagrun for example_branch_datetime_operator_2 to 2025-02-21T00:00:00+00:00, run_after=2025-02-22T00:00:00+00:00
[2025-02-22 09:56:04,203] {processor.py:161} INFO - Processing /opt/conda/lib/python3.8/site-packages/airflow/example_dags/example_branch_datetime_operator.py took 0.076 seconds
[2025-02-22 09:56:38,490] {processor.py:153} INFO - Started process (PID=14465) to work on /opt/conda/lib/python3.8/site-packages/airflow/example_dags/example_branch_datetime_operator.py
[2025-02-22 09:56:38,492] {processor.py:641} INFO - Processing file /opt/conda/lib/python3.8/site-packages/airflow/example_dags/example_branch_datetime_operator.py for tasks to queue
[2025-02-22 09:56:38,493] {logging_mixin.py:115} INFO - [2025-02-22 09:56:38,493] {dagbag.py:508} INFO - Filling up the DagBag from /opt/conda/lib/python3.8/site-packages/airflow/example_dags/example_branch_datetime_operator.py
[2025-02-22 09:56:38,502] {processor.py:651} INFO - DAG(s) dict_keys(['example_branch_datetime_operator', 'example_branch_datetime_operator_2']) retrieved from /opt/conda/lib/python3.8/site-packages/airflow/example_dags/example_branch_datetime_operator.py
[2025-02-22 09:56:38,519] {logging_mixin.py:115} INFO - [2025-02-22 09:56:38,519] {dag.py:2420} INFO - Sync 2 DAGs
[2025-02-22 09:56:38,536] {logging_mixin.py:115} INFO - [2025-02-22 09:56:38,535] {dag.py:2968} INFO - Setting next_dagrun for example_branch_datetime_operator to 2025-02-21T00:00:00+00:00, run_after=2025-02-22T00:00:00+00:00
[2025-02-22 09:56:38,537] {logging_mixin.py:115} INFO - [2025-02-22 09:56:38,537] {dag.py:2968} INFO - Setting next_dagrun for example_branch_datetime_operator_2 to 2025-02-21T00:00:00+00:00, run_after=2025-02-22T00:00:00+00:00
[2025-02-22 09:56:38,559] {processor.py:161} INFO - Processing /opt/conda/lib/python3.8/site-packages/airflow/example_dags/example_branch_datetime_operator.py took 0.072 seconds
[2025-02-22 09:57:12,427] {processor.py:153} INFO - Started process (PID=14577) to work on /opt/conda/lib/python3.8/site-packages/airflow/example_dags/example_branch_datetime_operator.py
[2025-02-22 09:57:12,430] {processor.py:641} INFO - Processing file /opt/conda/lib/python3.8/site-packages/airflow/example_dags/example_branch_datetime_operator.py for tasks to queue
[2025-02-22 09:57:12,430] {logging_mixin.py:115} INFO - [2025-02-22 09:57:12,430] {dagbag.py:508} INFO - Filling up the DagBag from /opt/conda/lib/python3.8/site-packages/airflow/example_dags/example_branch_datetime_operator.py
[2025-02-22 09:57:12,439] {processor.py:651} INFO - DAG(s) dict_keys(['example_branch_datetime_operator', 'example_branch_datetime_operator_2']) retrieved from /opt/conda/lib/python3.8/site-packages/airflow/example_dags/example_branch_datetime_operator.py
[2025-02-22 09:57:12,459] {logging_mixin.py:115} INFO - [2025-02-22 09:57:12,459] {dag.py:2420} INFO - Sync 2 DAGs
[2025-02-22 09:57:12,476] {logging_mixin.py:115} INFO - [2025-02-22 09:57:12,476] {dag.py:2968} INFO - Setting next_dagrun for example_branch_datetime_operator to 2025-02-21T00:00:00+00:00, run_after=2025-02-22T00:00:00+00:00
[2025-02-22 09:57:12,477] {logging_mixin.py:115} INFO - [2025-02-22 09:57:12,477] {dag.py:2968} INFO - Setting next_dagrun for example_branch_datetime_operator_2 to 2025-02-21T00:00:00+00:00, run_after=2025-02-22T00:00:00+00:00
[2025-02-22 09:57:12,500] {processor.py:161} INFO - Processing /opt/conda/lib/python3.8/site-packages/airflow/example_dags/example_branch_datetime_operator.py took 0.076 seconds
