[2025-02-22 09:47:00,214] {processor.py:153} INFO - Started process (PID=12533) to work on /opt/conda/lib/python3.8/site-packages/airflow/example_dags/example_xcomargs.py
[2025-02-22 09:47:00,215] {processor.py:641} INFO - Processing file /opt/conda/lib/python3.8/site-packages/airflow/example_dags/example_xcomargs.py for tasks to queue
[2025-02-22 09:47:00,215] {logging_mixin.py:115} INFO - [2025-02-22 09:47:00,215] {dagbag.py:508} INFO - Filling up the DagBag from /opt/conda/lib/python3.8/site-packages/airflow/example_dags/example_xcomargs.py
[2025-02-22 09:47:00,364] {processor.py:651} INFO - DAG(s) dict_keys(['example_xcom_args', 'example_xcom_args_with_operators']) retrieved from /opt/conda/lib/python3.8/site-packages/airflow/example_dags/example_xcomargs.py
[2025-02-22 09:47:00,394] {logging_mixin.py:115} INFO - [2025-02-22 09:47:00,394] {dag.py:2420} INFO - Sync 2 DAGs
[2025-02-22 09:47:00,406] {logging_mixin.py:115} INFO - [2025-02-22 09:47:00,406] {dag.py:2968} INFO - Setting next_dagrun for example_xcom_args to None, run_after=None
[2025-02-22 09:47:00,406] {logging_mixin.py:115} INFO - [2025-02-22 09:47:00,406] {dag.py:2968} INFO - Setting next_dagrun for example_xcom_args_with_operators to None, run_after=None
[2025-02-22 09:47:00,530] {processor.py:161} INFO - Processing /opt/conda/lib/python3.8/site-packages/airflow/example_dags/example_xcomargs.py took 0.319 seconds
[2025-02-22 09:47:49,409] {processor.py:153} INFO - Started process (PID=12677) to work on /opt/conda/lib/python3.8/site-packages/airflow/example_dags/example_xcomargs.py
[2025-02-22 09:47:49,411] {processor.py:641} INFO - Processing file /opt/conda/lib/python3.8/site-packages/airflow/example_dags/example_xcomargs.py for tasks to queue
[2025-02-22 09:47:49,411] {logging_mixin.py:115} INFO - [2025-02-22 09:47:49,411] {dagbag.py:508} INFO - Filling up the DagBag from /opt/conda/lib/python3.8/site-packages/airflow/example_dags/example_xcomargs.py
[2025-02-22 09:47:49,551] {processor.py:651} INFO - DAG(s) dict_keys(['example_xcom_args', 'example_xcom_args_with_operators']) retrieved from /opt/conda/lib/python3.8/site-packages/airflow/example_dags/example_xcomargs.py
[2025-02-22 09:47:49,561] {logging_mixin.py:115} INFO - [2025-02-22 09:47:49,561] {dag.py:2420} INFO - Sync 2 DAGs
[2025-02-22 09:47:49,572] {logging_mixin.py:115} INFO - [2025-02-22 09:47:49,572] {dag.py:2968} INFO - Setting next_dagrun for example_xcom_args to None, run_after=None
[2025-02-22 09:47:49,572] {logging_mixin.py:115} INFO - [2025-02-22 09:47:49,572] {dag.py:2968} INFO - Setting next_dagrun for example_xcom_args_with_operators to None, run_after=None
[2025-02-22 09:47:49,660] {processor.py:161} INFO - Processing /opt/conda/lib/python3.8/site-packages/airflow/example_dags/example_xcomargs.py took 0.254 seconds
[2025-02-22 09:48:37,767] {processor.py:153} INFO - Started process (PID=12820) to work on /opt/conda/lib/python3.8/site-packages/airflow/example_dags/example_xcomargs.py
[2025-02-22 09:48:37,769] {processor.py:641} INFO - Processing file /opt/conda/lib/python3.8/site-packages/airflow/example_dags/example_xcomargs.py for tasks to queue
[2025-02-22 09:48:37,770] {logging_mixin.py:115} INFO - [2025-02-22 09:48:37,770] {dagbag.py:508} INFO - Filling up the DagBag from /opt/conda/lib/python3.8/site-packages/airflow/example_dags/example_xcomargs.py
[2025-02-22 09:48:37,892] {processor.py:651} INFO - DAG(s) dict_keys(['example_xcom_args', 'example_xcom_args_with_operators']) retrieved from /opt/conda/lib/python3.8/site-packages/airflow/example_dags/example_xcomargs.py
[2025-02-22 09:48:37,903] {logging_mixin.py:115} INFO - [2025-02-22 09:48:37,903] {dag.py:2420} INFO - Sync 2 DAGs
[2025-02-22 09:48:37,913] {logging_mixin.py:115} INFO - [2025-02-22 09:48:37,913] {dag.py:2968} INFO - Setting next_dagrun for example_xcom_args to None, run_after=None
[2025-02-22 09:48:37,914] {logging_mixin.py:115} INFO - [2025-02-22 09:48:37,914] {dag.py:2968} INFO - Setting next_dagrun for example_xcom_args_with_operators to None, run_after=None
[2025-02-22 09:48:37,933] {processor.py:161} INFO - Processing /opt/conda/lib/python3.8/site-packages/airflow/example_dags/example_xcomargs.py took 0.168 seconds
[2025-02-22 09:49:20,291] {processor.py:153} INFO - Started process (PID=12965) to work on /opt/conda/lib/python3.8/site-packages/airflow/example_dags/example_xcomargs.py
[2025-02-22 09:49:20,294] {processor.py:641} INFO - Processing file /opt/conda/lib/python3.8/site-packages/airflow/example_dags/example_xcomargs.py for tasks to queue
[2025-02-22 09:49:20,294] {logging_mixin.py:115} INFO - [2025-02-22 09:49:20,294] {dagbag.py:508} INFO - Filling up the DagBag from /opt/conda/lib/python3.8/site-packages/airflow/example_dags/example_xcomargs.py
[2025-02-22 09:49:20,438] {processor.py:651} INFO - DAG(s) dict_keys(['example_xcom_args', 'example_xcom_args_with_operators']) retrieved from /opt/conda/lib/python3.8/site-packages/airflow/example_dags/example_xcomargs.py
[2025-02-22 09:49:20,449] {logging_mixin.py:115} INFO - [2025-02-22 09:49:20,449] {dag.py:2420} INFO - Sync 2 DAGs
[2025-02-22 09:49:20,461] {logging_mixin.py:115} INFO - [2025-02-22 09:49:20,461] {dag.py:2968} INFO - Setting next_dagrun for example_xcom_args to None, run_after=None
[2025-02-22 09:49:20,461] {logging_mixin.py:115} INFO - [2025-02-22 09:49:20,461] {dag.py:2968} INFO - Setting next_dagrun for example_xcom_args_with_operators to None, run_after=None
[2025-02-22 09:49:20,935] {processor.py:161} INFO - Processing /opt/conda/lib/python3.8/site-packages/airflow/example_dags/example_xcomargs.py took 0.647 seconds
[2025-02-22 09:50:15,208] {processor.py:153} INFO - Started process (PID=13164) to work on /opt/conda/lib/python3.8/site-packages/airflow/example_dags/example_xcomargs.py
[2025-02-22 09:50:15,210] {processor.py:641} INFO - Processing file /opt/conda/lib/python3.8/site-packages/airflow/example_dags/example_xcomargs.py for tasks to queue
[2025-02-22 09:50:15,210] {logging_mixin.py:115} INFO - [2025-02-22 09:50:15,210] {dagbag.py:508} INFO - Filling up the DagBag from /opt/conda/lib/python3.8/site-packages/airflow/example_dags/example_xcomargs.py
[2025-02-22 09:50:15,351] {processor.py:651} INFO - DAG(s) dict_keys(['example_xcom_args', 'example_xcom_args_with_operators']) retrieved from /opt/conda/lib/python3.8/site-packages/airflow/example_dags/example_xcomargs.py
[2025-02-22 09:50:15,361] {logging_mixin.py:115} INFO - [2025-02-22 09:50:15,361] {dag.py:2420} INFO - Sync 2 DAGs
[2025-02-22 09:50:15,372] {logging_mixin.py:115} INFO - [2025-02-22 09:50:15,372] {dag.py:2968} INFO - Setting next_dagrun for example_xcom_args to None, run_after=None
[2025-02-22 09:50:15,372] {logging_mixin.py:115} INFO - [2025-02-22 09:50:15,372] {dag.py:2968} INFO - Setting next_dagrun for example_xcom_args_with_operators to None, run_after=None
[2025-02-22 09:50:15,392] {processor.py:161} INFO - Processing /opt/conda/lib/python3.8/site-packages/airflow/example_dags/example_xcomargs.py took 0.187 seconds
[2025-02-22 09:50:59,043] {processor.py:153} INFO - Started process (PID=13308) to work on /opt/conda/lib/python3.8/site-packages/airflow/example_dags/example_xcomargs.py
[2025-02-22 09:50:59,045] {processor.py:641} INFO - Processing file /opt/conda/lib/python3.8/site-packages/airflow/example_dags/example_xcomargs.py for tasks to queue
[2025-02-22 09:50:59,045] {logging_mixin.py:115} INFO - [2025-02-22 09:50:59,045] {dagbag.py:508} INFO - Filling up the DagBag from /opt/conda/lib/python3.8/site-packages/airflow/example_dags/example_xcomargs.py
[2025-02-22 09:50:59,176] {processor.py:651} INFO - DAG(s) dict_keys(['example_xcom_args', 'example_xcom_args_with_operators']) retrieved from /opt/conda/lib/python3.8/site-packages/airflow/example_dags/example_xcomargs.py
[2025-02-22 09:50:59,186] {logging_mixin.py:115} INFO - [2025-02-22 09:50:59,186] {dag.py:2420} INFO - Sync 2 DAGs
[2025-02-22 09:50:59,197] {logging_mixin.py:115} INFO - [2025-02-22 09:50:59,197] {dag.py:2968} INFO - Setting next_dagrun for example_xcom_args to None, run_after=None
[2025-02-22 09:50:59,197] {logging_mixin.py:115} INFO - [2025-02-22 09:50:59,197] {dag.py:2968} INFO - Setting next_dagrun for example_xcom_args_with_operators to None, run_after=None
[2025-02-22 09:50:59,215] {processor.py:161} INFO - Processing /opt/conda/lib/python3.8/site-packages/airflow/example_dags/example_xcomargs.py took 0.176 seconds
[2025-02-22 09:51:43,620] {processor.py:153} INFO - Started process (PID=13456) to work on /opt/conda/lib/python3.8/site-packages/airflow/example_dags/example_xcomargs.py
[2025-02-22 09:51:43,622] {processor.py:641} INFO - Processing file /opt/conda/lib/python3.8/site-packages/airflow/example_dags/example_xcomargs.py for tasks to queue
[2025-02-22 09:51:43,623] {logging_mixin.py:115} INFO - [2025-02-22 09:51:43,623] {dagbag.py:508} INFO - Filling up the DagBag from /opt/conda/lib/python3.8/site-packages/airflow/example_dags/example_xcomargs.py
[2025-02-22 09:51:43,747] {processor.py:651} INFO - DAG(s) dict_keys(['example_xcom_args', 'example_xcom_args_with_operators']) retrieved from /opt/conda/lib/python3.8/site-packages/airflow/example_dags/example_xcomargs.py
[2025-02-22 09:51:43,757] {logging_mixin.py:115} INFO - [2025-02-22 09:51:43,757] {dag.py:2420} INFO - Sync 2 DAGs
[2025-02-22 09:51:43,767] {logging_mixin.py:115} INFO - [2025-02-22 09:51:43,767] {dag.py:2968} INFO - Setting next_dagrun for example_xcom_args to None, run_after=None
[2025-02-22 09:51:43,767] {logging_mixin.py:115} INFO - [2025-02-22 09:51:43,767] {dag.py:2968} INFO - Setting next_dagrun for example_xcom_args_with_operators to None, run_after=None
[2025-02-22 09:51:43,788] {processor.py:161} INFO - Processing /opt/conda/lib/python3.8/site-packages/airflow/example_dags/example_xcomargs.py took 0.171 seconds
[2025-02-22 09:52:23,996] {processor.py:153} INFO - Started process (PID=13594) to work on /opt/conda/lib/python3.8/site-packages/airflow/example_dags/example_xcomargs.py
[2025-02-22 09:52:24,101] {processor.py:641} INFO - Processing file /opt/conda/lib/python3.8/site-packages/airflow/example_dags/example_xcomargs.py for tasks to queue
[2025-02-22 09:52:24,102] {logging_mixin.py:115} INFO - [2025-02-22 09:52:24,102] {dagbag.py:508} INFO - Filling up the DagBag from /opt/conda/lib/python3.8/site-packages/airflow/example_dags/example_xcomargs.py
[2025-02-22 09:52:24,123] {processor.py:651} INFO - DAG(s) dict_keys(['example_xcom_args', 'example_xcom_args_with_operators']) retrieved from /opt/conda/lib/python3.8/site-packages/airflow/example_dags/example_xcomargs.py
[2025-02-22 09:52:24,168] {logging_mixin.py:115} INFO - [2025-02-22 09:52:24,168] {dag.py:2420} INFO - Sync 2 DAGs
[2025-02-22 09:52:24,182] {logging_mixin.py:115} INFO - [2025-02-22 09:52:24,182] {dag.py:2968} INFO - Setting next_dagrun for example_xcom_args to None, run_after=None
[2025-02-22 09:52:24,182] {logging_mixin.py:115} INFO - [2025-02-22 09:52:24,182] {dag.py:2968} INFO - Setting next_dagrun for example_xcom_args_with_operators to None, run_after=None
[2025-02-22 09:52:24,299] {processor.py:161} INFO - Processing /opt/conda/lib/python3.8/site-packages/airflow/example_dags/example_xcomargs.py took 0.307 seconds
[2025-02-22 09:53:02,519] {processor.py:153} INFO - Started process (PID=13724) to work on /opt/conda/lib/python3.8/site-packages/airflow/example_dags/example_xcomargs.py
[2025-02-22 09:53:02,521] {processor.py:641} INFO - Processing file /opt/conda/lib/python3.8/site-packages/airflow/example_dags/example_xcomargs.py for tasks to queue
[2025-02-22 09:53:02,522] {logging_mixin.py:115} INFO - [2025-02-22 09:53:02,522] {dagbag.py:508} INFO - Filling up the DagBag from /opt/conda/lib/python3.8/site-packages/airflow/example_dags/example_xcomargs.py
[2025-02-22 09:53:02,542] {processor.py:651} INFO - DAG(s) dict_keys(['example_xcom_args', 'example_xcom_args_with_operators']) retrieved from /opt/conda/lib/python3.8/site-packages/airflow/example_dags/example_xcomargs.py
[2025-02-22 09:53:02,579] {logging_mixin.py:115} INFO - [2025-02-22 09:53:02,579] {dag.py:2420} INFO - Sync 2 DAGs
[2025-02-22 09:53:02,591] {logging_mixin.py:115} INFO - [2025-02-22 09:53:02,591] {dag.py:2968} INFO - Setting next_dagrun for example_xcom_args to None, run_after=None
[2025-02-22 09:53:02,592] {logging_mixin.py:115} INFO - [2025-02-22 09:53:02,592] {dag.py:2968} INFO - Setting next_dagrun for example_xcom_args_with_operators to None, run_after=None
[2025-02-22 09:53:02,613] {processor.py:161} INFO - Processing /opt/conda/lib/python3.8/site-packages/airflow/example_dags/example_xcomargs.py took 0.097 seconds
[2025-02-22 09:53:37,762] {processor.py:153} INFO - Started process (PID=13850) to work on /opt/conda/lib/python3.8/site-packages/airflow/example_dags/example_xcomargs.py
[2025-02-22 09:53:37,764] {processor.py:641} INFO - Processing file /opt/conda/lib/python3.8/site-packages/airflow/example_dags/example_xcomargs.py for tasks to queue
[2025-02-22 09:53:37,764] {logging_mixin.py:115} INFO - [2025-02-22 09:53:37,764] {dagbag.py:508} INFO - Filling up the DagBag from /opt/conda/lib/python3.8/site-packages/airflow/example_dags/example_xcomargs.py
[2025-02-22 09:53:37,783] {processor.py:651} INFO - DAG(s) dict_keys(['example_xcom_args', 'example_xcom_args_with_operators']) retrieved from /opt/conda/lib/python3.8/site-packages/airflow/example_dags/example_xcomargs.py
[2025-02-22 09:53:37,798] {logging_mixin.py:115} INFO - [2025-02-22 09:53:37,798] {dag.py:2420} INFO - Sync 2 DAGs
[2025-02-22 09:53:37,811] {logging_mixin.py:115} INFO - [2025-02-22 09:53:37,811] {dag.py:2968} INFO - Setting next_dagrun for example_xcom_args to None, run_after=None
[2025-02-22 09:53:37,811] {logging_mixin.py:115} INFO - [2025-02-22 09:53:37,811] {dag.py:2968} INFO - Setting next_dagrun for example_xcom_args_with_operators to None, run_after=None
[2025-02-22 09:53:37,832] {processor.py:161} INFO - Processing /opt/conda/lib/python3.8/site-packages/airflow/example_dags/example_xcomargs.py took 0.073 seconds
[2025-02-22 09:54:21,734] {processor.py:153} INFO - Started process (PID=13983) to work on /opt/conda/lib/python3.8/site-packages/airflow/example_dags/example_xcomargs.py
[2025-02-22 09:54:21,736] {processor.py:641} INFO - Processing file /opt/conda/lib/python3.8/site-packages/airflow/example_dags/example_xcomargs.py for tasks to queue
[2025-02-22 09:54:21,737] {logging_mixin.py:115} INFO - [2025-02-22 09:54:21,737] {dagbag.py:508} INFO - Filling up the DagBag from /opt/conda/lib/python3.8/site-packages/airflow/example_dags/example_xcomargs.py
[2025-02-22 09:54:21,757] {processor.py:651} INFO - DAG(s) dict_keys(['example_xcom_args', 'example_xcom_args_with_operators']) retrieved from /opt/conda/lib/python3.8/site-packages/airflow/example_dags/example_xcomargs.py
[2025-02-22 09:54:21,803] {logging_mixin.py:115} INFO - [2025-02-22 09:54:21,803] {dag.py:2420} INFO - Sync 2 DAGs
[2025-02-22 09:54:21,820] {logging_mixin.py:115} INFO - [2025-02-22 09:54:21,820] {dag.py:2968} INFO - Setting next_dagrun for example_xcom_args to None, run_after=None
[2025-02-22 09:54:21,820] {logging_mixin.py:115} INFO - [2025-02-22 09:54:21,820] {dag.py:2968} INFO - Setting next_dagrun for example_xcom_args_with_operators to None, run_after=None
[2025-02-22 09:54:21,844] {processor.py:161} INFO - Processing /opt/conda/lib/python3.8/site-packages/airflow/example_dags/example_xcomargs.py took 0.113 seconds
[2025-02-22 09:54:57,083] {processor.py:153} INFO - Started process (PID=14099) to work on /opt/conda/lib/python3.8/site-packages/airflow/example_dags/example_xcomargs.py
[2025-02-22 09:54:57,085] {processor.py:641} INFO - Processing file /opt/conda/lib/python3.8/site-packages/airflow/example_dags/example_xcomargs.py for tasks to queue
[2025-02-22 09:54:57,086] {logging_mixin.py:115} INFO - [2025-02-22 09:54:57,086] {dagbag.py:508} INFO - Filling up the DagBag from /opt/conda/lib/python3.8/site-packages/airflow/example_dags/example_xcomargs.py
[2025-02-22 09:54:57,108] {processor.py:651} INFO - DAG(s) dict_keys(['example_xcom_args', 'example_xcom_args_with_operators']) retrieved from /opt/conda/lib/python3.8/site-packages/airflow/example_dags/example_xcomargs.py
[2025-02-22 09:54:57,127] {logging_mixin.py:115} INFO - [2025-02-22 09:54:57,127] {dag.py:2420} INFO - Sync 2 DAGs
[2025-02-22 09:54:57,145] {logging_mixin.py:115} INFO - [2025-02-22 09:54:57,145] {dag.py:2968} INFO - Setting next_dagrun for example_xcom_args to None, run_after=None
[2025-02-22 09:54:57,146] {logging_mixin.py:115} INFO - [2025-02-22 09:54:57,146] {dag.py:2968} INFO - Setting next_dagrun for example_xcom_args_with_operators to None, run_after=None
[2025-02-22 09:54:57,170] {processor.py:161} INFO - Processing /opt/conda/lib/python3.8/site-packages/airflow/example_dags/example_xcomargs.py took 0.090 seconds
[2025-02-22 09:55:40,258] {processor.py:153} INFO - Started process (PID=14254) to work on /opt/conda/lib/python3.8/site-packages/airflow/example_dags/example_xcomargs.py
[2025-02-22 09:55:40,259] {processor.py:641} INFO - Processing file /opt/conda/lib/python3.8/site-packages/airflow/example_dags/example_xcomargs.py for tasks to queue
[2025-02-22 09:55:40,260] {logging_mixin.py:115} INFO - [2025-02-22 09:55:40,260] {dagbag.py:508} INFO - Filling up the DagBag from /opt/conda/lib/python3.8/site-packages/airflow/example_dags/example_xcomargs.py
[2025-02-22 09:55:40,279] {processor.py:651} INFO - DAG(s) dict_keys(['example_xcom_args', 'example_xcom_args_with_operators']) retrieved from /opt/conda/lib/python3.8/site-packages/airflow/example_dags/example_xcomargs.py
[2025-02-22 09:55:40,296] {logging_mixin.py:115} INFO - [2025-02-22 09:55:40,296] {dag.py:2420} INFO - Sync 2 DAGs
[2025-02-22 09:55:40,313] {logging_mixin.py:115} INFO - [2025-02-22 09:55:40,313] {dag.py:2968} INFO - Setting next_dagrun for example_xcom_args to None, run_after=None
[2025-02-22 09:55:40,313] {logging_mixin.py:115} INFO - [2025-02-22 09:55:40,313] {dag.py:2968} INFO - Setting next_dagrun for example_xcom_args_with_operators to None, run_after=None
[2025-02-22 09:55:40,336] {processor.py:161} INFO - Processing /opt/conda/lib/python3.8/site-packages/airflow/example_dags/example_xcomargs.py took 0.081 seconds
[2025-02-22 09:56:17,345] {processor.py:153} INFO - Started process (PID=14385) to work on /opt/conda/lib/python3.8/site-packages/airflow/example_dags/example_xcomargs.py
[2025-02-22 09:56:17,347] {processor.py:641} INFO - Processing file /opt/conda/lib/python3.8/site-packages/airflow/example_dags/example_xcomargs.py for tasks to queue
[2025-02-22 09:56:17,347] {logging_mixin.py:115} INFO - [2025-02-22 09:56:17,347] {dagbag.py:508} INFO - Filling up the DagBag from /opt/conda/lib/python3.8/site-packages/airflow/example_dags/example_xcomargs.py
[2025-02-22 09:56:17,367] {processor.py:651} INFO - DAG(s) dict_keys(['example_xcom_args', 'example_xcom_args_with_operators']) retrieved from /opt/conda/lib/python3.8/site-packages/airflow/example_dags/example_xcomargs.py
[2025-02-22 09:56:17,407] {logging_mixin.py:115} INFO - [2025-02-22 09:56:17,407] {dag.py:2420} INFO - Sync 2 DAGs
[2025-02-22 09:56:17,420] {logging_mixin.py:115} INFO - [2025-02-22 09:56:17,420] {dag.py:2968} INFO - Setting next_dagrun for example_xcom_args to None, run_after=None
[2025-02-22 09:56:17,420] {logging_mixin.py:115} INFO - [2025-02-22 09:56:17,420] {dag.py:2968} INFO - Setting next_dagrun for example_xcom_args_with_operators to None, run_after=None
[2025-02-22 09:56:17,442] {processor.py:161} INFO - Processing /opt/conda/lib/python3.8/site-packages/airflow/example_dags/example_xcomargs.py took 0.099 seconds
[2025-02-22 09:57:02,052] {processor.py:153} INFO - Started process (PID=14533) to work on /opt/conda/lib/python3.8/site-packages/airflow/example_dags/example_xcomargs.py
[2025-02-22 09:57:02,054] {processor.py:641} INFO - Processing file /opt/conda/lib/python3.8/site-packages/airflow/example_dags/example_xcomargs.py for tasks to queue
[2025-02-22 09:57:02,055] {logging_mixin.py:115} INFO - [2025-02-22 09:57:02,055] {dagbag.py:508} INFO - Filling up the DagBag from /opt/conda/lib/python3.8/site-packages/airflow/example_dags/example_xcomargs.py
[2025-02-22 09:57:02,076] {processor.py:651} INFO - DAG(s) dict_keys(['example_xcom_args', 'example_xcom_args_with_operators']) retrieved from /opt/conda/lib/python3.8/site-packages/airflow/example_dags/example_xcomargs.py
[2025-02-22 09:57:02,125] {logging_mixin.py:115} INFO - [2025-02-22 09:57:02,125] {dag.py:2420} INFO - Sync 2 DAGs
[2025-02-22 09:57:02,143] {logging_mixin.py:115} INFO - [2025-02-22 09:57:02,143] {dag.py:2968} INFO - Setting next_dagrun for example_xcom_args to None, run_after=None
[2025-02-22 09:57:02,143] {logging_mixin.py:115} INFO - [2025-02-22 09:57:02,143] {dag.py:2968} INFO - Setting next_dagrun for example_xcom_args_with_operators to None, run_after=None
[2025-02-22 09:57:02,170] {processor.py:161} INFO - Processing /opt/conda/lib/python3.8/site-packages/airflow/example_dags/example_xcomargs.py took 0.122 seconds
