[2025-02-22 09:47:18,270] {processor.py:153} INFO - Started process (PID=12582) to work on /opt/conda/lib/python3.8/site-packages/airflow/example_dags/example_nested_branch_dag.py
[2025-02-22 09:47:18,270] {processor.py:641} INFO - Processing file /opt/conda/lib/python3.8/site-packages/airflow/example_dags/example_nested_branch_dag.py for tasks to queue
[2025-02-22 09:47:18,271] {logging_mixin.py:115} INFO - [2025-02-22 09:47:18,271] {dagbag.py:508} INFO - Filling up the DagBag from /opt/conda/lib/python3.8/site-packages/airflow/example_dags/example_nested_branch_dag.py
[2025-02-22 09:47:18,396] {processor.py:651} INFO - DAG(s) dict_keys(['example_nested_branch_dag']) retrieved from /opt/conda/lib/python3.8/site-packages/airflow/example_dags/example_nested_branch_dag.py
[2025-02-22 09:47:18,406] {logging_mixin.py:115} INFO - [2025-02-22 09:47:18,406] {dag.py:2420} INFO - Sync 1 DAGs
[2025-02-22 09:47:18,418] {logging_mixin.py:115} INFO - [2025-02-22 09:47:18,418] {dag.py:2968} INFO - Setting next_dagrun for example_nested_branch_dag to 2025-02-21T00:00:00+00:00, run_after=2025-02-22T00:00:00+00:00
[2025-02-22 09:47:18,438] {processor.py:161} INFO - Processing /opt/conda/lib/python3.8/site-packages/airflow/example_dags/example_nested_branch_dag.py took 0.170 seconds
[2025-02-22 09:48:06,755] {processor.py:153} INFO - Started process (PID=12723) to work on /opt/conda/lib/python3.8/site-packages/airflow/example_dags/example_nested_branch_dag.py
[2025-02-22 09:48:06,758] {processor.py:641} INFO - Processing file /opt/conda/lib/python3.8/site-packages/airflow/example_dags/example_nested_branch_dag.py for tasks to queue
[2025-02-22 09:48:06,758] {logging_mixin.py:115} INFO - [2025-02-22 09:48:06,758] {dagbag.py:508} INFO - Filling up the DagBag from /opt/conda/lib/python3.8/site-packages/airflow/example_dags/example_nested_branch_dag.py
[2025-02-22 09:48:06,901] {processor.py:651} INFO - DAG(s) dict_keys(['example_nested_branch_dag']) retrieved from /opt/conda/lib/python3.8/site-packages/airflow/example_dags/example_nested_branch_dag.py
[2025-02-22 09:48:06,910] {logging_mixin.py:115} INFO - [2025-02-22 09:48:06,910] {dag.py:2420} INFO - Sync 1 DAGs
[2025-02-22 09:48:06,922] {logging_mixin.py:115} INFO - [2025-02-22 09:48:06,922] {dag.py:2968} INFO - Setting next_dagrun for example_nested_branch_dag to 2025-02-21T00:00:00+00:00, run_after=2025-02-22T00:00:00+00:00
[2025-02-22 09:48:06,947] {processor.py:161} INFO - Processing /opt/conda/lib/python3.8/site-packages/airflow/example_dags/example_nested_branch_dag.py took 0.195 seconds
[2025-02-22 09:48:58,097] {processor.py:153} INFO - Started process (PID=12897) to work on /opt/conda/lib/python3.8/site-packages/airflow/example_dags/example_nested_branch_dag.py
[2025-02-22 09:48:58,099] {processor.py:641} INFO - Processing file /opt/conda/lib/python3.8/site-packages/airflow/example_dags/example_nested_branch_dag.py for tasks to queue
[2025-02-22 09:48:58,100] {logging_mixin.py:115} INFO - [2025-02-22 09:48:58,100] {dagbag.py:508} INFO - Filling up the DagBag from /opt/conda/lib/python3.8/site-packages/airflow/example_dags/example_nested_branch_dag.py
[2025-02-22 09:48:58,238] {processor.py:651} INFO - DAG(s) dict_keys(['example_nested_branch_dag']) retrieved from /opt/conda/lib/python3.8/site-packages/airflow/example_dags/example_nested_branch_dag.py
[2025-02-22 09:48:58,247] {logging_mixin.py:115} INFO - [2025-02-22 09:48:58,247] {dag.py:2420} INFO - Sync 1 DAGs
[2025-02-22 09:48:58,259] {logging_mixin.py:115} INFO - [2025-02-22 09:48:58,259] {dag.py:2968} INFO - Setting next_dagrun for example_nested_branch_dag to 2025-02-21T00:00:00+00:00, run_after=2025-02-22T00:00:00+00:00
[2025-02-22 09:48:58,280] {processor.py:161} INFO - Processing /opt/conda/lib/python3.8/site-packages/airflow/example_dags/example_nested_branch_dag.py took 0.185 seconds
[2025-02-22 09:49:42,802] {processor.py:153} INFO - Started process (PID=13036) to work on /opt/conda/lib/python3.8/site-packages/airflow/example_dags/example_nested_branch_dag.py
[2025-02-22 09:49:42,805] {processor.py:641} INFO - Processing file /opt/conda/lib/python3.8/site-packages/airflow/example_dags/example_nested_branch_dag.py for tasks to queue
[2025-02-22 09:49:42,805] {logging_mixin.py:115} INFO - [2025-02-22 09:49:42,805] {dagbag.py:508} INFO - Filling up the DagBag from /opt/conda/lib/python3.8/site-packages/airflow/example_dags/example_nested_branch_dag.py
[2025-02-22 09:49:42,936] {processor.py:651} INFO - DAG(s) dict_keys(['example_nested_branch_dag']) retrieved from /opt/conda/lib/python3.8/site-packages/airflow/example_dags/example_nested_branch_dag.py
[2025-02-22 09:49:42,945] {logging_mixin.py:115} INFO - [2025-02-22 09:49:42,945] {dag.py:2420} INFO - Sync 1 DAGs
[2025-02-22 09:49:42,957] {logging_mixin.py:115} INFO - [2025-02-22 09:49:42,957] {dag.py:2968} INFO - Setting next_dagrun for example_nested_branch_dag to 2025-02-21T00:00:00+00:00, run_after=2025-02-22T00:00:00+00:00
[2025-02-22 09:49:42,977] {processor.py:161} INFO - Processing /opt/conda/lib/python3.8/site-packages/airflow/example_dags/example_nested_branch_dag.py took 0.178 seconds
[2025-02-22 09:50:37,654] {processor.py:153} INFO - Started process (PID=13237) to work on /opt/conda/lib/python3.8/site-packages/airflow/example_dags/example_nested_branch_dag.py
[2025-02-22 09:50:37,656] {processor.py:641} INFO - Processing file /opt/conda/lib/python3.8/site-packages/airflow/example_dags/example_nested_branch_dag.py for tasks to queue
[2025-02-22 09:50:37,657] {logging_mixin.py:115} INFO - [2025-02-22 09:50:37,657] {dagbag.py:508} INFO - Filling up the DagBag from /opt/conda/lib/python3.8/site-packages/airflow/example_dags/example_nested_branch_dag.py
[2025-02-22 09:50:37,802] {processor.py:651} INFO - DAG(s) dict_keys(['example_nested_branch_dag']) retrieved from /opt/conda/lib/python3.8/site-packages/airflow/example_dags/example_nested_branch_dag.py
[2025-02-22 09:50:37,815] {logging_mixin.py:115} INFO - [2025-02-22 09:50:37,815] {dag.py:2420} INFO - Sync 1 DAGs
[2025-02-22 09:50:37,828] {logging_mixin.py:115} INFO - [2025-02-22 09:50:37,828] {dag.py:2968} INFO - Setting next_dagrun for example_nested_branch_dag to 2025-02-21T00:00:00+00:00, run_after=2025-02-22T00:00:00+00:00
[2025-02-22 09:50:37,848] {processor.py:161} INFO - Processing /opt/conda/lib/python3.8/site-packages/airflow/example_dags/example_nested_branch_dag.py took 0.197 seconds
[2025-02-22 09:51:21,814] {processor.py:153} INFO - Started process (PID=13375) to work on /opt/conda/lib/python3.8/site-packages/airflow/example_dags/example_nested_branch_dag.py
[2025-02-22 09:51:21,816] {processor.py:641} INFO - Processing file /opt/conda/lib/python3.8/site-packages/airflow/example_dags/example_nested_branch_dag.py for tasks to queue
[2025-02-22 09:51:21,816] {logging_mixin.py:115} INFO - [2025-02-22 09:51:21,816] {dagbag.py:508} INFO - Filling up the DagBag from /opt/conda/lib/python3.8/site-packages/airflow/example_dags/example_nested_branch_dag.py
[2025-02-22 09:51:21,935] {processor.py:651} INFO - DAG(s) dict_keys(['example_nested_branch_dag']) retrieved from /opt/conda/lib/python3.8/site-packages/airflow/example_dags/example_nested_branch_dag.py
[2025-02-22 09:51:21,943] {logging_mixin.py:115} INFO - [2025-02-22 09:51:21,943] {dag.py:2420} INFO - Sync 1 DAGs
[2025-02-22 09:51:21,955] {logging_mixin.py:115} INFO - [2025-02-22 09:51:21,955] {dag.py:2968} INFO - Setting next_dagrun for example_nested_branch_dag to 2025-02-21T00:00:00+00:00, run_after=2025-02-22T00:00:00+00:00
[2025-02-22 09:51:21,976] {processor.py:161} INFO - Processing /opt/conda/lib/python3.8/site-packages/airflow/example_dags/example_nested_branch_dag.py took 0.165 seconds
[2025-02-22 09:52:05,215] {processor.py:153} INFO - Started process (PID=13528) to work on /opt/conda/lib/python3.8/site-packages/airflow/example_dags/example_nested_branch_dag.py
[2025-02-22 09:52:05,217] {processor.py:641} INFO - Processing file /opt/conda/lib/python3.8/site-packages/airflow/example_dags/example_nested_branch_dag.py for tasks to queue
[2025-02-22 09:52:05,218] {logging_mixin.py:115} INFO - [2025-02-22 09:52:05,217] {dagbag.py:508} INFO - Filling up the DagBag from /opt/conda/lib/python3.8/site-packages/airflow/example_dags/example_nested_branch_dag.py
[2025-02-22 09:52:05,228] {processor.py:651} INFO - DAG(s) dict_keys(['example_nested_branch_dag']) retrieved from /opt/conda/lib/python3.8/site-packages/airflow/example_dags/example_nested_branch_dag.py
[2025-02-22 09:52:05,245] {logging_mixin.py:115} INFO - [2025-02-22 09:52:05,245] {dag.py:2420} INFO - Sync 1 DAGs
[2025-02-22 09:52:05,265] {logging_mixin.py:115} INFO - [2025-02-22 09:52:05,265] {dag.py:2968} INFO - Setting next_dagrun for example_nested_branch_dag to 2025-02-21T00:00:00+00:00, run_after=2025-02-22T00:00:00+00:00
[2025-02-22 09:52:05,286] {processor.py:161} INFO - Processing /opt/conda/lib/python3.8/site-packages/airflow/example_dags/example_nested_branch_dag.py took 0.074 seconds
[2025-02-22 09:52:47,224] {processor.py:153} INFO - Started process (PID=13656) to work on /opt/conda/lib/python3.8/site-packages/airflow/example_dags/example_nested_branch_dag.py
[2025-02-22 09:52:47,226] {processor.py:641} INFO - Processing file /opt/conda/lib/python3.8/site-packages/airflow/example_dags/example_nested_branch_dag.py for tasks to queue
[2025-02-22 09:52:47,227] {logging_mixin.py:115} INFO - [2025-02-22 09:52:47,227] {dagbag.py:508} INFO - Filling up the DagBag from /opt/conda/lib/python3.8/site-packages/airflow/example_dags/example_nested_branch_dag.py
[2025-02-22 09:52:47,238] {processor.py:651} INFO - DAG(s) dict_keys(['example_nested_branch_dag']) retrieved from /opt/conda/lib/python3.8/site-packages/airflow/example_dags/example_nested_branch_dag.py
[2025-02-22 09:52:47,256] {logging_mixin.py:115} INFO - [2025-02-22 09:52:47,255] {dag.py:2420} INFO - Sync 1 DAGs
[2025-02-22 09:52:47,276] {logging_mixin.py:115} INFO - [2025-02-22 09:52:47,276] {dag.py:2968} INFO - Setting next_dagrun for example_nested_branch_dag to 2025-02-21T00:00:00+00:00, run_after=2025-02-22T00:00:00+00:00
[2025-02-22 09:52:47,301] {processor.py:161} INFO - Processing /opt/conda/lib/python3.8/site-packages/airflow/example_dags/example_nested_branch_dag.py took 0.080 seconds
[2025-02-22 09:53:32,638] {processor.py:153} INFO - Started process (PID=13839) to work on /opt/conda/lib/python3.8/site-packages/airflow/example_dags/example_nested_branch_dag.py
[2025-02-22 09:53:32,640] {processor.py:641} INFO - Processing file /opt/conda/lib/python3.8/site-packages/airflow/example_dags/example_nested_branch_dag.py for tasks to queue
[2025-02-22 09:53:32,640] {logging_mixin.py:115} INFO - [2025-02-22 09:53:32,640] {dagbag.py:508} INFO - Filling up the DagBag from /opt/conda/lib/python3.8/site-packages/airflow/example_dags/example_nested_branch_dag.py
[2025-02-22 09:53:32,651] {processor.py:651} INFO - DAG(s) dict_keys(['example_nested_branch_dag']) retrieved from /opt/conda/lib/python3.8/site-packages/airflow/example_dags/example_nested_branch_dag.py
[2025-02-22 09:53:32,668] {logging_mixin.py:115} INFO - [2025-02-22 09:53:32,667] {dag.py:2420} INFO - Sync 1 DAGs
[2025-02-22 09:53:32,685] {logging_mixin.py:115} INFO - [2025-02-22 09:53:32,685] {dag.py:2968} INFO - Setting next_dagrun for example_nested_branch_dag to 2025-02-21T00:00:00+00:00, run_after=2025-02-22T00:00:00+00:00
[2025-02-22 09:53:32,775] {processor.py:161} INFO - Processing /opt/conda/lib/python3.8/site-packages/airflow/example_dags/example_nested_branch_dag.py took 0.140 seconds
[2025-02-22 09:54:16,100] {processor.py:153} INFO - Started process (PID=13972) to work on /opt/conda/lib/python3.8/site-packages/airflow/example_dags/example_nested_branch_dag.py
[2025-02-22 09:54:16,102] {processor.py:641} INFO - Processing file /opt/conda/lib/python3.8/site-packages/airflow/example_dags/example_nested_branch_dag.py for tasks to queue
[2025-02-22 09:54:16,102] {logging_mixin.py:115} INFO - [2025-02-22 09:54:16,102] {dagbag.py:508} INFO - Filling up the DagBag from /opt/conda/lib/python3.8/site-packages/airflow/example_dags/example_nested_branch_dag.py
[2025-02-22 09:54:16,113] {processor.py:651} INFO - DAG(s) dict_keys(['example_nested_branch_dag']) retrieved from /opt/conda/lib/python3.8/site-packages/airflow/example_dags/example_nested_branch_dag.py
[2025-02-22 09:54:16,131] {logging_mixin.py:115} INFO - [2025-02-22 09:54:16,131] {dag.py:2420} INFO - Sync 1 DAGs
[2025-02-22 09:54:16,151] {logging_mixin.py:115} INFO - [2025-02-22 09:54:16,151] {dag.py:2968} INFO - Setting next_dagrun for example_nested_branch_dag to 2025-02-21T00:00:00+00:00, run_after=2025-02-22T00:00:00+00:00
[2025-02-22 09:54:16,390] {processor.py:161} INFO - Processing /opt/conda/lib/python3.8/site-packages/airflow/example_dags/example_nested_branch_dag.py took 0.294 seconds
[2025-02-22 09:55:03,510] {processor.py:153} INFO - Started process (PID=14117) to work on /opt/conda/lib/python3.8/site-packages/airflow/example_dags/example_nested_branch_dag.py
[2025-02-22 09:55:03,513] {processor.py:641} INFO - Processing file /opt/conda/lib/python3.8/site-packages/airflow/example_dags/example_nested_branch_dag.py for tasks to queue
[2025-02-22 09:55:03,513] {logging_mixin.py:115} INFO - [2025-02-22 09:55:03,513] {dagbag.py:508} INFO - Filling up the DagBag from /opt/conda/lib/python3.8/site-packages/airflow/example_dags/example_nested_branch_dag.py
[2025-02-22 09:55:03,524] {processor.py:651} INFO - DAG(s) dict_keys(['example_nested_branch_dag']) retrieved from /opt/conda/lib/python3.8/site-packages/airflow/example_dags/example_nested_branch_dag.py
[2025-02-22 09:55:03,542] {logging_mixin.py:115} INFO - [2025-02-22 09:55:03,542] {dag.py:2420} INFO - Sync 1 DAGs
[2025-02-22 09:55:03,565] {logging_mixin.py:115} INFO - [2025-02-22 09:55:03,565] {dag.py:2968} INFO - Setting next_dagrun for example_nested_branch_dag to 2025-02-21T00:00:00+00:00, run_after=2025-02-22T00:00:00+00:00
[2025-02-22 09:55:03,710] {processor.py:161} INFO - Processing /opt/conda/lib/python3.8/site-packages/airflow/example_dags/example_nested_branch_dag.py took 0.203 seconds
[2025-02-22 09:55:45,448] {processor.py:153} INFO - Started process (PID=14277) to work on /opt/conda/lib/python3.8/site-packages/airflow/example_dags/example_nested_branch_dag.py
[2025-02-22 09:55:45,630] {processor.py:641} INFO - Processing file /opt/conda/lib/python3.8/site-packages/airflow/example_dags/example_nested_branch_dag.py for tasks to queue
[2025-02-22 09:55:45,631] {logging_mixin.py:115} INFO - [2025-02-22 09:55:45,631] {dagbag.py:508} INFO - Filling up the DagBag from /opt/conda/lib/python3.8/site-packages/airflow/example_dags/example_nested_branch_dag.py
[2025-02-22 09:55:45,642] {processor.py:651} INFO - DAG(s) dict_keys(['example_nested_branch_dag']) retrieved from /opt/conda/lib/python3.8/site-packages/airflow/example_dags/example_nested_branch_dag.py
[2025-02-22 09:55:45,660] {logging_mixin.py:115} INFO - [2025-02-22 09:55:45,660] {dag.py:2420} INFO - Sync 1 DAGs
[2025-02-22 09:55:45,681] {logging_mixin.py:115} INFO - [2025-02-22 09:55:45,681] {dag.py:2968} INFO - Setting next_dagrun for example_nested_branch_dag to 2025-02-21T00:00:00+00:00, run_after=2025-02-22T00:00:00+00:00
[2025-02-22 09:55:45,709] {processor.py:161} INFO - Processing /opt/conda/lib/python3.8/site-packages/airflow/example_dags/example_nested_branch_dag.py took 0.264 seconds
[2025-02-22 09:56:33,672] {processor.py:153} INFO - Started process (PID=14447) to work on /opt/conda/lib/python3.8/site-packages/airflow/example_dags/example_nested_branch_dag.py
[2025-02-22 09:56:33,674] {processor.py:641} INFO - Processing file /opt/conda/lib/python3.8/site-packages/airflow/example_dags/example_nested_branch_dag.py for tasks to queue
[2025-02-22 09:56:33,674] {logging_mixin.py:115} INFO - [2025-02-22 09:56:33,674] {dagbag.py:508} INFO - Filling up the DagBag from /opt/conda/lib/python3.8/site-packages/airflow/example_dags/example_nested_branch_dag.py
[2025-02-22 09:56:33,685] {processor.py:651} INFO - DAG(s) dict_keys(['example_nested_branch_dag']) retrieved from /opt/conda/lib/python3.8/site-packages/airflow/example_dags/example_nested_branch_dag.py
[2025-02-22 09:56:33,703] {logging_mixin.py:115} INFO - [2025-02-22 09:56:33,703] {dag.py:2420} INFO - Sync 1 DAGs
[2025-02-22 09:56:33,723] {logging_mixin.py:115} INFO - [2025-02-22 09:56:33,723] {dag.py:2968} INFO - Setting next_dagrun for example_nested_branch_dag to 2025-02-21T00:00:00+00:00, run_after=2025-02-22T00:00:00+00:00
[2025-02-22 09:56:33,747] {processor.py:161} INFO - Processing /opt/conda/lib/python3.8/site-packages/airflow/example_dags/example_nested_branch_dag.py took 0.079 seconds
[2025-02-22 09:57:17,628] {processor.py:153} INFO - Started process (PID=14587) to work on /opt/conda/lib/python3.8/site-packages/airflow/example_dags/example_nested_branch_dag.py
[2025-02-22 09:57:17,630] {processor.py:641} INFO - Processing file /opt/conda/lib/python3.8/site-packages/airflow/example_dags/example_nested_branch_dag.py for tasks to queue
[2025-02-22 09:57:17,631] {logging_mixin.py:115} INFO - [2025-02-22 09:57:17,631] {dagbag.py:508} INFO - Filling up the DagBag from /opt/conda/lib/python3.8/site-packages/airflow/example_dags/example_nested_branch_dag.py
[2025-02-22 09:57:17,642] {processor.py:651} INFO - DAG(s) dict_keys(['example_nested_branch_dag']) retrieved from /opt/conda/lib/python3.8/site-packages/airflow/example_dags/example_nested_branch_dag.py
[2025-02-22 09:57:17,659] {logging_mixin.py:115} INFO - [2025-02-22 09:57:17,659] {dag.py:2420} INFO - Sync 1 DAGs
[2025-02-22 09:57:17,680] {logging_mixin.py:115} INFO - [2025-02-22 09:57:17,679] {dag.py:2968} INFO - Setting next_dagrun for example_nested_branch_dag to 2025-02-21T00:00:00+00:00, run_after=2025-02-22T00:00:00+00:00
[2025-02-22 09:57:17,704] {processor.py:161} INFO - Processing /opt/conda/lib/python3.8/site-packages/airflow/example_dags/example_nested_branch_dag.py took 0.080 seconds
