[2025-02-22 09:47:28,412] {processor.py:153} INFO - Started process (PID=12599) to work on /opt/conda/lib/python3.8/site-packages/airflow/example_dags/tutorial.py
[2025-02-22 09:47:28,412] {processor.py:641} INFO - Processing file /opt/conda/lib/python3.8/site-packages/airflow/example_dags/tutorial.py for tasks to queue
[2025-02-22 09:47:28,413] {logging_mixin.py:115} INFO - [2025-02-22 09:47:28,413] {dagbag.py:508} INFO - Filling up the DagBag from /opt/conda/lib/python3.8/site-packages/airflow/example_dags/tutorial.py
[2025-02-22 09:47:28,419] {processor.py:651} INFO - DAG(s) dict_keys(['tutorial']) retrieved from /opt/conda/lib/python3.8/site-packages/airflow/example_dags/tutorial.py
[2025-02-22 09:47:28,554] {logging_mixin.py:115} INFO - [2025-02-22 09:47:28,554] {dag.py:2420} INFO - Sync 1 DAGs
[2025-02-22 09:47:28,565] {logging_mixin.py:115} INFO - [2025-02-22 09:47:28,565] {dag.py:2968} INFO - Setting next_dagrun for tutorial to 2025-02-21T09:47:28.565144+00:00, run_after=2025-02-22T09:47:28.565144+00:00
[2025-02-22 09:47:28,585] {processor.py:161} INFO - Processing /opt/conda/lib/python3.8/site-packages/airflow/example_dags/tutorial.py took 0.176 seconds
[2025-02-22 09:48:26,219] {processor.py:153} INFO - Started process (PID=12790) to work on /opt/conda/lib/python3.8/site-packages/airflow/example_dags/tutorial.py
[2025-02-22 09:48:26,221] {processor.py:641} INFO - Processing file /opt/conda/lib/python3.8/site-packages/airflow/example_dags/tutorial.py for tasks to queue
[2025-02-22 09:48:26,221] {logging_mixin.py:115} INFO - [2025-02-22 09:48:26,221] {dagbag.py:508} INFO - Filling up the DagBag from /opt/conda/lib/python3.8/site-packages/airflow/example_dags/tutorial.py
[2025-02-22 09:48:26,227] {processor.py:651} INFO - DAG(s) dict_keys(['tutorial']) retrieved from /opt/conda/lib/python3.8/site-packages/airflow/example_dags/tutorial.py
[2025-02-22 09:48:26,345] {logging_mixin.py:115} INFO - [2025-02-22 09:48:26,345] {dag.py:2420} INFO - Sync 1 DAGs
[2025-02-22 09:48:26,356] {logging_mixin.py:115} INFO - [2025-02-22 09:48:26,356] {dag.py:2968} INFO - Setting next_dagrun for tutorial to 2025-02-21T09:48:26.356152+00:00, run_after=2025-02-22T09:48:26.356152+00:00
[2025-02-22 09:48:26,380] {processor.py:161} INFO - Processing /opt/conda/lib/python3.8/site-packages/airflow/example_dags/tutorial.py took 0.164 seconds
[2025-02-22 09:49:12,531] {processor.py:153} INFO - Started process (PID=12941) to work on /opt/conda/lib/python3.8/site-packages/airflow/example_dags/tutorial.py
[2025-02-22 09:49:12,533] {processor.py:641} INFO - Processing file /opt/conda/lib/python3.8/site-packages/airflow/example_dags/tutorial.py for tasks to queue
[2025-02-22 09:49:12,533] {logging_mixin.py:115} INFO - [2025-02-22 09:49:12,533] {dagbag.py:508} INFO - Filling up the DagBag from /opt/conda/lib/python3.8/site-packages/airflow/example_dags/tutorial.py
[2025-02-22 09:49:12,539] {processor.py:651} INFO - DAG(s) dict_keys(['tutorial']) retrieved from /opt/conda/lib/python3.8/site-packages/airflow/example_dags/tutorial.py
[2025-02-22 09:49:12,675] {logging_mixin.py:115} INFO - [2025-02-22 09:49:12,675] {dag.py:2420} INFO - Sync 1 DAGs
[2025-02-22 09:49:12,686] {logging_mixin.py:115} INFO - [2025-02-22 09:49:12,686] {dag.py:2968} INFO - Setting next_dagrun for tutorial to 2025-02-21T09:49:12.686135+00:00, run_after=2025-02-22T09:49:12.686135+00:00
[2025-02-22 09:49:12,706] {processor.py:161} INFO - Processing /opt/conda/lib/python3.8/site-packages/airflow/example_dags/tutorial.py took 0.179 seconds
[2025-02-22 09:50:00,666] {processor.py:153} INFO - Started process (PID=13108) to work on /opt/conda/lib/python3.8/site-packages/airflow/example_dags/tutorial.py
[2025-02-22 09:50:00,672] {processor.py:641} INFO - Processing file /opt/conda/lib/python3.8/site-packages/airflow/example_dags/tutorial.py for tasks to queue
[2025-02-22 09:50:00,672] {logging_mixin.py:115} INFO - [2025-02-22 09:50:00,672] {dagbag.py:508} INFO - Filling up the DagBag from /opt/conda/lib/python3.8/site-packages/airflow/example_dags/tutorial.py
[2025-02-22 09:50:00,678] {processor.py:651} INFO - DAG(s) dict_keys(['tutorial']) retrieved from /opt/conda/lib/python3.8/site-packages/airflow/example_dags/tutorial.py
[2025-02-22 09:50:00,801] {logging_mixin.py:115} INFO - [2025-02-22 09:50:00,801] {dag.py:2420} INFO - Sync 1 DAGs
[2025-02-22 09:50:00,811] {logging_mixin.py:115} INFO - [2025-02-22 09:50:00,811] {dag.py:2968} INFO - Setting next_dagrun for tutorial to 2025-02-21T09:50:00.811622+00:00, run_after=2025-02-22T09:50:00.811622+00:00
[2025-02-22 09:50:00,832] {processor.py:161} INFO - Processing /opt/conda/lib/python3.8/site-packages/airflow/example_dags/tutorial.py took 0.169 seconds
[2025-02-22 09:50:49,723] {processor.py:153} INFO - Started process (PID=13292) to work on /opt/conda/lib/python3.8/site-packages/airflow/example_dags/tutorial.py
[2025-02-22 09:50:49,725] {processor.py:641} INFO - Processing file /opt/conda/lib/python3.8/site-packages/airflow/example_dags/tutorial.py for tasks to queue
[2025-02-22 09:50:49,726] {logging_mixin.py:115} INFO - [2025-02-22 09:50:49,726] {dagbag.py:508} INFO - Filling up the DagBag from /opt/conda/lib/python3.8/site-packages/airflow/example_dags/tutorial.py
[2025-02-22 09:50:49,732] {processor.py:651} INFO - DAG(s) dict_keys(['tutorial']) retrieved from /opt/conda/lib/python3.8/site-packages/airflow/example_dags/tutorial.py
[2025-02-22 09:50:49,869] {logging_mixin.py:115} INFO - [2025-02-22 09:50:49,869] {dag.py:2420} INFO - Sync 1 DAGs
[2025-02-22 09:50:49,879] {logging_mixin.py:115} INFO - [2025-02-22 09:50:49,879] {dag.py:2968} INFO - Setting next_dagrun for tutorial to 2025-02-21T09:50:49.879580+00:00, run_after=2025-02-22T09:50:49.879580+00:00
[2025-02-22 09:50:49,914] {processor.py:161} INFO - Processing /opt/conda/lib/python3.8/site-packages/airflow/example_dags/tutorial.py took 0.195 seconds
[2025-02-22 09:51:34,850] {processor.py:153} INFO - Started process (PID=13432) to work on /opt/conda/lib/python3.8/site-packages/airflow/example_dags/tutorial.py
[2025-02-22 09:51:34,852] {processor.py:641} INFO - Processing file /opt/conda/lib/python3.8/site-packages/airflow/example_dags/tutorial.py for tasks to queue
[2025-02-22 09:51:34,853] {logging_mixin.py:115} INFO - [2025-02-22 09:51:34,853] {dagbag.py:508} INFO - Filling up the DagBag from /opt/conda/lib/python3.8/site-packages/airflow/example_dags/tutorial.py
[2025-02-22 09:51:34,859] {processor.py:651} INFO - DAG(s) dict_keys(['tutorial']) retrieved from /opt/conda/lib/python3.8/site-packages/airflow/example_dags/tutorial.py
[2025-02-22 09:51:35,001] {logging_mixin.py:115} INFO - [2025-02-22 09:51:35,001] {dag.py:2420} INFO - Sync 1 DAGs
[2025-02-22 09:51:35,016] {logging_mixin.py:115} INFO - [2025-02-22 09:51:35,016] {dag.py:2968} INFO - Setting next_dagrun for tutorial to 2025-02-21T09:51:35.016040+00:00, run_after=2025-02-22T09:51:35.016040+00:00
[2025-02-22 09:51:35,040] {processor.py:161} INFO - Processing /opt/conda/lib/python3.8/site-packages/airflow/example_dags/tutorial.py took 0.193 seconds
[2025-02-22 09:52:18,571] {processor.py:153} INFO - Started process (PID=13583) to work on /opt/conda/lib/python3.8/site-packages/airflow/example_dags/tutorial.py
[2025-02-22 09:52:18,573] {processor.py:641} INFO - Processing file /opt/conda/lib/python3.8/site-packages/airflow/example_dags/tutorial.py for tasks to queue
[2025-02-22 09:52:18,574] {logging_mixin.py:115} INFO - [2025-02-22 09:52:18,573] {dagbag.py:508} INFO - Filling up the DagBag from /opt/conda/lib/python3.8/site-packages/airflow/example_dags/tutorial.py
[2025-02-22 09:52:18,580] {processor.py:651} INFO - DAG(s) dict_keys(['tutorial']) retrieved from /opt/conda/lib/python3.8/site-packages/airflow/example_dags/tutorial.py
[2025-02-22 09:52:18,597] {logging_mixin.py:115} INFO - [2025-02-22 09:52:18,597] {dag.py:2420} INFO - Sync 1 DAGs
[2025-02-22 09:52:18,616] {logging_mixin.py:115} INFO - [2025-02-22 09:52:18,616] {dag.py:2968} INFO - Setting next_dagrun for tutorial to 2025-02-21T09:52:18.616493+00:00, run_after=2025-02-22T09:52:18.616493+00:00
[2025-02-22 09:52:18,967] {processor.py:161} INFO - Processing /opt/conda/lib/python3.8/site-packages/airflow/example_dags/tutorial.py took 0.400 seconds
[2025-02-22 09:53:07,824] {processor.py:153} INFO - Started process (PID=13735) to work on /opt/conda/lib/python3.8/site-packages/airflow/example_dags/tutorial.py
[2025-02-22 09:53:07,826] {processor.py:641} INFO - Processing file /opt/conda/lib/python3.8/site-packages/airflow/example_dags/tutorial.py for tasks to queue
[2025-02-22 09:53:07,827] {logging_mixin.py:115} INFO - [2025-02-22 09:53:07,827] {dagbag.py:508} INFO - Filling up the DagBag from /opt/conda/lib/python3.8/site-packages/airflow/example_dags/tutorial.py
[2025-02-22 09:53:07,833] {processor.py:651} INFO - DAG(s) dict_keys(['tutorial']) retrieved from /opt/conda/lib/python3.8/site-packages/airflow/example_dags/tutorial.py
[2025-02-22 09:53:07,850] {logging_mixin.py:115} INFO - [2025-02-22 09:53:07,850] {dag.py:2420} INFO - Sync 1 DAGs
[2025-02-22 09:53:07,869] {logging_mixin.py:115} INFO - [2025-02-22 09:53:07,869] {dag.py:2968} INFO - Setting next_dagrun for tutorial to 2025-02-21T09:53:07.868844+00:00, run_after=2025-02-22T09:53:07.868844+00:00
[2025-02-22 09:53:08,032] {processor.py:161} INFO - Processing /opt/conda/lib/python3.8/site-packages/airflow/example_dags/tutorial.py took 0.211 seconds
[2025-02-22 09:53:51,766] {processor.py:153} INFO - Started process (PID=13886) to work on /opt/conda/lib/python3.8/site-packages/airflow/example_dags/tutorial.py
[2025-02-22 09:53:51,768] {processor.py:641} INFO - Processing file /opt/conda/lib/python3.8/site-packages/airflow/example_dags/tutorial.py for tasks to queue
[2025-02-22 09:53:51,768] {logging_mixin.py:115} INFO - [2025-02-22 09:53:51,768] {dagbag.py:508} INFO - Filling up the DagBag from /opt/conda/lib/python3.8/site-packages/airflow/example_dags/tutorial.py
[2025-02-22 09:53:51,773] {processor.py:651} INFO - DAG(s) dict_keys(['tutorial']) retrieved from /opt/conda/lib/python3.8/site-packages/airflow/example_dags/tutorial.py
[2025-02-22 09:53:51,785] {logging_mixin.py:115} INFO - [2025-02-22 09:53:51,785] {dag.py:2420} INFO - Sync 1 DAGs
[2025-02-22 09:53:51,799] {logging_mixin.py:115} INFO - [2025-02-22 09:53:51,799] {dag.py:2968} INFO - Setting next_dagrun for tutorial to 2025-02-21T09:53:51.798843+00:00, run_after=2025-02-22T09:53:51.798843+00:00
[2025-02-22 09:53:51,819] {processor.py:161} INFO - Processing /opt/conda/lib/python3.8/site-packages/airflow/example_dags/tutorial.py took 0.056 seconds
[2025-02-22 09:54:38,474] {processor.py:153} INFO - Started process (PID=14047) to work on /opt/conda/lib/python3.8/site-packages/airflow/example_dags/tutorial.py
[2025-02-22 09:54:38,476] {processor.py:641} INFO - Processing file /opt/conda/lib/python3.8/site-packages/airflow/example_dags/tutorial.py for tasks to queue
[2025-02-22 09:54:38,476] {logging_mixin.py:115} INFO - [2025-02-22 09:54:38,476] {dagbag.py:508} INFO - Filling up the DagBag from /opt/conda/lib/python3.8/site-packages/airflow/example_dags/tutorial.py
[2025-02-22 09:54:38,483] {processor.py:651} INFO - DAG(s) dict_keys(['tutorial']) retrieved from /opt/conda/lib/python3.8/site-packages/airflow/example_dags/tutorial.py
[2025-02-22 09:54:38,500] {logging_mixin.py:115} INFO - [2025-02-22 09:54:38,500] {dag.py:2420} INFO - Sync 1 DAGs
[2025-02-22 09:54:38,519] {logging_mixin.py:115} INFO - [2025-02-22 09:54:38,518] {dag.py:2968} INFO - Setting next_dagrun for tutorial to 2025-02-21T09:54:38.518582+00:00, run_after=2025-02-22T09:54:38.518582+00:00
[2025-02-22 09:54:38,542] {processor.py:161} INFO - Processing /opt/conda/lib/python3.8/site-packages/airflow/example_dags/tutorial.py took 0.072 seconds
[2025-02-22 09:55:32,286] {processor.py:153} INFO - Started process (PID=14219) to work on /opt/conda/lib/python3.8/site-packages/airflow/example_dags/tutorial.py
[2025-02-22 09:55:32,288] {processor.py:641} INFO - Processing file /opt/conda/lib/python3.8/site-packages/airflow/example_dags/tutorial.py for tasks to queue
[2025-02-22 09:55:32,288] {logging_mixin.py:115} INFO - [2025-02-22 09:55:32,288] {dagbag.py:508} INFO - Filling up the DagBag from /opt/conda/lib/python3.8/site-packages/airflow/example_dags/tutorial.py
[2025-02-22 09:55:32,294] {processor.py:651} INFO - DAG(s) dict_keys(['tutorial']) retrieved from /opt/conda/lib/python3.8/site-packages/airflow/example_dags/tutorial.py
[2025-02-22 09:55:32,310] {logging_mixin.py:115} INFO - [2025-02-22 09:55:32,310] {dag.py:2420} INFO - Sync 1 DAGs
[2025-02-22 09:55:32,328] {logging_mixin.py:115} INFO - [2025-02-22 09:55:32,328] {dag.py:2968} INFO - Setting next_dagrun for tutorial to 2025-02-21T09:55:32.328199+00:00, run_after=2025-02-22T09:55:32.328199+00:00
[2025-02-22 09:55:32,351] {processor.py:161} INFO - Processing /opt/conda/lib/python3.8/site-packages/airflow/example_dags/tutorial.py took 0.069 seconds
[2025-02-22 09:56:21,187] {processor.py:153} INFO - Started process (PID=14392) to work on /opt/conda/lib/python3.8/site-packages/airflow/example_dags/tutorial.py
[2025-02-22 09:56:21,189] {processor.py:641} INFO - Processing file /opt/conda/lib/python3.8/site-packages/airflow/example_dags/tutorial.py for tasks to queue
[2025-02-22 09:56:21,190] {logging_mixin.py:115} INFO - [2025-02-22 09:56:21,189] {dagbag.py:508} INFO - Filling up the DagBag from /opt/conda/lib/python3.8/site-packages/airflow/example_dags/tutorial.py
[2025-02-22 09:56:21,196] {processor.py:651} INFO - DAG(s) dict_keys(['tutorial']) retrieved from /opt/conda/lib/python3.8/site-packages/airflow/example_dags/tutorial.py
[2025-02-22 09:56:21,211] {logging_mixin.py:115} INFO - [2025-02-22 09:56:21,211] {dag.py:2420} INFO - Sync 1 DAGs
[2025-02-22 09:56:21,226] {logging_mixin.py:115} INFO - [2025-02-22 09:56:21,226] {dag.py:2968} INFO - Setting next_dagrun for tutorial to 2025-02-21T09:56:21.226545+00:00, run_after=2025-02-22T09:56:21.226545+00:00
[2025-02-22 09:56:21,248] {processor.py:161} INFO - Processing /opt/conda/lib/python3.8/site-packages/airflow/example_dags/tutorial.py took 0.064 seconds
[2025-02-22 09:57:04,879] {processor.py:153} INFO - Started process (PID=14554) to work on /opt/conda/lib/python3.8/site-packages/airflow/example_dags/tutorial.py
[2025-02-22 09:57:04,882] {processor.py:641} INFO - Processing file /opt/conda/lib/python3.8/site-packages/airflow/example_dags/tutorial.py for tasks to queue
[2025-02-22 09:57:04,882] {logging_mixin.py:115} INFO - [2025-02-22 09:57:04,882] {dagbag.py:508} INFO - Filling up the DagBag from /opt/conda/lib/python3.8/site-packages/airflow/example_dags/tutorial.py
[2025-02-22 09:57:04,888] {processor.py:651} INFO - DAG(s) dict_keys(['tutorial']) retrieved from /opt/conda/lib/python3.8/site-packages/airflow/example_dags/tutorial.py
[2025-02-22 09:57:04,906] {logging_mixin.py:115} INFO - [2025-02-22 09:57:04,906] {dag.py:2420} INFO - Sync 1 DAGs
[2025-02-22 09:57:04,925] {logging_mixin.py:115} INFO - [2025-02-22 09:57:04,925] {dag.py:2968} INFO - Setting next_dagrun for tutorial to 2025-02-21T09:57:04.925045+00:00, run_after=2025-02-22T09:57:04.925045+00:00
[2025-02-22 09:57:04,947] {processor.py:161} INFO - Processing /opt/conda/lib/python3.8/site-packages/airflow/example_dags/tutorial.py took 0.072 seconds
