[2025-02-22 09:46:51,207] {processor.py:153} INFO - Started process (PID=12494) to work on /opt/conda/lib/python3.8/site-packages/airflow/example_dags/tutorial_etl_dag.py
[2025-02-22 09:46:51,208] {processor.py:641} INFO - Processing file /opt/conda/lib/python3.8/site-packages/airflow/example_dags/tutorial_etl_dag.py for tasks to queue
[2025-02-22 09:46:51,208] {logging_mixin.py:115} INFO - [2025-02-22 09:46:51,208] {dagbag.py:508} INFO - Filling up the DagBag from /opt/conda/lib/python3.8/site-packages/airflow/example_dags/tutorial_etl_dag.py
[2025-02-22 09:46:51,342] {processor.py:651} INFO - DAG(s) dict_keys(['tutorial_etl_dag']) retrieved from /opt/conda/lib/python3.8/site-packages/airflow/example_dags/tutorial_etl_dag.py
[2025-02-22 09:46:51,351] {logging_mixin.py:115} INFO - [2025-02-22 09:46:51,351] {dag.py:2420} INFO - Sync 1 DAGs
[2025-02-22 09:46:51,362] {logging_mixin.py:115} INFO - [2025-02-22 09:46:51,362] {dag.py:2968} INFO - Setting next_dagrun for tutorial_etl_dag to None, run_after=None
[2025-02-22 09:46:51,382] {processor.py:161} INFO - Processing /opt/conda/lib/python3.8/site-packages/airflow/example_dags/tutorial_etl_dag.py took 0.178 seconds
[2025-02-22 09:47:41,387] {processor.py:153} INFO - Started process (PID=12661) to work on /opt/conda/lib/python3.8/site-packages/airflow/example_dags/tutorial_etl_dag.py
[2025-02-22 09:47:41,389] {processor.py:641} INFO - Processing file /opt/conda/lib/python3.8/site-packages/airflow/example_dags/tutorial_etl_dag.py for tasks to queue
[2025-02-22 09:47:41,389] {logging_mixin.py:115} INFO - [2025-02-22 09:47:41,389] {dagbag.py:508} INFO - Filling up the DagBag from /opt/conda/lib/python3.8/site-packages/airflow/example_dags/tutorial_etl_dag.py
[2025-02-22 09:47:41,504] {processor.py:651} INFO - DAG(s) dict_keys(['tutorial_etl_dag']) retrieved from /opt/conda/lib/python3.8/site-packages/airflow/example_dags/tutorial_etl_dag.py
[2025-02-22 09:47:41,512] {logging_mixin.py:115} INFO - [2025-02-22 09:47:41,512] {dag.py:2420} INFO - Sync 1 DAGs
[2025-02-22 09:47:41,523] {logging_mixin.py:115} INFO - [2025-02-22 09:47:41,523] {dag.py:2968} INFO - Setting next_dagrun for tutorial_etl_dag to None, run_after=None
[2025-02-22 09:47:41,543] {processor.py:161} INFO - Processing /opt/conda/lib/python3.8/site-packages/airflow/example_dags/tutorial_etl_dag.py took 0.159 seconds
[2025-02-22 09:48:19,896] {processor.py:153} INFO - Started process (PID=12779) to work on /opt/conda/lib/python3.8/site-packages/airflow/example_dags/tutorial_etl_dag.py
[2025-02-22 09:48:19,897] {processor.py:641} INFO - Processing file /opt/conda/lib/python3.8/site-packages/airflow/example_dags/tutorial_etl_dag.py for tasks to queue
[2025-02-22 09:48:19,898] {logging_mixin.py:115} INFO - [2025-02-22 09:48:19,898] {dagbag.py:508} INFO - Filling up the DagBag from /opt/conda/lib/python3.8/site-packages/airflow/example_dags/tutorial_etl_dag.py
[2025-02-22 09:48:20,040] {processor.py:651} INFO - DAG(s) dict_keys(['tutorial_etl_dag']) retrieved from /opt/conda/lib/python3.8/site-packages/airflow/example_dags/tutorial_etl_dag.py
[2025-02-22 09:48:20,049] {logging_mixin.py:115} INFO - [2025-02-22 09:48:20,049] {dag.py:2420} INFO - Sync 1 DAGs
[2025-02-22 09:48:20,059] {logging_mixin.py:115} INFO - [2025-02-22 09:48:20,059] {dag.py:2968} INFO - Setting next_dagrun for tutorial_etl_dag to None, run_after=None
[2025-02-22 09:48:20,079] {processor.py:161} INFO - Processing /opt/conda/lib/python3.8/site-packages/airflow/example_dags/tutorial_etl_dag.py took 0.186 seconds
[2025-02-22 09:49:04,646] {processor.py:153} INFO - Started process (PID=12918) to work on /opt/conda/lib/python3.8/site-packages/airflow/example_dags/tutorial_etl_dag.py
[2025-02-22 09:49:04,648] {processor.py:641} INFO - Processing file /opt/conda/lib/python3.8/site-packages/airflow/example_dags/tutorial_etl_dag.py for tasks to queue
[2025-02-22 09:49:04,648] {logging_mixin.py:115} INFO - [2025-02-22 09:49:04,648] {dagbag.py:508} INFO - Filling up the DagBag from /opt/conda/lib/python3.8/site-packages/airflow/example_dags/tutorial_etl_dag.py
[2025-02-22 09:49:04,766] {processor.py:651} INFO - DAG(s) dict_keys(['tutorial_etl_dag']) retrieved from /opt/conda/lib/python3.8/site-packages/airflow/example_dags/tutorial_etl_dag.py
[2025-02-22 09:49:04,775] {logging_mixin.py:115} INFO - [2025-02-22 09:49:04,775] {dag.py:2420} INFO - Sync 1 DAGs
[2025-02-22 09:49:04,786] {logging_mixin.py:115} INFO - [2025-02-22 09:49:04,786] {dag.py:2968} INFO - Setting next_dagrun for tutorial_etl_dag to None, run_after=None
[2025-02-22 09:49:04,806] {processor.py:161} INFO - Processing /opt/conda/lib/python3.8/site-packages/airflow/example_dags/tutorial_etl_dag.py took 0.164 seconds
[2025-02-22 09:49:49,122] {processor.py:153} INFO - Started process (PID=13065) to work on /opt/conda/lib/python3.8/site-packages/airflow/example_dags/tutorial_etl_dag.py
[2025-02-22 09:49:49,124] {processor.py:641} INFO - Processing file /opt/conda/lib/python3.8/site-packages/airflow/example_dags/tutorial_etl_dag.py for tasks to queue
[2025-02-22 09:49:49,125] {logging_mixin.py:115} INFO - [2025-02-22 09:49:49,125] {dagbag.py:508} INFO - Filling up the DagBag from /opt/conda/lib/python3.8/site-packages/airflow/example_dags/tutorial_etl_dag.py
[2025-02-22 09:49:49,237] {processor.py:651} INFO - DAG(s) dict_keys(['tutorial_etl_dag']) retrieved from /opt/conda/lib/python3.8/site-packages/airflow/example_dags/tutorial_etl_dag.py
[2025-02-22 09:49:49,246] {logging_mixin.py:115} INFO - [2025-02-22 09:49:49,246] {dag.py:2420} INFO - Sync 1 DAGs
[2025-02-22 09:49:49,257] {logging_mixin.py:115} INFO - [2025-02-22 09:49:49,257] {dag.py:2968} INFO - Setting next_dagrun for tutorial_etl_dag to None, run_after=None
[2025-02-22 09:49:49,276] {processor.py:161} INFO - Processing /opt/conda/lib/python3.8/site-packages/airflow/example_dags/tutorial_etl_dag.py took 0.156 seconds
[2025-02-22 09:50:26,974] {processor.py:153} INFO - Started process (PID=13204) to work on /opt/conda/lib/python3.8/site-packages/airflow/example_dags/tutorial_etl_dag.py
[2025-02-22 09:50:26,976] {processor.py:641} INFO - Processing file /opt/conda/lib/python3.8/site-packages/airflow/example_dags/tutorial_etl_dag.py for tasks to queue
[2025-02-22 09:50:26,976] {logging_mixin.py:115} INFO - [2025-02-22 09:50:26,976] {dagbag.py:508} INFO - Filling up the DagBag from /opt/conda/lib/python3.8/site-packages/airflow/example_dags/tutorial_etl_dag.py
[2025-02-22 09:50:27,093] {processor.py:651} INFO - DAG(s) dict_keys(['tutorial_etl_dag']) retrieved from /opt/conda/lib/python3.8/site-packages/airflow/example_dags/tutorial_etl_dag.py
[2025-02-22 09:50:27,102] {logging_mixin.py:115} INFO - [2025-02-22 09:50:27,102] {dag.py:2420} INFO - Sync 1 DAGs
[2025-02-22 09:50:27,113] {logging_mixin.py:115} INFO - [2025-02-22 09:50:27,113] {dag.py:2968} INFO - Setting next_dagrun for tutorial_etl_dag to None, run_after=None
[2025-02-22 09:50:27,134] {processor.py:161} INFO - Processing /opt/conda/lib/python3.8/site-packages/airflow/example_dags/tutorial_etl_dag.py took 0.163 seconds
[2025-02-22 09:51:11,544] {processor.py:153} INFO - Started process (PID=13348) to work on /opt/conda/lib/python3.8/site-packages/airflow/example_dags/tutorial_etl_dag.py
[2025-02-22 09:51:11,546] {processor.py:641} INFO - Processing file /opt/conda/lib/python3.8/site-packages/airflow/example_dags/tutorial_etl_dag.py for tasks to queue
[2025-02-22 09:51:11,546] {logging_mixin.py:115} INFO - [2025-02-22 09:51:11,546] {dagbag.py:508} INFO - Filling up the DagBag from /opt/conda/lib/python3.8/site-packages/airflow/example_dags/tutorial_etl_dag.py
[2025-02-22 09:51:11,661] {processor.py:651} INFO - DAG(s) dict_keys(['tutorial_etl_dag']) retrieved from /opt/conda/lib/python3.8/site-packages/airflow/example_dags/tutorial_etl_dag.py
[2025-02-22 09:51:11,670] {logging_mixin.py:115} INFO - [2025-02-22 09:51:11,670] {dag.py:2420} INFO - Sync 1 DAGs
[2025-02-22 09:51:11,680] {logging_mixin.py:115} INFO - [2025-02-22 09:51:11,680] {dag.py:2968} INFO - Setting next_dagrun for tutorial_etl_dag to None, run_after=None
[2025-02-22 09:51:11,700] {processor.py:161} INFO - Processing /opt/conda/lib/python3.8/site-packages/airflow/example_dags/tutorial_etl_dag.py took 0.159 seconds
[2025-02-22 09:51:54,718] {processor.py:153} INFO - Started process (PID=13500) to work on /opt/conda/lib/python3.8/site-packages/airflow/example_dags/tutorial_etl_dag.py
[2025-02-22 09:51:54,720] {processor.py:641} INFO - Processing file /opt/conda/lib/python3.8/site-packages/airflow/example_dags/tutorial_etl_dag.py for tasks to queue
[2025-02-22 09:51:54,721] {logging_mixin.py:115} INFO - [2025-02-22 09:51:54,720] {dagbag.py:508} INFO - Filling up the DagBag from /opt/conda/lib/python3.8/site-packages/airflow/example_dags/tutorial_etl_dag.py
[2025-02-22 09:51:54,728] {processor.py:651} INFO - DAG(s) dict_keys(['tutorial_etl_dag']) retrieved from /opt/conda/lib/python3.8/site-packages/airflow/example_dags/tutorial_etl_dag.py
[2025-02-22 09:51:54,745] {logging_mixin.py:115} INFO - [2025-02-22 09:51:54,745] {dag.py:2420} INFO - Sync 1 DAGs
[2025-02-22 09:51:54,764] {logging_mixin.py:115} INFO - [2025-02-22 09:51:54,764] {dag.py:2968} INFO - Setting next_dagrun for tutorial_etl_dag to None, run_after=None
[2025-02-22 09:51:55,008] {processor.py:161} INFO - Processing /opt/conda/lib/python3.8/site-packages/airflow/example_dags/tutorial_etl_dag.py took 0.293 seconds
[2025-02-22 09:52:36,859] {processor.py:153} INFO - Started process (PID=13635) to work on /opt/conda/lib/python3.8/site-packages/airflow/example_dags/tutorial_etl_dag.py
[2025-02-22 09:52:36,864] {processor.py:641} INFO - Processing file /opt/conda/lib/python3.8/site-packages/airflow/example_dags/tutorial_etl_dag.py for tasks to queue
[2025-02-22 09:52:36,865] {logging_mixin.py:115} INFO - [2025-02-22 09:52:36,865] {dagbag.py:508} INFO - Filling up the DagBag from /opt/conda/lib/python3.8/site-packages/airflow/example_dags/tutorial_etl_dag.py
[2025-02-22 09:52:36,873] {processor.py:651} INFO - DAG(s) dict_keys(['tutorial_etl_dag']) retrieved from /opt/conda/lib/python3.8/site-packages/airflow/example_dags/tutorial_etl_dag.py
[2025-02-22 09:52:36,889] {logging_mixin.py:115} INFO - [2025-02-22 09:52:36,889] {dag.py:2420} INFO - Sync 1 DAGs
[2025-02-22 09:52:36,907] {logging_mixin.py:115} INFO - [2025-02-22 09:52:36,907] {dag.py:2968} INFO - Setting next_dagrun for tutorial_etl_dag to None, run_after=None
[2025-02-22 09:52:36,927] {processor.py:161} INFO - Processing /opt/conda/lib/python3.8/site-packages/airflow/example_dags/tutorial_etl_dag.py took 0.072 seconds
[2025-02-22 09:53:12,719] {processor.py:153} INFO - Started process (PID=13752) to work on /opt/conda/lib/python3.8/site-packages/airflow/example_dags/tutorial_etl_dag.py
[2025-02-22 09:53:12,721] {processor.py:641} INFO - Processing file /opt/conda/lib/python3.8/site-packages/airflow/example_dags/tutorial_etl_dag.py for tasks to queue
[2025-02-22 09:53:12,721] {logging_mixin.py:115} INFO - [2025-02-22 09:53:12,721] {dagbag.py:508} INFO - Filling up the DagBag from /opt/conda/lib/python3.8/site-packages/airflow/example_dags/tutorial_etl_dag.py
[2025-02-22 09:53:12,729] {processor.py:651} INFO - DAG(s) dict_keys(['tutorial_etl_dag']) retrieved from /opt/conda/lib/python3.8/site-packages/airflow/example_dags/tutorial_etl_dag.py
[2025-02-22 09:53:12,743] {logging_mixin.py:115} INFO - [2025-02-22 09:53:12,743] {dag.py:2420} INFO - Sync 1 DAGs
[2025-02-22 09:53:12,757] {logging_mixin.py:115} INFO - [2025-02-22 09:53:12,757] {dag.py:2968} INFO - Setting next_dagrun for tutorial_etl_dag to None, run_after=None
[2025-02-22 09:53:12,778] {processor.py:161} INFO - Processing /opt/conda/lib/python3.8/site-packages/airflow/example_dags/tutorial_etl_dag.py took 0.062 seconds
[2025-02-22 09:53:45,829] {processor.py:153} INFO - Started process (PID=13874) to work on /opt/conda/lib/python3.8/site-packages/airflow/example_dags/tutorial_etl_dag.py
[2025-02-22 09:53:45,831] {processor.py:641} INFO - Processing file /opt/conda/lib/python3.8/site-packages/airflow/example_dags/tutorial_etl_dag.py for tasks to queue
[2025-02-22 09:53:45,832] {logging_mixin.py:115} INFO - [2025-02-22 09:53:45,831] {dagbag.py:508} INFO - Filling up the DagBag from /opt/conda/lib/python3.8/site-packages/airflow/example_dags/tutorial_etl_dag.py
[2025-02-22 09:53:45,838] {processor.py:651} INFO - DAG(s) dict_keys(['tutorial_etl_dag']) retrieved from /opt/conda/lib/python3.8/site-packages/airflow/example_dags/tutorial_etl_dag.py
[2025-02-22 09:53:45,849] {logging_mixin.py:115} INFO - [2025-02-22 09:53:45,849] {dag.py:2420} INFO - Sync 1 DAGs
[2025-02-22 09:53:45,862] {logging_mixin.py:115} INFO - [2025-02-22 09:53:45,862] {dag.py:2968} INFO - Setting next_dagrun for tutorial_etl_dag to None, run_after=None
[2025-02-22 09:53:45,883] {processor.py:161} INFO - Processing /opt/conda/lib/python3.8/site-packages/airflow/example_dags/tutorial_etl_dag.py took 0.057 seconds
[2025-02-22 09:54:18,883] {processor.py:153} INFO - Started process (PID=13977) to work on /opt/conda/lib/python3.8/site-packages/airflow/example_dags/tutorial_etl_dag.py
[2025-02-22 09:54:18,885] {processor.py:641} INFO - Processing file /opt/conda/lib/python3.8/site-packages/airflow/example_dags/tutorial_etl_dag.py for tasks to queue
[2025-02-22 09:54:18,886] {logging_mixin.py:115} INFO - [2025-02-22 09:54:18,886] {dagbag.py:508} INFO - Filling up the DagBag from /opt/conda/lib/python3.8/site-packages/airflow/example_dags/tutorial_etl_dag.py
[2025-02-22 09:54:18,893] {processor.py:651} INFO - DAG(s) dict_keys(['tutorial_etl_dag']) retrieved from /opt/conda/lib/python3.8/site-packages/airflow/example_dags/tutorial_etl_dag.py
[2025-02-22 09:54:18,908] {logging_mixin.py:115} INFO - [2025-02-22 09:54:18,908] {dag.py:2420} INFO - Sync 1 DAGs
[2025-02-22 09:54:18,922] {logging_mixin.py:115} INFO - [2025-02-22 09:54:18,922] {dag.py:2968} INFO - Setting next_dagrun for tutorial_etl_dag to None, run_after=None
[2025-02-22 09:54:18,948] {processor.py:161} INFO - Processing /opt/conda/lib/python3.8/site-packages/airflow/example_dags/tutorial_etl_dag.py took 0.068 seconds
[2025-02-22 09:54:54,066] {processor.py:153} INFO - Started process (PID=14092) to work on /opt/conda/lib/python3.8/site-packages/airflow/example_dags/tutorial_etl_dag.py
[2025-02-22 09:54:54,145] {processor.py:641} INFO - Processing file /opt/conda/lib/python3.8/site-packages/airflow/example_dags/tutorial_etl_dag.py for tasks to queue
[2025-02-22 09:54:54,146] {logging_mixin.py:115} INFO - [2025-02-22 09:54:54,146] {dagbag.py:508} INFO - Filling up the DagBag from /opt/conda/lib/python3.8/site-packages/airflow/example_dags/tutorial_etl_dag.py
[2025-02-22 09:54:54,155] {processor.py:651} INFO - DAG(s) dict_keys(['tutorial_etl_dag']) retrieved from /opt/conda/lib/python3.8/site-packages/airflow/example_dags/tutorial_etl_dag.py
[2025-02-22 09:54:54,171] {logging_mixin.py:115} INFO - [2025-02-22 09:54:54,171] {dag.py:2420} INFO - Sync 1 DAGs
[2025-02-22 09:54:54,189] {logging_mixin.py:115} INFO - [2025-02-22 09:54:54,189] {dag.py:2968} INFO - Setting next_dagrun for tutorial_etl_dag to None, run_after=None
[2025-02-22 09:54:54,212] {processor.py:161} INFO - Processing /opt/conda/lib/python3.8/site-packages/airflow/example_dags/tutorial_etl_dag.py took 0.149 seconds
[2025-02-22 09:55:36,726] {processor.py:153} INFO - Started process (PID=14229) to work on /opt/conda/lib/python3.8/site-packages/airflow/example_dags/tutorial_etl_dag.py
[2025-02-22 09:55:36,728] {processor.py:641} INFO - Processing file /opt/conda/lib/python3.8/site-packages/airflow/example_dags/tutorial_etl_dag.py for tasks to queue
[2025-02-22 09:55:36,729] {logging_mixin.py:115} INFO - [2025-02-22 09:55:36,728] {dagbag.py:508} INFO - Filling up the DagBag from /opt/conda/lib/python3.8/site-packages/airflow/example_dags/tutorial_etl_dag.py
[2025-02-22 09:55:36,736] {processor.py:651} INFO - DAG(s) dict_keys(['tutorial_etl_dag']) retrieved from /opt/conda/lib/python3.8/site-packages/airflow/example_dags/tutorial_etl_dag.py
[2025-02-22 09:55:36,751] {logging_mixin.py:115} INFO - [2025-02-22 09:55:36,751] {dag.py:2420} INFO - Sync 1 DAGs
[2025-02-22 09:55:36,766] {logging_mixin.py:115} INFO - [2025-02-22 09:55:36,766] {dag.py:2968} INFO - Setting next_dagrun for tutorial_etl_dag to None, run_after=None
[2025-02-22 09:55:36,792] {processor.py:161} INFO - Processing /opt/conda/lib/python3.8/site-packages/airflow/example_dags/tutorial_etl_dag.py took 0.069 seconds
[2025-02-22 09:56:14,523] {processor.py:153} INFO - Started process (PID=14371) to work on /opt/conda/lib/python3.8/site-packages/airflow/example_dags/tutorial_etl_dag.py
[2025-02-22 09:56:14,525] {processor.py:641} INFO - Processing file /opt/conda/lib/python3.8/site-packages/airflow/example_dags/tutorial_etl_dag.py for tasks to queue
[2025-02-22 09:56:14,525] {logging_mixin.py:115} INFO - [2025-02-22 09:56:14,525] {dagbag.py:508} INFO - Filling up the DagBag from /opt/conda/lib/python3.8/site-packages/airflow/example_dags/tutorial_etl_dag.py
[2025-02-22 09:56:14,533] {processor.py:651} INFO - DAG(s) dict_keys(['tutorial_etl_dag']) retrieved from /opt/conda/lib/python3.8/site-packages/airflow/example_dags/tutorial_etl_dag.py
[2025-02-22 09:56:14,550] {logging_mixin.py:115} INFO - [2025-02-22 09:56:14,550] {dag.py:2420} INFO - Sync 1 DAGs
[2025-02-22 09:56:14,568] {logging_mixin.py:115} INFO - [2025-02-22 09:56:14,568] {dag.py:2968} INFO - Setting next_dagrun for tutorial_etl_dag to None, run_after=None
[2025-02-22 09:56:14,592] {processor.py:161} INFO - Processing /opt/conda/lib/python3.8/site-packages/airflow/example_dags/tutorial_etl_dag.py took 0.073 seconds
[2025-02-22 09:56:48,091] {processor.py:153} INFO - Started process (PID=14484) to work on /opt/conda/lib/python3.8/site-packages/airflow/example_dags/tutorial_etl_dag.py
[2025-02-22 09:56:48,094] {processor.py:641} INFO - Processing file /opt/conda/lib/python3.8/site-packages/airflow/example_dags/tutorial_etl_dag.py for tasks to queue
[2025-02-22 09:56:48,094] {logging_mixin.py:115} INFO - [2025-02-22 09:56:48,094] {dagbag.py:508} INFO - Filling up the DagBag from /opt/conda/lib/python3.8/site-packages/airflow/example_dags/tutorial_etl_dag.py
[2025-02-22 09:56:48,102] {processor.py:651} INFO - DAG(s) dict_keys(['tutorial_etl_dag']) retrieved from /opt/conda/lib/python3.8/site-packages/airflow/example_dags/tutorial_etl_dag.py
[2025-02-22 09:56:48,117] {logging_mixin.py:115} INFO - [2025-02-22 09:56:48,117] {dag.py:2420} INFO - Sync 1 DAGs
[2025-02-22 09:56:48,131] {logging_mixin.py:115} INFO - [2025-02-22 09:56:48,131] {dag.py:2968} INFO - Setting next_dagrun for tutorial_etl_dag to None, run_after=None
[2025-02-22 09:56:48,153] {processor.py:161} INFO - Processing /opt/conda/lib/python3.8/site-packages/airflow/example_dags/tutorial_etl_dag.py took 0.065 seconds
[2025-02-22 09:57:21,626] {processor.py:153} INFO - Started process (PID=14594) to work on /opt/conda/lib/python3.8/site-packages/airflow/example_dags/tutorial_etl_dag.py
[2025-02-22 09:57:21,628] {processor.py:641} INFO - Processing file /opt/conda/lib/python3.8/site-packages/airflow/example_dags/tutorial_etl_dag.py for tasks to queue
[2025-02-22 09:57:21,629] {logging_mixin.py:115} INFO - [2025-02-22 09:57:21,629] {dagbag.py:508} INFO - Filling up the DagBag from /opt/conda/lib/python3.8/site-packages/airflow/example_dags/tutorial_etl_dag.py
[2025-02-22 09:57:21,636] {processor.py:651} INFO - DAG(s) dict_keys(['tutorial_etl_dag']) retrieved from /opt/conda/lib/python3.8/site-packages/airflow/example_dags/tutorial_etl_dag.py
[2025-02-22 09:57:21,653] {logging_mixin.py:115} INFO - [2025-02-22 09:57:21,653] {dag.py:2420} INFO - Sync 1 DAGs
[2025-02-22 09:57:21,672] {logging_mixin.py:115} INFO - [2025-02-22 09:57:21,672] {dag.py:2968} INFO - Setting next_dagrun for tutorial_etl_dag to None, run_after=None
[2025-02-22 09:57:21,697] {processor.py:161} INFO - Processing /opt/conda/lib/python3.8/site-packages/airflow/example_dags/tutorial_etl_dag.py took 0.075 seconds
