[2025-02-22 11:06:22,391] {taskinstance.py:1179} INFO - Dependencies all met for <TaskInstance: lead_scoring_data_pipeline.build_dbs scheduled__2024-03-26T00:00:00+00:00 [queued]>
[2025-02-22 11:06:22,395] {taskinstance.py:1179} INFO - Dependencies all met for <TaskInstance: lead_scoring_data_pipeline.build_dbs scheduled__2024-03-26T00:00:00+00:00 [queued]>
[2025-02-22 11:06:22,395] {taskinstance.py:1376} INFO - 
--------------------------------------------------------------------------------
[2025-02-22 11:06:22,395] {taskinstance.py:1377} INFO - Starting attempt 1 of 2
[2025-02-22 11:06:22,395] {taskinstance.py:1378} INFO - 
--------------------------------------------------------------------------------
[2025-02-22 11:06:22,416] {taskinstance.py:1397} INFO - Executing <Task(PythonOperator): build_dbs> on 2024-03-26 00:00:00+00:00
[2025-02-22 11:06:22,420] {standard_task_runner.py:52} INFO - Started process 51910 to run task
[2025-02-22 11:06:22,423] {standard_task_runner.py:79} INFO - Running: ['airflow', 'tasks', 'run', 'lead_scoring_data_pipeline', 'build_dbs', 'scheduled__2024-03-26T00:00:00+00:00', '--job-id', '153', '--raw', '--subdir', 'DAGS_FOLDER/lead_scoring_data_pipeline.py', '--cfg-path', '/tmp/tmpqtszqvsl', '--error-file', '/tmp/tmph31_61b6']
[2025-02-22 11:06:22,423] {standard_task_runner.py:80} INFO - Job 153: Subtask build_dbs
[2025-02-22 11:06:22,466] {task_command.py:371} INFO - Running <TaskInstance: lead_scoring_data_pipeline.build_dbs scheduled__2024-03-26T00:00:00+00:00 [running]> on host 3766485c0f6d
[2025-02-22 11:06:22,534] {taskinstance.py:1589} INFO - Exporting the following env vars:
AIRFLOW_CTX_DAG_OWNER=airflow
AIRFLOW_CTX_DAG_ID=lead_scoring_data_pipeline
AIRFLOW_CTX_TASK_ID=build_dbs
AIRFLOW_CTX_EXECUTION_DATE=2024-03-26T00:00:00+00:00
AIRFLOW_CTX_TRY_NUMBER=1
AIRFLOW_CTX_DAG_RUN_ID=scheduled__2024-03-26T00:00:00+00:00
[2025-02-22 11:06:22,535] {logging_mixin.py:115} INFO - Initializing Database at: /workspace/Assignment/01_data_pipeline/scripts/utils_output.db
[2025-02-22 11:06:22,535] {logging_mixin.py:115} INFO - Error in database initialization: unable to open database file
[2025-02-22 11:06:22,535] {python.py:173} INFO - Done. Returned value was: None
[2025-02-22 11:06:22,540] {taskinstance.py:1415} INFO - Marking task as SUCCESS. dag_id=lead_scoring_data_pipeline, task_id=build_dbs, execution_date=20240326T000000, start_date=20250222T110622, end_date=20250222T110622
[2025-02-22 11:06:22,594] {local_task_job.py:156} INFO - Task exited with return code 0
[2025-02-22 11:06:22,651] {local_task_job.py:273} INFO - 1 downstream tasks scheduled from follow-on schedule check
