[2025-02-22 11:09:26,120] {taskinstance.py:1179} INFO - Dependencies all met for <TaskInstance: lead_scoring_data_pipeline.map_city_tier scheduled__2024-04-14T00:00:00+00:00 [queued]>
[2025-02-22 11:09:26,125] {taskinstance.py:1179} INFO - Dependencies all met for <TaskInstance: lead_scoring_data_pipeline.map_city_tier scheduled__2024-04-14T00:00:00+00:00 [queued]>
[2025-02-22 11:09:26,125] {taskinstance.py:1376} INFO - 
--------------------------------------------------------------------------------
[2025-02-22 11:09:26,125] {taskinstance.py:1377} INFO - Starting attempt 1 of 2
[2025-02-22 11:09:26,125] {taskinstance.py:1378} INFO - 
--------------------------------------------------------------------------------
[2025-02-22 11:09:26,145] {taskinstance.py:1397} INFO - Executing <Task(PythonOperator): map_city_tier> on 2024-04-14 00:00:00+00:00
[2025-02-22 11:09:26,150] {standard_task_runner.py:52} INFO - Started process 53808 to run task
[2025-02-22 11:09:26,152] {standard_task_runner.py:79} INFO - Running: ['airflow', 'tasks', 'run', 'lead_scoring_data_pipeline', 'map_city_tier', 'scheduled__2024-04-14T00:00:00+00:00', '--job-id', '241', '--raw', '--subdir', 'DAGS_FOLDER/lead_scoring_data_pipeline.py', '--cfg-path', '/tmp/tmpxfcbz4vi', '--error-file', '/tmp/tmp1qjyrf24']
[2025-02-22 11:09:26,153] {standard_task_runner.py:80} INFO - Job 241: Subtask map_city_tier
[2025-02-22 11:09:26,197] {task_command.py:371} INFO - Running <TaskInstance: lead_scoring_data_pipeline.map_city_tier scheduled__2024-04-14T00:00:00+00:00 [running]> on host 3766485c0f6d
[2025-02-22 11:09:26,268] {taskinstance.py:1589} INFO - Exporting the following env vars:
AIRFLOW_CTX_DAG_OWNER=airflow
AIRFLOW_CTX_DAG_ID=lead_scoring_data_pipeline
AIRFLOW_CTX_TASK_ID=map_city_tier
AIRFLOW_CTX_EXECUTION_DATE=2024-04-14T00:00:00+00:00
AIRFLOW_CTX_TRY_NUMBER=1
AIRFLOW_CTX_DAG_RUN_ID=scheduled__2024-04-14T00:00:00+00:00
[2025-02-22 11:09:26,268] {logging_mixin.py:115} INFO - Using Database: /workspace/Assignment/01_data_pipeline/scripts/utils_output.db
[2025-02-22 11:09:26,269] {logging_mixin.py:115} INFO - Error in mapping city tiers: unable to open database file
[2025-02-22 11:09:26,269] {python.py:173} INFO - Done. Returned value was: None
[2025-02-22 11:09:26,273] {taskinstance.py:1415} INFO - Marking task as SUCCESS. dag_id=lead_scoring_data_pipeline, task_id=map_city_tier, execution_date=20240414T000000, start_date=20250222T110926, end_date=20250222T110926
[2025-02-22 11:09:26,324] {local_task_job.py:156} INFO - Task exited with return code 0
[2025-02-22 11:09:26,365] {local_task_job.py:273} INFO - 1 downstream tasks scheduled from follow-on schedule check
