[2025-02-22 11:15:56,856] {taskinstance.py:1179} INFO - Dependencies all met for <TaskInstance: lead_scoring_data_pipeline.map_categorical_vars scheduled__2024-05-30T00:00:00+00:00 [queued]>
[2025-02-22 11:15:56,860] {taskinstance.py:1179} INFO - Dependencies all met for <TaskInstance: lead_scoring_data_pipeline.map_categorical_vars scheduled__2024-05-30T00:00:00+00:00 [queued]>
[2025-02-22 11:15:56,860] {taskinstance.py:1376} INFO - 
--------------------------------------------------------------------------------
[2025-02-22 11:15:56,861] {taskinstance.py:1377} INFO - Starting attempt 1 of 2
[2025-02-22 11:15:56,861] {taskinstance.py:1378} INFO - 
--------------------------------------------------------------------------------
[2025-02-22 11:15:56,879] {taskinstance.py:1397} INFO - Executing <Task(PythonOperator): map_categorical_vars> on 2024-05-30 00:00:00+00:00
[2025-02-22 11:15:56,883] {standard_task_runner.py:52} INFO - Started process 57918 to run task
[2025-02-22 11:15:56,886] {standard_task_runner.py:79} INFO - Running: ['airflow', 'tasks', 'run', 'lead_scoring_data_pipeline', 'map_categorical_vars', 'scheduled__2024-05-30T00:00:00+00:00', '--job-id', '426', '--raw', '--subdir', 'DAGS_FOLDER/lead_scoring_data_pipeline.py', '--cfg-path', '/tmp/tmpyvfpuqho', '--error-file', '/tmp/tmp13y5c96t']
[2025-02-22 11:15:56,887] {standard_task_runner.py:80} INFO - Job 426: Subtask map_categorical_vars
[2025-02-22 11:15:56,933] {task_command.py:371} INFO - Running <TaskInstance: lead_scoring_data_pipeline.map_categorical_vars scheduled__2024-05-30T00:00:00+00:00 [running]> on host 3766485c0f6d
[2025-02-22 11:15:57,006] {taskinstance.py:1589} INFO - Exporting the following env vars:
AIRFLOW_CTX_DAG_OWNER=airflow
AIRFLOW_CTX_DAG_ID=lead_scoring_data_pipeline
AIRFLOW_CTX_TASK_ID=map_categorical_vars
AIRFLOW_CTX_EXECUTION_DATE=2024-05-30T00:00:00+00:00
AIRFLOW_CTX_TRY_NUMBER=1
AIRFLOW_CTX_DAG_RUN_ID=scheduled__2024-05-30T00:00:00+00:00
[2025-02-22 11:15:57,006] {logging_mixin.py:115} INFO - Using Database: /workspace/Assignment/01_data_pipeline/scripts/utils_output.db
[2025-02-22 11:15:57,006] {logging_mixin.py:115} INFO - Error in mapping categorical variables: unable to open database file
[2025-02-22 11:15:57,006] {python.py:173} INFO - Done. Returned value was: None
[2025-02-22 11:15:57,011] {taskinstance.py:1415} INFO - Marking task as SUCCESS. dag_id=lead_scoring_data_pipeline, task_id=map_categorical_vars, execution_date=20240530T000000, start_date=20250222T111556, end_date=20250222T111557
[2025-02-22 11:15:57,058] {local_task_job.py:156} INFO - Task exited with return code 0
[2025-02-22 11:15:57,084] {local_task_job.py:273} INFO - 0 downstream tasks scheduled from follow-on schedule check
