[2025-02-22 11:31:19,659] {taskinstance.py:1179} INFO - Dependencies all met for <TaskInstance: lead_scoring_data_pipeline.map_city_tier scheduled__2024-09-21T00:00:00+00:00 [queued]>
[2025-02-22 11:31:19,663] {taskinstance.py:1179} INFO - Dependencies all met for <TaskInstance: lead_scoring_data_pipeline.map_city_tier scheduled__2024-09-21T00:00:00+00:00 [queued]>
[2025-02-22 11:31:19,663] {taskinstance.py:1376} INFO - 
--------------------------------------------------------------------------------
[2025-02-22 11:31:19,663] {taskinstance.py:1377} INFO - Starting attempt 1 of 2
[2025-02-22 11:31:19,664] {taskinstance.py:1378} INFO - 
--------------------------------------------------------------------------------
[2025-02-22 11:31:19,680] {taskinstance.py:1397} INFO - Executing <Task(PythonOperator): map_city_tier> on 2024-09-21 00:00:00+00:00
[2025-02-22 11:31:19,684] {standard_task_runner.py:52} INFO - Started process 67631 to run task
[2025-02-22 11:31:19,687] {standard_task_runner.py:79} INFO - Running: ['airflow', 'tasks', 'run', 'lead_scoring_data_pipeline', 'map_city_tier', 'scheduled__2024-09-21T00:00:00+00:00', '--job-id', '878', '--raw', '--subdir', 'DAGS_FOLDER/lead_scoring_data_pipeline.py', '--cfg-path', '/tmp/tmpygifkds4', '--error-file', '/tmp/tmpc62irvdl']
[2025-02-22 11:31:19,688] {standard_task_runner.py:80} INFO - Job 878: Subtask map_city_tier
[2025-02-22 11:31:19,726] {task_command.py:371} INFO - Running <TaskInstance: lead_scoring_data_pipeline.map_city_tier scheduled__2024-09-21T00:00:00+00:00 [running]> on host 3766485c0f6d
[2025-02-22 11:31:19,795] {taskinstance.py:1589} INFO - Exporting the following env vars:
AIRFLOW_CTX_DAG_OWNER=airflow
AIRFLOW_CTX_DAG_ID=lead_scoring_data_pipeline
AIRFLOW_CTX_TASK_ID=map_city_tier
AIRFLOW_CTX_EXECUTION_DATE=2024-09-21T00:00:00+00:00
AIRFLOW_CTX_TRY_NUMBER=1
AIRFLOW_CTX_DAG_RUN_ID=scheduled__2024-09-21T00:00:00+00:00
[2025-02-22 11:31:19,796] {logging_mixin.py:115} INFO - Using Database: /workspace/Assignment/01_data_pipeline/scripts/utils_output.db
[2025-02-22 11:31:19,796] {logging_mixin.py:115} INFO - Error in mapping city tiers: unable to open database file
[2025-02-22 11:31:19,796] {python.py:173} INFO - Done. Returned value was: None
[2025-02-22 11:31:19,801] {taskinstance.py:1415} INFO - Marking task as SUCCESS. dag_id=lead_scoring_data_pipeline, task_id=map_city_tier, execution_date=20240921T000000, start_date=20250222T113119, end_date=20250222T113119
[2025-02-22 11:31:19,858] {local_task_job.py:156} INFO - Task exited with return code 0
[2025-02-22 11:31:19,899] {local_task_job.py:273} INFO - 1 downstream tasks scheduled from follow-on schedule check
