[2025-02-22 11:37:41,471] {taskinstance.py:1179} INFO - Dependencies all met for <TaskInstance: lead_scoring_data_pipeline.map_city_tier scheduled__2024-11-08T00:00:00+00:00 [queued]>
[2025-02-22 11:37:41,476] {taskinstance.py:1179} INFO - Dependencies all met for <TaskInstance: lead_scoring_data_pipeline.map_city_tier scheduled__2024-11-08T00:00:00+00:00 [queued]>
[2025-02-22 11:37:41,476] {taskinstance.py:1376} INFO - 
--------------------------------------------------------------------------------
[2025-02-22 11:37:41,476] {taskinstance.py:1377} INFO - Starting attempt 1 of 2
[2025-02-22 11:37:41,476] {taskinstance.py:1378} INFO - 
--------------------------------------------------------------------------------
[2025-02-22 11:37:41,494] {taskinstance.py:1397} INFO - Executing <Task(PythonOperator): map_city_tier> on 2024-11-08 00:00:00+00:00
[2025-02-22 11:37:41,499] {standard_task_runner.py:52} INFO - Started process 71748 to run task
[2025-02-22 11:37:41,502] {standard_task_runner.py:79} INFO - Running: ['airflow', 'tasks', 'run', 'lead_scoring_data_pipeline', 'map_city_tier', 'scheduled__2024-11-08T00:00:00+00:00', '--job-id', '1072', '--raw', '--subdir', 'DAGS_FOLDER/lead_scoring_data_pipeline.py', '--cfg-path', '/tmp/tmpbyclmepq', '--error-file', '/tmp/tmpdn_3tl74']
[2025-02-22 11:37:41,503] {standard_task_runner.py:80} INFO - Job 1072: Subtask map_city_tier
[2025-02-22 11:37:41,552] {task_command.py:371} INFO - Running <TaskInstance: lead_scoring_data_pipeline.map_city_tier scheduled__2024-11-08T00:00:00+00:00 [running]> on host 3766485c0f6d
[2025-02-22 11:37:41,630] {taskinstance.py:1589} INFO - Exporting the following env vars:
AIRFLOW_CTX_DAG_OWNER=airflow
AIRFLOW_CTX_DAG_ID=lead_scoring_data_pipeline
AIRFLOW_CTX_TASK_ID=map_city_tier
AIRFLOW_CTX_EXECUTION_DATE=2024-11-08T00:00:00+00:00
AIRFLOW_CTX_TRY_NUMBER=1
AIRFLOW_CTX_DAG_RUN_ID=scheduled__2024-11-08T00:00:00+00:00
[2025-02-22 11:37:41,631] {logging_mixin.py:115} INFO - Using Database: /workspace/Assignment/01_data_pipeline/scripts/utils_output.db
[2025-02-22 11:37:41,631] {logging_mixin.py:115} INFO - Error in mapping city tiers: unable to open database file
[2025-02-22 11:37:41,631] {python.py:173} INFO - Done. Returned value was: None
[2025-02-22 11:37:41,637] {taskinstance.py:1415} INFO - Marking task as SUCCESS. dag_id=lead_scoring_data_pipeline, task_id=map_city_tier, execution_date=20241108T000000, start_date=20250222T113741, end_date=20250222T113741
[2025-02-22 11:37:41,673] {local_task_job.py:156} INFO - Task exited with return code 0
[2025-02-22 11:37:41,717] {local_task_job.py:273} INFO - 1 downstream tasks scheduled from follow-on schedule check
