[2025-02-16 08:00:10,221] {processor.py:153} INFO - Started process (PID=3845) to work on /opt/conda/lib/python3.8/site-packages/airflow/example_dags/subdags/subdag.py
[2025-02-16 08:00:10,221] {processor.py:641} INFO - Processing file /opt/conda/lib/python3.8/site-packages/airflow/example_dags/subdags/subdag.py for tasks to queue
[2025-02-16 08:00:10,222] {logging_mixin.py:115} INFO - [2025-02-16 08:00:10,222] {dagbag.py:508} INFO - Filling up the DagBag from /opt/conda/lib/python3.8/site-packages/airflow/example_dags/subdags/subdag.py
[2025-02-16 08:00:10,223] {processor.py:653} WARNING - No viable dags retrieved from /opt/conda/lib/python3.8/site-packages/airflow/example_dags/subdags/subdag.py
[2025-02-16 08:00:10,235] {processor.py:161} INFO - Processing /opt/conda/lib/python3.8/site-packages/airflow/example_dags/subdags/subdag.py took 0.017 seconds
[2025-02-16 08:00:54,113] {processor.py:153} INFO - Started process (PID=3915) to work on /opt/conda/lib/python3.8/site-packages/airflow/example_dags/subdags/subdag.py
[2025-02-16 08:00:54,116] {processor.py:641} INFO - Processing file /opt/conda/lib/python3.8/site-packages/airflow/example_dags/subdags/subdag.py for tasks to queue
[2025-02-16 08:00:54,116] {logging_mixin.py:115} INFO - [2025-02-16 08:00:54,116] {dagbag.py:508} INFO - Filling up the DagBag from /opt/conda/lib/python3.8/site-packages/airflow/example_dags/subdags/subdag.py
[2025-02-16 08:00:54,118] {processor.py:653} WARNING - No viable dags retrieved from /opt/conda/lib/python3.8/site-packages/airflow/example_dags/subdags/subdag.py
[2025-02-16 08:00:54,128] {processor.py:161} INFO - Processing /opt/conda/lib/python3.8/site-packages/airflow/example_dags/subdags/subdag.py took 0.019 seconds
[2025-02-16 08:01:30,750] {processor.py:153} INFO - Started process (PID=3953) to work on /opt/conda/lib/python3.8/site-packages/airflow/example_dags/subdags/subdag.py
[2025-02-16 08:01:30,752] {processor.py:641} INFO - Processing file /opt/conda/lib/python3.8/site-packages/airflow/example_dags/subdags/subdag.py for tasks to queue
[2025-02-16 08:01:30,752] {logging_mixin.py:115} INFO - [2025-02-16 08:01:30,752] {dagbag.py:508} INFO - Filling up the DagBag from /opt/conda/lib/python3.8/site-packages/airflow/example_dags/subdags/subdag.py
[2025-02-16 08:01:30,753] {processor.py:653} WARNING - No viable dags retrieved from /opt/conda/lib/python3.8/site-packages/airflow/example_dags/subdags/subdag.py
[2025-02-16 08:01:30,764] {processor.py:161} INFO - Processing /opt/conda/lib/python3.8/site-packages/airflow/example_dags/subdags/subdag.py took 0.017 seconds
[2025-02-16 08:02:15,014] {processor.py:153} INFO - Started process (PID=3997) to work on /opt/conda/lib/python3.8/site-packages/airflow/example_dags/subdags/subdag.py
[2025-02-16 08:02:15,015] {processor.py:641} INFO - Processing file /opt/conda/lib/python3.8/site-packages/airflow/example_dags/subdags/subdag.py for tasks to queue
[2025-02-16 08:02:15,016] {logging_mixin.py:115} INFO - [2025-02-16 08:02:15,016] {dagbag.py:508} INFO - Filling up the DagBag from /opt/conda/lib/python3.8/site-packages/airflow/example_dags/subdags/subdag.py
[2025-02-16 08:02:15,017] {processor.py:653} WARNING - No viable dags retrieved from /opt/conda/lib/python3.8/site-packages/airflow/example_dags/subdags/subdag.py
[2025-02-16 08:02:15,028] {processor.py:161} INFO - Processing /opt/conda/lib/python3.8/site-packages/airflow/example_dags/subdags/subdag.py took 0.017 seconds
[2025-02-16 08:02:58,965] {processor.py:153} INFO - Started process (PID=4213) to work on /opt/conda/lib/python3.8/site-packages/airflow/example_dags/subdags/subdag.py
[2025-02-16 08:02:58,967] {processor.py:641} INFO - Processing file /opt/conda/lib/python3.8/site-packages/airflow/example_dags/subdags/subdag.py for tasks to queue
[2025-02-16 08:02:58,967] {logging_mixin.py:115} INFO - [2025-02-16 08:02:58,967] {dagbag.py:508} INFO - Filling up the DagBag from /opt/conda/lib/python3.8/site-packages/airflow/example_dags/subdags/subdag.py
[2025-02-16 08:02:58,969] {processor.py:653} WARNING - No viable dags retrieved from /opt/conda/lib/python3.8/site-packages/airflow/example_dags/subdags/subdag.py
[2025-02-16 08:02:58,979] {processor.py:161} INFO - Processing /opt/conda/lib/python3.8/site-packages/airflow/example_dags/subdags/subdag.py took 0.017 seconds
[2025-02-16 08:03:45,101] {processor.py:153} INFO - Started process (PID=4257) to work on /opt/conda/lib/python3.8/site-packages/airflow/example_dags/subdags/subdag.py
[2025-02-16 08:03:45,102] {processor.py:641} INFO - Processing file /opt/conda/lib/python3.8/site-packages/airflow/example_dags/subdags/subdag.py for tasks to queue
[2025-02-16 08:03:45,103] {logging_mixin.py:115} INFO - [2025-02-16 08:03:45,103] {dagbag.py:508} INFO - Filling up the DagBag from /opt/conda/lib/python3.8/site-packages/airflow/example_dags/subdags/subdag.py
[2025-02-16 08:03:45,104] {processor.py:653} WARNING - No viable dags retrieved from /opt/conda/lib/python3.8/site-packages/airflow/example_dags/subdags/subdag.py
[2025-02-16 08:03:45,115] {processor.py:161} INFO - Processing /opt/conda/lib/python3.8/site-packages/airflow/example_dags/subdags/subdag.py took 0.017 seconds
[2025-02-16 08:04:25,368] {processor.py:153} INFO - Started process (PID=4300) to work on /opt/conda/lib/python3.8/site-packages/airflow/example_dags/subdags/subdag.py
[2025-02-16 08:04:25,370] {processor.py:641} INFO - Processing file /opt/conda/lib/python3.8/site-packages/airflow/example_dags/subdags/subdag.py for tasks to queue
[2025-02-16 08:04:25,370] {logging_mixin.py:115} INFO - [2025-02-16 08:04:25,370] {dagbag.py:508} INFO - Filling up the DagBag from /opt/conda/lib/python3.8/site-packages/airflow/example_dags/subdags/subdag.py
[2025-02-16 08:04:25,372] {processor.py:653} WARNING - No viable dags retrieved from /opt/conda/lib/python3.8/site-packages/airflow/example_dags/subdags/subdag.py
[2025-02-16 08:04:25,383] {processor.py:161} INFO - Processing /opt/conda/lib/python3.8/site-packages/airflow/example_dags/subdags/subdag.py took 0.017 seconds
[2025-02-16 08:05:08,129] {processor.py:153} INFO - Started process (PID=4344) to work on /opt/conda/lib/python3.8/site-packages/airflow/example_dags/subdags/subdag.py
[2025-02-16 08:05:08,130] {processor.py:641} INFO - Processing file /opt/conda/lib/python3.8/site-packages/airflow/example_dags/subdags/subdag.py for tasks to queue
[2025-02-16 08:05:08,131] {logging_mixin.py:115} INFO - [2025-02-16 08:05:08,131] {dagbag.py:508} INFO - Filling up the DagBag from /opt/conda/lib/python3.8/site-packages/airflow/example_dags/subdags/subdag.py
[2025-02-16 08:05:08,132] {processor.py:653} WARNING - No viable dags retrieved from /opt/conda/lib/python3.8/site-packages/airflow/example_dags/subdags/subdag.py
[2025-02-16 08:05:08,143] {processor.py:161} INFO - Processing /opt/conda/lib/python3.8/site-packages/airflow/example_dags/subdags/subdag.py took 0.017 seconds
[2025-02-16 08:05:48,962] {processor.py:153} INFO - Started process (PID=4387) to work on /opt/conda/lib/python3.8/site-packages/airflow/example_dags/subdags/subdag.py
[2025-02-16 08:05:48,963] {processor.py:641} INFO - Processing file /opt/conda/lib/python3.8/site-packages/airflow/example_dags/subdags/subdag.py for tasks to queue
[2025-02-16 08:05:48,964] {logging_mixin.py:115} INFO - [2025-02-16 08:05:48,964] {dagbag.py:508} INFO - Filling up the DagBag from /opt/conda/lib/python3.8/site-packages/airflow/example_dags/subdags/subdag.py
[2025-02-16 08:05:48,965] {processor.py:653} WARNING - No viable dags retrieved from /opt/conda/lib/python3.8/site-packages/airflow/example_dags/subdags/subdag.py
[2025-02-16 08:05:48,976] {processor.py:161} INFO - Processing /opt/conda/lib/python3.8/site-packages/airflow/example_dags/subdags/subdag.py took 0.017 seconds
[2025-02-16 08:14:14,916] {processor.py:153} INFO - Started process (PID=5232) to work on /opt/conda/lib/python3.8/site-packages/airflow/example_dags/subdags/subdag.py
[2025-02-16 08:14:14,919] {processor.py:641} INFO - Processing file /opt/conda/lib/python3.8/site-packages/airflow/example_dags/subdags/subdag.py for tasks to queue
[2025-02-16 08:14:14,919] {logging_mixin.py:115} INFO - [2025-02-16 08:14:14,919] {dagbag.py:508} INFO - Filling up the DagBag from /opt/conda/lib/python3.8/site-packages/airflow/example_dags/subdags/subdag.py
[2025-02-16 08:14:14,920] {processor.py:653} WARNING - No viable dags retrieved from /opt/conda/lib/python3.8/site-packages/airflow/example_dags/subdags/subdag.py
[2025-02-16 08:14:14,930] {processor.py:161} INFO - Processing /opt/conda/lib/python3.8/site-packages/airflow/example_dags/subdags/subdag.py took 0.017 seconds
[2025-02-16 08:14:52,877] {processor.py:153} INFO - Started process (PID=5314) to work on /opt/conda/lib/python3.8/site-packages/airflow/example_dags/subdags/subdag.py
[2025-02-16 08:14:52,879] {processor.py:641} INFO - Processing file /opt/conda/lib/python3.8/site-packages/airflow/example_dags/subdags/subdag.py for tasks to queue
[2025-02-16 08:14:52,879] {logging_mixin.py:115} INFO - [2025-02-16 08:14:52,879] {dagbag.py:508} INFO - Filling up the DagBag from /opt/conda/lib/python3.8/site-packages/airflow/example_dags/subdags/subdag.py
[2025-02-16 08:14:52,880] {processor.py:653} WARNING - No viable dags retrieved from /opt/conda/lib/python3.8/site-packages/airflow/example_dags/subdags/subdag.py
[2025-02-16 08:14:52,891] {processor.py:161} INFO - Processing /opt/conda/lib/python3.8/site-packages/airflow/example_dags/subdags/subdag.py took 0.017 seconds
[2025-02-16 08:14:55,441] {processor.py:153} INFO - Started process (PID=5319) to work on /opt/conda/lib/python3.8/site-packages/airflow/example_dags/subdags/subdag.py
[2025-02-16 08:14:55,442] {processor.py:641} INFO - Processing file /opt/conda/lib/python3.8/site-packages/airflow/example_dags/subdags/subdag.py for tasks to queue
[2025-02-16 08:14:55,442] {logging_mixin.py:115} INFO - [2025-02-16 08:14:55,442] {dagbag.py:508} INFO - Filling up the DagBag from /opt/conda/lib/python3.8/site-packages/airflow/example_dags/subdags/subdag.py
[2025-02-16 08:14:55,443] {processor.py:653} WARNING - No viable dags retrieved from /opt/conda/lib/python3.8/site-packages/airflow/example_dags/subdags/subdag.py
[2025-02-16 08:14:55,453] {processor.py:161} INFO - Processing /opt/conda/lib/python3.8/site-packages/airflow/example_dags/subdags/subdag.py took 0.015 seconds
[2025-02-16 08:15:33,393] {processor.py:153} INFO - Started process (PID=5395) to work on /opt/conda/lib/python3.8/site-packages/airflow/example_dags/subdags/subdag.py
[2025-02-16 08:15:33,395] {processor.py:641} INFO - Processing file /opt/conda/lib/python3.8/site-packages/airflow/example_dags/subdags/subdag.py for tasks to queue
[2025-02-16 08:15:33,395] {logging_mixin.py:115} INFO - [2025-02-16 08:15:33,395] {dagbag.py:508} INFO - Filling up the DagBag from /opt/conda/lib/python3.8/site-packages/airflow/example_dags/subdags/subdag.py
[2025-02-16 08:15:33,397] {processor.py:653} WARNING - No viable dags retrieved from /opt/conda/lib/python3.8/site-packages/airflow/example_dags/subdags/subdag.py
[2025-02-16 08:15:33,407] {processor.py:161} INFO - Processing /opt/conda/lib/python3.8/site-packages/airflow/example_dags/subdags/subdag.py took 0.017 seconds
[2025-02-16 08:15:34,060] {processor.py:153} INFO - Started process (PID=5396) to work on /opt/conda/lib/python3.8/site-packages/airflow/example_dags/subdags/subdag.py
[2025-02-16 08:15:34,061] {processor.py:641} INFO - Processing file /opt/conda/lib/python3.8/site-packages/airflow/example_dags/subdags/subdag.py for tasks to queue
[2025-02-16 08:15:34,061] {logging_mixin.py:115} INFO - [2025-02-16 08:15:34,061] {dagbag.py:508} INFO - Filling up the DagBag from /opt/conda/lib/python3.8/site-packages/airflow/example_dags/subdags/subdag.py
[2025-02-16 08:15:34,062] {processor.py:653} WARNING - No viable dags retrieved from /opt/conda/lib/python3.8/site-packages/airflow/example_dags/subdags/subdag.py
[2025-02-16 08:15:34,073] {processor.py:161} INFO - Processing /opt/conda/lib/python3.8/site-packages/airflow/example_dags/subdags/subdag.py took 0.016 seconds
[2025-02-16 08:16:10,664] {processor.py:153} INFO - Started process (PID=5469) to work on /opt/conda/lib/python3.8/site-packages/airflow/example_dags/subdags/subdag.py
[2025-02-16 08:16:10,666] {processor.py:641} INFO - Processing file /opt/conda/lib/python3.8/site-packages/airflow/example_dags/subdags/subdag.py for tasks to queue
[2025-02-16 08:16:10,667] {logging_mixin.py:115} INFO - [2025-02-16 08:16:10,666] {dagbag.py:508} INFO - Filling up the DagBag from /opt/conda/lib/python3.8/site-packages/airflow/example_dags/subdags/subdag.py
[2025-02-16 08:16:10,668] {processor.py:653} WARNING - No viable dags retrieved from /opt/conda/lib/python3.8/site-packages/airflow/example_dags/subdags/subdag.py
[2025-02-16 08:16:10,678] {processor.py:161} INFO - Processing /opt/conda/lib/python3.8/site-packages/airflow/example_dags/subdags/subdag.py took 0.017 seconds
[2025-02-16 08:16:18,337] {processor.py:153} INFO - Started process (PID=5484) to work on /opt/conda/lib/python3.8/site-packages/airflow/example_dags/subdags/subdag.py
[2025-02-16 08:16:18,337] {processor.py:641} INFO - Processing file /opt/conda/lib/python3.8/site-packages/airflow/example_dags/subdags/subdag.py for tasks to queue
[2025-02-16 08:16:18,338] {logging_mixin.py:115} INFO - [2025-02-16 08:16:18,338] {dagbag.py:508} INFO - Filling up the DagBag from /opt/conda/lib/python3.8/site-packages/airflow/example_dags/subdags/subdag.py
[2025-02-16 08:16:18,339] {processor.py:653} WARNING - No viable dags retrieved from /opt/conda/lib/python3.8/site-packages/airflow/example_dags/subdags/subdag.py
[2025-02-16 08:16:18,349] {processor.py:161} INFO - Processing /opt/conda/lib/python3.8/site-packages/airflow/example_dags/subdags/subdag.py took 0.016 seconds
[2025-02-16 08:24:38,546] {processor.py:153} INFO - Started process (PID=6279) to work on /opt/conda/lib/python3.8/site-packages/airflow/example_dags/subdags/subdag.py
[2025-02-16 08:24:38,548] {processor.py:641} INFO - Processing file /opt/conda/lib/python3.8/site-packages/airflow/example_dags/subdags/subdag.py for tasks to queue
[2025-02-16 08:24:38,548] {logging_mixin.py:115} INFO - [2025-02-16 08:24:38,548] {dagbag.py:508} INFO - Filling up the DagBag from /opt/conda/lib/python3.8/site-packages/airflow/example_dags/subdags/subdag.py
[2025-02-16 08:24:38,549] {processor.py:653} WARNING - No viable dags retrieved from /opt/conda/lib/python3.8/site-packages/airflow/example_dags/subdags/subdag.py
[2025-02-16 08:24:38,560] {processor.py:161} INFO - Processing /opt/conda/lib/python3.8/site-packages/airflow/example_dags/subdags/subdag.py took 0.017 seconds
[2025-02-16 08:25:18,213] {processor.py:153} INFO - Started process (PID=6482) to work on /opt/conda/lib/python3.8/site-packages/airflow/example_dags/subdags/subdag.py
[2025-02-16 08:25:18,215] {processor.py:641} INFO - Processing file /opt/conda/lib/python3.8/site-packages/airflow/example_dags/subdags/subdag.py for tasks to queue
[2025-02-16 08:25:18,215] {logging_mixin.py:115} INFO - [2025-02-16 08:25:18,215] {dagbag.py:508} INFO - Filling up the DagBag from /opt/conda/lib/python3.8/site-packages/airflow/example_dags/subdags/subdag.py
[2025-02-16 08:25:18,216] {processor.py:653} WARNING - No viable dags retrieved from /opt/conda/lib/python3.8/site-packages/airflow/example_dags/subdags/subdag.py
[2025-02-16 08:25:18,226] {processor.py:161} INFO - Processing /opt/conda/lib/python3.8/site-packages/airflow/example_dags/subdags/subdag.py took 0.016 seconds
[2025-02-16 08:26:00,606] {processor.py:153} INFO - Started process (PID=6534) to work on /opt/conda/lib/python3.8/site-packages/airflow/example_dags/subdags/subdag.py
[2025-02-16 08:26:00,607] {processor.py:641} INFO - Processing file /opt/conda/lib/python3.8/site-packages/airflow/example_dags/subdags/subdag.py for tasks to queue
[2025-02-16 08:26:00,608] {logging_mixin.py:115} INFO - [2025-02-16 08:26:00,608] {dagbag.py:508} INFO - Filling up the DagBag from /opt/conda/lib/python3.8/site-packages/airflow/example_dags/subdags/subdag.py
[2025-02-16 08:26:00,609] {processor.py:653} WARNING - No viable dags retrieved from /opt/conda/lib/python3.8/site-packages/airflow/example_dags/subdags/subdag.py
[2025-02-16 08:26:00,620] {processor.py:161} INFO - Processing /opt/conda/lib/python3.8/site-packages/airflow/example_dags/subdags/subdag.py took 0.017 seconds
[2025-02-16 08:26:41,489] {processor.py:153} INFO - Started process (PID=6590) to work on /opt/conda/lib/python3.8/site-packages/airflow/example_dags/subdags/subdag.py
[2025-02-16 08:26:41,490] {processor.py:641} INFO - Processing file /opt/conda/lib/python3.8/site-packages/airflow/example_dags/subdags/subdag.py for tasks to queue
[2025-02-16 08:26:41,491] {logging_mixin.py:115} INFO - [2025-02-16 08:26:41,491] {dagbag.py:508} INFO - Filling up the DagBag from /opt/conda/lib/python3.8/site-packages/airflow/example_dags/subdags/subdag.py
[2025-02-16 08:26:41,492] {processor.py:653} WARNING - No viable dags retrieved from /opt/conda/lib/python3.8/site-packages/airflow/example_dags/subdags/subdag.py
[2025-02-16 08:26:41,503] {processor.py:161} INFO - Processing /opt/conda/lib/python3.8/site-packages/airflow/example_dags/subdags/subdag.py took 0.017 seconds
[2025-02-16 08:27:21,252] {processor.py:153} INFO - Started process (PID=6646) to work on /opt/conda/lib/python3.8/site-packages/airflow/example_dags/subdags/subdag.py
[2025-02-16 08:27:21,254] {processor.py:641} INFO - Processing file /opt/conda/lib/python3.8/site-packages/airflow/example_dags/subdags/subdag.py for tasks to queue
[2025-02-16 08:27:21,255] {logging_mixin.py:115} INFO - [2025-02-16 08:27:21,254] {dagbag.py:508} INFO - Filling up the DagBag from /opt/conda/lib/python3.8/site-packages/airflow/example_dags/subdags/subdag.py
[2025-02-16 08:27:21,256] {processor.py:653} WARNING - No viable dags retrieved from /opt/conda/lib/python3.8/site-packages/airflow/example_dags/subdags/subdag.py
[2025-02-16 08:27:21,267] {processor.py:161} INFO - Processing /opt/conda/lib/python3.8/site-packages/airflow/example_dags/subdags/subdag.py took 0.017 seconds
[2025-02-16 08:30:29,556] {processor.py:153} INFO - Started process (PID=6856) to work on /opt/conda/lib/python3.8/site-packages/airflow/example_dags/subdags/subdag.py
[2025-02-16 08:30:29,559] {processor.py:641} INFO - Processing file /opt/conda/lib/python3.8/site-packages/airflow/example_dags/subdags/subdag.py for tasks to queue
[2025-02-16 08:30:29,559] {logging_mixin.py:115} INFO - [2025-02-16 08:30:29,559] {dagbag.py:508} INFO - Filling up the DagBag from /opt/conda/lib/python3.8/site-packages/airflow/example_dags/subdags/subdag.py
[2025-02-16 08:30:29,561] {processor.py:653} WARNING - No viable dags retrieved from /opt/conda/lib/python3.8/site-packages/airflow/example_dags/subdags/subdag.py
[2025-02-16 08:30:29,571] {processor.py:161} INFO - Processing /opt/conda/lib/python3.8/site-packages/airflow/example_dags/subdags/subdag.py took 0.018 seconds
[2025-02-16 08:31:06,005] {processor.py:153} INFO - Started process (PID=6901) to work on /opt/conda/lib/python3.8/site-packages/airflow/example_dags/subdags/subdag.py
[2025-02-16 08:31:06,007] {processor.py:641} INFO - Processing file /opt/conda/lib/python3.8/site-packages/airflow/example_dags/subdags/subdag.py for tasks to queue
[2025-02-16 08:31:06,008] {logging_mixin.py:115} INFO - [2025-02-16 08:31:06,007] {dagbag.py:508} INFO - Filling up the DagBag from /opt/conda/lib/python3.8/site-packages/airflow/example_dags/subdags/subdag.py
[2025-02-16 08:31:06,009] {processor.py:653} WARNING - No viable dags retrieved from /opt/conda/lib/python3.8/site-packages/airflow/example_dags/subdags/subdag.py
[2025-02-16 08:31:06,020] {processor.py:161} INFO - Processing /opt/conda/lib/python3.8/site-packages/airflow/example_dags/subdags/subdag.py took 0.017 seconds
[2025-02-16 08:31:52,441] {processor.py:153} INFO - Started process (PID=7128) to work on /opt/conda/lib/python3.8/site-packages/airflow/example_dags/subdags/subdag.py
[2025-02-16 08:31:52,443] {processor.py:641} INFO - Processing file /opt/conda/lib/python3.8/site-packages/airflow/example_dags/subdags/subdag.py for tasks to queue
[2025-02-16 08:31:52,443] {logging_mixin.py:115} INFO - [2025-02-16 08:31:52,443] {dagbag.py:508} INFO - Filling up the DagBag from /opt/conda/lib/python3.8/site-packages/airflow/example_dags/subdags/subdag.py
[2025-02-16 08:31:52,445] {processor.py:653} WARNING - No viable dags retrieved from /opt/conda/lib/python3.8/site-packages/airflow/example_dags/subdags/subdag.py
[2025-02-16 08:31:52,455] {processor.py:161} INFO - Processing /opt/conda/lib/python3.8/site-packages/airflow/example_dags/subdags/subdag.py took 0.017 seconds
[2025-02-16 08:32:35,558] {processor.py:153} INFO - Started process (PID=7179) to work on /opt/conda/lib/python3.8/site-packages/airflow/example_dags/subdags/subdag.py
[2025-02-16 08:32:35,559] {processor.py:641} INFO - Processing file /opt/conda/lib/python3.8/site-packages/airflow/example_dags/subdags/subdag.py for tasks to queue
[2025-02-16 08:32:35,560] {logging_mixin.py:115} INFO - [2025-02-16 08:32:35,560] {dagbag.py:508} INFO - Filling up the DagBag from /opt/conda/lib/python3.8/site-packages/airflow/example_dags/subdags/subdag.py
[2025-02-16 08:32:35,561] {processor.py:653} WARNING - No viable dags retrieved from /opt/conda/lib/python3.8/site-packages/airflow/example_dags/subdags/subdag.py
[2025-02-16 08:32:35,572] {processor.py:161} INFO - Processing /opt/conda/lib/python3.8/site-packages/airflow/example_dags/subdags/subdag.py took 0.017 seconds
[2025-02-16 08:33:15,036] {processor.py:153} INFO - Started process (PID=7227) to work on /opt/conda/lib/python3.8/site-packages/airflow/example_dags/subdags/subdag.py
[2025-02-16 08:33:15,038] {processor.py:641} INFO - Processing file /opt/conda/lib/python3.8/site-packages/airflow/example_dags/subdags/subdag.py for tasks to queue
[2025-02-16 08:33:15,038] {logging_mixin.py:115} INFO - [2025-02-16 08:33:15,038] {dagbag.py:508} INFO - Filling up the DagBag from /opt/conda/lib/python3.8/site-packages/airflow/example_dags/subdags/subdag.py
[2025-02-16 08:33:15,039] {processor.py:653} WARNING - No viable dags retrieved from /opt/conda/lib/python3.8/site-packages/airflow/example_dags/subdags/subdag.py
[2025-02-16 08:33:15,050] {processor.py:161} INFO - Processing /opt/conda/lib/python3.8/site-packages/airflow/example_dags/subdags/subdag.py took 0.018 seconds
[2025-02-16 08:33:55,188] {processor.py:153} INFO - Started process (PID=7274) to work on /opt/conda/lib/python3.8/site-packages/airflow/example_dags/subdags/subdag.py
[2025-02-16 08:33:55,190] {processor.py:641} INFO - Processing file /opt/conda/lib/python3.8/site-packages/airflow/example_dags/subdags/subdag.py for tasks to queue
[2025-02-16 08:33:55,190] {logging_mixin.py:115} INFO - [2025-02-16 08:33:55,190] {dagbag.py:508} INFO - Filling up the DagBag from /opt/conda/lib/python3.8/site-packages/airflow/example_dags/subdags/subdag.py
[2025-02-16 08:33:55,191] {processor.py:653} WARNING - No viable dags retrieved from /opt/conda/lib/python3.8/site-packages/airflow/example_dags/subdags/subdag.py
[2025-02-16 08:33:55,202] {processor.py:161} INFO - Processing /opt/conda/lib/python3.8/site-packages/airflow/example_dags/subdags/subdag.py took 0.017 seconds
[2025-02-16 08:36:18,513] {processor.py:153} INFO - Started process (PID=7414) to work on /opt/conda/lib/python3.8/site-packages/airflow/example_dags/subdags/subdag.py
[2025-02-16 08:36:18,516] {processor.py:641} INFO - Processing file /opt/conda/lib/python3.8/site-packages/airflow/example_dags/subdags/subdag.py for tasks to queue
[2025-02-16 08:36:18,516] {logging_mixin.py:115} INFO - [2025-02-16 08:36:18,516] {dagbag.py:508} INFO - Filling up the DagBag from /opt/conda/lib/python3.8/site-packages/airflow/example_dags/subdags/subdag.py
[2025-02-16 08:36:18,518] {processor.py:653} WARNING - No viable dags retrieved from /opt/conda/lib/python3.8/site-packages/airflow/example_dags/subdags/subdag.py
[2025-02-16 08:36:18,529] {processor.py:161} INFO - Processing /opt/conda/lib/python3.8/site-packages/airflow/example_dags/subdags/subdag.py took 0.019 seconds
[2025-02-16 08:36:31,132] {processor.py:153} INFO - Started process (PID=7474) to work on /opt/conda/lib/python3.8/site-packages/airflow/example_dags/subdags/subdag.py
[2025-02-16 08:36:31,132] {processor.py:641} INFO - Processing file /opt/conda/lib/python3.8/site-packages/airflow/example_dags/subdags/subdag.py for tasks to queue
[2025-02-16 08:36:31,132] {logging_mixin.py:115} INFO - [2025-02-16 08:36:31,132] {dagbag.py:508} INFO - Filling up the DagBag from /opt/conda/lib/python3.8/site-packages/airflow/example_dags/subdags/subdag.py
[2025-02-16 08:36:31,133] {processor.py:653} WARNING - No viable dags retrieved from /opt/conda/lib/python3.8/site-packages/airflow/example_dags/subdags/subdag.py
[2025-02-16 08:36:31,142] {processor.py:161} INFO - Processing /opt/conda/lib/python3.8/site-packages/airflow/example_dags/subdags/subdag.py took 0.012 seconds
[2025-02-16 08:37:02,033] {processor.py:153} INFO - Started process (PID=7804) to work on /opt/conda/lib/python3.8/site-packages/airflow/example_dags/subdags/subdag.py
[2025-02-16 08:37:02,035] {processor.py:641} INFO - Processing file /opt/conda/lib/python3.8/site-packages/airflow/example_dags/subdags/subdag.py for tasks to queue
[2025-02-16 08:37:02,036] {logging_mixin.py:115} INFO - [2025-02-16 08:37:02,036] {dagbag.py:508} INFO - Filling up the DagBag from /opt/conda/lib/python3.8/site-packages/airflow/example_dags/subdags/subdag.py
[2025-02-16 08:37:02,037] {processor.py:653} WARNING - No viable dags retrieved from /opt/conda/lib/python3.8/site-packages/airflow/example_dags/subdags/subdag.py
[2025-02-16 08:37:02,056] {processor.py:161} INFO - Processing /opt/conda/lib/python3.8/site-packages/airflow/example_dags/subdags/subdag.py took 0.026 seconds
[2025-02-16 08:37:11,686] {processor.py:153} INFO - Started process (PID=7847) to work on /opt/conda/lib/python3.8/site-packages/airflow/example_dags/subdags/subdag.py
[2025-02-16 08:37:11,686] {processor.py:641} INFO - Processing file /opt/conda/lib/python3.8/site-packages/airflow/example_dags/subdags/subdag.py for tasks to queue
[2025-02-16 08:37:11,687] {logging_mixin.py:115} INFO - [2025-02-16 08:37:11,687] {dagbag.py:508} INFO - Filling up the DagBag from /opt/conda/lib/python3.8/site-packages/airflow/example_dags/subdags/subdag.py
[2025-02-16 08:37:11,689] {processor.py:653} WARNING - No viable dags retrieved from /opt/conda/lib/python3.8/site-packages/airflow/example_dags/subdags/subdag.py
[2025-02-16 08:37:11,699] {processor.py:161} INFO - Processing /opt/conda/lib/python3.8/site-packages/airflow/example_dags/subdags/subdag.py took 0.017 seconds
[2025-02-16 08:37:17,377] {processor.py:153} INFO - Started process (PID=7878) to work on /opt/conda/lib/python3.8/site-packages/airflow/example_dags/subdags/subdag.py
[2025-02-16 08:37:17,377] {processor.py:641} INFO - Processing file /opt/conda/lib/python3.8/site-packages/airflow/example_dags/subdags/subdag.py for tasks to queue
[2025-02-16 08:37:17,377] {logging_mixin.py:115} INFO - [2025-02-16 08:37:17,377] {dagbag.py:508} INFO - Filling up the DagBag from /opt/conda/lib/python3.8/site-packages/airflow/example_dags/subdags/subdag.py
[2025-02-16 08:37:17,379] {processor.py:653} WARNING - No viable dags retrieved from /opt/conda/lib/python3.8/site-packages/airflow/example_dags/subdags/subdag.py
[2025-02-16 08:37:17,389] {processor.py:161} INFO - Processing /opt/conda/lib/python3.8/site-packages/airflow/example_dags/subdags/subdag.py took 0.015 seconds
[2025-02-16 08:37:44,669] {processor.py:153} INFO - Started process (PID=8159) to work on /opt/conda/lib/python3.8/site-packages/airflow/example_dags/subdags/subdag.py
[2025-02-16 08:37:44,671] {processor.py:641} INFO - Processing file /opt/conda/lib/python3.8/site-packages/airflow/example_dags/subdags/subdag.py for tasks to queue
[2025-02-16 08:37:44,672] {logging_mixin.py:115} INFO - [2025-02-16 08:37:44,672] {dagbag.py:508} INFO - Filling up the DagBag from /opt/conda/lib/python3.8/site-packages/airflow/example_dags/subdags/subdag.py
[2025-02-16 08:37:44,673] {processor.py:653} WARNING - No viable dags retrieved from /opt/conda/lib/python3.8/site-packages/airflow/example_dags/subdags/subdag.py
[2025-02-16 08:37:44,684] {processor.py:161} INFO - Processing /opt/conda/lib/python3.8/site-packages/airflow/example_dags/subdags/subdag.py took 0.018 seconds
[2025-02-16 08:37:54,370] {processor.py:153} INFO - Started process (PID=8228) to work on /opt/conda/lib/python3.8/site-packages/airflow/example_dags/subdags/subdag.py
[2025-02-16 08:37:54,370] {processor.py:641} INFO - Processing file /opt/conda/lib/python3.8/site-packages/airflow/example_dags/subdags/subdag.py for tasks to queue
[2025-02-16 08:37:54,371] {logging_mixin.py:115} INFO - [2025-02-16 08:37:54,371] {dagbag.py:508} INFO - Filling up the DagBag from /opt/conda/lib/python3.8/site-packages/airflow/example_dags/subdags/subdag.py
[2025-02-16 08:37:54,372] {processor.py:653} WARNING - No viable dags retrieved from /opt/conda/lib/python3.8/site-packages/airflow/example_dags/subdags/subdag.py
[2025-02-16 08:37:54,382] {processor.py:161} INFO - Processing /opt/conda/lib/python3.8/site-packages/airflow/example_dags/subdags/subdag.py took 0.015 seconds
[2025-02-16 08:37:56,272] {processor.py:153} INFO - Started process (PID=8236) to work on /opt/conda/lib/python3.8/site-packages/airflow/example_dags/subdags/subdag.py
[2025-02-16 08:37:56,273] {processor.py:641} INFO - Processing file /opt/conda/lib/python3.8/site-packages/airflow/example_dags/subdags/subdag.py for tasks to queue
[2025-02-16 08:37:56,273] {logging_mixin.py:115} INFO - [2025-02-16 08:37:56,273] {dagbag.py:508} INFO - Filling up the DagBag from /opt/conda/lib/python3.8/site-packages/airflow/example_dags/subdags/subdag.py
[2025-02-16 08:37:56,275] {processor.py:653} WARNING - No viable dags retrieved from /opt/conda/lib/python3.8/site-packages/airflow/example_dags/subdags/subdag.py
[2025-02-16 08:37:56,285] {processor.py:161} INFO - Processing /opt/conda/lib/python3.8/site-packages/airflow/example_dags/subdags/subdag.py took 0.016 seconds
[2025-02-16 08:38:23,881] {processor.py:153} INFO - Started process (PID=8366) to work on /opt/conda/lib/python3.8/site-packages/airflow/example_dags/subdags/subdag.py
[2025-02-16 08:38:23,883] {processor.py:641} INFO - Processing file /opt/conda/lib/python3.8/site-packages/airflow/example_dags/subdags/subdag.py for tasks to queue
[2025-02-16 08:38:23,883] {logging_mixin.py:115} INFO - [2025-02-16 08:38:23,883] {dagbag.py:508} INFO - Filling up the DagBag from /opt/conda/lib/python3.8/site-packages/airflow/example_dags/subdags/subdag.py
[2025-02-16 08:38:23,885] {processor.py:653} WARNING - No viable dags retrieved from /opt/conda/lib/python3.8/site-packages/airflow/example_dags/subdags/subdag.py
[2025-02-16 08:38:23,896] {processor.py:161} INFO - Processing /opt/conda/lib/python3.8/site-packages/airflow/example_dags/subdags/subdag.py took 0.018 seconds
[2025-02-16 08:38:37,400] {processor.py:153} INFO - Started process (PID=8451) to work on /opt/conda/lib/python3.8/site-packages/airflow/example_dags/subdags/subdag.py
[2025-02-16 08:38:37,400] {processor.py:641} INFO - Processing file /opt/conda/lib/python3.8/site-packages/airflow/example_dags/subdags/subdag.py for tasks to queue
[2025-02-16 08:38:37,401] {logging_mixin.py:115} INFO - [2025-02-16 08:38:37,401] {dagbag.py:508} INFO - Filling up the DagBag from /opt/conda/lib/python3.8/site-packages/airflow/example_dags/subdags/subdag.py
[2025-02-16 08:38:37,402] {processor.py:653} WARNING - No viable dags retrieved from /opt/conda/lib/python3.8/site-packages/airflow/example_dags/subdags/subdag.py
[2025-02-16 08:38:37,413] {processor.py:161} INFO - Processing /opt/conda/lib/python3.8/site-packages/airflow/example_dags/subdags/subdag.py took 0.016 seconds
[2025-02-16 08:38:42,025] {processor.py:153} INFO - Started process (PID=8476) to work on /opt/conda/lib/python3.8/site-packages/airflow/example_dags/subdags/subdag.py
[2025-02-16 08:38:42,025] {processor.py:641} INFO - Processing file /opt/conda/lib/python3.8/site-packages/airflow/example_dags/subdags/subdag.py for tasks to queue
[2025-02-16 08:38:42,026] {logging_mixin.py:115} INFO - [2025-02-16 08:38:42,026] {dagbag.py:508} INFO - Filling up the DagBag from /opt/conda/lib/python3.8/site-packages/airflow/example_dags/subdags/subdag.py
[2025-02-16 08:38:42,028] {processor.py:653} WARNING - No viable dags retrieved from /opt/conda/lib/python3.8/site-packages/airflow/example_dags/subdags/subdag.py
[2025-02-16 08:38:42,040] {processor.py:161} INFO - Processing /opt/conda/lib/python3.8/site-packages/airflow/example_dags/subdags/subdag.py took 0.019 seconds
[2025-02-16 08:40:31,196] {processor.py:153} INFO - Started process (PID=8862) to work on /opt/conda/lib/python3.8/site-packages/airflow/example_dags/subdags/subdag.py
[2025-02-16 08:40:31,199] {processor.py:641} INFO - Processing file /opt/conda/lib/python3.8/site-packages/airflow/example_dags/subdags/subdag.py for tasks to queue
[2025-02-16 08:40:31,199] {logging_mixin.py:115} INFO - [2025-02-16 08:40:31,199] {dagbag.py:508} INFO - Filling up the DagBag from /opt/conda/lib/python3.8/site-packages/airflow/example_dags/subdags/subdag.py
[2025-02-16 08:40:31,201] {processor.py:653} WARNING - No viable dags retrieved from /opt/conda/lib/python3.8/site-packages/airflow/example_dags/subdags/subdag.py
[2025-02-16 08:40:31,211] {processor.py:161} INFO - Processing /opt/conda/lib/python3.8/site-packages/airflow/example_dags/subdags/subdag.py took 0.019 seconds
[2025-02-16 08:41:10,397] {processor.py:153} INFO - Started process (PID=8916) to work on /opt/conda/lib/python3.8/site-packages/airflow/example_dags/subdags/subdag.py
[2025-02-16 08:41:10,404] {processor.py:641} INFO - Processing file /opt/conda/lib/python3.8/site-packages/airflow/example_dags/subdags/subdag.py for tasks to queue
[2025-02-16 08:41:10,405] {logging_mixin.py:115} INFO - [2025-02-16 08:41:10,405] {dagbag.py:508} INFO - Filling up the DagBag from /opt/conda/lib/python3.8/site-packages/airflow/example_dags/subdags/subdag.py
[2025-02-16 08:41:10,406] {processor.py:653} WARNING - No viable dags retrieved from /opt/conda/lib/python3.8/site-packages/airflow/example_dags/subdags/subdag.py
[2025-02-16 08:41:10,417] {processor.py:161} INFO - Processing /opt/conda/lib/python3.8/site-packages/airflow/example_dags/subdags/subdag.py took 0.023 seconds
[2025-02-16 08:41:56,380] {processor.py:153} INFO - Started process (PID=9163) to work on /opt/conda/lib/python3.8/site-packages/airflow/example_dags/subdags/subdag.py
[2025-02-16 08:41:56,382] {processor.py:641} INFO - Processing file /opt/conda/lib/python3.8/site-packages/airflow/example_dags/subdags/subdag.py for tasks to queue
[2025-02-16 08:41:56,383] {logging_mixin.py:115} INFO - [2025-02-16 08:41:56,383] {dagbag.py:508} INFO - Filling up the DagBag from /opt/conda/lib/python3.8/site-packages/airflow/example_dags/subdags/subdag.py
[2025-02-16 08:41:56,384] {processor.py:653} WARNING - No viable dags retrieved from /opt/conda/lib/python3.8/site-packages/airflow/example_dags/subdags/subdag.py
[2025-02-16 08:41:56,395] {processor.py:161} INFO - Processing /opt/conda/lib/python3.8/site-packages/airflow/example_dags/subdags/subdag.py took 0.018 seconds
[2025-02-16 08:42:41,574] {processor.py:153} INFO - Started process (PID=9224) to work on /opt/conda/lib/python3.8/site-packages/airflow/example_dags/subdags/subdag.py
[2025-02-16 08:42:41,575] {processor.py:641} INFO - Processing file /opt/conda/lib/python3.8/site-packages/airflow/example_dags/subdags/subdag.py for tasks to queue
[2025-02-16 08:42:41,576] {logging_mixin.py:115} INFO - [2025-02-16 08:42:41,576] {dagbag.py:508} INFO - Filling up the DagBag from /opt/conda/lib/python3.8/site-packages/airflow/example_dags/subdags/subdag.py
[2025-02-16 08:42:41,577] {processor.py:653} WARNING - No viable dags retrieved from /opt/conda/lib/python3.8/site-packages/airflow/example_dags/subdags/subdag.py
[2025-02-16 08:42:41,588] {processor.py:161} INFO - Processing /opt/conda/lib/python3.8/site-packages/airflow/example_dags/subdags/subdag.py took 0.018 seconds
[2025-02-16 08:43:25,869] {processor.py:153} INFO - Started process (PID=9284) to work on /opt/conda/lib/python3.8/site-packages/airflow/example_dags/subdags/subdag.py
[2025-02-16 08:43:25,871] {processor.py:641} INFO - Processing file /opt/conda/lib/python3.8/site-packages/airflow/example_dags/subdags/subdag.py for tasks to queue
[2025-02-16 08:43:25,871] {logging_mixin.py:115} INFO - [2025-02-16 08:43:25,871] {dagbag.py:508} INFO - Filling up the DagBag from /opt/conda/lib/python3.8/site-packages/airflow/example_dags/subdags/subdag.py
[2025-02-16 08:43:25,873] {processor.py:653} WARNING - No viable dags retrieved from /opt/conda/lib/python3.8/site-packages/airflow/example_dags/subdags/subdag.py
[2025-02-16 08:43:25,884] {processor.py:161} INFO - Processing /opt/conda/lib/python3.8/site-packages/airflow/example_dags/subdags/subdag.py took 0.018 seconds
[2025-02-16 08:44:13,749] {processor.py:153} INFO - Started process (PID=9346) to work on /opt/conda/lib/python3.8/site-packages/airflow/example_dags/subdags/subdag.py
[2025-02-16 08:44:13,757] {processor.py:641} INFO - Processing file /opt/conda/lib/python3.8/site-packages/airflow/example_dags/subdags/subdag.py for tasks to queue
[2025-02-16 08:44:13,758] {logging_mixin.py:115} INFO - [2025-02-16 08:44:13,758] {dagbag.py:508} INFO - Filling up the DagBag from /opt/conda/lib/python3.8/site-packages/airflow/example_dags/subdags/subdag.py
[2025-02-16 08:44:13,759] {processor.py:653} WARNING - No viable dags retrieved from /opt/conda/lib/python3.8/site-packages/airflow/example_dags/subdags/subdag.py
[2025-02-16 08:44:13,770] {processor.py:161} INFO - Processing /opt/conda/lib/python3.8/site-packages/airflow/example_dags/subdags/subdag.py took 0.024 seconds
[2025-02-16 08:44:57,310] {processor.py:153} INFO - Started process (PID=9421) to work on /opt/conda/lib/python3.8/site-packages/airflow/example_dags/subdags/subdag.py
[2025-02-16 08:44:57,312] {processor.py:641} INFO - Processing file /opt/conda/lib/python3.8/site-packages/airflow/example_dags/subdags/subdag.py for tasks to queue
[2025-02-16 08:44:57,313] {logging_mixin.py:115} INFO - [2025-02-16 08:44:57,313] {dagbag.py:508} INFO - Filling up the DagBag from /opt/conda/lib/python3.8/site-packages/airflow/example_dags/subdags/subdag.py
[2025-02-16 08:44:57,314] {processor.py:653} WARNING - No viable dags retrieved from /opt/conda/lib/python3.8/site-packages/airflow/example_dags/subdags/subdag.py
[2025-02-16 08:44:57,325] {processor.py:161} INFO - Processing /opt/conda/lib/python3.8/site-packages/airflow/example_dags/subdags/subdag.py took 0.018 seconds
[2025-02-16 08:45:45,090] {processor.py:153} INFO - Started process (PID=9483) to work on /opt/conda/lib/python3.8/site-packages/airflow/example_dags/subdags/subdag.py
[2025-02-16 08:45:45,091] {processor.py:641} INFO - Processing file /opt/conda/lib/python3.8/site-packages/airflow/example_dags/subdags/subdag.py for tasks to queue
[2025-02-16 08:45:45,092] {logging_mixin.py:115} INFO - [2025-02-16 08:45:45,092] {dagbag.py:508} INFO - Filling up the DagBag from /opt/conda/lib/python3.8/site-packages/airflow/example_dags/subdags/subdag.py
[2025-02-16 08:45:45,093] {processor.py:653} WARNING - No viable dags retrieved from /opt/conda/lib/python3.8/site-packages/airflow/example_dags/subdags/subdag.py
[2025-02-16 08:45:45,104] {processor.py:161} INFO - Processing /opt/conda/lib/python3.8/site-packages/airflow/example_dags/subdags/subdag.py took 0.018 seconds
[2025-02-16 08:46:24,406] {processor.py:153} INFO - Started process (PID=9537) to work on /opt/conda/lib/python3.8/site-packages/airflow/example_dags/subdags/subdag.py
[2025-02-16 08:46:24,407] {processor.py:641} INFO - Processing file /opt/conda/lib/python3.8/site-packages/airflow/example_dags/subdags/subdag.py for tasks to queue
[2025-02-16 08:46:24,408] {logging_mixin.py:115} INFO - [2025-02-16 08:46:24,408] {dagbag.py:508} INFO - Filling up the DagBag from /opt/conda/lib/python3.8/site-packages/airflow/example_dags/subdags/subdag.py
[2025-02-16 08:46:24,409] {processor.py:653} WARNING - No viable dags retrieved from /opt/conda/lib/python3.8/site-packages/airflow/example_dags/subdags/subdag.py
[2025-02-16 08:46:24,420] {processor.py:161} INFO - Processing /opt/conda/lib/python3.8/site-packages/airflow/example_dags/subdags/subdag.py took 0.018 seconds
[2025-02-16 08:47:02,381] {processor.py:153} INFO - Started process (PID=9591) to work on /opt/conda/lib/python3.8/site-packages/airflow/example_dags/subdags/subdag.py
[2025-02-16 08:47:02,383] {processor.py:641} INFO - Processing file /opt/conda/lib/python3.8/site-packages/airflow/example_dags/subdags/subdag.py for tasks to queue
[2025-02-16 08:47:02,384] {logging_mixin.py:115} INFO - [2025-02-16 08:47:02,384] {dagbag.py:508} INFO - Filling up the DagBag from /opt/conda/lib/python3.8/site-packages/airflow/example_dags/subdags/subdag.py
[2025-02-16 08:47:02,385] {processor.py:653} WARNING - No viable dags retrieved from /opt/conda/lib/python3.8/site-packages/airflow/example_dags/subdags/subdag.py
[2025-02-16 08:47:02,395] {processor.py:161} INFO - Processing /opt/conda/lib/python3.8/site-packages/airflow/example_dags/subdags/subdag.py took 0.017 seconds
[2025-02-16 08:47:47,628] {processor.py:153} INFO - Started process (PID=9651) to work on /opt/conda/lib/python3.8/site-packages/airflow/example_dags/subdags/subdag.py
[2025-02-16 08:47:47,630] {processor.py:641} INFO - Processing file /opt/conda/lib/python3.8/site-packages/airflow/example_dags/subdags/subdag.py for tasks to queue
[2025-02-16 08:47:47,631] {logging_mixin.py:115} INFO - [2025-02-16 08:47:47,631] {dagbag.py:508} INFO - Filling up the DagBag from /opt/conda/lib/python3.8/site-packages/airflow/example_dags/subdags/subdag.py
[2025-02-16 08:47:47,632] {processor.py:653} WARNING - No viable dags retrieved from /opt/conda/lib/python3.8/site-packages/airflow/example_dags/subdags/subdag.py
[2025-02-16 08:47:47,643] {processor.py:161} INFO - Processing /opt/conda/lib/python3.8/site-packages/airflow/example_dags/subdags/subdag.py took 0.018 seconds
[2025-02-16 08:48:29,138] {processor.py:153} INFO - Started process (PID=9721) to work on /opt/conda/lib/python3.8/site-packages/airflow/example_dags/subdags/subdag.py
[2025-02-16 08:48:29,139] {processor.py:641} INFO - Processing file /opt/conda/lib/python3.8/site-packages/airflow/example_dags/subdags/subdag.py for tasks to queue
[2025-02-16 08:48:29,140] {logging_mixin.py:115} INFO - [2025-02-16 08:48:29,140] {dagbag.py:508} INFO - Filling up the DagBag from /opt/conda/lib/python3.8/site-packages/airflow/example_dags/subdags/subdag.py
[2025-02-16 08:48:29,141] {processor.py:653} WARNING - No viable dags retrieved from /opt/conda/lib/python3.8/site-packages/airflow/example_dags/subdags/subdag.py
[2025-02-16 08:48:29,152] {processor.py:161} INFO - Processing /opt/conda/lib/python3.8/site-packages/airflow/example_dags/subdags/subdag.py took 0.017 seconds
[2025-02-16 08:49:10,274] {processor.py:153} INFO - Started process (PID=9785) to work on /opt/conda/lib/python3.8/site-packages/airflow/example_dags/subdags/subdag.py
[2025-02-16 08:49:10,275] {processor.py:641} INFO - Processing file /opt/conda/lib/python3.8/site-packages/airflow/example_dags/subdags/subdag.py for tasks to queue
[2025-02-16 08:49:10,276] {logging_mixin.py:115} INFO - [2025-02-16 08:49:10,276] {dagbag.py:508} INFO - Filling up the DagBag from /opt/conda/lib/python3.8/site-packages/airflow/example_dags/subdags/subdag.py
[2025-02-16 08:49:10,278] {processor.py:653} WARNING - No viable dags retrieved from /opt/conda/lib/python3.8/site-packages/airflow/example_dags/subdags/subdag.py
[2025-02-16 08:49:10,290] {processor.py:161} INFO - Processing /opt/conda/lib/python3.8/site-packages/airflow/example_dags/subdags/subdag.py took 0.020 seconds
[2025-02-16 08:49:50,602] {processor.py:153} INFO - Started process (PID=9843) to work on /opt/conda/lib/python3.8/site-packages/airflow/example_dags/subdags/subdag.py
[2025-02-16 08:49:50,603] {processor.py:641} INFO - Processing file /opt/conda/lib/python3.8/site-packages/airflow/example_dags/subdags/subdag.py for tasks to queue
[2025-02-16 08:49:50,604] {logging_mixin.py:115} INFO - [2025-02-16 08:49:50,604] {dagbag.py:508} INFO - Filling up the DagBag from /opt/conda/lib/python3.8/site-packages/airflow/example_dags/subdags/subdag.py
[2025-02-16 08:49:50,605] {processor.py:653} WARNING - No viable dags retrieved from /opt/conda/lib/python3.8/site-packages/airflow/example_dags/subdags/subdag.py
[2025-02-16 08:49:50,616] {processor.py:161} INFO - Processing /opt/conda/lib/python3.8/site-packages/airflow/example_dags/subdags/subdag.py took 0.017 seconds
[2025-02-16 08:50:38,809] {processor.py:153} INFO - Started process (PID=9906) to work on /opt/conda/lib/python3.8/site-packages/airflow/example_dags/subdags/subdag.py
[2025-02-16 08:50:38,811] {processor.py:641} INFO - Processing file /opt/conda/lib/python3.8/site-packages/airflow/example_dags/subdags/subdag.py for tasks to queue
[2025-02-16 08:50:38,811] {logging_mixin.py:115} INFO - [2025-02-16 08:50:38,811] {dagbag.py:508} INFO - Filling up the DagBag from /opt/conda/lib/python3.8/site-packages/airflow/example_dags/subdags/subdag.py
[2025-02-16 08:50:38,812] {processor.py:653} WARNING - No viable dags retrieved from /opt/conda/lib/python3.8/site-packages/airflow/example_dags/subdags/subdag.py
[2025-02-16 08:50:38,822] {processor.py:161} INFO - Processing /opt/conda/lib/python3.8/site-packages/airflow/example_dags/subdags/subdag.py took 0.017 seconds
[2025-02-16 08:51:19,432] {processor.py:153} INFO - Started process (PID=9963) to work on /opt/conda/lib/python3.8/site-packages/airflow/example_dags/subdags/subdag.py
[2025-02-16 08:51:19,434] {processor.py:641} INFO - Processing file /opt/conda/lib/python3.8/site-packages/airflow/example_dags/subdags/subdag.py for tasks to queue
[2025-02-16 08:51:19,435] {logging_mixin.py:115} INFO - [2025-02-16 08:51:19,435] {dagbag.py:508} INFO - Filling up the DagBag from /opt/conda/lib/python3.8/site-packages/airflow/example_dags/subdags/subdag.py
[2025-02-16 08:51:19,436] {processor.py:653} WARNING - No viable dags retrieved from /opt/conda/lib/python3.8/site-packages/airflow/example_dags/subdags/subdag.py
[2025-02-16 08:51:19,447] {processor.py:161} INFO - Processing /opt/conda/lib/python3.8/site-packages/airflow/example_dags/subdags/subdag.py took 0.018 seconds
[2025-02-16 08:52:02,509] {processor.py:153} INFO - Started process (PID=10028) to work on /opt/conda/lib/python3.8/site-packages/airflow/example_dags/subdags/subdag.py
[2025-02-16 08:52:02,511] {processor.py:641} INFO - Processing file /opt/conda/lib/python3.8/site-packages/airflow/example_dags/subdags/subdag.py for tasks to queue
[2025-02-16 08:52:02,511] {logging_mixin.py:115} INFO - [2025-02-16 08:52:02,511] {dagbag.py:508} INFO - Filling up the DagBag from /opt/conda/lib/python3.8/site-packages/airflow/example_dags/subdags/subdag.py
[2025-02-16 08:52:02,513] {processor.py:653} WARNING - No viable dags retrieved from /opt/conda/lib/python3.8/site-packages/airflow/example_dags/subdags/subdag.py
[2025-02-16 08:52:02,523] {processor.py:161} INFO - Processing /opt/conda/lib/python3.8/site-packages/airflow/example_dags/subdags/subdag.py took 0.017 seconds
[2025-02-16 08:52:47,049] {processor.py:153} INFO - Started process (PID=10096) to work on /opt/conda/lib/python3.8/site-packages/airflow/example_dags/subdags/subdag.py
[2025-02-16 08:52:47,051] {processor.py:641} INFO - Processing file /opt/conda/lib/python3.8/site-packages/airflow/example_dags/subdags/subdag.py for tasks to queue
[2025-02-16 08:52:47,052] {logging_mixin.py:115} INFO - [2025-02-16 08:52:47,052] {dagbag.py:508} INFO - Filling up the DagBag from /opt/conda/lib/python3.8/site-packages/airflow/example_dags/subdags/subdag.py
[2025-02-16 08:52:47,053] {processor.py:653} WARNING - No viable dags retrieved from /opt/conda/lib/python3.8/site-packages/airflow/example_dags/subdags/subdag.py
[2025-02-16 08:52:47,064] {processor.py:161} INFO - Processing /opt/conda/lib/python3.8/site-packages/airflow/example_dags/subdags/subdag.py took 0.018 seconds
[2025-02-16 08:53:35,045] {processor.py:153} INFO - Started process (PID=10174) to work on /opt/conda/lib/python3.8/site-packages/airflow/example_dags/subdags/subdag.py
[2025-02-16 08:53:35,046] {processor.py:641} INFO - Processing file /opt/conda/lib/python3.8/site-packages/airflow/example_dags/subdags/subdag.py for tasks to queue
[2025-02-16 08:53:35,047] {logging_mixin.py:115} INFO - [2025-02-16 08:53:35,047] {dagbag.py:508} INFO - Filling up the DagBag from /opt/conda/lib/python3.8/site-packages/airflow/example_dags/subdags/subdag.py
[2025-02-16 08:53:35,048] {processor.py:653} WARNING - No viable dags retrieved from /opt/conda/lib/python3.8/site-packages/airflow/example_dags/subdags/subdag.py
[2025-02-16 08:53:35,058] {processor.py:161} INFO - Processing /opt/conda/lib/python3.8/site-packages/airflow/example_dags/subdags/subdag.py took 0.017 seconds
[2025-02-16 08:54:13,497] {processor.py:153} INFO - Started process (PID=10235) to work on /opt/conda/lib/python3.8/site-packages/airflow/example_dags/subdags/subdag.py
[2025-02-16 08:54:13,498] {processor.py:641} INFO - Processing file /opt/conda/lib/python3.8/site-packages/airflow/example_dags/subdags/subdag.py for tasks to queue
[2025-02-16 08:54:13,499] {logging_mixin.py:115} INFO - [2025-02-16 08:54:13,498] {dagbag.py:508} INFO - Filling up the DagBag from /opt/conda/lib/python3.8/site-packages/airflow/example_dags/subdags/subdag.py
[2025-02-16 08:54:13,500] {processor.py:653} WARNING - No viable dags retrieved from /opt/conda/lib/python3.8/site-packages/airflow/example_dags/subdags/subdag.py
[2025-02-16 08:54:13,838] {processor.py:164} ERROR - Got an exception! Propagating...
Traceback (most recent call last):
  File "/opt/conda/lib/python3.8/site-packages/sqlalchemy/engine/base.py", line 1900, in _execute_context
    self.dialect.do_execute(
  File "/opt/conda/lib/python3.8/site-packages/sqlalchemy/engine/default.py", line 732, in do_execute
    cursor.execute(statement, parameters)
sqlite3.OperationalError: no such table: import_error

The above exception was the direct cause of the following exception:

Traceback (most recent call last):
  File "/opt/conda/lib/python3.8/site-packages/airflow/dag_processing/processor.py", line 155, in _run_file_processor
    result: Tuple[int, int] = dag_file_processor.process_file(
  File "/opt/conda/lib/python3.8/site-packages/airflow/utils/session.py", line 71, in wrapper
    return func(*args, session=session, **kwargs)
  File "/opt/conda/lib/python3.8/site-packages/airflow/dag_processing/processor.py", line 654, in process_file
    self.update_import_errors(session, dagbag)
  File "/opt/conda/lib/python3.8/site-packages/airflow/dag_processing/processor.py", line 536, in update_import_errors
    session.query(errors.ImportError).filter(
  File "/opt/conda/lib/python3.8/site-packages/sqlalchemy/orm/query.py", line 3213, in delete
    result = self.session.execute(
  File "/opt/conda/lib/python3.8/site-packages/sqlalchemy/orm/session.py", line 1660, in execute
    ) = compile_state_cls.orm_pre_session_exec(
  File "/opt/conda/lib/python3.8/site-packages/sqlalchemy/orm/persistence.py", line 1852, in orm_pre_session_exec
    update_options = cls._do_pre_synchronize_fetch(
  File "/opt/conda/lib/python3.8/site-packages/sqlalchemy/orm/persistence.py", line 2088, in _do_pre_synchronize_fetch
    result = session.execute(
  File "/opt/conda/lib/python3.8/site-packages/sqlalchemy/orm/session.py", line 1712, in execute
    result = conn._execute_20(statement, params or {}, execution_options)
  File "/opt/conda/lib/python3.8/site-packages/sqlalchemy/engine/base.py", line 1705, in _execute_20
    return meth(self, args_10style, kwargs_10style, execution_options)
  File "/opt/conda/lib/python3.8/site-packages/sqlalchemy/sql/elements.py", line 333, in _execute_on_connection
    return connection._execute_clauseelement(
  File "/opt/conda/lib/python3.8/site-packages/sqlalchemy/engine/base.py", line 1572, in _execute_clauseelement
    ret = self._execute_context(
  File "/opt/conda/lib/python3.8/site-packages/sqlalchemy/engine/base.py", line 1943, in _execute_context
    self._handle_dbapi_exception(
  File "/opt/conda/lib/python3.8/site-packages/sqlalchemy/engine/base.py", line 2124, in _handle_dbapi_exception
    util.raise_(
  File "/opt/conda/lib/python3.8/site-packages/sqlalchemy/util/compat.py", line 208, in raise_
    raise exception
  File "/opt/conda/lib/python3.8/site-packages/sqlalchemy/engine/base.py", line 1900, in _execute_context
    self.dialect.do_execute(
  File "/opt/conda/lib/python3.8/site-packages/sqlalchemy/engine/default.py", line 732, in do_execute
    cursor.execute(statement, parameters)
sqlalchemy.exc.OperationalError: (sqlite3.OperationalError) no such table: import_error
[SQL: SELECT import_error.id 
FROM import_error 
WHERE (import_error.filename LIKE ? || '%')]
[parameters: ('/opt/conda/lib/python3.8/site-packages/airflow/example_dags/subdags/subdag.py',)]
(Background on this error at: https://sqlalche.me/e/14/e3q8)
[2025-02-16 08:57:03,081] {processor.py:153} INFO - Started process (PID=10323) to work on /opt/conda/lib/python3.8/site-packages/airflow/example_dags/subdags/subdag.py
[2025-02-16 08:57:03,084] {processor.py:641} INFO - Processing file /opt/conda/lib/python3.8/site-packages/airflow/example_dags/subdags/subdag.py for tasks to queue
[2025-02-16 08:57:03,084] {logging_mixin.py:115} INFO - [2025-02-16 08:57:03,084] {dagbag.py:508} INFO - Filling up the DagBag from /opt/conda/lib/python3.8/site-packages/airflow/example_dags/subdags/subdag.py
[2025-02-16 08:57:03,086] {processor.py:653} WARNING - No viable dags retrieved from /opt/conda/lib/python3.8/site-packages/airflow/example_dags/subdags/subdag.py
[2025-02-16 08:57:03,096] {processor.py:161} INFO - Processing /opt/conda/lib/python3.8/site-packages/airflow/example_dags/subdags/subdag.py took 0.017 seconds
[2025-02-16 08:57:41,756] {processor.py:153} INFO - Started process (PID=10377) to work on /opt/conda/lib/python3.8/site-packages/airflow/example_dags/subdags/subdag.py
[2025-02-16 08:57:41,758] {processor.py:641} INFO - Processing file /opt/conda/lib/python3.8/site-packages/airflow/example_dags/subdags/subdag.py for tasks to queue
[2025-02-16 08:57:41,759] {logging_mixin.py:115} INFO - [2025-02-16 08:57:41,759] {dagbag.py:508} INFO - Filling up the DagBag from /opt/conda/lib/python3.8/site-packages/airflow/example_dags/subdags/subdag.py
[2025-02-16 08:57:41,760] {processor.py:653} WARNING - No viable dags retrieved from /opt/conda/lib/python3.8/site-packages/airflow/example_dags/subdags/subdag.py
[2025-02-16 08:57:41,770] {processor.py:161} INFO - Processing /opt/conda/lib/python3.8/site-packages/airflow/example_dags/subdags/subdag.py took 0.017 seconds
[2025-02-16 08:58:27,237] {processor.py:153} INFO - Started process (PID=10456) to work on /opt/conda/lib/python3.8/site-packages/airflow/example_dags/subdags/subdag.py
[2025-02-16 08:58:27,239] {processor.py:641} INFO - Processing file /opt/conda/lib/python3.8/site-packages/airflow/example_dags/subdags/subdag.py for tasks to queue
[2025-02-16 08:58:27,240] {logging_mixin.py:115} INFO - [2025-02-16 08:58:27,239] {dagbag.py:508} INFO - Filling up the DagBag from /opt/conda/lib/python3.8/site-packages/airflow/example_dags/subdags/subdag.py
[2025-02-16 08:58:27,241] {processor.py:653} WARNING - No viable dags retrieved from /opt/conda/lib/python3.8/site-packages/airflow/example_dags/subdags/subdag.py
[2025-02-16 08:58:27,251] {processor.py:161} INFO - Processing /opt/conda/lib/python3.8/site-packages/airflow/example_dags/subdags/subdag.py took 0.017 seconds
[2025-02-16 08:59:07,542] {processor.py:153} INFO - Started process (PID=10511) to work on /opt/conda/lib/python3.8/site-packages/airflow/example_dags/subdags/subdag.py
[2025-02-16 08:59:07,543] {processor.py:641} INFO - Processing file /opt/conda/lib/python3.8/site-packages/airflow/example_dags/subdags/subdag.py for tasks to queue
[2025-02-16 08:59:07,544] {logging_mixin.py:115} INFO - [2025-02-16 08:59:07,544] {dagbag.py:508} INFO - Filling up the DagBag from /opt/conda/lib/python3.8/site-packages/airflow/example_dags/subdags/subdag.py
[2025-02-16 08:59:07,545] {processor.py:653} WARNING - No viable dags retrieved from /opt/conda/lib/python3.8/site-packages/airflow/example_dags/subdags/subdag.py
[2025-02-16 08:59:07,556] {processor.py:161} INFO - Processing /opt/conda/lib/python3.8/site-packages/airflow/example_dags/subdags/subdag.py took 0.017 seconds
[2025-02-16 08:59:49,184] {processor.py:153} INFO - Started process (PID=10744) to work on /opt/conda/lib/python3.8/site-packages/airflow/example_dags/subdags/subdag.py
[2025-02-16 08:59:49,186] {processor.py:641} INFO - Processing file /opt/conda/lib/python3.8/site-packages/airflow/example_dags/subdags/subdag.py for tasks to queue
[2025-02-16 08:59:49,186] {logging_mixin.py:115} INFO - [2025-02-16 08:59:49,186] {dagbag.py:508} INFO - Filling up the DagBag from /opt/conda/lib/python3.8/site-packages/airflow/example_dags/subdags/subdag.py
[2025-02-16 08:59:49,188] {processor.py:653} WARNING - No viable dags retrieved from /opt/conda/lib/python3.8/site-packages/airflow/example_dags/subdags/subdag.py
[2025-02-16 08:59:49,198] {processor.py:161} INFO - Processing /opt/conda/lib/python3.8/site-packages/airflow/example_dags/subdags/subdag.py took 0.017 seconds
[2025-02-16 09:00:33,489] {processor.py:153} INFO - Started process (PID=10806) to work on /opt/conda/lib/python3.8/site-packages/airflow/example_dags/subdags/subdag.py
[2025-02-16 09:00:33,490] {processor.py:641} INFO - Processing file /opt/conda/lib/python3.8/site-packages/airflow/example_dags/subdags/subdag.py for tasks to queue
[2025-02-16 09:00:33,491] {logging_mixin.py:115} INFO - [2025-02-16 09:00:33,491] {dagbag.py:508} INFO - Filling up the DagBag from /opt/conda/lib/python3.8/site-packages/airflow/example_dags/subdags/subdag.py
[2025-02-16 09:00:33,492] {processor.py:653} WARNING - No viable dags retrieved from /opt/conda/lib/python3.8/site-packages/airflow/example_dags/subdags/subdag.py
[2025-02-16 09:00:33,503] {processor.py:161} INFO - Processing /opt/conda/lib/python3.8/site-packages/airflow/example_dags/subdags/subdag.py took 0.017 seconds
[2025-02-16 09:01:22,365] {processor.py:153} INFO - Started process (PID=10880) to work on /opt/conda/lib/python3.8/site-packages/airflow/example_dags/subdags/subdag.py
[2025-02-16 09:01:22,367] {processor.py:641} INFO - Processing file /opt/conda/lib/python3.8/site-packages/airflow/example_dags/subdags/subdag.py for tasks to queue
[2025-02-16 09:01:22,367] {logging_mixin.py:115} INFO - [2025-02-16 09:01:22,367] {dagbag.py:508} INFO - Filling up the DagBag from /opt/conda/lib/python3.8/site-packages/airflow/example_dags/subdags/subdag.py
[2025-02-16 09:01:22,368] {processor.py:653} WARNING - No viable dags retrieved from /opt/conda/lib/python3.8/site-packages/airflow/example_dags/subdags/subdag.py
[2025-02-16 09:01:22,377] {processor.py:161} INFO - Processing /opt/conda/lib/python3.8/site-packages/airflow/example_dags/subdags/subdag.py took 0.015 seconds
[2025-02-16 09:02:04,024] {processor.py:153} INFO - Started process (PID=10966) to work on /opt/conda/lib/python3.8/site-packages/airflow/example_dags/subdags/subdag.py
[2025-02-16 09:02:04,025] {processor.py:641} INFO - Processing file /opt/conda/lib/python3.8/site-packages/airflow/example_dags/subdags/subdag.py for tasks to queue
[2025-02-16 09:02:04,026] {logging_mixin.py:115} INFO - [2025-02-16 09:02:04,026] {dagbag.py:508} INFO - Filling up the DagBag from /opt/conda/lib/python3.8/site-packages/airflow/example_dags/subdags/subdag.py
[2025-02-16 09:02:04,027] {processor.py:653} WARNING - No viable dags retrieved from /opt/conda/lib/python3.8/site-packages/airflow/example_dags/subdags/subdag.py
[2025-02-16 09:02:04,037] {processor.py:161} INFO - Processing /opt/conda/lib/python3.8/site-packages/airflow/example_dags/subdags/subdag.py took 0.017 seconds
[2025-02-16 09:02:49,586] {processor.py:153} INFO - Started process (PID=11027) to work on /opt/conda/lib/python3.8/site-packages/airflow/example_dags/subdags/subdag.py
[2025-02-16 09:02:49,587] {processor.py:641} INFO - Processing file /opt/conda/lib/python3.8/site-packages/airflow/example_dags/subdags/subdag.py for tasks to queue
[2025-02-16 09:02:49,588] {logging_mixin.py:115} INFO - [2025-02-16 09:02:49,588] {dagbag.py:508} INFO - Filling up the DagBag from /opt/conda/lib/python3.8/site-packages/airflow/example_dags/subdags/subdag.py
[2025-02-16 09:02:49,589] {processor.py:653} WARNING - No viable dags retrieved from /opt/conda/lib/python3.8/site-packages/airflow/example_dags/subdags/subdag.py
[2025-02-16 09:02:49,600] {processor.py:161} INFO - Processing /opt/conda/lib/python3.8/site-packages/airflow/example_dags/subdags/subdag.py took 0.017 seconds
[2025-02-16 09:03:34,785] {processor.py:153} INFO - Started process (PID=11099) to work on /opt/conda/lib/python3.8/site-packages/airflow/example_dags/subdags/subdag.py
[2025-02-16 09:03:34,786] {processor.py:641} INFO - Processing file /opt/conda/lib/python3.8/site-packages/airflow/example_dags/subdags/subdag.py for tasks to queue
[2025-02-16 09:03:34,787] {logging_mixin.py:115} INFO - [2025-02-16 09:03:34,787] {dagbag.py:508} INFO - Filling up the DagBag from /opt/conda/lib/python3.8/site-packages/airflow/example_dags/subdags/subdag.py
[2025-02-16 09:03:34,788] {processor.py:653} WARNING - No viable dags retrieved from /opt/conda/lib/python3.8/site-packages/airflow/example_dags/subdags/subdag.py
[2025-02-16 09:03:34,798] {processor.py:161} INFO - Processing /opt/conda/lib/python3.8/site-packages/airflow/example_dags/subdags/subdag.py took 0.017 seconds
[2025-02-16 09:04:16,029] {processor.py:153} INFO - Started process (PID=11155) to work on /opt/conda/lib/python3.8/site-packages/airflow/example_dags/subdags/subdag.py
[2025-02-16 09:04:16,030] {processor.py:641} INFO - Processing file /opt/conda/lib/python3.8/site-packages/airflow/example_dags/subdags/subdag.py for tasks to queue
[2025-02-16 09:04:16,031] {logging_mixin.py:115} INFO - [2025-02-16 09:04:16,031] {dagbag.py:508} INFO - Filling up the DagBag from /opt/conda/lib/python3.8/site-packages/airflow/example_dags/subdags/subdag.py
[2025-02-16 09:04:16,032] {processor.py:653} WARNING - No viable dags retrieved from /opt/conda/lib/python3.8/site-packages/airflow/example_dags/subdags/subdag.py
[2025-02-16 09:04:16,043] {processor.py:161} INFO - Processing /opt/conda/lib/python3.8/site-packages/airflow/example_dags/subdags/subdag.py took 0.017 seconds
[2025-02-16 09:04:57,068] {processor.py:153} INFO - Started process (PID=11221) to work on /opt/conda/lib/python3.8/site-packages/airflow/example_dags/subdags/subdag.py
[2025-02-16 09:04:57,070] {processor.py:641} INFO - Processing file /opt/conda/lib/python3.8/site-packages/airflow/example_dags/subdags/subdag.py for tasks to queue
[2025-02-16 09:04:57,070] {logging_mixin.py:115} INFO - [2025-02-16 09:04:57,070] {dagbag.py:508} INFO - Filling up the DagBag from /opt/conda/lib/python3.8/site-packages/airflow/example_dags/subdags/subdag.py
[2025-02-16 09:04:57,071] {processor.py:653} WARNING - No viable dags retrieved from /opt/conda/lib/python3.8/site-packages/airflow/example_dags/subdags/subdag.py
[2025-02-16 09:04:57,082] {processor.py:161} INFO - Processing /opt/conda/lib/python3.8/site-packages/airflow/example_dags/subdags/subdag.py took 0.017 seconds
[2025-02-16 09:05:40,391] {processor.py:153} INFO - Started process (PID=11294) to work on /opt/conda/lib/python3.8/site-packages/airflow/example_dags/subdags/subdag.py
[2025-02-16 09:05:40,393] {processor.py:641} INFO - Processing file /opt/conda/lib/python3.8/site-packages/airflow/example_dags/subdags/subdag.py for tasks to queue
[2025-02-16 09:05:40,393] {logging_mixin.py:115} INFO - [2025-02-16 09:05:40,393] {dagbag.py:508} INFO - Filling up the DagBag from /opt/conda/lib/python3.8/site-packages/airflow/example_dags/subdags/subdag.py
[2025-02-16 09:05:40,395] {processor.py:653} WARNING - No viable dags retrieved from /opt/conda/lib/python3.8/site-packages/airflow/example_dags/subdags/subdag.py
[2025-02-16 09:05:40,408] {processor.py:161} INFO - Processing /opt/conda/lib/python3.8/site-packages/airflow/example_dags/subdags/subdag.py took 0.020 seconds
[2025-02-16 09:06:25,870] {processor.py:153} INFO - Started process (PID=11364) to work on /opt/conda/lib/python3.8/site-packages/airflow/example_dags/subdags/subdag.py
[2025-02-16 09:06:25,871] {processor.py:641} INFO - Processing file /opt/conda/lib/python3.8/site-packages/airflow/example_dags/subdags/subdag.py for tasks to queue
[2025-02-16 09:06:25,872] {logging_mixin.py:115} INFO - [2025-02-16 09:06:25,872] {dagbag.py:508} INFO - Filling up the DagBag from /opt/conda/lib/python3.8/site-packages/airflow/example_dags/subdags/subdag.py
[2025-02-16 09:06:25,873] {processor.py:653} WARNING - No viable dags retrieved from /opt/conda/lib/python3.8/site-packages/airflow/example_dags/subdags/subdag.py
[2025-02-16 09:06:25,884] {processor.py:161} INFO - Processing /opt/conda/lib/python3.8/site-packages/airflow/example_dags/subdags/subdag.py took 0.017 seconds
[2025-02-16 09:07:06,712] {processor.py:153} INFO - Started process (PID=11429) to work on /opt/conda/lib/python3.8/site-packages/airflow/example_dags/subdags/subdag.py
[2025-02-16 09:07:06,714] {processor.py:641} INFO - Processing file /opt/conda/lib/python3.8/site-packages/airflow/example_dags/subdags/subdag.py for tasks to queue
[2025-02-16 09:07:06,714] {logging_mixin.py:115} INFO - [2025-02-16 09:07:06,714] {dagbag.py:508} INFO - Filling up the DagBag from /opt/conda/lib/python3.8/site-packages/airflow/example_dags/subdags/subdag.py
[2025-02-16 09:07:06,716] {processor.py:653} WARNING - No viable dags retrieved from /opt/conda/lib/python3.8/site-packages/airflow/example_dags/subdags/subdag.py
[2025-02-16 09:07:06,726] {processor.py:161} INFO - Processing /opt/conda/lib/python3.8/site-packages/airflow/example_dags/subdags/subdag.py took 0.017 seconds
[2025-02-16 09:07:52,356] {processor.py:153} INFO - Started process (PID=11521) to work on /opt/conda/lib/python3.8/site-packages/airflow/example_dags/subdags/subdag.py
[2025-02-16 09:07:52,358] {processor.py:641} INFO - Processing file /opt/conda/lib/python3.8/site-packages/airflow/example_dags/subdags/subdag.py for tasks to queue
[2025-02-16 09:07:52,358] {logging_mixin.py:115} INFO - [2025-02-16 09:07:52,358] {dagbag.py:508} INFO - Filling up the DagBag from /opt/conda/lib/python3.8/site-packages/airflow/example_dags/subdags/subdag.py
[2025-02-16 09:07:52,360] {processor.py:653} WARNING - No viable dags retrieved from /opt/conda/lib/python3.8/site-packages/airflow/example_dags/subdags/subdag.py
[2025-02-16 09:07:52,370] {processor.py:161} INFO - Processing /opt/conda/lib/python3.8/site-packages/airflow/example_dags/subdags/subdag.py took 0.017 seconds
[2025-02-16 09:08:33,876] {processor.py:153} INFO - Started process (PID=11592) to work on /opt/conda/lib/python3.8/site-packages/airflow/example_dags/subdags/subdag.py
[2025-02-16 09:08:33,878] {processor.py:641} INFO - Processing file /opt/conda/lib/python3.8/site-packages/airflow/example_dags/subdags/subdag.py for tasks to queue
[2025-02-16 09:08:33,878] {logging_mixin.py:115} INFO - [2025-02-16 09:08:33,878] {dagbag.py:508} INFO - Filling up the DagBag from /opt/conda/lib/python3.8/site-packages/airflow/example_dags/subdags/subdag.py
[2025-02-16 09:08:33,880] {processor.py:653} WARNING - No viable dags retrieved from /opt/conda/lib/python3.8/site-packages/airflow/example_dags/subdags/subdag.py
[2025-02-16 09:08:33,890] {processor.py:161} INFO - Processing /opt/conda/lib/python3.8/site-packages/airflow/example_dags/subdags/subdag.py took 0.017 seconds
[2025-02-16 09:09:17,440] {processor.py:153} INFO - Started process (PID=11676) to work on /opt/conda/lib/python3.8/site-packages/airflow/example_dags/subdags/subdag.py
[2025-02-16 09:09:17,442] {processor.py:641} INFO - Processing file /opt/conda/lib/python3.8/site-packages/airflow/example_dags/subdags/subdag.py for tasks to queue
[2025-02-16 09:09:17,442] {logging_mixin.py:115} INFO - [2025-02-16 09:09:17,442] {dagbag.py:508} INFO - Filling up the DagBag from /opt/conda/lib/python3.8/site-packages/airflow/example_dags/subdags/subdag.py
[2025-02-16 09:09:17,444] {processor.py:653} WARNING - No viable dags retrieved from /opt/conda/lib/python3.8/site-packages/airflow/example_dags/subdags/subdag.py
[2025-02-16 09:09:17,454] {processor.py:161} INFO - Processing /opt/conda/lib/python3.8/site-packages/airflow/example_dags/subdags/subdag.py took 0.017 seconds
[2025-02-16 09:09:58,113] {processor.py:153} INFO - Started process (PID=11748) to work on /opt/conda/lib/python3.8/site-packages/airflow/example_dags/subdags/subdag.py
[2025-02-16 09:09:58,114] {processor.py:641} INFO - Processing file /opt/conda/lib/python3.8/site-packages/airflow/example_dags/subdags/subdag.py for tasks to queue
[2025-02-16 09:09:58,115] {logging_mixin.py:115} INFO - [2025-02-16 09:09:58,115] {dagbag.py:508} INFO - Filling up the DagBag from /opt/conda/lib/python3.8/site-packages/airflow/example_dags/subdags/subdag.py
[2025-02-16 09:09:58,116] {processor.py:653} WARNING - No viable dags retrieved from /opt/conda/lib/python3.8/site-packages/airflow/example_dags/subdags/subdag.py
[2025-02-16 09:09:58,127] {processor.py:161} INFO - Processing /opt/conda/lib/python3.8/site-packages/airflow/example_dags/subdags/subdag.py took 0.017 seconds
[2025-02-16 09:10:37,629] {processor.py:153} INFO - Started process (PID=11811) to work on /opt/conda/lib/python3.8/site-packages/airflow/example_dags/subdags/subdag.py
[2025-02-16 09:10:37,630] {processor.py:641} INFO - Processing file /opt/conda/lib/python3.8/site-packages/airflow/example_dags/subdags/subdag.py for tasks to queue
[2025-02-16 09:10:37,631] {logging_mixin.py:115} INFO - [2025-02-16 09:10:37,631] {dagbag.py:508} INFO - Filling up the DagBag from /opt/conda/lib/python3.8/site-packages/airflow/example_dags/subdags/subdag.py
[2025-02-16 09:10:37,632] {processor.py:653} WARNING - No viable dags retrieved from /opt/conda/lib/python3.8/site-packages/airflow/example_dags/subdags/subdag.py
[2025-02-16 09:10:37,643] {processor.py:161} INFO - Processing /opt/conda/lib/python3.8/site-packages/airflow/example_dags/subdags/subdag.py took 0.017 seconds
[2025-02-16 09:11:16,540] {processor.py:153} INFO - Started process (PID=11874) to work on /opt/conda/lib/python3.8/site-packages/airflow/example_dags/subdags/subdag.py
[2025-02-16 09:11:16,542] {processor.py:641} INFO - Processing file /opt/conda/lib/python3.8/site-packages/airflow/example_dags/subdags/subdag.py for tasks to queue
[2025-02-16 09:11:16,542] {logging_mixin.py:115} INFO - [2025-02-16 09:11:16,542] {dagbag.py:508} INFO - Filling up the DagBag from /opt/conda/lib/python3.8/site-packages/airflow/example_dags/subdags/subdag.py
[2025-02-16 09:11:16,544] {processor.py:653} WARNING - No viable dags retrieved from /opt/conda/lib/python3.8/site-packages/airflow/example_dags/subdags/subdag.py
[2025-02-16 09:11:16,554] {processor.py:161} INFO - Processing /opt/conda/lib/python3.8/site-packages/airflow/example_dags/subdags/subdag.py took 0.017 seconds
[2025-02-16 09:12:06,181] {processor.py:153} INFO - Started process (PID=11954) to work on /opt/conda/lib/python3.8/site-packages/airflow/example_dags/subdags/subdag.py
[2025-02-16 09:12:06,182] {processor.py:641} INFO - Processing file /opt/conda/lib/python3.8/site-packages/airflow/example_dags/subdags/subdag.py for tasks to queue
[2025-02-16 09:12:06,183] {logging_mixin.py:115} INFO - [2025-02-16 09:12:06,183] {dagbag.py:508} INFO - Filling up the DagBag from /opt/conda/lib/python3.8/site-packages/airflow/example_dags/subdags/subdag.py
[2025-02-16 09:12:06,184] {processor.py:653} WARNING - No viable dags retrieved from /opt/conda/lib/python3.8/site-packages/airflow/example_dags/subdags/subdag.py
[2025-02-16 09:12:06,196] {processor.py:161} INFO - Processing /opt/conda/lib/python3.8/site-packages/airflow/example_dags/subdags/subdag.py took 0.019 seconds
[2025-02-16 09:12:50,925] {processor.py:153} INFO - Started process (PID=12202) to work on /opt/conda/lib/python3.8/site-packages/airflow/example_dags/subdags/subdag.py
[2025-02-16 09:12:50,927] {processor.py:641} INFO - Processing file /opt/conda/lib/python3.8/site-packages/airflow/example_dags/subdags/subdag.py for tasks to queue
[2025-02-16 09:12:50,927] {logging_mixin.py:115} INFO - [2025-02-16 09:12:50,927] {dagbag.py:508} INFO - Filling up the DagBag from /opt/conda/lib/python3.8/site-packages/airflow/example_dags/subdags/subdag.py
[2025-02-16 09:12:50,929] {processor.py:653} WARNING - No viable dags retrieved from /opt/conda/lib/python3.8/site-packages/airflow/example_dags/subdags/subdag.py
[2025-02-16 09:12:50,940] {processor.py:161} INFO - Processing /opt/conda/lib/python3.8/site-packages/airflow/example_dags/subdags/subdag.py took 0.018 seconds
[2025-02-16 09:13:31,633] {processor.py:153} INFO - Started process (PID=12270) to work on /opt/conda/lib/python3.8/site-packages/airflow/example_dags/subdags/subdag.py
[2025-02-16 09:13:31,635] {processor.py:641} INFO - Processing file /opt/conda/lib/python3.8/site-packages/airflow/example_dags/subdags/subdag.py for tasks to queue
[2025-02-16 09:13:31,636] {logging_mixin.py:115} INFO - [2025-02-16 09:13:31,636] {dagbag.py:508} INFO - Filling up the DagBag from /opt/conda/lib/python3.8/site-packages/airflow/example_dags/subdags/subdag.py
[2025-02-16 09:13:31,637] {processor.py:653} WARNING - No viable dags retrieved from /opt/conda/lib/python3.8/site-packages/airflow/example_dags/subdags/subdag.py
[2025-02-16 09:13:31,648] {processor.py:161} INFO - Processing /opt/conda/lib/python3.8/site-packages/airflow/example_dags/subdags/subdag.py took 0.017 seconds
[2025-02-16 09:14:17,061] {processor.py:153} INFO - Started process (PID=12357) to work on /opt/conda/lib/python3.8/site-packages/airflow/example_dags/subdags/subdag.py
[2025-02-16 09:14:17,062] {processor.py:641} INFO - Processing file /opt/conda/lib/python3.8/site-packages/airflow/example_dags/subdags/subdag.py for tasks to queue
[2025-02-16 09:14:17,063] {logging_mixin.py:115} INFO - [2025-02-16 09:14:17,063] {dagbag.py:508} INFO - Filling up the DagBag from /opt/conda/lib/python3.8/site-packages/airflow/example_dags/subdags/subdag.py
[2025-02-16 09:14:17,064] {processor.py:653} WARNING - No viable dags retrieved from /opt/conda/lib/python3.8/site-packages/airflow/example_dags/subdags/subdag.py
[2025-02-16 09:14:17,076] {processor.py:161} INFO - Processing /opt/conda/lib/python3.8/site-packages/airflow/example_dags/subdags/subdag.py took 0.018 seconds
[2025-02-16 09:15:04,824] {processor.py:153} INFO - Started process (PID=12444) to work on /opt/conda/lib/python3.8/site-packages/airflow/example_dags/subdags/subdag.py
[2025-02-16 09:15:04,825] {processor.py:641} INFO - Processing file /opt/conda/lib/python3.8/site-packages/airflow/example_dags/subdags/subdag.py for tasks to queue
[2025-02-16 09:15:04,826] {logging_mixin.py:115} INFO - [2025-02-16 09:15:04,826] {dagbag.py:508} INFO - Filling up the DagBag from /opt/conda/lib/python3.8/site-packages/airflow/example_dags/subdags/subdag.py
[2025-02-16 09:15:04,827] {processor.py:653} WARNING - No viable dags retrieved from /opt/conda/lib/python3.8/site-packages/airflow/example_dags/subdags/subdag.py
[2025-02-16 09:15:04,837] {processor.py:161} INFO - Processing /opt/conda/lib/python3.8/site-packages/airflow/example_dags/subdags/subdag.py took 0.017 seconds
[2025-02-16 09:15:53,124] {processor.py:153} INFO - Started process (PID=12532) to work on /opt/conda/lib/python3.8/site-packages/airflow/example_dags/subdags/subdag.py
[2025-02-16 09:15:53,126] {processor.py:641} INFO - Processing file /opt/conda/lib/python3.8/site-packages/airflow/example_dags/subdags/subdag.py for tasks to queue
[2025-02-16 09:15:53,126] {logging_mixin.py:115} INFO - [2025-02-16 09:15:53,126] {dagbag.py:508} INFO - Filling up the DagBag from /opt/conda/lib/python3.8/site-packages/airflow/example_dags/subdags/subdag.py
[2025-02-16 09:15:53,128] {processor.py:653} WARNING - No viable dags retrieved from /opt/conda/lib/python3.8/site-packages/airflow/example_dags/subdags/subdag.py
[2025-02-16 09:15:53,139] {processor.py:161} INFO - Processing /opt/conda/lib/python3.8/site-packages/airflow/example_dags/subdags/subdag.py took 0.017 seconds
[2025-02-16 09:16:39,880] {processor.py:153} INFO - Started process (PID=12611) to work on /opt/conda/lib/python3.8/site-packages/airflow/example_dags/subdags/subdag.py
[2025-02-16 09:16:39,882] {processor.py:641} INFO - Processing file /opt/conda/lib/python3.8/site-packages/airflow/example_dags/subdags/subdag.py for tasks to queue
[2025-02-16 09:16:39,882] {logging_mixin.py:115} INFO - [2025-02-16 09:16:39,882] {dagbag.py:508} INFO - Filling up the DagBag from /opt/conda/lib/python3.8/site-packages/airflow/example_dags/subdags/subdag.py
[2025-02-16 09:16:39,884] {processor.py:653} WARNING - No viable dags retrieved from /opt/conda/lib/python3.8/site-packages/airflow/example_dags/subdags/subdag.py
[2025-02-16 09:16:39,894] {processor.py:161} INFO - Processing /opt/conda/lib/python3.8/site-packages/airflow/example_dags/subdags/subdag.py took 0.017 seconds
[2025-02-16 09:17:23,702] {processor.py:153} INFO - Started process (PID=12686) to work on /opt/conda/lib/python3.8/site-packages/airflow/example_dags/subdags/subdag.py
[2025-02-16 09:17:23,703] {processor.py:641} INFO - Processing file /opt/conda/lib/python3.8/site-packages/airflow/example_dags/subdags/subdag.py for tasks to queue
[2025-02-16 09:17:23,704] {logging_mixin.py:115} INFO - [2025-02-16 09:17:23,704] {dagbag.py:508} INFO - Filling up the DagBag from /opt/conda/lib/python3.8/site-packages/airflow/example_dags/subdags/subdag.py
[2025-02-16 09:17:23,705] {processor.py:653} WARNING - No viable dags retrieved from /opt/conda/lib/python3.8/site-packages/airflow/example_dags/subdags/subdag.py
[2025-02-16 09:17:23,715] {processor.py:161} INFO - Processing /opt/conda/lib/python3.8/site-packages/airflow/example_dags/subdags/subdag.py took 0.017 seconds
[2025-02-16 09:18:09,616] {processor.py:153} INFO - Started process (PID=12761) to work on /opt/conda/lib/python3.8/site-packages/airflow/example_dags/subdags/subdag.py
[2025-02-16 09:18:09,618] {processor.py:641} INFO - Processing file /opt/conda/lib/python3.8/site-packages/airflow/example_dags/subdags/subdag.py for tasks to queue
[2025-02-16 09:18:09,618] {logging_mixin.py:115} INFO - [2025-02-16 09:18:09,618] {dagbag.py:508} INFO - Filling up the DagBag from /opt/conda/lib/python3.8/site-packages/airflow/example_dags/subdags/subdag.py
[2025-02-16 09:18:09,620] {processor.py:653} WARNING - No viable dags retrieved from /opt/conda/lib/python3.8/site-packages/airflow/example_dags/subdags/subdag.py
[2025-02-16 09:18:09,630] {processor.py:161} INFO - Processing /opt/conda/lib/python3.8/site-packages/airflow/example_dags/subdags/subdag.py took 0.017 seconds
[2025-02-16 09:18:50,820] {processor.py:153} INFO - Started process (PID=12845) to work on /opt/conda/lib/python3.8/site-packages/airflow/example_dags/subdags/subdag.py
[2025-02-16 09:18:50,821] {processor.py:641} INFO - Processing file /opt/conda/lib/python3.8/site-packages/airflow/example_dags/subdags/subdag.py for tasks to queue
[2025-02-16 09:18:50,822] {logging_mixin.py:115} INFO - [2025-02-16 09:18:50,822] {dagbag.py:508} INFO - Filling up the DagBag from /opt/conda/lib/python3.8/site-packages/airflow/example_dags/subdags/subdag.py
[2025-02-16 09:18:50,823] {processor.py:653} WARNING - No viable dags retrieved from /opt/conda/lib/python3.8/site-packages/airflow/example_dags/subdags/subdag.py
[2025-02-16 09:18:50,834] {processor.py:161} INFO - Processing /opt/conda/lib/python3.8/site-packages/airflow/example_dags/subdags/subdag.py took 0.017 seconds
[2025-02-16 09:19:36,330] {processor.py:153} INFO - Started process (PID=12928) to work on /opt/conda/lib/python3.8/site-packages/airflow/example_dags/subdags/subdag.py
[2025-02-16 09:19:36,332] {processor.py:641} INFO - Processing file /opt/conda/lib/python3.8/site-packages/airflow/example_dags/subdags/subdag.py for tasks to queue
[2025-02-16 09:19:36,333] {logging_mixin.py:115} INFO - [2025-02-16 09:19:36,332] {dagbag.py:508} INFO - Filling up the DagBag from /opt/conda/lib/python3.8/site-packages/airflow/example_dags/subdags/subdag.py
[2025-02-16 09:19:36,334] {processor.py:653} WARNING - No viable dags retrieved from /opt/conda/lib/python3.8/site-packages/airflow/example_dags/subdags/subdag.py
[2025-02-16 09:19:36,343] {processor.py:161} INFO - Processing /opt/conda/lib/python3.8/site-packages/airflow/example_dags/subdags/subdag.py took 0.016 seconds
[2025-02-16 09:20:23,257] {processor.py:153} INFO - Started process (PID=13004) to work on /opt/conda/lib/python3.8/site-packages/airflow/example_dags/subdags/subdag.py
[2025-02-16 09:20:23,258] {processor.py:641} INFO - Processing file /opt/conda/lib/python3.8/site-packages/airflow/example_dags/subdags/subdag.py for tasks to queue
[2025-02-16 09:20:23,259] {logging_mixin.py:115} INFO - [2025-02-16 09:20:23,258] {dagbag.py:508} INFO - Filling up the DagBag from /opt/conda/lib/python3.8/site-packages/airflow/example_dags/subdags/subdag.py
[2025-02-16 09:20:23,260] {processor.py:653} WARNING - No viable dags retrieved from /opt/conda/lib/python3.8/site-packages/airflow/example_dags/subdags/subdag.py
[2025-02-16 09:20:23,270] {processor.py:161} INFO - Processing /opt/conda/lib/python3.8/site-packages/airflow/example_dags/subdags/subdag.py took 0.017 seconds
[2025-02-16 09:21:07,948] {processor.py:153} INFO - Started process (PID=13087) to work on /opt/conda/lib/python3.8/site-packages/airflow/example_dags/subdags/subdag.py
[2025-02-16 09:21:07,949] {processor.py:641} INFO - Processing file /opt/conda/lib/python3.8/site-packages/airflow/example_dags/subdags/subdag.py for tasks to queue
[2025-02-16 09:21:07,950] {logging_mixin.py:115} INFO - [2025-02-16 09:21:07,950] {dagbag.py:508} INFO - Filling up the DagBag from /opt/conda/lib/python3.8/site-packages/airflow/example_dags/subdags/subdag.py
[2025-02-16 09:21:07,951] {processor.py:653} WARNING - No viable dags retrieved from /opt/conda/lib/python3.8/site-packages/airflow/example_dags/subdags/subdag.py
[2025-02-16 09:21:07,962] {processor.py:161} INFO - Processing /opt/conda/lib/python3.8/site-packages/airflow/example_dags/subdags/subdag.py took 0.017 seconds
[2025-02-16 09:21:50,372] {processor.py:153} INFO - Started process (PID=13155) to work on /opt/conda/lib/python3.8/site-packages/airflow/example_dags/subdags/subdag.py
[2025-02-16 09:21:50,374] {processor.py:641} INFO - Processing file /opt/conda/lib/python3.8/site-packages/airflow/example_dags/subdags/subdag.py for tasks to queue
[2025-02-16 09:21:50,374] {logging_mixin.py:115} INFO - [2025-02-16 09:21:50,374] {dagbag.py:508} INFO - Filling up the DagBag from /opt/conda/lib/python3.8/site-packages/airflow/example_dags/subdags/subdag.py
[2025-02-16 09:21:50,376] {processor.py:653} WARNING - No viable dags retrieved from /opt/conda/lib/python3.8/site-packages/airflow/example_dags/subdags/subdag.py
[2025-02-16 09:21:50,386] {processor.py:161} INFO - Processing /opt/conda/lib/python3.8/site-packages/airflow/example_dags/subdags/subdag.py took 0.017 seconds
[2025-02-16 09:23:38,600] {processor.py:153} INFO - Started process (PID=13384) to work on /opt/conda/lib/python3.8/site-packages/airflow/example_dags/subdags/subdag.py
[2025-02-16 09:23:38,602] {processor.py:641} INFO - Processing file /opt/conda/lib/python3.8/site-packages/airflow/example_dags/subdags/subdag.py for tasks to queue
[2025-02-16 09:23:38,602] {logging_mixin.py:115} INFO - [2025-02-16 09:23:38,602] {dagbag.py:508} INFO - Filling up the DagBag from /opt/conda/lib/python3.8/site-packages/airflow/example_dags/subdags/subdag.py
[2025-02-16 09:23:38,604] {processor.py:653} WARNING - No viable dags retrieved from /opt/conda/lib/python3.8/site-packages/airflow/example_dags/subdags/subdag.py
[2025-02-16 09:23:38,612] {processor.py:161} INFO - Processing /opt/conda/lib/python3.8/site-packages/airflow/example_dags/subdags/subdag.py took 0.015 seconds
[2025-02-16 09:24:00,346] {processor.py:153} INFO - Started process (PID=13451) to work on /opt/conda/lib/python3.8/site-packages/airflow/example_dags/subdags/subdag.py
[2025-02-16 09:24:00,346] {processor.py:641} INFO - Processing file /opt/conda/lib/python3.8/site-packages/airflow/example_dags/subdags/subdag.py for tasks to queue
[2025-02-16 09:24:00,347] {logging_mixin.py:115} INFO - [2025-02-16 09:24:00,347] {dagbag.py:508} INFO - Filling up the DagBag from /opt/conda/lib/python3.8/site-packages/airflow/example_dags/subdags/subdag.py
[2025-02-16 09:24:00,348] {processor.py:653} WARNING - No viable dags retrieved from /opt/conda/lib/python3.8/site-packages/airflow/example_dags/subdags/subdag.py
[2025-02-16 09:24:00,358] {processor.py:161} INFO - Processing /opt/conda/lib/python3.8/site-packages/airflow/example_dags/subdags/subdag.py took 0.015 seconds
[2025-02-16 09:24:20,589] {processor.py:153} INFO - Started process (PID=13545) to work on /opt/conda/lib/python3.8/site-packages/airflow/example_dags/subdags/subdag.py
[2025-02-16 09:24:20,591] {processor.py:641} INFO - Processing file /opt/conda/lib/python3.8/site-packages/airflow/example_dags/subdags/subdag.py for tasks to queue
[2025-02-16 09:24:20,591] {logging_mixin.py:115} INFO - [2025-02-16 09:24:20,591] {dagbag.py:508} INFO - Filling up the DagBag from /opt/conda/lib/python3.8/site-packages/airflow/example_dags/subdags/subdag.py
[2025-02-16 09:24:20,593] {processor.py:653} WARNING - No viable dags retrieved from /opt/conda/lib/python3.8/site-packages/airflow/example_dags/subdags/subdag.py
[2025-02-16 09:24:20,603] {processor.py:161} INFO - Processing /opt/conda/lib/python3.8/site-packages/airflow/example_dags/subdags/subdag.py took 0.017 seconds
[2025-02-16 09:24:44,068] {processor.py:153} INFO - Started process (PID=13660) to work on /opt/conda/lib/python3.8/site-packages/airflow/example_dags/subdags/subdag.py
[2025-02-16 09:24:44,069] {processor.py:641} INFO - Processing file /opt/conda/lib/python3.8/site-packages/airflow/example_dags/subdags/subdag.py for tasks to queue
[2025-02-16 09:24:44,069] {logging_mixin.py:115} INFO - [2025-02-16 09:24:44,069] {dagbag.py:508} INFO - Filling up the DagBag from /opt/conda/lib/python3.8/site-packages/airflow/example_dags/subdags/subdag.py
[2025-02-16 09:24:44,071] {processor.py:653} WARNING - No viable dags retrieved from /opt/conda/lib/python3.8/site-packages/airflow/example_dags/subdags/subdag.py
[2025-02-16 09:24:44,081] {processor.py:161} INFO - Processing /opt/conda/lib/python3.8/site-packages/airflow/example_dags/subdags/subdag.py took 0.016 seconds
[2025-02-16 09:24:58,256] {processor.py:153} INFO - Started process (PID=13734) to work on /opt/conda/lib/python3.8/site-packages/airflow/example_dags/subdags/subdag.py
[2025-02-16 09:24:58,258] {processor.py:641} INFO - Processing file /opt/conda/lib/python3.8/site-packages/airflow/example_dags/subdags/subdag.py for tasks to queue
[2025-02-16 09:24:58,258] {logging_mixin.py:115} INFO - [2025-02-16 09:24:58,258] {dagbag.py:508} INFO - Filling up the DagBag from /opt/conda/lib/python3.8/site-packages/airflow/example_dags/subdags/subdag.py
[2025-02-16 09:24:58,259] {processor.py:653} WARNING - No viable dags retrieved from /opt/conda/lib/python3.8/site-packages/airflow/example_dags/subdags/subdag.py
[2025-02-16 09:24:58,270] {processor.py:161} INFO - Processing /opt/conda/lib/python3.8/site-packages/airflow/example_dags/subdags/subdag.py took 0.016 seconds
[2025-02-16 09:25:05,477] {processor.py:153} INFO - Started process (PID=13777) to work on /opt/conda/lib/python3.8/site-packages/airflow/example_dags/subdags/subdag.py
[2025-02-16 09:25:05,477] {processor.py:641} INFO - Processing file /opt/conda/lib/python3.8/site-packages/airflow/example_dags/subdags/subdag.py for tasks to queue
[2025-02-16 09:25:05,478] {logging_mixin.py:115} INFO - [2025-02-16 09:25:05,478] {dagbag.py:508} INFO - Filling up the DagBag from /opt/conda/lib/python3.8/site-packages/airflow/example_dags/subdags/subdag.py
[2025-02-16 09:25:05,479] {processor.py:653} WARNING - No viable dags retrieved from /opt/conda/lib/python3.8/site-packages/airflow/example_dags/subdags/subdag.py
[2025-02-16 09:25:05,492] {processor.py:161} INFO - Processing /opt/conda/lib/python3.8/site-packages/airflow/example_dags/subdags/subdag.py took 0.019 seconds
