2025-02-16 08:56:22,259 INFO - Starting the scheduler
2025-02-16 08:56:22,259 INFO - Processing each file at most -1 times
2025-02-16 08:56:22,261 INFO - Loaded executor: SequentialExecutor
2025-02-16 08:56:22,268 INFO - Launched DagFileProcessorManager with pid: 10269
2025-02-16 08:56:22,269 INFO - Resetting orphaned tasks for active dag runs
2025-02-16 08:56:22,275 INFO - Configured default timezone Timezone('UTC')
2025-02-16 09:01:22,501 INFO - Resetting orphaned tasks for active dag runs
2025-02-16 09:06:22,589 INFO - Resetting orphaned tasks for active dag runs
2025-02-16 09:11:22,816 INFO - Resetting orphaned tasks for active dag runs
2025-02-16 09:16:23,320 INFO - Resetting orphaned tasks for active dag runs
2025-02-16 09:21:23,535 INFO - Resetting orphaned tasks for active dag runs
2025-02-16 09:22:11,199 INFO - Exiting gracefully upon receiving signal 15
2025-02-16 09:22:11,411 INFO - Sending Signals.SIGTERM to group 10269. PIDs of all processes in the group: []
2025-02-16 09:22:11,412 INFO - Sending the signal Signals.SIGTERM to group 10269
2025-02-16 09:22:11,412 INFO - Sending the signal Signals.SIGTERM to process 10269 as process group is missing.
2025-02-16 09:22:11,414 INFO - Sending Signals.SIGTERM to group 10269. PIDs of all processes in the group: []
2025-02-16 09:22:11,414 INFO - Sending the signal Signals.SIGTERM to group 10269
2025-02-16 09:22:11,414 INFO - Sending the signal Signals.SIGTERM to process 10269 as process group is missing.
2025-02-16 09:22:11,414 INFO - Exited execute loop
2025-02-22 09:46:43,717 INFO - Starting the scheduler
2025-02-22 09:46:43,718 INFO - Processing each file at most -1 times
2025-02-22 09:46:43,720 INFO - Loaded executor: SequentialExecutor
2025-02-22 09:46:43,726 INFO - Launched DagFileProcessorManager with pid: 12437
2025-02-22 09:46:43,727 INFO - Resetting orphaned tasks for active dag runs
2025-02-22 09:46:43,732 INFO - Configured default timezone Timezone('UTC')
2025-02-22 09:46:43,736 INFO - Marked 4 SchedulerJob instances as failed
2025-02-22 09:51:43,864 INFO - Resetting orphaned tasks for active dag runs
2025-02-22 09:56:44,065 INFO - Resetting orphaned tasks for active dag runs
