[2025-02-22 09:47:33,353] {processor.py:153} INFO - Started process (PID=12616) to work on /opt/conda/lib/python3.8/site-packages/airflow/example_dags/plugins/workday.py
[2025-02-22 09:47:33,354] {processor.py:641} INFO - Processing file /opt/conda/lib/python3.8/site-packages/airflow/example_dags/plugins/workday.py for tasks to queue
[2025-02-22 09:47:33,354] {logging_mixin.py:115} INFO - [2025-02-22 09:47:33,354] {dagbag.py:508} INFO - Filling up the DagBag from /opt/conda/lib/python3.8/site-packages/airflow/example_dags/plugins/workday.py
[2025-02-22 09:47:33,356] {processor.py:653} WARNING - No viable dags retrieved from /opt/conda/lib/python3.8/site-packages/airflow/example_dags/plugins/workday.py
[2025-02-22 09:47:33,365] {processor.py:161} INFO - Processing /opt/conda/lib/python3.8/site-packages/airflow/example_dags/plugins/workday.py took 0.015 seconds
[2025-02-22 09:48:31,218] {processor.py:153} INFO - Started process (PID=12807) to work on /opt/conda/lib/python3.8/site-packages/airflow/example_dags/plugins/workday.py
[2025-02-22 09:48:31,220] {processor.py:641} INFO - Processing file /opt/conda/lib/python3.8/site-packages/airflow/example_dags/plugins/workday.py for tasks to queue
[2025-02-22 09:48:31,221] {logging_mixin.py:115} INFO - [2025-02-22 09:48:31,221] {dagbag.py:508} INFO - Filling up the DagBag from /opt/conda/lib/python3.8/site-packages/airflow/example_dags/plugins/workday.py
[2025-02-22 09:48:31,223] {processor.py:653} WARNING - No viable dags retrieved from /opt/conda/lib/python3.8/site-packages/airflow/example_dags/plugins/workday.py
[2025-02-22 09:48:31,234] {processor.py:161} INFO - Processing /opt/conda/lib/python3.8/site-packages/airflow/example_dags/plugins/workday.py took 0.019 seconds
[2025-02-22 09:49:17,032] {processor.py:153} INFO - Started process (PID=12949) to work on /opt/conda/lib/python3.8/site-packages/airflow/example_dags/plugins/workday.py
[2025-02-22 09:49:17,033] {processor.py:641} INFO - Processing file /opt/conda/lib/python3.8/site-packages/airflow/example_dags/plugins/workday.py for tasks to queue
[2025-02-22 09:49:17,034] {logging_mixin.py:115} INFO - [2025-02-22 09:49:17,033] {dagbag.py:508} INFO - Filling up the DagBag from /opt/conda/lib/python3.8/site-packages/airflow/example_dags/plugins/workday.py
[2025-02-22 09:49:17,035] {processor.py:653} WARNING - No viable dags retrieved from /opt/conda/lib/python3.8/site-packages/airflow/example_dags/plugins/workday.py
[2025-02-22 09:49:17,046] {processor.py:161} INFO - Processing /opt/conda/lib/python3.8/site-packages/airflow/example_dags/plugins/workday.py took 0.017 seconds
[2025-02-22 09:50:05,579] {processor.py:153} INFO - Started process (PID=13117) to work on /opt/conda/lib/python3.8/site-packages/airflow/example_dags/plugins/workday.py
[2025-02-22 09:50:05,581] {processor.py:641} INFO - Processing file /opt/conda/lib/python3.8/site-packages/airflow/example_dags/plugins/workday.py for tasks to queue
[2025-02-22 09:50:05,582] {logging_mixin.py:115} INFO - [2025-02-22 09:50:05,581] {dagbag.py:508} INFO - Filling up the DagBag from /opt/conda/lib/python3.8/site-packages/airflow/example_dags/plugins/workday.py
[2025-02-22 09:50:05,583] {processor.py:653} WARNING - No viable dags retrieved from /opt/conda/lib/python3.8/site-packages/airflow/example_dags/plugins/workday.py
[2025-02-22 09:50:05,595] {processor.py:161} INFO - Processing /opt/conda/lib/python3.8/site-packages/airflow/example_dags/plugins/workday.py took 0.019 seconds
[2025-02-22 09:50:54,628] {processor.py:153} INFO - Started process (PID=13300) to work on /opt/conda/lib/python3.8/site-packages/airflow/example_dags/plugins/workday.py
[2025-02-22 09:50:54,630] {processor.py:641} INFO - Processing file /opt/conda/lib/python3.8/site-packages/airflow/example_dags/plugins/workday.py for tasks to queue
[2025-02-22 09:50:54,631] {logging_mixin.py:115} INFO - [2025-02-22 09:50:54,630] {dagbag.py:508} INFO - Filling up the DagBag from /opt/conda/lib/python3.8/site-packages/airflow/example_dags/plugins/workday.py
[2025-02-22 09:50:54,632] {processor.py:653} WARNING - No viable dags retrieved from /opt/conda/lib/python3.8/site-packages/airflow/example_dags/plugins/workday.py
[2025-02-22 09:50:54,644] {processor.py:161} INFO - Processing /opt/conda/lib/python3.8/site-packages/airflow/example_dags/plugins/workday.py took 0.019 seconds
[2025-02-22 09:51:39,075] {processor.py:153} INFO - Started process (PID=13440) to work on /opt/conda/lib/python3.8/site-packages/airflow/example_dags/plugins/workday.py
[2025-02-22 09:51:39,076] {processor.py:641} INFO - Processing file /opt/conda/lib/python3.8/site-packages/airflow/example_dags/plugins/workday.py for tasks to queue
[2025-02-22 09:51:39,077] {logging_mixin.py:115} INFO - [2025-02-22 09:51:39,077] {dagbag.py:508} INFO - Filling up the DagBag from /opt/conda/lib/python3.8/site-packages/airflow/example_dags/plugins/workday.py
[2025-02-22 09:51:39,079] {processor.py:653} WARNING - No viable dags retrieved from /opt/conda/lib/python3.8/site-packages/airflow/example_dags/plugins/workday.py
[2025-02-22 09:51:39,089] {processor.py:161} INFO - Processing /opt/conda/lib/python3.8/site-packages/airflow/example_dags/plugins/workday.py took 0.018 seconds
[2025-02-22 09:52:35,339] {processor.py:153} INFO - Started process (PID=13623) to work on /opt/conda/lib/python3.8/site-packages/airflow/example_dags/plugins/workday.py
[2025-02-22 09:52:35,341] {processor.py:641} INFO - Processing file /opt/conda/lib/python3.8/site-packages/airflow/example_dags/plugins/workday.py for tasks to queue
[2025-02-22 09:52:35,341] {logging_mixin.py:115} INFO - [2025-02-22 09:52:35,341] {dagbag.py:508} INFO - Filling up the DagBag from /opt/conda/lib/python3.8/site-packages/airflow/example_dags/plugins/workday.py
[2025-02-22 09:52:35,343] {processor.py:653} WARNING - No viable dags retrieved from /opt/conda/lib/python3.8/site-packages/airflow/example_dags/plugins/workday.py
[2025-02-22 09:52:35,355] {processor.py:161} INFO - Processing /opt/conda/lib/python3.8/site-packages/airflow/example_dags/plugins/workday.py took 0.019 seconds
[2025-02-22 09:53:21,431] {processor.py:153} INFO - Started process (PID=13768) to work on /opt/conda/lib/python3.8/site-packages/airflow/example_dags/plugins/workday.py
[2025-02-22 09:53:21,432] {processor.py:641} INFO - Processing file /opt/conda/lib/python3.8/site-packages/airflow/example_dags/plugins/workday.py for tasks to queue
[2025-02-22 09:53:21,433] {logging_mixin.py:115} INFO - [2025-02-22 09:53:21,433] {dagbag.py:508} INFO - Filling up the DagBag from /opt/conda/lib/python3.8/site-packages/airflow/example_dags/plugins/workday.py
[2025-02-22 09:53:21,435] {processor.py:653} WARNING - No viable dags retrieved from /opt/conda/lib/python3.8/site-packages/airflow/example_dags/plugins/workday.py
[2025-02-22 09:53:21,446] {processor.py:161} INFO - Processing /opt/conda/lib/python3.8/site-packages/airflow/example_dags/plugins/workday.py took 0.019 seconds
[2025-02-22 09:54:04,754] {processor.py:153} INFO - Started process (PID=13941) to work on /opt/conda/lib/python3.8/site-packages/airflow/example_dags/plugins/workday.py
[2025-02-22 09:54:04,756] {processor.py:641} INFO - Processing file /opt/conda/lib/python3.8/site-packages/airflow/example_dags/plugins/workday.py for tasks to queue
[2025-02-22 09:54:04,756] {logging_mixin.py:115} INFO - [2025-02-22 09:54:04,756] {dagbag.py:508} INFO - Filling up the DagBag from /opt/conda/lib/python3.8/site-packages/airflow/example_dags/plugins/workday.py
[2025-02-22 09:54:04,758] {processor.py:653} WARNING - No viable dags retrieved from /opt/conda/lib/python3.8/site-packages/airflow/example_dags/plugins/workday.py
[2025-02-22 09:54:04,770] {processor.py:161} INFO - Processing /opt/conda/lib/python3.8/site-packages/airflow/example_dags/plugins/workday.py took 0.019 seconds
[2025-02-22 09:54:52,471] {processor.py:153} INFO - Started process (PID=14089) to work on /opt/conda/lib/python3.8/site-packages/airflow/example_dags/plugins/workday.py
[2025-02-22 09:54:52,473] {processor.py:641} INFO - Processing file /opt/conda/lib/python3.8/site-packages/airflow/example_dags/plugins/workday.py for tasks to queue
[2025-02-22 09:54:52,473] {logging_mixin.py:115} INFO - [2025-02-22 09:54:52,473] {dagbag.py:508} INFO - Filling up the DagBag from /opt/conda/lib/python3.8/site-packages/airflow/example_dags/plugins/workday.py
[2025-02-22 09:54:52,475] {processor.py:653} WARNING - No viable dags retrieved from /opt/conda/lib/python3.8/site-packages/airflow/example_dags/plugins/workday.py
[2025-02-22 09:54:52,487] {processor.py:161} INFO - Processing /opt/conda/lib/python3.8/site-packages/airflow/example_dags/plugins/workday.py took 0.019 seconds
[2025-02-22 09:55:48,026] {processor.py:153} INFO - Started process (PID=14281) to work on /opt/conda/lib/python3.8/site-packages/airflow/example_dags/plugins/workday.py
[2025-02-22 09:55:48,028] {processor.py:641} INFO - Processing file /opt/conda/lib/python3.8/site-packages/airflow/example_dags/plugins/workday.py for tasks to queue
[2025-02-22 09:55:48,029] {logging_mixin.py:115} INFO - [2025-02-22 09:55:48,028] {dagbag.py:508} INFO - Filling up the DagBag from /opt/conda/lib/python3.8/site-packages/airflow/example_dags/plugins/workday.py
[2025-02-22 09:55:48,030] {processor.py:653} WARNING - No viable dags retrieved from /opt/conda/lib/python3.8/site-packages/airflow/example_dags/plugins/workday.py
[2025-02-22 09:55:48,042] {processor.py:161} INFO - Processing /opt/conda/lib/python3.8/site-packages/airflow/example_dags/plugins/workday.py took 0.019 seconds
[2025-02-22 09:56:36,039] {processor.py:153} INFO - Started process (PID=14452) to work on /opt/conda/lib/python3.8/site-packages/airflow/example_dags/plugins/workday.py
[2025-02-22 09:56:36,041] {processor.py:641} INFO - Processing file /opt/conda/lib/python3.8/site-packages/airflow/example_dags/plugins/workday.py for tasks to queue
[2025-02-22 09:56:36,041] {logging_mixin.py:115} INFO - [2025-02-22 09:56:36,041] {dagbag.py:508} INFO - Filling up the DagBag from /opt/conda/lib/python3.8/site-packages/airflow/example_dags/plugins/workday.py
[2025-02-22 09:56:36,043] {processor.py:653} WARNING - No viable dags retrieved from /opt/conda/lib/python3.8/site-packages/airflow/example_dags/plugins/workday.py
[2025-02-22 09:56:36,055] {processor.py:161} INFO - Processing /opt/conda/lib/python3.8/site-packages/airflow/example_dags/plugins/workday.py took 0.019 seconds
[2025-02-22 09:57:19,759] {processor.py:153} INFO - Started process (PID=14591) to work on /opt/conda/lib/python3.8/site-packages/airflow/example_dags/plugins/workday.py
[2025-02-22 09:57:19,761] {processor.py:641} INFO - Processing file /opt/conda/lib/python3.8/site-packages/airflow/example_dags/plugins/workday.py for tasks to queue
[2025-02-22 09:57:19,761] {logging_mixin.py:115} INFO - [2025-02-22 09:57:19,761] {dagbag.py:508} INFO - Filling up the DagBag from /opt/conda/lib/python3.8/site-packages/airflow/example_dags/plugins/workday.py
[2025-02-22 09:57:19,763] {processor.py:653} WARNING - No viable dags retrieved from /opt/conda/lib/python3.8/site-packages/airflow/example_dags/plugins/workday.py
[2025-02-22 09:57:19,774] {processor.py:161} INFO - Processing /opt/conda/lib/python3.8/site-packages/airflow/example_dags/plugins/workday.py took 0.019 seconds
[2025-02-22 09:58:00,451] {processor.py:153} INFO - Started process (PID=14720) to work on /opt/conda/lib/python3.8/site-packages/airflow/example_dags/plugins/workday.py
[2025-02-22 09:58:00,453] {processor.py:641} INFO - Processing file /opt/conda/lib/python3.8/site-packages/airflow/example_dags/plugins/workday.py for tasks to queue
[2025-02-22 09:58:00,453] {logging_mixin.py:115} INFO - [2025-02-22 09:58:00,453] {dagbag.py:508} INFO - Filling up the DagBag from /opt/conda/lib/python3.8/site-packages/airflow/example_dags/plugins/workday.py
[2025-02-22 09:58:00,455] {processor.py:653} WARNING - No viable dags retrieved from /opt/conda/lib/python3.8/site-packages/airflow/example_dags/plugins/workday.py
[2025-02-22 09:58:00,465] {processor.py:161} INFO - Processing /opt/conda/lib/python3.8/site-packages/airflow/example_dags/plugins/workday.py took 0.017 seconds
[2025-02-22 09:58:42,321] {processor.py:153} INFO - Started process (PID=14864) to work on /opt/conda/lib/python3.8/site-packages/airflow/example_dags/plugins/workday.py
[2025-02-22 09:58:42,323] {processor.py:641} INFO - Processing file /opt/conda/lib/python3.8/site-packages/airflow/example_dags/plugins/workday.py for tasks to queue
[2025-02-22 09:58:42,324] {logging_mixin.py:115} INFO - [2025-02-22 09:58:42,323] {dagbag.py:508} INFO - Filling up the DagBag from /opt/conda/lib/python3.8/site-packages/airflow/example_dags/plugins/workday.py
[2025-02-22 09:58:42,325] {processor.py:653} WARNING - No viable dags retrieved from /opt/conda/lib/python3.8/site-packages/airflow/example_dags/plugins/workday.py
[2025-02-22 09:58:42,335] {processor.py:161} INFO - Processing /opt/conda/lib/python3.8/site-packages/airflow/example_dags/plugins/workday.py took 0.017 seconds
[2025-02-22 09:59:35,344] {processor.py:153} INFO - Started process (PID=15041) to work on /opt/conda/lib/python3.8/site-packages/airflow/example_dags/plugins/workday.py
[2025-02-22 09:59:35,346] {processor.py:641} INFO - Processing file /opt/conda/lib/python3.8/site-packages/airflow/example_dags/plugins/workday.py for tasks to queue
[2025-02-22 09:59:35,346] {logging_mixin.py:115} INFO - [2025-02-22 09:59:35,346] {dagbag.py:508} INFO - Filling up the DagBag from /opt/conda/lib/python3.8/site-packages/airflow/example_dags/plugins/workday.py
[2025-02-22 09:59:35,348] {processor.py:653} WARNING - No viable dags retrieved from /opt/conda/lib/python3.8/site-packages/airflow/example_dags/plugins/workday.py
[2025-02-22 09:59:35,359] {processor.py:161} INFO - Processing /opt/conda/lib/python3.8/site-packages/airflow/example_dags/plugins/workday.py took 0.018 seconds
[2025-02-22 10:00:17,275] {processor.py:153} INFO - Started process (PID=15166) to work on /opt/conda/lib/python3.8/site-packages/airflow/example_dags/plugins/workday.py
[2025-02-22 10:00:17,276] {processor.py:641} INFO - Processing file /opt/conda/lib/python3.8/site-packages/airflow/example_dags/plugins/workday.py for tasks to queue
[2025-02-22 10:00:17,277] {logging_mixin.py:115} INFO - [2025-02-22 10:00:17,277] {dagbag.py:508} INFO - Filling up the DagBag from /opt/conda/lib/python3.8/site-packages/airflow/example_dags/plugins/workday.py
[2025-02-22 10:00:17,279] {processor.py:653} WARNING - No viable dags retrieved from /opt/conda/lib/python3.8/site-packages/airflow/example_dags/plugins/workday.py
[2025-02-22 10:00:17,290] {processor.py:161} INFO - Processing /opt/conda/lib/python3.8/site-packages/airflow/example_dags/plugins/workday.py took 0.019 seconds
[2025-02-22 10:01:00,402] {processor.py:153} INFO - Started process (PID=15492) to work on /opt/conda/lib/python3.8/site-packages/airflow/example_dags/plugins/workday.py
[2025-02-22 10:01:00,403] {processor.py:641} INFO - Processing file /opt/conda/lib/python3.8/site-packages/airflow/example_dags/plugins/workday.py for tasks to queue
[2025-02-22 10:01:00,404] {logging_mixin.py:115} INFO - [2025-02-22 10:01:00,404] {dagbag.py:508} INFO - Filling up the DagBag from /opt/conda/lib/python3.8/site-packages/airflow/example_dags/plugins/workday.py
[2025-02-22 10:01:00,406] {processor.py:653} WARNING - No viable dags retrieved from /opt/conda/lib/python3.8/site-packages/airflow/example_dags/plugins/workday.py
[2025-02-22 10:01:00,416] {processor.py:161} INFO - Processing /opt/conda/lib/python3.8/site-packages/airflow/example_dags/plugins/workday.py took 0.017 seconds
[2025-02-22 10:01:45,290] {processor.py:153} INFO - Started process (PID=15980) to work on /opt/conda/lib/python3.8/site-packages/airflow/example_dags/plugins/workday.py
[2025-02-22 10:01:45,291] {processor.py:641} INFO - Processing file /opt/conda/lib/python3.8/site-packages/airflow/example_dags/plugins/workday.py for tasks to queue
[2025-02-22 10:01:45,292] {logging_mixin.py:115} INFO - [2025-02-22 10:01:45,292] {dagbag.py:508} INFO - Filling up the DagBag from /opt/conda/lib/python3.8/site-packages/airflow/example_dags/plugins/workday.py
[2025-02-22 10:01:45,293] {processor.py:653} WARNING - No viable dags retrieved from /opt/conda/lib/python3.8/site-packages/airflow/example_dags/plugins/workday.py
[2025-02-22 10:01:45,299] {processor.py:161} INFO - Processing /opt/conda/lib/python3.8/site-packages/airflow/example_dags/plugins/workday.py took 0.012 seconds
[2025-02-22 10:02:33,183] {processor.py:153} INFO - Started process (PID=16502) to work on /opt/conda/lib/python3.8/site-packages/airflow/example_dags/plugins/workday.py
[2025-02-22 10:02:33,185] {processor.py:641} INFO - Processing file /opt/conda/lib/python3.8/site-packages/airflow/example_dags/plugins/workday.py for tasks to queue
[2025-02-22 10:02:33,185] {logging_mixin.py:115} INFO - [2025-02-22 10:02:33,185] {dagbag.py:508} INFO - Filling up the DagBag from /opt/conda/lib/python3.8/site-packages/airflow/example_dags/plugins/workday.py
[2025-02-22 10:02:33,187] {processor.py:653} WARNING - No viable dags retrieved from /opt/conda/lib/python3.8/site-packages/airflow/example_dags/plugins/workday.py
[2025-02-22 10:02:33,196] {processor.py:161} INFO - Processing /opt/conda/lib/python3.8/site-packages/airflow/example_dags/plugins/workday.py took 0.016 seconds
[2025-02-22 10:03:15,648] {processor.py:153} INFO - Started process (PID=16941) to work on /opt/conda/lib/python3.8/site-packages/airflow/example_dags/plugins/workday.py
[2025-02-22 10:03:15,650] {processor.py:641} INFO - Processing file /opt/conda/lib/python3.8/site-packages/airflow/example_dags/plugins/workday.py for tasks to queue
[2025-02-22 10:03:15,650] {logging_mixin.py:115} INFO - [2025-02-22 10:03:15,650] {dagbag.py:508} INFO - Filling up the DagBag from /opt/conda/lib/python3.8/site-packages/airflow/example_dags/plugins/workday.py
[2025-02-22 10:03:15,652] {processor.py:653} WARNING - No viable dags retrieved from /opt/conda/lib/python3.8/site-packages/airflow/example_dags/plugins/workday.py
[2025-02-22 10:03:15,664] {processor.py:161} INFO - Processing /opt/conda/lib/python3.8/site-packages/airflow/example_dags/plugins/workday.py took 0.019 seconds
[2025-02-22 10:03:57,514] {processor.py:153} INFO - Started process (PID=17394) to work on /opt/conda/lib/python3.8/site-packages/airflow/example_dags/plugins/workday.py
[2025-02-22 10:03:57,515] {processor.py:641} INFO - Processing file /opt/conda/lib/python3.8/site-packages/airflow/example_dags/plugins/workday.py for tasks to queue
[2025-02-22 10:03:57,516] {logging_mixin.py:115} INFO - [2025-02-22 10:03:57,516] {dagbag.py:508} INFO - Filling up the DagBag from /opt/conda/lib/python3.8/site-packages/airflow/example_dags/plugins/workday.py
[2025-02-22 10:03:57,517] {processor.py:653} WARNING - No viable dags retrieved from /opt/conda/lib/python3.8/site-packages/airflow/example_dags/plugins/workday.py
[2025-02-22 10:03:57,527] {processor.py:161} INFO - Processing /opt/conda/lib/python3.8/site-packages/airflow/example_dags/plugins/workday.py took 0.017 seconds
[2025-02-22 10:04:41,811] {processor.py:153} INFO - Started process (PID=17861) to work on /opt/conda/lib/python3.8/site-packages/airflow/example_dags/plugins/workday.py
[2025-02-22 10:04:41,813] {processor.py:641} INFO - Processing file /opt/conda/lib/python3.8/site-packages/airflow/example_dags/plugins/workday.py for tasks to queue
[2025-02-22 10:04:41,813] {logging_mixin.py:115} INFO - [2025-02-22 10:04:41,813] {dagbag.py:508} INFO - Filling up the DagBag from /opt/conda/lib/python3.8/site-packages/airflow/example_dags/plugins/workday.py
[2025-02-22 10:04:41,815] {processor.py:653} WARNING - No viable dags retrieved from /opt/conda/lib/python3.8/site-packages/airflow/example_dags/plugins/workday.py
[2025-02-22 10:04:41,826] {processor.py:161} INFO - Processing /opt/conda/lib/python3.8/site-packages/airflow/example_dags/plugins/workday.py took 0.018 seconds
[2025-02-22 10:05:26,894] {processor.py:153} INFO - Started process (PID=18323) to work on /opt/conda/lib/python3.8/site-packages/airflow/example_dags/plugins/workday.py
[2025-02-22 10:05:26,896] {processor.py:641} INFO - Processing file /opt/conda/lib/python3.8/site-packages/airflow/example_dags/plugins/workday.py for tasks to queue
[2025-02-22 10:05:26,896] {logging_mixin.py:115} INFO - [2025-02-22 10:05:26,896] {dagbag.py:508} INFO - Filling up the DagBag from /opt/conda/lib/python3.8/site-packages/airflow/example_dags/plugins/workday.py
[2025-02-22 10:05:26,898] {processor.py:653} WARNING - No viable dags retrieved from /opt/conda/lib/python3.8/site-packages/airflow/example_dags/plugins/workday.py
[2025-02-22 10:05:26,907] {processor.py:161} INFO - Processing /opt/conda/lib/python3.8/site-packages/airflow/example_dags/plugins/workday.py took 0.016 seconds
[2025-02-22 10:06:09,933] {processor.py:153} INFO - Started process (PID=18742) to work on /opt/conda/lib/python3.8/site-packages/airflow/example_dags/plugins/workday.py
[2025-02-22 10:06:09,935] {processor.py:641} INFO - Processing file /opt/conda/lib/python3.8/site-packages/airflow/example_dags/plugins/workday.py for tasks to queue
[2025-02-22 10:06:09,936] {logging_mixin.py:115} INFO - [2025-02-22 10:06:09,936] {dagbag.py:508} INFO - Filling up the DagBag from /opt/conda/lib/python3.8/site-packages/airflow/example_dags/plugins/workday.py
[2025-02-22 10:06:09,937] {processor.py:653} WARNING - No viable dags retrieved from /opt/conda/lib/python3.8/site-packages/airflow/example_dags/plugins/workday.py
[2025-02-22 10:06:09,948] {processor.py:161} INFO - Processing /opt/conda/lib/python3.8/site-packages/airflow/example_dags/plugins/workday.py took 0.018 seconds
[2025-02-22 10:06:51,577] {processor.py:153} INFO - Started process (PID=19176) to work on /opt/conda/lib/python3.8/site-packages/airflow/example_dags/plugins/workday.py
[2025-02-22 10:06:51,579] {processor.py:641} INFO - Processing file /opt/conda/lib/python3.8/site-packages/airflow/example_dags/plugins/workday.py for tasks to queue
[2025-02-22 10:06:51,579] {logging_mixin.py:115} INFO - [2025-02-22 10:06:51,579] {dagbag.py:508} INFO - Filling up the DagBag from /opt/conda/lib/python3.8/site-packages/airflow/example_dags/plugins/workday.py
[2025-02-22 10:06:51,581] {processor.py:653} WARNING - No viable dags retrieved from /opt/conda/lib/python3.8/site-packages/airflow/example_dags/plugins/workday.py
[2025-02-22 10:06:51,591] {processor.py:161} INFO - Processing /opt/conda/lib/python3.8/site-packages/airflow/example_dags/plugins/workday.py took 0.016 seconds
[2025-02-22 10:07:31,642] {processor.py:153} INFO - Started process (PID=19584) to work on /opt/conda/lib/python3.8/site-packages/airflow/example_dags/plugins/workday.py
[2025-02-22 10:07:31,644] {processor.py:641} INFO - Processing file /opt/conda/lib/python3.8/site-packages/airflow/example_dags/plugins/workday.py for tasks to queue
[2025-02-22 10:07:31,644] {logging_mixin.py:115} INFO - [2025-02-22 10:07:31,644] {dagbag.py:508} INFO - Filling up the DagBag from /opt/conda/lib/python3.8/site-packages/airflow/example_dags/plugins/workday.py
[2025-02-22 10:07:31,646] {processor.py:653} WARNING - No viable dags retrieved from /opt/conda/lib/python3.8/site-packages/airflow/example_dags/plugins/workday.py
[2025-02-22 10:07:31,654] {processor.py:161} INFO - Processing /opt/conda/lib/python3.8/site-packages/airflow/example_dags/plugins/workday.py took 0.014 seconds
[2025-02-22 10:08:12,003] {processor.py:153} INFO - Started process (PID=19990) to work on /opt/conda/lib/python3.8/site-packages/airflow/example_dags/plugins/workday.py
[2025-02-22 10:08:12,009] {processor.py:641} INFO - Processing file /opt/conda/lib/python3.8/site-packages/airflow/example_dags/plugins/workday.py for tasks to queue
[2025-02-22 10:08:12,010] {logging_mixin.py:115} INFO - [2025-02-22 10:08:12,009] {dagbag.py:508} INFO - Filling up the DagBag from /opt/conda/lib/python3.8/site-packages/airflow/example_dags/plugins/workday.py
[2025-02-22 10:08:12,011] {processor.py:653} WARNING - No viable dags retrieved from /opt/conda/lib/python3.8/site-packages/airflow/example_dags/plugins/workday.py
[2025-02-22 10:08:12,019] {processor.py:161} INFO - Processing /opt/conda/lib/python3.8/site-packages/airflow/example_dags/plugins/workday.py took 0.018 seconds
[2025-02-22 10:08:53,501] {processor.py:153} INFO - Started process (PID=20429) to work on /opt/conda/lib/python3.8/site-packages/airflow/example_dags/plugins/workday.py
[2025-02-22 10:08:53,510] {processor.py:641} INFO - Processing file /opt/conda/lib/python3.8/site-packages/airflow/example_dags/plugins/workday.py for tasks to queue
[2025-02-22 10:08:53,510] {logging_mixin.py:115} INFO - [2025-02-22 10:08:53,510] {dagbag.py:508} INFO - Filling up the DagBag from /opt/conda/lib/python3.8/site-packages/airflow/example_dags/plugins/workday.py
[2025-02-22 10:08:53,512] {processor.py:653} WARNING - No viable dags retrieved from /opt/conda/lib/python3.8/site-packages/airflow/example_dags/plugins/workday.py
[2025-02-22 10:08:53,531] {processor.py:161} INFO - Processing /opt/conda/lib/python3.8/site-packages/airflow/example_dags/plugins/workday.py took 0.033 seconds
[2025-02-22 10:09:34,878] {processor.py:153} INFO - Started process (PID=20877) to work on /opt/conda/lib/python3.8/site-packages/airflow/example_dags/plugins/workday.py
[2025-02-22 10:09:34,885] {processor.py:641} INFO - Processing file /opt/conda/lib/python3.8/site-packages/airflow/example_dags/plugins/workday.py for tasks to queue
[2025-02-22 10:09:34,886] {logging_mixin.py:115} INFO - [2025-02-22 10:09:34,886] {dagbag.py:508} INFO - Filling up the DagBag from /opt/conda/lib/python3.8/site-packages/airflow/example_dags/plugins/workday.py
[2025-02-22 10:09:34,887] {processor.py:653} WARNING - No viable dags retrieved from /opt/conda/lib/python3.8/site-packages/airflow/example_dags/plugins/workday.py
[2025-02-22 10:09:34,909] {processor.py:161} INFO - Processing /opt/conda/lib/python3.8/site-packages/airflow/example_dags/plugins/workday.py took 0.034 seconds
[2025-02-22 10:10:16,370] {processor.py:153} INFO - Started process (PID=21313) to work on /opt/conda/lib/python3.8/site-packages/airflow/example_dags/plugins/workday.py
[2025-02-22 10:10:16,372] {processor.py:641} INFO - Processing file /opt/conda/lib/python3.8/site-packages/airflow/example_dags/plugins/workday.py for tasks to queue
[2025-02-22 10:10:16,372] {logging_mixin.py:115} INFO - [2025-02-22 10:10:16,372] {dagbag.py:508} INFO - Filling up the DagBag from /opt/conda/lib/python3.8/site-packages/airflow/example_dags/plugins/workday.py
[2025-02-22 10:10:16,374] {processor.py:653} WARNING - No viable dags retrieved from /opt/conda/lib/python3.8/site-packages/airflow/example_dags/plugins/workday.py
[2025-02-22 10:10:16,384] {processor.py:161} INFO - Processing /opt/conda/lib/python3.8/site-packages/airflow/example_dags/plugins/workday.py took 0.017 seconds
[2025-02-22 10:11:03,607] {processor.py:153} INFO - Started process (PID=21836) to work on /opt/conda/lib/python3.8/site-packages/airflow/example_dags/plugins/workday.py
[2025-02-22 10:11:03,609] {processor.py:641} INFO - Processing file /opt/conda/lib/python3.8/site-packages/airflow/example_dags/plugins/workday.py for tasks to queue
[2025-02-22 10:11:03,609] {logging_mixin.py:115} INFO - [2025-02-22 10:11:03,609] {dagbag.py:508} INFO - Filling up the DagBag from /opt/conda/lib/python3.8/site-packages/airflow/example_dags/plugins/workday.py
[2025-02-22 10:11:03,611] {processor.py:653} WARNING - No viable dags retrieved from /opt/conda/lib/python3.8/site-packages/airflow/example_dags/plugins/workday.py
[2025-02-22 10:11:03,620] {processor.py:161} INFO - Processing /opt/conda/lib/python3.8/site-packages/airflow/example_dags/plugins/workday.py took 0.016 seconds
[2025-02-22 10:11:43,737] {processor.py:153} INFO - Started process (PID=22254) to work on /opt/conda/lib/python3.8/site-packages/airflow/example_dags/plugins/workday.py
[2025-02-22 10:11:43,739] {processor.py:641} INFO - Processing file /opt/conda/lib/python3.8/site-packages/airflow/example_dags/plugins/workday.py for tasks to queue
[2025-02-22 10:11:43,740] {logging_mixin.py:115} INFO - [2025-02-22 10:11:43,740] {dagbag.py:508} INFO - Filling up the DagBag from /opt/conda/lib/python3.8/site-packages/airflow/example_dags/plugins/workday.py
[2025-02-22 10:11:43,742] {processor.py:653} WARNING - No viable dags retrieved from /opt/conda/lib/python3.8/site-packages/airflow/example_dags/plugins/workday.py
[2025-02-22 10:11:43,752] {processor.py:161} INFO - Processing /opt/conda/lib/python3.8/site-packages/airflow/example_dags/plugins/workday.py took 0.018 seconds
[2025-02-22 10:12:31,195] {processor.py:153} INFO - Started process (PID=22768) to work on /opt/conda/lib/python3.8/site-packages/airflow/example_dags/plugins/workday.py
[2025-02-22 10:12:31,198] {processor.py:641} INFO - Processing file /opt/conda/lib/python3.8/site-packages/airflow/example_dags/plugins/workday.py for tasks to queue
[2025-02-22 10:12:31,199] {logging_mixin.py:115} INFO - [2025-02-22 10:12:31,198] {dagbag.py:508} INFO - Filling up the DagBag from /opt/conda/lib/python3.8/site-packages/airflow/example_dags/plugins/workday.py
[2025-02-22 10:12:31,201] {processor.py:653} WARNING - No viable dags retrieved from /opt/conda/lib/python3.8/site-packages/airflow/example_dags/plugins/workday.py
[2025-02-22 10:12:31,209] {processor.py:161} INFO - Processing /opt/conda/lib/python3.8/site-packages/airflow/example_dags/plugins/workday.py took 0.021 seconds
[2025-02-22 10:13:14,315] {processor.py:153} INFO - Started process (PID=23213) to work on /opt/conda/lib/python3.8/site-packages/airflow/example_dags/plugins/workday.py
[2025-02-22 10:13:14,316] {processor.py:641} INFO - Processing file /opt/conda/lib/python3.8/site-packages/airflow/example_dags/plugins/workday.py for tasks to queue
[2025-02-22 10:13:14,317] {logging_mixin.py:115} INFO - [2025-02-22 10:13:14,317] {dagbag.py:508} INFO - Filling up the DagBag from /opt/conda/lib/python3.8/site-packages/airflow/example_dags/plugins/workday.py
[2025-02-22 10:13:14,318] {processor.py:653} WARNING - No viable dags retrieved from /opt/conda/lib/python3.8/site-packages/airflow/example_dags/plugins/workday.py
[2025-02-22 10:13:14,328] {processor.py:161} INFO - Processing /opt/conda/lib/python3.8/site-packages/airflow/example_dags/plugins/workday.py took 0.016 seconds
[2025-02-22 10:13:54,814] {processor.py:153} INFO - Started process (PID=23641) to work on /opt/conda/lib/python3.8/site-packages/airflow/example_dags/plugins/workday.py
[2025-02-22 10:13:54,816] {processor.py:641} INFO - Processing file /opt/conda/lib/python3.8/site-packages/airflow/example_dags/plugins/workday.py for tasks to queue
[2025-02-22 10:13:54,817] {logging_mixin.py:115} INFO - [2025-02-22 10:13:54,817] {dagbag.py:508} INFO - Filling up the DagBag from /opt/conda/lib/python3.8/site-packages/airflow/example_dags/plugins/workday.py
[2025-02-22 10:13:54,819] {processor.py:653} WARNING - No viable dags retrieved from /opt/conda/lib/python3.8/site-packages/airflow/example_dags/plugins/workday.py
[2025-02-22 10:13:54,829] {processor.py:161} INFO - Processing /opt/conda/lib/python3.8/site-packages/airflow/example_dags/plugins/workday.py took 0.017 seconds
[2025-02-22 10:14:43,467] {processor.py:153} INFO - Started process (PID=24164) to work on /opt/conda/lib/python3.8/site-packages/airflow/example_dags/plugins/workday.py
[2025-02-22 10:14:43,468] {processor.py:641} INFO - Processing file /opt/conda/lib/python3.8/site-packages/airflow/example_dags/plugins/workday.py for tasks to queue
[2025-02-22 10:14:43,469] {logging_mixin.py:115} INFO - [2025-02-22 10:14:43,469] {dagbag.py:508} INFO - Filling up the DagBag from /opt/conda/lib/python3.8/site-packages/airflow/example_dags/plugins/workday.py
[2025-02-22 10:14:43,470] {processor.py:653} WARNING - No viable dags retrieved from /opt/conda/lib/python3.8/site-packages/airflow/example_dags/plugins/workday.py
[2025-02-22 10:14:43,480] {processor.py:161} INFO - Processing /opt/conda/lib/python3.8/site-packages/airflow/example_dags/plugins/workday.py took 0.016 seconds
[2025-02-22 10:15:29,433] {processor.py:153} INFO - Started process (PID=24639) to work on /opt/conda/lib/python3.8/site-packages/airflow/example_dags/plugins/workday.py
[2025-02-22 10:15:29,435] {processor.py:641} INFO - Processing file /opt/conda/lib/python3.8/site-packages/airflow/example_dags/plugins/workday.py for tasks to queue
[2025-02-22 10:15:29,435] {logging_mixin.py:115} INFO - [2025-02-22 10:15:29,435] {dagbag.py:508} INFO - Filling up the DagBag from /opt/conda/lib/python3.8/site-packages/airflow/example_dags/plugins/workday.py
[2025-02-22 10:15:29,437] {processor.py:653} WARNING - No viable dags retrieved from /opt/conda/lib/python3.8/site-packages/airflow/example_dags/plugins/workday.py
[2025-02-22 10:15:29,445] {processor.py:161} INFO - Processing /opt/conda/lib/python3.8/site-packages/airflow/example_dags/plugins/workday.py took 0.015 seconds
[2025-02-22 10:16:12,719] {processor.py:153} INFO - Started process (PID=25081) to work on /opt/conda/lib/python3.8/site-packages/airflow/example_dags/plugins/workday.py
[2025-02-22 10:16:12,721] {processor.py:641} INFO - Processing file /opt/conda/lib/python3.8/site-packages/airflow/example_dags/plugins/workday.py for tasks to queue
[2025-02-22 10:16:12,721] {logging_mixin.py:115} INFO - [2025-02-22 10:16:12,721] {dagbag.py:508} INFO - Filling up the DagBag from /opt/conda/lib/python3.8/site-packages/airflow/example_dags/plugins/workday.py
[2025-02-22 10:16:12,723] {processor.py:653} WARNING - No viable dags retrieved from /opt/conda/lib/python3.8/site-packages/airflow/example_dags/plugins/workday.py
[2025-02-22 10:16:12,733] {processor.py:161} INFO - Processing /opt/conda/lib/python3.8/site-packages/airflow/example_dags/plugins/workday.py took 0.017 seconds
[2025-02-22 10:17:01,351] {processor.py:153} INFO - Started process (PID=25586) to work on /opt/conda/lib/python3.8/site-packages/airflow/example_dags/plugins/workday.py
[2025-02-22 10:17:01,353] {processor.py:641} INFO - Processing file /opt/conda/lib/python3.8/site-packages/airflow/example_dags/plugins/workday.py for tasks to queue
[2025-02-22 10:17:01,353] {logging_mixin.py:115} INFO - [2025-02-22 10:17:01,353] {dagbag.py:508} INFO - Filling up the DagBag from /opt/conda/lib/python3.8/site-packages/airflow/example_dags/plugins/workday.py
[2025-02-22 10:17:01,355] {processor.py:653} WARNING - No viable dags retrieved from /opt/conda/lib/python3.8/site-packages/airflow/example_dags/plugins/workday.py
[2025-02-22 10:17:01,364] {processor.py:161} INFO - Processing /opt/conda/lib/python3.8/site-packages/airflow/example_dags/plugins/workday.py took 0.016 seconds
[2025-02-22 10:17:51,847] {processor.py:153} INFO - Started process (PID=26086) to work on /opt/conda/lib/python3.8/site-packages/airflow/example_dags/plugins/workday.py
[2025-02-22 10:17:51,849] {processor.py:641} INFO - Processing file /opt/conda/lib/python3.8/site-packages/airflow/example_dags/plugins/workday.py for tasks to queue
[2025-02-22 10:17:51,849] {logging_mixin.py:115} INFO - [2025-02-22 10:17:51,849] {dagbag.py:508} INFO - Filling up the DagBag from /opt/conda/lib/python3.8/site-packages/airflow/example_dags/plugins/workday.py
[2025-02-22 10:17:51,851] {processor.py:653} WARNING - No viable dags retrieved from /opt/conda/lib/python3.8/site-packages/airflow/example_dags/plugins/workday.py
[2025-02-22 10:17:51,861] {processor.py:161} INFO - Processing /opt/conda/lib/python3.8/site-packages/airflow/example_dags/plugins/workday.py took 0.017 seconds
[2025-02-22 10:18:35,631] {processor.py:153} INFO - Started process (PID=26495) to work on /opt/conda/lib/python3.8/site-packages/airflow/example_dags/plugins/workday.py
[2025-02-22 10:18:35,632] {processor.py:641} INFO - Processing file /opt/conda/lib/python3.8/site-packages/airflow/example_dags/plugins/workday.py for tasks to queue
[2025-02-22 10:18:35,633] {logging_mixin.py:115} INFO - [2025-02-22 10:18:35,633] {dagbag.py:508} INFO - Filling up the DagBag from /opt/conda/lib/python3.8/site-packages/airflow/example_dags/plugins/workday.py
[2025-02-22 10:18:35,635] {processor.py:653} WARNING - No viable dags retrieved from /opt/conda/lib/python3.8/site-packages/airflow/example_dags/plugins/workday.py
[2025-02-22 10:18:35,645] {processor.py:161} INFO - Processing /opt/conda/lib/python3.8/site-packages/airflow/example_dags/plugins/workday.py took 0.017 seconds
[2025-02-22 10:19:23,021] {processor.py:153} INFO - Started process (PID=26978) to work on /opt/conda/lib/python3.8/site-packages/airflow/example_dags/plugins/workday.py
[2025-02-22 10:19:23,023] {processor.py:641} INFO - Processing file /opt/conda/lib/python3.8/site-packages/airflow/example_dags/plugins/workday.py for tasks to queue
[2025-02-22 10:19:23,023] {logging_mixin.py:115} INFO - [2025-02-22 10:19:23,023] {dagbag.py:508} INFO - Filling up the DagBag from /opt/conda/lib/python3.8/site-packages/airflow/example_dags/plugins/workday.py
[2025-02-22 10:19:23,025] {processor.py:653} WARNING - No viable dags retrieved from /opt/conda/lib/python3.8/site-packages/airflow/example_dags/plugins/workday.py
[2025-02-22 10:19:23,035] {processor.py:161} INFO - Processing /opt/conda/lib/python3.8/site-packages/airflow/example_dags/plugins/workday.py took 0.016 seconds
[2025-02-22 10:20:04,430] {processor.py:153} INFO - Started process (PID=27384) to work on /opt/conda/lib/python3.8/site-packages/airflow/example_dags/plugins/workday.py
[2025-02-22 10:20:04,432] {processor.py:641} INFO - Processing file /opt/conda/lib/python3.8/site-packages/airflow/example_dags/plugins/workday.py for tasks to queue
[2025-02-22 10:20:04,432] {logging_mixin.py:115} INFO - [2025-02-22 10:20:04,432] {dagbag.py:508} INFO - Filling up the DagBag from /opt/conda/lib/python3.8/site-packages/airflow/example_dags/plugins/workday.py
[2025-02-22 10:20:04,434] {processor.py:653} WARNING - No viable dags retrieved from /opt/conda/lib/python3.8/site-packages/airflow/example_dags/plugins/workday.py
[2025-02-22 10:20:04,443] {processor.py:161} INFO - Processing /opt/conda/lib/python3.8/site-packages/airflow/example_dags/plugins/workday.py took 0.017 seconds
[2025-02-22 10:20:57,817] {processor.py:153} INFO - Started process (PID=27898) to work on /opt/conda/lib/python3.8/site-packages/airflow/example_dags/plugins/workday.py
[2025-02-22 10:20:57,819] {processor.py:641} INFO - Processing file /opt/conda/lib/python3.8/site-packages/airflow/example_dags/plugins/workday.py for tasks to queue
[2025-02-22 10:20:57,819] {logging_mixin.py:115} INFO - [2025-02-22 10:20:57,819] {dagbag.py:508} INFO - Filling up the DagBag from /opt/conda/lib/python3.8/site-packages/airflow/example_dags/plugins/workday.py
[2025-02-22 10:20:57,821] {processor.py:653} WARNING - No viable dags retrieved from /opt/conda/lib/python3.8/site-packages/airflow/example_dags/plugins/workday.py
[2025-02-22 10:20:57,831] {processor.py:161} INFO - Processing /opt/conda/lib/python3.8/site-packages/airflow/example_dags/plugins/workday.py took 0.016 seconds
[2025-02-22 10:21:39,363] {processor.py:153} INFO - Started process (PID=28303) to work on /opt/conda/lib/python3.8/site-packages/airflow/example_dags/plugins/workday.py
[2025-02-22 10:21:39,364] {processor.py:641} INFO - Processing file /opt/conda/lib/python3.8/site-packages/airflow/example_dags/plugins/workday.py for tasks to queue
[2025-02-22 10:21:39,365] {logging_mixin.py:115} INFO - [2025-02-22 10:21:39,365] {dagbag.py:508} INFO - Filling up the DagBag from /opt/conda/lib/python3.8/site-packages/airflow/example_dags/plugins/workday.py
[2025-02-22 10:21:39,366] {processor.py:653} WARNING - No viable dags retrieved from /opt/conda/lib/python3.8/site-packages/airflow/example_dags/plugins/workday.py
[2025-02-22 10:21:39,376] {processor.py:161} INFO - Processing /opt/conda/lib/python3.8/site-packages/airflow/example_dags/plugins/workday.py took 0.016 seconds
[2025-02-22 10:22:27,123] {processor.py:153} INFO - Started process (PID=28762) to work on /opt/conda/lib/python3.8/site-packages/airflow/example_dags/plugins/workday.py
[2025-02-22 10:22:27,124] {processor.py:641} INFO - Processing file /opt/conda/lib/python3.8/site-packages/airflow/example_dags/plugins/workday.py for tasks to queue
[2025-02-22 10:22:27,125] {logging_mixin.py:115} INFO - [2025-02-22 10:22:27,125] {dagbag.py:508} INFO - Filling up the DagBag from /opt/conda/lib/python3.8/site-packages/airflow/example_dags/plugins/workday.py
[2025-02-22 10:22:27,126] {processor.py:653} WARNING - No viable dags retrieved from /opt/conda/lib/python3.8/site-packages/airflow/example_dags/plugins/workday.py
[2025-02-22 10:22:27,136] {processor.py:161} INFO - Processing /opt/conda/lib/python3.8/site-packages/airflow/example_dags/plugins/workday.py took 0.016 seconds
[2025-02-22 10:23:13,667] {processor.py:153} INFO - Started process (PID=29218) to work on /opt/conda/lib/python3.8/site-packages/airflow/example_dags/plugins/workday.py
[2025-02-22 10:23:13,669] {processor.py:641} INFO - Processing file /opt/conda/lib/python3.8/site-packages/airflow/example_dags/plugins/workday.py for tasks to queue
[2025-02-22 10:23:13,670] {logging_mixin.py:115} INFO - [2025-02-22 10:23:13,670] {dagbag.py:508} INFO - Filling up the DagBag from /opt/conda/lib/python3.8/site-packages/airflow/example_dags/plugins/workday.py
[2025-02-22 10:23:13,671] {processor.py:653} WARNING - No viable dags retrieved from /opt/conda/lib/python3.8/site-packages/airflow/example_dags/plugins/workday.py
[2025-02-22 10:23:13,681] {processor.py:161} INFO - Processing /opt/conda/lib/python3.8/site-packages/airflow/example_dags/plugins/workday.py took 0.017 seconds
[2025-02-22 10:24:04,267] {processor.py:153} INFO - Started process (PID=29707) to work on /opt/conda/lib/python3.8/site-packages/airflow/example_dags/plugins/workday.py
[2025-02-22 10:24:04,269] {processor.py:641} INFO - Processing file /opt/conda/lib/python3.8/site-packages/airflow/example_dags/plugins/workday.py for tasks to queue
[2025-02-22 10:24:04,269] {logging_mixin.py:115} INFO - [2025-02-22 10:24:04,269] {dagbag.py:508} INFO - Filling up the DagBag from /opt/conda/lib/python3.8/site-packages/airflow/example_dags/plugins/workday.py
[2025-02-22 10:24:04,271] {processor.py:653} WARNING - No viable dags retrieved from /opt/conda/lib/python3.8/site-packages/airflow/example_dags/plugins/workday.py
[2025-02-22 10:24:04,280] {processor.py:161} INFO - Processing /opt/conda/lib/python3.8/site-packages/airflow/example_dags/plugins/workday.py took 0.016 seconds
[2025-02-22 10:24:47,242] {processor.py:153} INFO - Started process (PID=30163) to work on /opt/conda/lib/python3.8/site-packages/airflow/example_dags/plugins/workday.py
[2025-02-22 10:24:47,243] {processor.py:641} INFO - Processing file /opt/conda/lib/python3.8/site-packages/airflow/example_dags/plugins/workday.py for tasks to queue
[2025-02-22 10:24:47,244] {logging_mixin.py:115} INFO - [2025-02-22 10:24:47,244] {dagbag.py:508} INFO - Filling up the DagBag from /opt/conda/lib/python3.8/site-packages/airflow/example_dags/plugins/workday.py
[2025-02-22 10:24:47,245] {processor.py:653} WARNING - No viable dags retrieved from /opt/conda/lib/python3.8/site-packages/airflow/example_dags/plugins/workday.py
[2025-02-22 10:24:47,255] {processor.py:161} INFO - Processing /opt/conda/lib/python3.8/site-packages/airflow/example_dags/plugins/workday.py took 0.016 seconds
[2025-02-22 10:25:32,749] {processor.py:153} INFO - Started process (PID=30628) to work on /opt/conda/lib/python3.8/site-packages/airflow/example_dags/plugins/workday.py
[2025-02-22 10:25:32,751] {processor.py:641} INFO - Processing file /opt/conda/lib/python3.8/site-packages/airflow/example_dags/plugins/workday.py for tasks to queue
[2025-02-22 10:25:32,751] {logging_mixin.py:115} INFO - [2025-02-22 10:25:32,751] {dagbag.py:508} INFO - Filling up the DagBag from /opt/conda/lib/python3.8/site-packages/airflow/example_dags/plugins/workday.py
[2025-02-22 10:25:32,753] {processor.py:653} WARNING - No viable dags retrieved from /opt/conda/lib/python3.8/site-packages/airflow/example_dags/plugins/workday.py
[2025-02-22 10:25:32,762] {processor.py:161} INFO - Processing /opt/conda/lib/python3.8/site-packages/airflow/example_dags/plugins/workday.py took 0.016 seconds
[2025-02-22 10:26:21,148] {processor.py:153} INFO - Started process (PID=31092) to work on /opt/conda/lib/python3.8/site-packages/airflow/example_dags/plugins/workday.py
[2025-02-22 10:26:21,150] {processor.py:641} INFO - Processing file /opt/conda/lib/python3.8/site-packages/airflow/example_dags/plugins/workday.py for tasks to queue
[2025-02-22 10:26:21,150] {logging_mixin.py:115} INFO - [2025-02-22 10:26:21,150] {dagbag.py:508} INFO - Filling up the DagBag from /opt/conda/lib/python3.8/site-packages/airflow/example_dags/plugins/workday.py
[2025-02-22 10:26:21,151] {processor.py:653} WARNING - No viable dags retrieved from /opt/conda/lib/python3.8/site-packages/airflow/example_dags/plugins/workday.py
[2025-02-22 10:26:21,159] {processor.py:161} INFO - Processing /opt/conda/lib/python3.8/site-packages/airflow/example_dags/plugins/workday.py took 0.014 seconds
[2025-02-22 10:27:11,707] {processor.py:153} INFO - Started process (PID=31590) to work on /opt/conda/lib/python3.8/site-packages/airflow/example_dags/plugins/workday.py
[2025-02-22 10:27:11,708] {processor.py:641} INFO - Processing file /opt/conda/lib/python3.8/site-packages/airflow/example_dags/plugins/workday.py for tasks to queue
[2025-02-22 10:27:11,709] {logging_mixin.py:115} INFO - [2025-02-22 10:27:11,709] {dagbag.py:508} INFO - Filling up the DagBag from /opt/conda/lib/python3.8/site-packages/airflow/example_dags/plugins/workday.py
[2025-02-22 10:27:11,710] {processor.py:653} WARNING - No viable dags retrieved from /opt/conda/lib/python3.8/site-packages/airflow/example_dags/plugins/workday.py
[2025-02-22 10:27:11,720] {processor.py:161} INFO - Processing /opt/conda/lib/python3.8/site-packages/airflow/example_dags/plugins/workday.py took 0.016 seconds
[2025-02-22 10:27:56,822] {processor.py:153} INFO - Started process (PID=32050) to work on /opt/conda/lib/python3.8/site-packages/airflow/example_dags/plugins/workday.py
[2025-02-22 10:27:56,824] {processor.py:641} INFO - Processing file /opt/conda/lib/python3.8/site-packages/airflow/example_dags/plugins/workday.py for tasks to queue
[2025-02-22 10:27:56,825] {logging_mixin.py:115} INFO - [2025-02-22 10:27:56,824] {dagbag.py:508} INFO - Filling up the DagBag from /opt/conda/lib/python3.8/site-packages/airflow/example_dags/plugins/workday.py
[2025-02-22 10:27:56,826] {processor.py:653} WARNING - No viable dags retrieved from /opt/conda/lib/python3.8/site-packages/airflow/example_dags/plugins/workday.py
[2025-02-22 10:27:56,834] {processor.py:161} INFO - Processing /opt/conda/lib/python3.8/site-packages/airflow/example_dags/plugins/workday.py took 0.014 seconds
[2025-02-22 10:28:46,845] {processor.py:153} INFO - Started process (PID=32529) to work on /opt/conda/lib/python3.8/site-packages/airflow/example_dags/plugins/workday.py
[2025-02-22 10:28:46,846] {processor.py:641} INFO - Processing file /opt/conda/lib/python3.8/site-packages/airflow/example_dags/plugins/workday.py for tasks to queue
[2025-02-22 10:28:46,846] {logging_mixin.py:115} INFO - [2025-02-22 10:28:46,846] {dagbag.py:508} INFO - Filling up the DagBag from /opt/conda/lib/python3.8/site-packages/airflow/example_dags/plugins/workday.py
[2025-02-22 10:28:46,848] {processor.py:653} WARNING - No viable dags retrieved from /opt/conda/lib/python3.8/site-packages/airflow/example_dags/plugins/workday.py
[2025-02-22 10:28:46,855] {processor.py:161} INFO - Processing /opt/conda/lib/python3.8/site-packages/airflow/example_dags/plugins/workday.py took 0.013 seconds
[2025-02-22 10:29:30,653] {processor.py:153} INFO - Started process (PID=32977) to work on /opt/conda/lib/python3.8/site-packages/airflow/example_dags/plugins/workday.py
[2025-02-22 10:29:30,655] {processor.py:641} INFO - Processing file /opt/conda/lib/python3.8/site-packages/airflow/example_dags/plugins/workday.py for tasks to queue
[2025-02-22 10:29:30,655] {logging_mixin.py:115} INFO - [2025-02-22 10:29:30,655] {dagbag.py:508} INFO - Filling up the DagBag from /opt/conda/lib/python3.8/site-packages/airflow/example_dags/plugins/workday.py
[2025-02-22 10:29:30,657] {processor.py:653} WARNING - No viable dags retrieved from /opt/conda/lib/python3.8/site-packages/airflow/example_dags/plugins/workday.py
[2025-02-22 10:29:30,666] {processor.py:161} INFO - Processing /opt/conda/lib/python3.8/site-packages/airflow/example_dags/plugins/workday.py took 0.016 seconds
[2025-02-22 10:30:18,358] {processor.py:153} INFO - Started process (PID=33495) to work on /opt/conda/lib/python3.8/site-packages/airflow/example_dags/plugins/workday.py
[2025-02-22 10:30:18,359] {processor.py:641} INFO - Processing file /opt/conda/lib/python3.8/site-packages/airflow/example_dags/plugins/workday.py for tasks to queue
[2025-02-22 10:30:18,360] {logging_mixin.py:115} INFO - [2025-02-22 10:30:18,360] {dagbag.py:508} INFO - Filling up the DagBag from /opt/conda/lib/python3.8/site-packages/airflow/example_dags/plugins/workday.py
[2025-02-22 10:30:18,361] {processor.py:653} WARNING - No viable dags retrieved from /opt/conda/lib/python3.8/site-packages/airflow/example_dags/plugins/workday.py
[2025-02-22 10:30:18,371] {processor.py:161} INFO - Processing /opt/conda/lib/python3.8/site-packages/airflow/example_dags/plugins/workday.py took 0.016 seconds
[2025-02-22 10:31:03,415] {processor.py:153} INFO - Started process (PID=33930) to work on /opt/conda/lib/python3.8/site-packages/airflow/example_dags/plugins/workday.py
[2025-02-22 10:31:03,416] {processor.py:641} INFO - Processing file /opt/conda/lib/python3.8/site-packages/airflow/example_dags/plugins/workday.py for tasks to queue
[2025-02-22 10:31:03,417] {logging_mixin.py:115} INFO - [2025-02-22 10:31:03,417] {dagbag.py:508} INFO - Filling up the DagBag from /opt/conda/lib/python3.8/site-packages/airflow/example_dags/plugins/workday.py
[2025-02-22 10:31:03,418] {processor.py:653} WARNING - No viable dags retrieved from /opt/conda/lib/python3.8/site-packages/airflow/example_dags/plugins/workday.py
[2025-02-22 10:31:03,429] {processor.py:161} INFO - Processing /opt/conda/lib/python3.8/site-packages/airflow/example_dags/plugins/workday.py took 0.017 seconds
[2025-02-22 10:31:45,078] {processor.py:153} INFO - Started process (PID=34336) to work on /opt/conda/lib/python3.8/site-packages/airflow/example_dags/plugins/workday.py
[2025-02-22 10:31:45,080] {processor.py:641} INFO - Processing file /opt/conda/lib/python3.8/site-packages/airflow/example_dags/plugins/workday.py for tasks to queue
[2025-02-22 10:31:45,080] {logging_mixin.py:115} INFO - [2025-02-22 10:31:45,080] {dagbag.py:508} INFO - Filling up the DagBag from /opt/conda/lib/python3.8/site-packages/airflow/example_dags/plugins/workday.py
[2025-02-22 10:31:45,082] {processor.py:653} WARNING - No viable dags retrieved from /opt/conda/lib/python3.8/site-packages/airflow/example_dags/plugins/workday.py
[2025-02-22 10:31:45,091] {processor.py:161} INFO - Processing /opt/conda/lib/python3.8/site-packages/airflow/example_dags/plugins/workday.py took 0.016 seconds
[2025-02-22 10:32:27,619] {processor.py:153} INFO - Started process (PID=34776) to work on /opt/conda/lib/python3.8/site-packages/airflow/example_dags/plugins/workday.py
[2025-02-22 10:32:27,621] {processor.py:641} INFO - Processing file /opt/conda/lib/python3.8/site-packages/airflow/example_dags/plugins/workday.py for tasks to queue
[2025-02-22 10:32:27,621] {logging_mixin.py:115} INFO - [2025-02-22 10:32:27,621] {dagbag.py:508} INFO - Filling up the DagBag from /opt/conda/lib/python3.8/site-packages/airflow/example_dags/plugins/workday.py
[2025-02-22 10:32:27,623] {processor.py:653} WARNING - No viable dags retrieved from /opt/conda/lib/python3.8/site-packages/airflow/example_dags/plugins/workday.py
[2025-02-22 10:32:27,632] {processor.py:161} INFO - Processing /opt/conda/lib/python3.8/site-packages/airflow/example_dags/plugins/workday.py took 0.016 seconds
[2025-02-22 10:33:07,047] {processor.py:153} INFO - Started process (PID=35197) to work on /opt/conda/lib/python3.8/site-packages/airflow/example_dags/plugins/workday.py
[2025-02-22 10:33:07,049] {processor.py:641} INFO - Processing file /opt/conda/lib/python3.8/site-packages/airflow/example_dags/plugins/workday.py for tasks to queue
[2025-02-22 10:33:07,049] {logging_mixin.py:115} INFO - [2025-02-22 10:33:07,049] {dagbag.py:508} INFO - Filling up the DagBag from /opt/conda/lib/python3.8/site-packages/airflow/example_dags/plugins/workday.py
[2025-02-22 10:33:07,051] {processor.py:653} WARNING - No viable dags retrieved from /opt/conda/lib/python3.8/site-packages/airflow/example_dags/plugins/workday.py
[2025-02-22 10:33:07,060] {processor.py:161} INFO - Processing /opt/conda/lib/python3.8/site-packages/airflow/example_dags/plugins/workday.py took 0.016 seconds
[2025-02-22 10:33:47,334] {processor.py:153} INFO - Started process (PID=35626) to work on /opt/conda/lib/python3.8/site-packages/airflow/example_dags/plugins/workday.py
[2025-02-22 10:33:47,336] {processor.py:641} INFO - Processing file /opt/conda/lib/python3.8/site-packages/airflow/example_dags/plugins/workday.py for tasks to queue
[2025-02-22 10:33:47,336] {logging_mixin.py:115} INFO - [2025-02-22 10:33:47,336] {dagbag.py:508} INFO - Filling up the DagBag from /opt/conda/lib/python3.8/site-packages/airflow/example_dags/plugins/workday.py
[2025-02-22 10:33:47,338] {processor.py:653} WARNING - No viable dags retrieved from /opt/conda/lib/python3.8/site-packages/airflow/example_dags/plugins/workday.py
[2025-02-22 10:33:47,348] {processor.py:161} INFO - Processing /opt/conda/lib/python3.8/site-packages/airflow/example_dags/plugins/workday.py took 0.016 seconds
[2025-02-22 10:34:35,826] {processor.py:153} INFO - Started process (PID=36107) to work on /opt/conda/lib/python3.8/site-packages/airflow/example_dags/plugins/workday.py
[2025-02-22 10:34:35,828] {processor.py:641} INFO - Processing file /opt/conda/lib/python3.8/site-packages/airflow/example_dags/plugins/workday.py for tasks to queue
[2025-02-22 10:34:35,828] {logging_mixin.py:115} INFO - [2025-02-22 10:34:35,828] {dagbag.py:508} INFO - Filling up the DagBag from /opt/conda/lib/python3.8/site-packages/airflow/example_dags/plugins/workday.py
[2025-02-22 10:34:35,830] {processor.py:653} WARNING - No viable dags retrieved from /opt/conda/lib/python3.8/site-packages/airflow/example_dags/plugins/workday.py
[2025-02-22 10:34:35,840] {processor.py:161} INFO - Processing /opt/conda/lib/python3.8/site-packages/airflow/example_dags/plugins/workday.py took 0.017 seconds
[2025-02-22 10:35:30,238] {processor.py:153} INFO - Started process (PID=36677) to work on /opt/conda/lib/python3.8/site-packages/airflow/example_dags/plugins/workday.py
[2025-02-22 10:35:30,240] {processor.py:641} INFO - Processing file /opt/conda/lib/python3.8/site-packages/airflow/example_dags/plugins/workday.py for tasks to queue
[2025-02-22 10:35:30,241] {logging_mixin.py:115} INFO - [2025-02-22 10:35:30,240] {dagbag.py:508} INFO - Filling up the DagBag from /opt/conda/lib/python3.8/site-packages/airflow/example_dags/plugins/workday.py
[2025-02-22 10:35:30,242] {processor.py:653} WARNING - No viable dags retrieved from /opt/conda/lib/python3.8/site-packages/airflow/example_dags/plugins/workday.py
[2025-02-22 10:35:30,252] {processor.py:161} INFO - Processing /opt/conda/lib/python3.8/site-packages/airflow/example_dags/plugins/workday.py took 0.017 seconds
[2025-02-22 10:36:15,970] {processor.py:153} INFO - Started process (PID=37130) to work on /opt/conda/lib/python3.8/site-packages/airflow/example_dags/plugins/workday.py
[2025-02-22 10:36:15,972] {processor.py:641} INFO - Processing file /opt/conda/lib/python3.8/site-packages/airflow/example_dags/plugins/workday.py for tasks to queue
[2025-02-22 10:36:15,972] {logging_mixin.py:115} INFO - [2025-02-22 10:36:15,972] {dagbag.py:508} INFO - Filling up the DagBag from /opt/conda/lib/python3.8/site-packages/airflow/example_dags/plugins/workday.py
[2025-02-22 10:36:15,974] {processor.py:653} WARNING - No viable dags retrieved from /opt/conda/lib/python3.8/site-packages/airflow/example_dags/plugins/workday.py
[2025-02-22 10:36:15,983] {processor.py:161} INFO - Processing /opt/conda/lib/python3.8/site-packages/airflow/example_dags/plugins/workday.py took 0.016 seconds
[2025-02-22 10:37:04,683] {processor.py:153} INFO - Started process (PID=37637) to work on /opt/conda/lib/python3.8/site-packages/airflow/example_dags/plugins/workday.py
[2025-02-22 10:37:04,685] {processor.py:641} INFO - Processing file /opt/conda/lib/python3.8/site-packages/airflow/example_dags/plugins/workday.py for tasks to queue
[2025-02-22 10:37:04,685] {logging_mixin.py:115} INFO - [2025-02-22 10:37:04,685] {dagbag.py:508} INFO - Filling up the DagBag from /opt/conda/lib/python3.8/site-packages/airflow/example_dags/plugins/workday.py
[2025-02-22 10:37:04,687] {processor.py:653} WARNING - No viable dags retrieved from /opt/conda/lib/python3.8/site-packages/airflow/example_dags/plugins/workday.py
[2025-02-22 10:37:04,697] {processor.py:161} INFO - Processing /opt/conda/lib/python3.8/site-packages/airflow/example_dags/plugins/workday.py took 0.017 seconds
[2025-02-22 10:37:54,985] {processor.py:153} INFO - Started process (PID=38218) to work on /opt/conda/lib/python3.8/site-packages/airflow/example_dags/plugins/workday.py
[2025-02-22 10:37:54,987] {processor.py:641} INFO - Processing file /opt/conda/lib/python3.8/site-packages/airflow/example_dags/plugins/workday.py for tasks to queue
[2025-02-22 10:37:54,987] {logging_mixin.py:115} INFO - [2025-02-22 10:37:54,987] {dagbag.py:508} INFO - Filling up the DagBag from /opt/conda/lib/python3.8/site-packages/airflow/example_dags/plugins/workday.py
[2025-02-22 10:37:54,988] {processor.py:653} WARNING - No viable dags retrieved from /opt/conda/lib/python3.8/site-packages/airflow/example_dags/plugins/workday.py
[2025-02-22 10:37:54,997] {processor.py:161} INFO - Processing /opt/conda/lib/python3.8/site-packages/airflow/example_dags/plugins/workday.py took 0.015 seconds
[2025-02-22 10:38:41,822] {processor.py:153} INFO - Started process (PID=38690) to work on /opt/conda/lib/python3.8/site-packages/airflow/example_dags/plugins/workday.py
[2025-02-22 10:38:41,823] {processor.py:641} INFO - Processing file /opt/conda/lib/python3.8/site-packages/airflow/example_dags/plugins/workday.py for tasks to queue
[2025-02-22 10:38:41,824] {logging_mixin.py:115} INFO - [2025-02-22 10:38:41,824] {dagbag.py:508} INFO - Filling up the DagBag from /opt/conda/lib/python3.8/site-packages/airflow/example_dags/plugins/workday.py
[2025-02-22 10:38:41,825] {processor.py:653} WARNING - No viable dags retrieved from /opt/conda/lib/python3.8/site-packages/airflow/example_dags/plugins/workday.py
[2025-02-22 10:38:41,835] {processor.py:161} INFO - Processing /opt/conda/lib/python3.8/site-packages/airflow/example_dags/plugins/workday.py took 0.017 seconds
[2025-02-22 10:39:35,211] {processor.py:153} INFO - Started process (PID=39239) to work on /opt/conda/lib/python3.8/site-packages/airflow/example_dags/plugins/workday.py
[2025-02-22 10:39:35,213] {processor.py:641} INFO - Processing file /opt/conda/lib/python3.8/site-packages/airflow/example_dags/plugins/workday.py for tasks to queue
[2025-02-22 10:39:35,213] {logging_mixin.py:115} INFO - [2025-02-22 10:39:35,213] {dagbag.py:508} INFO - Filling up the DagBag from /opt/conda/lib/python3.8/site-packages/airflow/example_dags/plugins/workday.py
[2025-02-22 10:39:35,215] {processor.py:653} WARNING - No viable dags retrieved from /opt/conda/lib/python3.8/site-packages/airflow/example_dags/plugins/workday.py
[2025-02-22 10:39:35,224] {processor.py:161} INFO - Processing /opt/conda/lib/python3.8/site-packages/airflow/example_dags/plugins/workday.py took 0.015 seconds
[2025-02-22 10:40:25,934] {processor.py:153} INFO - Started process (PID=39758) to work on /opt/conda/lib/python3.8/site-packages/airflow/example_dags/plugins/workday.py
[2025-02-22 10:40:25,936] {processor.py:641} INFO - Processing file /opt/conda/lib/python3.8/site-packages/airflow/example_dags/plugins/workday.py for tasks to queue
[2025-02-22 10:40:25,936] {logging_mixin.py:115} INFO - [2025-02-22 10:40:25,936] {dagbag.py:508} INFO - Filling up the DagBag from /opt/conda/lib/python3.8/site-packages/airflow/example_dags/plugins/workday.py
[2025-02-22 10:40:25,938] {processor.py:653} WARNING - No viable dags retrieved from /opt/conda/lib/python3.8/site-packages/airflow/example_dags/plugins/workday.py
[2025-02-22 10:40:25,948] {processor.py:161} INFO - Processing /opt/conda/lib/python3.8/site-packages/airflow/example_dags/plugins/workday.py took 0.017 seconds
[2025-02-22 10:41:29,687] {processor.py:153} INFO - Started process (PID=40319) to work on /opt/conda/lib/python3.8/site-packages/airflow/example_dags/plugins/workday.py
[2025-02-22 10:41:29,688] {processor.py:641} INFO - Processing file /opt/conda/lib/python3.8/site-packages/airflow/example_dags/plugins/workday.py for tasks to queue
[2025-02-22 10:41:29,689] {logging_mixin.py:115} INFO - [2025-02-22 10:41:29,689] {dagbag.py:508} INFO - Filling up the DagBag from /opt/conda/lib/python3.8/site-packages/airflow/example_dags/plugins/workday.py
[2025-02-22 10:41:29,690] {processor.py:653} WARNING - No viable dags retrieved from /opt/conda/lib/python3.8/site-packages/airflow/example_dags/plugins/workday.py
[2025-02-22 10:41:29,700] {processor.py:161} INFO - Processing /opt/conda/lib/python3.8/site-packages/airflow/example_dags/plugins/workday.py took 0.016 seconds
[2025-02-22 10:42:25,843] {processor.py:153} INFO - Started process (PID=40791) to work on /opt/conda/lib/python3.8/site-packages/airflow/example_dags/plugins/workday.py
[2025-02-22 10:42:25,845] {processor.py:641} INFO - Processing file /opt/conda/lib/python3.8/site-packages/airflow/example_dags/plugins/workday.py for tasks to queue
[2025-02-22 10:42:25,845] {logging_mixin.py:115} INFO - [2025-02-22 10:42:25,845] {dagbag.py:508} INFO - Filling up the DagBag from /opt/conda/lib/python3.8/site-packages/airflow/example_dags/plugins/workday.py
[2025-02-22 10:42:25,847] {processor.py:653} WARNING - No viable dags retrieved from /opt/conda/lib/python3.8/site-packages/airflow/example_dags/plugins/workday.py
[2025-02-22 10:42:25,856] {processor.py:161} INFO - Processing /opt/conda/lib/python3.8/site-packages/airflow/example_dags/plugins/workday.py took 0.016 seconds
[2025-02-22 10:43:19,833] {processor.py:153} INFO - Started process (PID=41338) to work on /opt/conda/lib/python3.8/site-packages/airflow/example_dags/plugins/workday.py
[2025-02-22 10:43:19,834] {processor.py:641} INFO - Processing file /opt/conda/lib/python3.8/site-packages/airflow/example_dags/plugins/workday.py for tasks to queue
[2025-02-22 10:43:19,835] {logging_mixin.py:115} INFO - [2025-02-22 10:43:19,835] {dagbag.py:508} INFO - Filling up the DagBag from /opt/conda/lib/python3.8/site-packages/airflow/example_dags/plugins/workday.py
[2025-02-22 10:43:19,836] {processor.py:653} WARNING - No viable dags retrieved from /opt/conda/lib/python3.8/site-packages/airflow/example_dags/plugins/workday.py
[2025-02-22 10:43:19,847] {processor.py:161} INFO - Processing /opt/conda/lib/python3.8/site-packages/airflow/example_dags/plugins/workday.py took 0.017 seconds
[2025-02-22 10:44:10,117] {processor.py:153} INFO - Started process (PID=41860) to work on /opt/conda/lib/python3.8/site-packages/airflow/example_dags/plugins/workday.py
[2025-02-22 10:44:10,119] {processor.py:641} INFO - Processing file /opt/conda/lib/python3.8/site-packages/airflow/example_dags/plugins/workday.py for tasks to queue
[2025-02-22 10:44:10,119] {logging_mixin.py:115} INFO - [2025-02-22 10:44:10,119] {dagbag.py:508} INFO - Filling up the DagBag from /opt/conda/lib/python3.8/site-packages/airflow/example_dags/plugins/workday.py
[2025-02-22 10:44:10,121] {processor.py:653} WARNING - No viable dags retrieved from /opt/conda/lib/python3.8/site-packages/airflow/example_dags/plugins/workday.py
[2025-02-22 10:44:10,131] {processor.py:161} INFO - Processing /opt/conda/lib/python3.8/site-packages/airflow/example_dags/plugins/workday.py took 0.017 seconds
[2025-02-22 10:45:10,747] {processor.py:153} INFO - Started process (PID=42491) to work on /opt/conda/lib/python3.8/site-packages/airflow/example_dags/plugins/workday.py
[2025-02-22 10:45:10,748] {processor.py:641} INFO - Processing file /opt/conda/lib/python3.8/site-packages/airflow/example_dags/plugins/workday.py for tasks to queue
[2025-02-22 10:45:10,749] {logging_mixin.py:115} INFO - [2025-02-22 10:45:10,748] {dagbag.py:508} INFO - Filling up the DagBag from /opt/conda/lib/python3.8/site-packages/airflow/example_dags/plugins/workday.py
[2025-02-22 10:45:10,750] {processor.py:653} WARNING - No viable dags retrieved from /opt/conda/lib/python3.8/site-packages/airflow/example_dags/plugins/workday.py
[2025-02-22 10:45:10,760] {processor.py:161} INFO - Processing /opt/conda/lib/python3.8/site-packages/airflow/example_dags/plugins/workday.py took 0.017 seconds
[2025-02-22 10:46:07,215] {processor.py:153} INFO - Started process (PID=43090) to work on /opt/conda/lib/python3.8/site-packages/airflow/example_dags/plugins/workday.py
[2025-02-22 10:46:07,217] {processor.py:641} INFO - Processing file /opt/conda/lib/python3.8/site-packages/airflow/example_dags/plugins/workday.py for tasks to queue
[2025-02-22 10:46:07,217] {logging_mixin.py:115} INFO - [2025-02-22 10:46:07,217] {dagbag.py:508} INFO - Filling up the DagBag from /opt/conda/lib/python3.8/site-packages/airflow/example_dags/plugins/workday.py
[2025-02-22 10:46:07,219] {processor.py:653} WARNING - No viable dags retrieved from /opt/conda/lib/python3.8/site-packages/airflow/example_dags/plugins/workday.py
[2025-02-22 10:46:07,230] {processor.py:161} INFO - Processing /opt/conda/lib/python3.8/site-packages/airflow/example_dags/plugins/workday.py took 0.018 seconds
[2025-02-22 10:47:03,584] {processor.py:153} INFO - Started process (PID=43679) to work on /opt/conda/lib/python3.8/site-packages/airflow/example_dags/plugins/workday.py
[2025-02-22 10:47:03,586] {processor.py:641} INFO - Processing file /opt/conda/lib/python3.8/site-packages/airflow/example_dags/plugins/workday.py for tasks to queue
[2025-02-22 10:47:03,586] {logging_mixin.py:115} INFO - [2025-02-22 10:47:03,586] {dagbag.py:508} INFO - Filling up the DagBag from /opt/conda/lib/python3.8/site-packages/airflow/example_dags/plugins/workday.py
[2025-02-22 10:47:03,588] {processor.py:653} WARNING - No viable dags retrieved from /opt/conda/lib/python3.8/site-packages/airflow/example_dags/plugins/workday.py
[2025-02-22 10:47:03,599] {processor.py:161} INFO - Processing /opt/conda/lib/python3.8/site-packages/airflow/example_dags/plugins/workday.py took 0.019 seconds
[2025-02-22 10:48:01,020] {processor.py:153} INFO - Started process (PID=44286) to work on /opt/conda/lib/python3.8/site-packages/airflow/example_dags/plugins/workday.py
[2025-02-22 10:48:01,022] {processor.py:641} INFO - Processing file /opt/conda/lib/python3.8/site-packages/airflow/example_dags/plugins/workday.py for tasks to queue
[2025-02-22 10:48:01,023] {logging_mixin.py:115} INFO - [2025-02-22 10:48:01,022] {dagbag.py:508} INFO - Filling up the DagBag from /opt/conda/lib/python3.8/site-packages/airflow/example_dags/plugins/workday.py
[2025-02-22 10:48:01,024] {processor.py:653} WARNING - No viable dags retrieved from /opt/conda/lib/python3.8/site-packages/airflow/example_dags/plugins/workday.py
[2025-02-22 10:48:01,034] {processor.py:161} INFO - Processing /opt/conda/lib/python3.8/site-packages/airflow/example_dags/plugins/workday.py took 0.016 seconds
[2025-02-22 10:48:49,653] {processor.py:153} INFO - Started process (PID=44816) to work on /opt/conda/lib/python3.8/site-packages/airflow/example_dags/plugins/workday.py
[2025-02-22 10:48:49,655] {processor.py:641} INFO - Processing file /opt/conda/lib/python3.8/site-packages/airflow/example_dags/plugins/workday.py for tasks to queue
[2025-02-22 10:48:49,656] {logging_mixin.py:115} INFO - [2025-02-22 10:48:49,656] {dagbag.py:508} INFO - Filling up the DagBag from /opt/conda/lib/python3.8/site-packages/airflow/example_dags/plugins/workday.py
[2025-02-22 10:48:49,657] {processor.py:653} WARNING - No viable dags retrieved from /opt/conda/lib/python3.8/site-packages/airflow/example_dags/plugins/workday.py
[2025-02-22 10:48:49,667] {processor.py:161} INFO - Processing /opt/conda/lib/python3.8/site-packages/airflow/example_dags/plugins/workday.py took 0.016 seconds
[2025-02-22 10:49:51,534] {processor.py:153} INFO - Started process (PID=45431) to work on /opt/conda/lib/python3.8/site-packages/airflow/example_dags/plugins/workday.py
[2025-02-22 10:49:51,536] {processor.py:641} INFO - Processing file /opt/conda/lib/python3.8/site-packages/airflow/example_dags/plugins/workday.py for tasks to queue
[2025-02-22 10:49:51,536] {logging_mixin.py:115} INFO - [2025-02-22 10:49:51,536] {dagbag.py:508} INFO - Filling up the DagBag from /opt/conda/lib/python3.8/site-packages/airflow/example_dags/plugins/workday.py
[2025-02-22 10:49:51,538] {processor.py:653} WARNING - No viable dags retrieved from /opt/conda/lib/python3.8/site-packages/airflow/example_dags/plugins/workday.py
[2025-02-22 10:49:51,548] {processor.py:161} INFO - Processing /opt/conda/lib/python3.8/site-packages/airflow/example_dags/plugins/workday.py took 0.017 seconds
[2025-02-22 10:50:39,902] {processor.py:153} INFO - Started process (PID=45924) to work on /opt/conda/lib/python3.8/site-packages/airflow/example_dags/plugins/workday.py
[2025-02-22 10:50:39,904] {processor.py:641} INFO - Processing file /opt/conda/lib/python3.8/site-packages/airflow/example_dags/plugins/workday.py for tasks to queue
[2025-02-22 10:50:39,904] {logging_mixin.py:115} INFO - [2025-02-22 10:50:39,904] {dagbag.py:508} INFO - Filling up the DagBag from /opt/conda/lib/python3.8/site-packages/airflow/example_dags/plugins/workday.py
[2025-02-22 10:50:39,906] {processor.py:653} WARNING - No viable dags retrieved from /opt/conda/lib/python3.8/site-packages/airflow/example_dags/plugins/workday.py
[2025-02-22 10:50:39,916] {processor.py:161} INFO - Processing /opt/conda/lib/python3.8/site-packages/airflow/example_dags/plugins/workday.py took 0.017 seconds
[2025-02-22 10:51:27,782] {processor.py:153} INFO - Started process (PID=46445) to work on /opt/conda/lib/python3.8/site-packages/airflow/example_dags/plugins/workday.py
[2025-02-22 10:51:27,783] {processor.py:641} INFO - Processing file /opt/conda/lib/python3.8/site-packages/airflow/example_dags/plugins/workday.py for tasks to queue
[2025-02-22 10:51:27,784] {logging_mixin.py:115} INFO - [2025-02-22 10:51:27,784] {dagbag.py:508} INFO - Filling up the DagBag from /opt/conda/lib/python3.8/site-packages/airflow/example_dags/plugins/workday.py
[2025-02-22 10:51:27,786] {processor.py:653} WARNING - No viable dags retrieved from /opt/conda/lib/python3.8/site-packages/airflow/example_dags/plugins/workday.py
[2025-02-22 10:51:27,796] {processor.py:161} INFO - Processing /opt/conda/lib/python3.8/site-packages/airflow/example_dags/plugins/workday.py took 0.017 seconds
[2025-02-22 10:52:16,579] {processor.py:153} INFO - Started process (PID=46785) to work on /opt/conda/lib/python3.8/site-packages/airflow/example_dags/plugins/workday.py
[2025-02-22 10:52:16,581] {processor.py:641} INFO - Processing file /opt/conda/lib/python3.8/site-packages/airflow/example_dags/plugins/workday.py for tasks to queue
[2025-02-22 10:52:16,581] {logging_mixin.py:115} INFO - [2025-02-22 10:52:16,581] {dagbag.py:508} INFO - Filling up the DagBag from /opt/conda/lib/python3.8/site-packages/airflow/example_dags/plugins/workday.py
[2025-02-22 10:52:16,583] {processor.py:653} WARNING - No viable dags retrieved from /opt/conda/lib/python3.8/site-packages/airflow/example_dags/plugins/workday.py
[2025-02-22 10:52:16,594] {processor.py:161} INFO - Processing /opt/conda/lib/python3.8/site-packages/airflow/example_dags/plugins/workday.py took 0.018 seconds
[2025-02-22 10:53:08,442] {processor.py:153} INFO - Started process (PID=46953) to work on /opt/conda/lib/python3.8/site-packages/airflow/example_dags/plugins/workday.py
[2025-02-22 10:53:08,444] {processor.py:641} INFO - Processing file /opt/conda/lib/python3.8/site-packages/airflow/example_dags/plugins/workday.py for tasks to queue
[2025-02-22 10:53:08,444] {logging_mixin.py:115} INFO - [2025-02-22 10:53:08,444] {dagbag.py:508} INFO - Filling up the DagBag from /opt/conda/lib/python3.8/site-packages/airflow/example_dags/plugins/workday.py
[2025-02-22 10:53:08,446] {processor.py:653} WARNING - No viable dags retrieved from /opt/conda/lib/python3.8/site-packages/airflow/example_dags/plugins/workday.py
[2025-02-22 10:53:08,457] {processor.py:161} INFO - Processing /opt/conda/lib/python3.8/site-packages/airflow/example_dags/plugins/workday.py took 0.018 seconds
[2025-02-22 10:54:00,690] {processor.py:153} INFO - Started process (PID=47103) to work on /opt/conda/lib/python3.8/site-packages/airflow/example_dags/plugins/workday.py
[2025-02-22 10:54:00,691] {processor.py:641} INFO - Processing file /opt/conda/lib/python3.8/site-packages/airflow/example_dags/plugins/workday.py for tasks to queue
[2025-02-22 10:54:00,692] {logging_mixin.py:115} INFO - [2025-02-22 10:54:00,692] {dagbag.py:508} INFO - Filling up the DagBag from /opt/conda/lib/python3.8/site-packages/airflow/example_dags/plugins/workday.py
[2025-02-22 10:54:00,694] {processor.py:653} WARNING - No viable dags retrieved from /opt/conda/lib/python3.8/site-packages/airflow/example_dags/plugins/workday.py
[2025-02-22 10:54:00,705] {processor.py:161} INFO - Processing /opt/conda/lib/python3.8/site-packages/airflow/example_dags/plugins/workday.py took 0.018 seconds
[2025-02-22 10:54:49,722] {processor.py:153} INFO - Started process (PID=47339) to work on /opt/conda/lib/python3.8/site-packages/airflow/example_dags/plugins/workday.py
[2025-02-22 10:54:49,724] {processor.py:641} INFO - Processing file /opt/conda/lib/python3.8/site-packages/airflow/example_dags/plugins/workday.py for tasks to queue
[2025-02-22 10:54:49,724] {logging_mixin.py:115} INFO - [2025-02-22 10:54:49,724] {dagbag.py:508} INFO - Filling up the DagBag from /opt/conda/lib/python3.8/site-packages/airflow/example_dags/plugins/workday.py
[2025-02-22 10:54:49,726] {processor.py:653} WARNING - No viable dags retrieved from /opt/conda/lib/python3.8/site-packages/airflow/example_dags/plugins/workday.py
[2025-02-22 10:54:49,735] {processor.py:161} INFO - Processing /opt/conda/lib/python3.8/site-packages/airflow/example_dags/plugins/workday.py took 0.016 seconds
[2025-02-22 10:55:43,042] {processor.py:153} INFO - Started process (PID=47569) to work on /opt/conda/lib/python3.8/site-packages/airflow/example_dags/plugins/workday.py
[2025-02-22 10:55:43,044] {processor.py:641} INFO - Processing file /opt/conda/lib/python3.8/site-packages/airflow/example_dags/plugins/workday.py for tasks to queue
[2025-02-22 10:55:43,045] {logging_mixin.py:115} INFO - [2025-02-22 10:55:43,044] {dagbag.py:508} INFO - Filling up the DagBag from /opt/conda/lib/python3.8/site-packages/airflow/example_dags/plugins/workday.py
[2025-02-22 10:55:43,046] {processor.py:653} WARNING - No viable dags retrieved from /opt/conda/lib/python3.8/site-packages/airflow/example_dags/plugins/workday.py
[2025-02-22 10:55:43,058] {processor.py:161} INFO - Processing /opt/conda/lib/python3.8/site-packages/airflow/example_dags/plugins/workday.py took 0.019 seconds
[2025-02-22 10:56:29,941] {processor.py:153} INFO - Started process (PID=47724) to work on /opt/conda/lib/python3.8/site-packages/airflow/example_dags/plugins/workday.py
[2025-02-22 10:56:29,942] {processor.py:641} INFO - Processing file /opt/conda/lib/python3.8/site-packages/airflow/example_dags/plugins/workday.py for tasks to queue
[2025-02-22 10:56:29,943] {logging_mixin.py:115} INFO - [2025-02-22 10:56:29,943] {dagbag.py:508} INFO - Filling up the DagBag from /opt/conda/lib/python3.8/site-packages/airflow/example_dags/plugins/workday.py
[2025-02-22 10:56:29,945] {processor.py:653} WARNING - No viable dags retrieved from /opt/conda/lib/python3.8/site-packages/airflow/example_dags/plugins/workday.py
[2025-02-22 10:56:29,956] {processor.py:161} INFO - Processing /opt/conda/lib/python3.8/site-packages/airflow/example_dags/plugins/workday.py took 0.019 seconds
[2025-02-22 10:57:17,571] {processor.py:153} INFO - Started process (PID=47913) to work on /opt/conda/lib/python3.8/site-packages/airflow/example_dags/plugins/workday.py
[2025-02-22 10:57:17,573] {processor.py:641} INFO - Processing file /opt/conda/lib/python3.8/site-packages/airflow/example_dags/plugins/workday.py for tasks to queue
[2025-02-22 10:57:17,573] {logging_mixin.py:115} INFO - [2025-02-22 10:57:17,573] {dagbag.py:508} INFO - Filling up the DagBag from /opt/conda/lib/python3.8/site-packages/airflow/example_dags/plugins/workday.py
[2025-02-22 10:57:17,575] {processor.py:653} WARNING - No viable dags retrieved from /opt/conda/lib/python3.8/site-packages/airflow/example_dags/plugins/workday.py
[2025-02-22 10:57:17,587] {processor.py:161} INFO - Processing /opt/conda/lib/python3.8/site-packages/airflow/example_dags/plugins/workday.py took 0.019 seconds
[2025-02-22 10:58:06,342] {processor.py:153} INFO - Started process (PID=48135) to work on /opt/conda/lib/python3.8/site-packages/airflow/example_dags/plugins/workday.py
[2025-02-22 10:58:06,344] {processor.py:641} INFO - Processing file /opt/conda/lib/python3.8/site-packages/airflow/example_dags/plugins/workday.py for tasks to queue
[2025-02-22 10:58:06,345] {logging_mixin.py:115} INFO - [2025-02-22 10:58:06,345] {dagbag.py:508} INFO - Filling up the DagBag from /opt/conda/lib/python3.8/site-packages/airflow/example_dags/plugins/workday.py
[2025-02-22 10:58:06,346] {processor.py:653} WARNING - No viable dags retrieved from /opt/conda/lib/python3.8/site-packages/airflow/example_dags/plugins/workday.py
[2025-02-22 10:58:06,358] {processor.py:161} INFO - Processing /opt/conda/lib/python3.8/site-packages/airflow/example_dags/plugins/workday.py took 0.018 seconds
[2025-02-22 10:58:51,766] {processor.py:153} INFO - Started process (PID=48362) to work on /opt/conda/lib/python3.8/site-packages/airflow/example_dags/plugins/workday.py
[2025-02-22 10:58:51,768] {processor.py:641} INFO - Processing file /opt/conda/lib/python3.8/site-packages/airflow/example_dags/plugins/workday.py for tasks to queue
[2025-02-22 10:58:51,768] {logging_mixin.py:115} INFO - [2025-02-22 10:58:51,768] {dagbag.py:508} INFO - Filling up the DagBag from /opt/conda/lib/python3.8/site-packages/airflow/example_dags/plugins/workday.py
[2025-02-22 10:58:51,770] {processor.py:653} WARNING - No viable dags retrieved from /opt/conda/lib/python3.8/site-packages/airflow/example_dags/plugins/workday.py
[2025-02-22 10:58:51,779] {processor.py:161} INFO - Processing /opt/conda/lib/python3.8/site-packages/airflow/example_dags/plugins/workday.py took 0.016 seconds
[2025-02-22 10:59:49,395] {processor.py:153} INFO - Started process (PID=48552) to work on /opt/conda/lib/python3.8/site-packages/airflow/example_dags/plugins/workday.py
[2025-02-22 10:59:49,396] {processor.py:641} INFO - Processing file /opt/conda/lib/python3.8/site-packages/airflow/example_dags/plugins/workday.py for tasks to queue
[2025-02-22 10:59:49,397] {logging_mixin.py:115} INFO - [2025-02-22 10:59:49,397] {dagbag.py:508} INFO - Filling up the DagBag from /opt/conda/lib/python3.8/site-packages/airflow/example_dags/plugins/workday.py
[2025-02-22 10:59:49,399] {processor.py:653} WARNING - No viable dags retrieved from /opt/conda/lib/python3.8/site-packages/airflow/example_dags/plugins/workday.py
[2025-02-22 10:59:49,409] {processor.py:161} INFO - Processing /opt/conda/lib/python3.8/site-packages/airflow/example_dags/plugins/workday.py took 0.018 seconds
[2025-02-22 11:04:18,567] {processor.py:153} INFO - Started process (PID=50620) to work on /opt/conda/lib/python3.8/site-packages/airflow/example_dags/plugins/workday.py
[2025-02-22 11:04:18,569] {processor.py:641} INFO - Processing file /opt/conda/lib/python3.8/site-packages/airflow/example_dags/plugins/workday.py for tasks to queue
[2025-02-22 11:04:18,569] {logging_mixin.py:115} INFO - [2025-02-22 11:04:18,569] {dagbag.py:508} INFO - Filling up the DagBag from /opt/conda/lib/python3.8/site-packages/airflow/example_dags/plugins/workday.py
[2025-02-22 11:04:18,571] {processor.py:653} WARNING - No viable dags retrieved from /opt/conda/lib/python3.8/site-packages/airflow/example_dags/plugins/workday.py
[2025-02-22 11:04:18,581] {processor.py:161} INFO - Processing /opt/conda/lib/python3.8/site-packages/airflow/example_dags/plugins/workday.py took 0.017 seconds
[2025-02-22 11:08:28,623] {processor.py:153} INFO - Started process (PID=53222) to work on /opt/conda/lib/python3.8/site-packages/airflow/example_dags/plugins/workday.py
[2025-02-22 11:08:28,625] {processor.py:641} INFO - Processing file /opt/conda/lib/python3.8/site-packages/airflow/example_dags/plugins/workday.py for tasks to queue
[2025-02-22 11:08:28,625] {logging_mixin.py:115} INFO - [2025-02-22 11:08:28,625] {dagbag.py:508} INFO - Filling up the DagBag from /opt/conda/lib/python3.8/site-packages/airflow/example_dags/plugins/workday.py
[2025-02-22 11:08:28,627] {processor.py:653} WARNING - No viable dags retrieved from /opt/conda/lib/python3.8/site-packages/airflow/example_dags/plugins/workday.py
[2025-02-22 11:08:28,637] {processor.py:161} INFO - Processing /opt/conda/lib/python3.8/site-packages/airflow/example_dags/plugins/workday.py took 0.017 seconds
[2025-02-22 11:13:51,234] {processor.py:153} INFO - Started process (PID=56564) to work on /opt/conda/lib/python3.8/site-packages/airflow/example_dags/plugins/workday.py
[2025-02-22 11:13:51,236] {processor.py:641} INFO - Processing file /opt/conda/lib/python3.8/site-packages/airflow/example_dags/plugins/workday.py for tasks to queue
[2025-02-22 11:13:51,236] {logging_mixin.py:115} INFO - [2025-02-22 11:13:51,236] {dagbag.py:508} INFO - Filling up the DagBag from /opt/conda/lib/python3.8/site-packages/airflow/example_dags/plugins/workday.py
[2025-02-22 11:13:51,238] {processor.py:653} WARNING - No viable dags retrieved from /opt/conda/lib/python3.8/site-packages/airflow/example_dags/plugins/workday.py
[2025-02-22 11:13:51,247] {processor.py:161} INFO - Processing /opt/conda/lib/python3.8/site-packages/airflow/example_dags/plugins/workday.py took 0.017 seconds
[2025-02-22 11:19:07,554] {processor.py:153} INFO - Started process (PID=59893) to work on /opt/conda/lib/python3.8/site-packages/airflow/example_dags/plugins/workday.py
[2025-02-22 11:19:07,556] {processor.py:641} INFO - Processing file /opt/conda/lib/python3.8/site-packages/airflow/example_dags/plugins/workday.py for tasks to queue
[2025-02-22 11:19:07,556] {logging_mixin.py:115} INFO - [2025-02-22 11:19:07,556] {dagbag.py:508} INFO - Filling up the DagBag from /opt/conda/lib/python3.8/site-packages/airflow/example_dags/plugins/workday.py
[2025-02-22 11:19:07,558] {processor.py:653} WARNING - No viable dags retrieved from /opt/conda/lib/python3.8/site-packages/airflow/example_dags/plugins/workday.py
[2025-02-22 11:19:07,567] {processor.py:161} INFO - Processing /opt/conda/lib/python3.8/site-packages/airflow/example_dags/plugins/workday.py took 0.017 seconds
[2025-02-22 11:24:21,210] {processor.py:153} INFO - Started process (PID=63187) to work on /opt/conda/lib/python3.8/site-packages/airflow/example_dags/plugins/workday.py
[2025-02-22 11:24:21,211] {processor.py:641} INFO - Processing file /opt/conda/lib/python3.8/site-packages/airflow/example_dags/plugins/workday.py for tasks to queue
[2025-02-22 11:24:21,212] {logging_mixin.py:115} INFO - [2025-02-22 11:24:21,212] {dagbag.py:508} INFO - Filling up the DagBag from /opt/conda/lib/python3.8/site-packages/airflow/example_dags/plugins/workday.py
[2025-02-22 11:24:21,213] {processor.py:653} WARNING - No viable dags retrieved from /opt/conda/lib/python3.8/site-packages/airflow/example_dags/plugins/workday.py
[2025-02-22 11:24:21,223] {processor.py:161} INFO - Processing /opt/conda/lib/python3.8/site-packages/airflow/example_dags/plugins/workday.py took 0.015 seconds
[2025-02-22 11:29:20,214] {processor.py:153} INFO - Started process (PID=66326) to work on /opt/conda/lib/python3.8/site-packages/airflow/example_dags/plugins/workday.py
[2025-02-22 11:29:20,216] {processor.py:641} INFO - Processing file /opt/conda/lib/python3.8/site-packages/airflow/example_dags/plugins/workday.py for tasks to queue
[2025-02-22 11:29:20,216] {logging_mixin.py:115} INFO - [2025-02-22 11:29:20,216] {dagbag.py:508} INFO - Filling up the DagBag from /opt/conda/lib/python3.8/site-packages/airflow/example_dags/plugins/workday.py
[2025-02-22 11:29:20,218] {processor.py:653} WARNING - No viable dags retrieved from /opt/conda/lib/python3.8/site-packages/airflow/example_dags/plugins/workday.py
[2025-02-22 11:29:20,229] {processor.py:161} INFO - Processing /opt/conda/lib/python3.8/site-packages/airflow/example_dags/plugins/workday.py took 0.018 seconds
[2025-02-22 11:32:53,712] {processor.py:153} INFO - Started process (PID=68650) to work on /opt/conda/lib/python3.8/site-packages/airflow/example_dags/plugins/workday.py
[2025-02-22 11:32:53,714] {processor.py:641} INFO - Processing file /opt/conda/lib/python3.8/site-packages/airflow/example_dags/plugins/workday.py for tasks to queue
[2025-02-22 11:32:53,714] {logging_mixin.py:115} INFO - [2025-02-22 11:32:53,714] {dagbag.py:508} INFO - Filling up the DagBag from /opt/conda/lib/python3.8/site-packages/airflow/example_dags/plugins/workday.py
[2025-02-22 11:32:53,716] {processor.py:653} WARNING - No viable dags retrieved from /opt/conda/lib/python3.8/site-packages/airflow/example_dags/plugins/workday.py
[2025-02-22 11:32:53,726] {processor.py:161} INFO - Processing /opt/conda/lib/python3.8/site-packages/airflow/example_dags/plugins/workday.py took 0.017 seconds
[2025-02-22 11:37:20,897] {processor.py:153} INFO - Started process (PID=71513) to work on /opt/conda/lib/python3.8/site-packages/airflow/example_dags/plugins/workday.py
[2025-02-22 11:37:20,898] {processor.py:641} INFO - Processing file /opt/conda/lib/python3.8/site-packages/airflow/example_dags/plugins/workday.py for tasks to queue
[2025-02-22 11:37:20,899] {logging_mixin.py:115} INFO - [2025-02-22 11:37:20,899] {dagbag.py:508} INFO - Filling up the DagBag from /opt/conda/lib/python3.8/site-packages/airflow/example_dags/plugins/workday.py
[2025-02-22 11:37:20,900] {processor.py:653} WARNING - No viable dags retrieved from /opt/conda/lib/python3.8/site-packages/airflow/example_dags/plugins/workday.py
[2025-02-22 11:37:20,910] {processor.py:161} INFO - Processing /opt/conda/lib/python3.8/site-packages/airflow/example_dags/plugins/workday.py took 0.016 seconds
[2025-02-22 11:43:20,527] {processor.py:153} INFO - Started process (PID=74849) to work on /opt/conda/lib/python3.8/site-packages/airflow/example_dags/plugins/workday.py
[2025-02-22 11:43:20,528] {processor.py:641} INFO - Processing file /opt/conda/lib/python3.8/site-packages/airflow/example_dags/plugins/workday.py for tasks to queue
[2025-02-22 11:43:20,529] {logging_mixin.py:115} INFO - [2025-02-22 11:43:20,529] {dagbag.py:508} INFO - Filling up the DagBag from /opt/conda/lib/python3.8/site-packages/airflow/example_dags/plugins/workday.py
[2025-02-22 11:43:20,531] {processor.py:653} WARNING - No viable dags retrieved from /opt/conda/lib/python3.8/site-packages/airflow/example_dags/plugins/workday.py
[2025-02-22 11:43:20,540] {processor.py:161} INFO - Processing /opt/conda/lib/python3.8/site-packages/airflow/example_dags/plugins/workday.py took 0.017 seconds
