[2025-02-22 11:08:40,763] {taskinstance.py:1179} INFO - Dependencies all met for <TaskInstance: lead_scoring_data_pipeline.build_dbs scheduled__2024-04-11T00:00:00+00:00 [queued]>
[2025-02-22 11:08:40,767] {taskinstance.py:1179} INFO - Dependencies all met for <TaskInstance: lead_scoring_data_pipeline.build_dbs scheduled__2024-04-11T00:00:00+00:00 [queued]>
[2025-02-22 11:08:40,767] {taskinstance.py:1376} INFO - 
--------------------------------------------------------------------------------
[2025-02-22 11:08:40,767] {taskinstance.py:1377} INFO - Starting attempt 1 of 2
[2025-02-22 11:08:40,767] {taskinstance.py:1378} INFO - 
--------------------------------------------------------------------------------
[2025-02-22 11:08:40,787] {taskinstance.py:1397} INFO - Executing <Task(PythonOperator): build_dbs> on 2024-04-11 00:00:00+00:00
[2025-02-22 11:08:40,791] {standard_task_runner.py:52} INFO - Started process 53347 to run task
[2025-02-22 11:08:40,795] {standard_task_runner.py:79} INFO - Running: ['airflow', 'tasks', 'run', 'lead_scoring_data_pipeline', 'build_dbs', 'scheduled__2024-04-11T00:00:00+00:00', '--job-id', '219', '--raw', '--subdir', 'DAGS_FOLDER/lead_scoring_data_pipeline.py', '--cfg-path', '/tmp/tmpq8vv86qp', '--error-file', '/tmp/tmpai33q63w']
[2025-02-22 11:08:40,796] {standard_task_runner.py:80} INFO - Job 219: Subtask build_dbs
[2025-02-22 11:08:40,844] {task_command.py:371} INFO - Running <TaskInstance: lead_scoring_data_pipeline.build_dbs scheduled__2024-04-11T00:00:00+00:00 [running]> on host 3766485c0f6d
[2025-02-22 11:08:40,912] {taskinstance.py:1589} INFO - Exporting the following env vars:
AIRFLOW_CTX_DAG_OWNER=airflow
AIRFLOW_CTX_DAG_ID=lead_scoring_data_pipeline
AIRFLOW_CTX_TASK_ID=build_dbs
AIRFLOW_CTX_EXECUTION_DATE=2024-04-11T00:00:00+00:00
AIRFLOW_CTX_TRY_NUMBER=1
AIRFLOW_CTX_DAG_RUN_ID=scheduled__2024-04-11T00:00:00+00:00
[2025-02-22 11:08:40,913] {logging_mixin.py:115} INFO - Initializing Database at: /workspace/Assignment/01_data_pipeline/scripts/utils_output.db
[2025-02-22 11:08:40,913] {logging_mixin.py:115} INFO - Error in database initialization: unable to open database file
[2025-02-22 11:08:40,913] {python.py:173} INFO - Done. Returned value was: None
[2025-02-22 11:08:40,919] {taskinstance.py:1415} INFO - Marking task as SUCCESS. dag_id=lead_scoring_data_pipeline, task_id=build_dbs, execution_date=20240411T000000, start_date=20250222T110840, end_date=20250222T110840
[2025-02-22 11:08:40,966] {local_task_job.py:156} INFO - Task exited with return code 0
[2025-02-22 11:08:41,002] {local_task_job.py:273} INFO - 1 downstream tasks scheduled from follow-on schedule check
