[2025-02-22 11:35:25,220] {taskinstance.py:1179} INFO - Dependencies all met for <TaskInstance: lead_scoring_data_pipeline.map_categorical_vars scheduled__2024-10-21T00:00:00+00:00 [queued]>
[2025-02-22 11:35:25,225] {taskinstance.py:1179} INFO - Dependencies all met for <TaskInstance: lead_scoring_data_pipeline.map_categorical_vars scheduled__2024-10-21T00:00:00+00:00 [queued]>
[2025-02-22 11:35:25,225] {taskinstance.py:1376} INFO - 
--------------------------------------------------------------------------------
[2025-02-22 11:35:25,225] {taskinstance.py:1377} INFO - Starting attempt 1 of 2
[2025-02-22 11:35:25,225] {taskinstance.py:1378} INFO - 
--------------------------------------------------------------------------------
[2025-02-22 11:35:25,241] {taskinstance.py:1397} INFO - Executing <Task(PythonOperator): map_categorical_vars> on 2024-10-21 00:00:00+00:00
[2025-02-22 11:35:25,245] {standard_task_runner.py:52} INFO - Started process 70293 to run task
[2025-02-22 11:35:25,248] {standard_task_runner.py:79} INFO - Running: ['airflow', 'tasks', 'run', 'lead_scoring_data_pipeline', 'map_categorical_vars', 'scheduled__2024-10-21T00:00:00+00:00', '--job-id', '1003', '--raw', '--subdir', 'DAGS_FOLDER/lead_scoring_data_pipeline.py', '--cfg-path', '/tmp/tmpnpr4n7lk', '--error-file', '/tmp/tmp7e_lttwl']
[2025-02-22 11:35:25,249] {standard_task_runner.py:80} INFO - Job 1003: Subtask map_categorical_vars
[2025-02-22 11:35:25,290] {task_command.py:371} INFO - Running <TaskInstance: lead_scoring_data_pipeline.map_categorical_vars scheduled__2024-10-21T00:00:00+00:00 [running]> on host 3766485c0f6d
[2025-02-22 11:35:25,359] {taskinstance.py:1589} INFO - Exporting the following env vars:
AIRFLOW_CTX_DAG_OWNER=airflow
AIRFLOW_CTX_DAG_ID=lead_scoring_data_pipeline
AIRFLOW_CTX_TASK_ID=map_categorical_vars
AIRFLOW_CTX_EXECUTION_DATE=2024-10-21T00:00:00+00:00
AIRFLOW_CTX_TRY_NUMBER=1
AIRFLOW_CTX_DAG_RUN_ID=scheduled__2024-10-21T00:00:00+00:00
[2025-02-22 11:35:25,359] {logging_mixin.py:115} INFO - Using Database: /workspace/Assignment/01_data_pipeline/scripts/utils_output.db
[2025-02-22 11:35:25,359] {logging_mixin.py:115} INFO - Error in mapping categorical variables: unable to open database file
[2025-02-22 11:35:25,359] {python.py:173} INFO - Done. Returned value was: None
[2025-02-22 11:35:25,364] {taskinstance.py:1415} INFO - Marking task as SUCCESS. dag_id=lead_scoring_data_pipeline, task_id=map_categorical_vars, execution_date=20241021T000000, start_date=20250222T113525, end_date=20250222T113525
[2025-02-22 11:35:25,419] {local_task_job.py:156} INFO - Task exited with return code 0
[2025-02-22 11:35:25,444] {local_task_job.py:273} INFO - 0 downstream tasks scheduled from follow-on schedule check
