[2025-02-22 11:19:45,685] {taskinstance.py:1179} INFO - Dependencies all met for <TaskInstance: lead_scoring_data_pipeline.map_categorical_vars scheduled__2024-06-26T00:00:00+00:00 [queued]>
[2025-02-22 11:19:45,690] {taskinstance.py:1179} INFO - Dependencies all met for <TaskInstance: lead_scoring_data_pipeline.map_categorical_vars scheduled__2024-06-26T00:00:00+00:00 [queued]>
[2025-02-22 11:19:45,690] {taskinstance.py:1376} INFO - 
--------------------------------------------------------------------------------
[2025-02-22 11:19:45,690] {taskinstance.py:1377} INFO - Starting attempt 1 of 2
[2025-02-22 11:19:45,690] {taskinstance.py:1378} INFO - 
--------------------------------------------------------------------------------
[2025-02-22 11:19:45,709] {taskinstance.py:1397} INFO - Executing <Task(PythonOperator): map_categorical_vars> on 2024-06-26 00:00:00+00:00
[2025-02-22 11:19:45,714] {standard_task_runner.py:52} INFO - Started process 60326 to run task
[2025-02-22 11:19:45,716] {standard_task_runner.py:79} INFO - Running: ['airflow', 'tasks', 'run', 'lead_scoring_data_pipeline', 'map_categorical_vars', 'scheduled__2024-06-26T00:00:00+00:00', '--job-id', '536', '--raw', '--subdir', 'DAGS_FOLDER/lead_scoring_data_pipeline.py', '--cfg-path', '/tmp/tmp20ygzpja', '--error-file', '/tmp/tmpsj7nrjw9']
[2025-02-22 11:19:45,717] {standard_task_runner.py:80} INFO - Job 536: Subtask map_categorical_vars
[2025-02-22 11:19:45,760] {task_command.py:371} INFO - Running <TaskInstance: lead_scoring_data_pipeline.map_categorical_vars scheduled__2024-06-26T00:00:00+00:00 [running]> on host 3766485c0f6d
[2025-02-22 11:19:45,831] {taskinstance.py:1589} INFO - Exporting the following env vars:
AIRFLOW_CTX_DAG_OWNER=airflow
AIRFLOW_CTX_DAG_ID=lead_scoring_data_pipeline
AIRFLOW_CTX_TASK_ID=map_categorical_vars
AIRFLOW_CTX_EXECUTION_DATE=2024-06-26T00:00:00+00:00
AIRFLOW_CTX_TRY_NUMBER=1
AIRFLOW_CTX_DAG_RUN_ID=scheduled__2024-06-26T00:00:00+00:00
[2025-02-22 11:19:45,832] {logging_mixin.py:115} INFO - Using Database: /workspace/Assignment/01_data_pipeline/scripts/utils_output.db
[2025-02-22 11:19:45,832] {logging_mixin.py:115} INFO - Error in mapping categorical variables: unable to open database file
[2025-02-22 11:19:45,832] {python.py:173} INFO - Done. Returned value was: None
[2025-02-22 11:19:45,837] {taskinstance.py:1415} INFO - Marking task as SUCCESS. dag_id=lead_scoring_data_pipeline, task_id=map_categorical_vars, execution_date=20240626T000000, start_date=20250222T111945, end_date=20250222T111945
[2025-02-22 11:19:45,888] {local_task_job.py:156} INFO - Task exited with return code 0
[2025-02-22 11:19:45,915] {local_task_job.py:273} INFO - 0 downstream tasks scheduled from follow-on schedule check
