[2025-02-22 11:09:07,947] {taskinstance.py:1179} INFO - Dependencies all met for <TaskInstance: lead_scoring_data_pipeline.map_city_tier scheduled__2024-04-13T00:00:00+00:00 [queued]>
[2025-02-22 11:09:07,952] {taskinstance.py:1179} INFO - Dependencies all met for <TaskInstance: lead_scoring_data_pipeline.map_city_tier scheduled__2024-04-13T00:00:00+00:00 [queued]>
[2025-02-22 11:09:07,952] {taskinstance.py:1376} INFO - 
--------------------------------------------------------------------------------
[2025-02-22 11:09:07,952] {taskinstance.py:1377} INFO - Starting attempt 1 of 2
[2025-02-22 11:09:07,952] {taskinstance.py:1378} INFO - 
--------------------------------------------------------------------------------
[2025-02-22 11:09:07,974] {taskinstance.py:1397} INFO - Executing <Task(PythonOperator): map_city_tier> on 2024-04-13 00:00:00+00:00
[2025-02-22 11:09:07,978] {standard_task_runner.py:52} INFO - Started process 53642 to run task
[2025-02-22 11:09:07,980] {standard_task_runner.py:79} INFO - Running: ['airflow', 'tasks', 'run', 'lead_scoring_data_pipeline', 'map_city_tier', 'scheduled__2024-04-13T00:00:00+00:00', '--job-id', '233', '--raw', '--subdir', 'DAGS_FOLDER/lead_scoring_data_pipeline.py', '--cfg-path', '/tmp/tmpv7ru97jc', '--error-file', '/tmp/tmpvaxpwhmq']
[2025-02-22 11:09:07,981] {standard_task_runner.py:80} INFO - Job 233: Subtask map_city_tier
[2025-02-22 11:09:08,027] {task_command.py:371} INFO - Running <TaskInstance: lead_scoring_data_pipeline.map_city_tier scheduled__2024-04-13T00:00:00+00:00 [running]> on host 3766485c0f6d
[2025-02-22 11:09:08,100] {taskinstance.py:1589} INFO - Exporting the following env vars:
AIRFLOW_CTX_DAG_OWNER=airflow
AIRFLOW_CTX_DAG_ID=lead_scoring_data_pipeline
AIRFLOW_CTX_TASK_ID=map_city_tier
AIRFLOW_CTX_EXECUTION_DATE=2024-04-13T00:00:00+00:00
AIRFLOW_CTX_TRY_NUMBER=1
AIRFLOW_CTX_DAG_RUN_ID=scheduled__2024-04-13T00:00:00+00:00
[2025-02-22 11:09:08,101] {logging_mixin.py:115} INFO - Using Database: /workspace/Assignment/01_data_pipeline/scripts/utils_output.db
[2025-02-22 11:09:08,101] {logging_mixin.py:115} INFO - Error in mapping city tiers: unable to open database file
[2025-02-22 11:09:08,101] {python.py:173} INFO - Done. Returned value was: None
[2025-02-22 11:09:08,105] {taskinstance.py:1415} INFO - Marking task as SUCCESS. dag_id=lead_scoring_data_pipeline, task_id=map_city_tier, execution_date=20240413T000000, start_date=20250222T110907, end_date=20250222T110908
[2025-02-22 11:09:08,152] {local_task_job.py:156} INFO - Task exited with return code 0
[2025-02-22 11:09:08,199] {local_task_job.py:273} INFO - 1 downstream tasks scheduled from follow-on schedule check
