[2025-02-22 11:01:54,987] {taskinstance.py:1179} INFO - Dependencies all met for <TaskInstance: lead_scoring_data_pipeline.map_categorical_vars scheduled__2024-02-25T00:00:00+00:00 [queued]>
[2025-02-22 11:01:54,992] {taskinstance.py:1179} INFO - Dependencies all met for <TaskInstance: lead_scoring_data_pipeline.map_categorical_vars scheduled__2024-02-25T00:00:00+00:00 [queued]>
[2025-02-22 11:01:54,992] {taskinstance.py:1376} INFO - 
--------------------------------------------------------------------------------
[2025-02-22 11:01:54,992] {taskinstance.py:1377} INFO - Starting attempt 1 of 2
[2025-02-22 11:01:54,992] {taskinstance.py:1378} INFO - 
--------------------------------------------------------------------------------
[2025-02-22 11:01:55,124] {taskinstance.py:1397} INFO - Executing <Task(PythonOperator): map_categorical_vars> on 2024-02-25 00:00:00+00:00
[2025-02-22 11:01:55,129] {standard_task_runner.py:52} INFO - Started process 49434 to run task
[2025-02-22 11:01:55,132] {standard_task_runner.py:79} INFO - Running: ['airflow', 'tasks', 'run', 'lead_scoring_data_pipeline', 'map_categorical_vars', 'scheduled__2024-02-25T00:00:00+00:00', '--job-id', '40', '--raw', '--subdir', 'DAGS_FOLDER/lead_scoring_data_pipeline.py', '--cfg-path', '/tmp/tmp_yawg445', '--error-file', '/tmp/tmp7dfzf8ff']
[2025-02-22 11:01:55,133] {standard_task_runner.py:80} INFO - Job 40: Subtask map_categorical_vars
[2025-02-22 11:01:55,309] {task_command.py:371} INFO - Running <TaskInstance: lead_scoring_data_pipeline.map_categorical_vars scheduled__2024-02-25T00:00:00+00:00 [running]> on host 3766485c0f6d
[2025-02-22 11:01:55,603] {taskinstance.py:1589} INFO - Exporting the following env vars:
AIRFLOW_CTX_DAG_OWNER=airflow
AIRFLOW_CTX_DAG_ID=lead_scoring_data_pipeline
AIRFLOW_CTX_TASK_ID=map_categorical_vars
AIRFLOW_CTX_EXECUTION_DATE=2024-02-25T00:00:00+00:00
AIRFLOW_CTX_TRY_NUMBER=1
AIRFLOW_CTX_DAG_RUN_ID=scheduled__2024-02-25T00:00:00+00:00
[2025-02-22 11:01:55,605] {logging_mixin.py:115} INFO - Using Database: /workspace/Assignment/01_data_pipeline/scripts/utils_output.db
[2025-02-22 11:01:55,605] {logging_mixin.py:115} INFO - Error in mapping categorical variables: unable to open database file
[2025-02-22 11:01:55,605] {python.py:173} INFO - Done. Returned value was: None
[2025-02-22 11:01:55,621] {taskinstance.py:1415} INFO - Marking task as SUCCESS. dag_id=lead_scoring_data_pipeline, task_id=map_categorical_vars, execution_date=20240225T000000, start_date=20250222T110154, end_date=20250222T110155
[2025-02-22 11:01:55,745] {local_task_job.py:156} INFO - Task exited with return code 0
[2025-02-22 11:01:55,788] {local_task_job.py:273} INFO - 0 downstream tasks scheduled from follow-on schedule check
