[2025-02-22 11:04:18,108] {taskinstance.py:1179} INFO - Dependencies all met for <TaskInstance: lead_scoring_data_pipeline.map_categorical_vars scheduled__2024-03-09T00:00:00+00:00 [queued]>
[2025-02-22 11:04:18,113] {taskinstance.py:1179} INFO - Dependencies all met for <TaskInstance: lead_scoring_data_pipeline.map_categorical_vars scheduled__2024-03-09T00:00:00+00:00 [queued]>
[2025-02-22 11:04:18,113] {taskinstance.py:1376} INFO - 
--------------------------------------------------------------------------------
[2025-02-22 11:04:18,113] {taskinstance.py:1377} INFO - Starting attempt 1 of 2
[2025-02-22 11:04:18,113] {taskinstance.py:1378} INFO - 
--------------------------------------------------------------------------------
[2025-02-22 11:04:18,133] {taskinstance.py:1397} INFO - Executing <Task(PythonOperator): map_categorical_vars> on 2024-03-09 00:00:00+00:00
[2025-02-22 11:04:18,138] {standard_task_runner.py:52} INFO - Started process 50618 to run task
[2025-02-22 11:04:18,140] {standard_task_runner.py:79} INFO - Running: ['airflow', 'tasks', 'run', 'lead_scoring_data_pipeline', 'map_categorical_vars', 'scheduled__2024-03-09T00:00:00+00:00', '--job-id', '94', '--raw', '--subdir', 'DAGS_FOLDER/lead_scoring_data_pipeline.py', '--cfg-path', '/tmp/tmpdeej71i5', '--error-file', '/tmp/tmpdoa3mkd3']
[2025-02-22 11:04:18,141] {standard_task_runner.py:80} INFO - Job 94: Subtask map_categorical_vars
[2025-02-22 11:04:18,184] {task_command.py:371} INFO - Running <TaskInstance: lead_scoring_data_pipeline.map_categorical_vars scheduled__2024-03-09T00:00:00+00:00 [running]> on host 3766485c0f6d
[2025-02-22 11:04:18,241] {taskinstance.py:1589} INFO - Exporting the following env vars:
AIRFLOW_CTX_DAG_OWNER=airflow
AIRFLOW_CTX_DAG_ID=lead_scoring_data_pipeline
AIRFLOW_CTX_TASK_ID=map_categorical_vars
AIRFLOW_CTX_EXECUTION_DATE=2024-03-09T00:00:00+00:00
AIRFLOW_CTX_TRY_NUMBER=1
AIRFLOW_CTX_DAG_RUN_ID=scheduled__2024-03-09T00:00:00+00:00
[2025-02-22 11:04:18,241] {logging_mixin.py:115} INFO - Using Database: /workspace/Assignment/01_data_pipeline/scripts/utils_output.db
[2025-02-22 11:04:18,242] {logging_mixin.py:115} INFO - Error in mapping categorical variables: unable to open database file
[2025-02-22 11:04:18,242] {python.py:173} INFO - Done. Returned value was: None
[2025-02-22 11:04:18,246] {taskinstance.py:1415} INFO - Marking task as SUCCESS. dag_id=lead_scoring_data_pipeline, task_id=map_categorical_vars, execution_date=20240309T000000, start_date=20250222T110418, end_date=20250222T110418
[2025-02-22 11:04:18,272] {local_task_job.py:156} INFO - Task exited with return code 0
[2025-02-22 11:04:18,293] {local_task_job.py:273} INFO - 0 downstream tasks scheduled from follow-on schedule check
